[2016.04.30-15.30.03:618][  0]Log file open, 04/30/16 10:30:03
[2016.04.30-15.30.03:618][  0]LogInit:Display: Running engine for game: Spectral
[2016.04.30-15.30.03:618][  0]LogPlatformFile: Not using cached read wrapper
[2016.04.30-15.30.03:618][  0]LogInit:Display: RandInit(466009036) SRandInit(466009038).
[2016.04.30-15.30.03:618][  0]LogTaskGraph: Started task graph with 4 named threads and 7 total threads.
[2016.04.30-15.30.03:618][  0]LogStats: Stats thread started at 0.163539
[2016.04.30-15.30.03:618][  0]LogInit: Version: 4.10.4-2872498+++depot+UE4-Releases+4.10
[2016.04.30-15.30.03:618][  0]LogInit: API Version: 2758231
[2016.04.30-15.30.03:618][  0]LogInit: Compiled (64-bit): Feb 18 2016 15:47:04
[2016.04.30-15.30.03:618][  0]LogInit: Compiled with Visual C++: 19.00.23026.00
[2016.04.30-15.30.03:618][  0]LogInit: Build Configuration: Development
[2016.04.30-15.30.03:618][  0]LogInit: Branch Name: ++depot+UE4-Releases+4.10
[2016.04.30-15.30.03:618][  0]LogInit: Command line:  
[2016.04.30-15.30.03:618][  0]LogInit: Base directory: C:/Program Files (x86)/Epic Games/4.10/Engine/Binaries/Win64/
[2016.04.30-15.30.03:618][  0]LogInit: Rocket: 1
[2016.04.30-15.30.03:636][  0]LogInit: Using libcurl 7.41.0
[2016.04.30-15.30.03:636][  0]LogInit:  - built for x86_64-pc-win32
[2016.04.30-15.30.03:636][  0]LogInit:  - supports SSL with WinSSL
[2016.04.30-15.30.03:636][  0]LogInit:  - other features:
[2016.04.30-15.30.03:636][  0]LogInit:      CURL_VERSION_SSL
[2016.04.30-15.30.03:636][  0]LogInit:      CURL_VERSION_IPV6
[2016.04.30-15.30.03:636][  0]LogInit:      CURL_VERSION_ASYNCHDNS
[2016.04.30-15.30.03:636][  0]LogInit:      CURL_VERSION_LARGEFILE
[2016.04.30-15.30.03:636][  0]LogInit:      CURL_VERSION_IDN
[2016.04.30-15.30.03:636][  0]LogInit:  CurlRequestOptions (configurable via config and command line):
[2016.04.30-15.30.03:636][  0]LogInit:  - bVerifyPeer = true  - Libcurl will verify peer certificate
[2016.04.30-15.30.03:636][  0]LogInit:  - bUseHttpProxy = false  - Libcurl will NOT use HTTP proxy
[2016.04.30-15.30.03:636][  0]LogInit:  - bDontReuseConnections = false  - Libcurl will reuse connections
[2016.04.30-15.30.03:636][  0]LogInit:  - CertBundlePath = nullptr  - Libcurl will use whatever was configured at build time.
[2016.04.30-15.30.03:671][  0]LogInit: Presizing for 0 objects not considered by GC, pre-allocating 0 bytes.
[2016.04.30-15.30.03:676][  0]LogInit: Object subsystem initialized
[2016.04.30-15.30.03:677][  0]LogInit: Selected Device Profile: [Windows]
[2016.04.30-15.30.03:677][  0]LogInit: Applying CVar settings loaded from the selected device profile: [Windows]
[2016.04.30-15.30.03:696][  0]LogInit: Computer: MSI
[2016.04.30-15.30.03:696][  0]LogInit: User: WillNations
[2016.04.30-15.30.03:696][  0]LogInit: CPU Page size=4096, Cores=4
[2016.04.30-15.30.03:696][  0]LogInit: High frequency timer resolution =2.531250 MHz
[2016.04.30-15.30.03:696][  0]LogMemory: Memory total: Physical=15.9GB (16GB approx)
[2016.04.30-15.30.03:696][  0]LogMemory: Platform Memory Stats for Windows
[2016.04.30-15.30.03:696][  0]LogMemory: Process Physical Memory: 56.25 MB used, 56.25 MB peak
[2016.04.30-15.30.03:696][  0]LogMemory: Process Virtual Memory: 56.85 MB used, 56.85 MB peak
[2016.04.30-15.30.03:696][  0]LogMemory: Physical Memory: 3900.33 MB used, 16296.30 MB total
[2016.04.30-15.30.03:696][  0]LogMemory: Virtual Memory: 382.86 MB used, 134217728.00 MB total
[2016.04.30-15.30.04:177][  0]LogTextLocalizationManager: No specific translations for ('en-US') exist, so ('en') translations will be used.
[2016.04.30-15.30.04:666][  0]LogD3D11RHI: Found D3D11 adapter 0: NVIDIA GeForce GTX 970M              (Feature Level 11_0)
[2016.04.30-15.30.04:666][  0]LogD3D11RHI: Adapter has 2991MB of dedicated video memory, 0MB of dedicated system memory, and 8148MB of shared system memory, 1 output[s]
[2016.04.30-15.30.04:673][  0]LogD3D11RHI: Found D3D11 adapter 1: Intel(R) HD Graphics 530 (Feature Level 11_0)
[2016.04.30-15.30.04:673][  0]LogD3D11RHI: Adapter has 128MB of dedicated video memory, 0MB of dedicated system memory, and 8148MB of shared system memory, 0 output[s]
[2016.04.30-15.30.04:674][  0]LogD3D11RHI: Found D3D11 adapter 2: Microsoft Basic Render Driver (Feature Level 11_0)
[2016.04.30-15.30.04:674][  0]LogD3D11RHI: Adapter has 0MB of dedicated video memory, 0MB of dedicated system memory, and 8148MB of shared system memory, 0 output[s]
[2016.04.30-15.30.04:674][  0]LogD3D11RHI: Chosen D3D11 Adapter Id = 0
[2016.04.30-15.30.04:679][  0]LogD3D11RHI: !Direct3DDevice
[2016.04.30-15.30.04:679][  0]LogRHI: Texture pool is 1361 MB (70% of 1945 MB)
[2016.04.30-15.30.04:697][  0]LogD3D11RHI: Async texture creation enabled
[2016.04.30-15.30.04:707][  0]LogShaderCompilers: Guid format shader working directory is 15 characters bigger than the processId version (D:/Source/GitHub/Spectral/Spectral/Intermediate/Shaders/WorkingDirectory/9652/).
[2016.04.30-15.30.04:707][  0]LogShaderCompilers: Cleaned the shader compiler working directory 'C:/Users/WILLNA~1/AppData/Local/Temp/UnrealShaderWorkingDir/B45909634B976B8CBE998E9567216037/'.
[2016.04.30-15.30.04:707][  0]LogShaderCompilers:Display: Using Local Shader Compiler.
[2016.04.30-15.30.06:572][  0]LogTemp:Display: Loaded TP AllDesktopTargetPlatform
[2016.04.30-15.30.06:577][  0]LogTemp:Display: Loaded TP WindowsClientTargetPlatform
[2016.04.30-15.30.06:582][  0]LogTemp:Display: Loaded TP WindowsNoEditorTargetPlatform
[2016.04.30-15.30.06:587][  0]LogTemp:Display: Loaded TP WindowsServerTargetPlatform
[2016.04.30-15.30.06:592][  0]LogTemp:Display: Loaded TP WindowsTargetPlatform
[2016.04.30-15.30.06:597][  0]LogTemp:Display: Loaded TP AndroidTargetPlatform
[2016.04.30-15.30.06:600][  0]LogTemp:Display: Loaded TP Android_ASTCTargetPlatform
[2016.04.30-15.30.06:603][  0]LogTemp:Display: Loaded TP Android_ATCTargetPlatform
[2016.04.30-15.30.06:606][  0]LogTemp:Display: Loaded TP Android_DXTTargetPlatform
[2016.04.30-15.30.06:609][  0]LogTemp:Display: Loaded TP Android_ETC1TargetPlatform
[2016.04.30-15.30.06:611][  0]LogTemp:Display: Loaded TP Android_ETC2TargetPlatform
[2016.04.30-15.30.06:618][  0]LogTemp:Display: Loaded TP Android_MultiTargetPlatform
[2016.04.30-15.30.06:618][  0]LogTemp:Display: Loaded TP Android_PVRTCTargetPlatform
[2016.04.30-15.30.06:619][  0]LogTemp:Display: Loaded TP HTML5TargetPlatform
[2016.04.30-15.30.06:660][  0]LogTemp:Display: Loaded TP IOSTargetPlatform
[2016.04.30-15.30.06:662][  0]LogTemp:Display: Loaded TP LinuxNoEditorTargetPlatform
[2016.04.30-15.30.06:665][  0]LogTemp:Display: Loaded TP LinuxServerTargetPlatform
[2016.04.30-15.30.06:671][  0]LogTemp:Display: Loaded TP LinuxTargetPlatform
[2016.04.30-15.30.06:671][  0]LogTargetPlatformManager:Display: Building Assets For Windows
[2016.04.30-15.30.06:965][  0]LogDerivedDataCache:Display: Max Cache Size: 512 MB
[2016.04.30-15.30.07:144][  0]LogDerivedDataCache: Loaded boot cache 0.18s 42MB C:/Users/Will Nations/AppData/Local/UnrealEngine/4.10/DerivedDataCache/Boot.ddc.
[2016.04.30-15.30.07:144][  0]LogDerivedDataCache:Display: Loaded Boot cache: C:/Users/Will Nations/AppData/Local/UnrealEngine/4.10/DerivedDataCache/Boot.ddc
[2016.04.30-15.30.07:144][  0]LogDerivedDataCache: FDerivedDataBackendGraph:  Pak pak cache file D:/Source/GitHub/Spectral/Spectral/DerivedDataCache/DDC.ddp not found, will not use a pak cache.
[2016.04.30-15.30.07:144][  0]LogDerivedDataCache: Unable to find inner node Pak for hierarchical cache Hierarchy.
[2016.04.30-15.30.07:144][  0]LogDerivedDataCache: FDerivedDataBackendGraph:  CompressedPak pak cache file D:/Source/GitHub/Spectral/Spectral/DerivedDataCache/Compressed.ddp not found, will not use a pak cache.
[2016.04.30-15.30.07:144][  0]LogDerivedDataCache: Unable to find inner node CompressedPak for hierarchical cache Hierarchy.
[2016.04.30-15.30.07:213][  0]LogDerivedDataCache:Display: Pak cache opened for reading ../../../Engine/DerivedDataCache/Compressed.ddp.
[2016.04.30-15.30.07:226][  0]LogDerivedDataCache: Using Local data cache path C:/Users/Will Nations/AppData/Local/UnrealEngine/Common/DerivedDataCache: Writable
[2016.04.30-15.30.10:396][  0]LogInit: Selected Device Profile: [Windows]
[2016.04.30-15.30.10:407][  0]LogContentStreaming: Texture pool size is 0.000000MB
[2016.04.30-15.30.10:642][  0]LogMeshUtilities: No automatic mesh reduction module available
[2016.04.30-15.30.10:642][  0]LogMeshUtilities: No automatic mesh merging module available
[2016.04.30-15.30.11:277][  0]LogInit: WinSock: version 1.1 (2.2), MaxSocks=32767, MaxUdp=65467
[2016.04.30-15.30.13:938][  0]UdpMessaging: Initializing bridge on interface 0.0.0.0:0 to multicast group 230.0.0.1:6666.
[2016.04.30-15.30.14:220][  0]LogAssetRegistry: FAssetRegistry took 0.0124 seconds to start up
[2016.04.30-15.30.14:560][  0]SourceControl: Info Source control is disabled
[2016.04.30-15.30.15:698][  0]LogObj: 28764 objects as part of root set at end of initial load.
[2016.04.30-15.30.15:698][  0]LogUObjectAllocator: 6138064 out of 0 bytes used by permanent object pool.
[2016.04.30-15.30.15:808][  0]LogEngine: Initializing Engine...
[2016.04.30-15.30.15:813][  0]LogHMD: Can't find Oculus library dev build: is proper Runtime installed? Version: 0.8.0.0
[2016.04.30-15.30.15:824][  0]LogHMD: SteamVR failed to initialize.  Err: 110
[2016.04.30-15.30.16:065][  0]LogAIModule: Creating AISystem for world NewWorld
[2016.04.30-15.30.16:091][  0]LogInit: XAudio2 using 'Speakers (Turtle Beach P12)' : 2 channels at 44.1 kHz using 16 bits per sample (channel mask 0x3)
[2016.04.30-15.30.16:112][  0]LogInit: FAudioDevice initialized.
[2016.04.30-15.30.16:132][  0]LogDerivedDataCache: Saved boot cache 0.02s 42MB C:/Users/Will Nations/AppData/Local/UnrealEngine/4.10/DerivedDataCache/Boot.ddc.
[2016.04.30-15.30.16:137][  0]LogInit: Texture streaming: Enabled
[2016.04.30-15.30.16:145][  0]LogAnalytics: Creating configured Analytics provider AnalyticsET
[2016.04.30-15.30.16:146][  0]LogAnalytics: [UEEditor.Rocket.Release] APIServer = http://et2.epicgames.com/ET2/. AppVersion = 4.10.4-2872498+++depot+UE4-Releases+4.10
[2016.04.30-15.30.16:146][  0]LogAnalytics: [UEEditor.Rocket.Release] SetUserId eb35f8c243ed2f1109e96cbc1988804b|d561d110ed77453aad9a9574d4009d80|aa638874-4eff-432e-8efd-912470b4b168
[2016.04.30-15.30.16:146][  0]LogAnalytics: [UEEditor.Rocket.Release] AnalyticsET::StartSession
[2016.04.30-15.30.16:161][  0]LogInit: Transaction tracking system initialized
[2016.04.30-15.30.16:213][  0]BlueprintLog: New page: Editor Load
[2016.04.30-15.30.16:389][  0]LocalizationService: Info Localization service is disabled
[2016.04.30-15.30.16:490][  0]LogLinker:Warning: Can't find file '/Game/TopDownBP/TopDownOverview'
[2016.04.30-15.30.16:490][  0]LogLinker:Warning: Can't find file '/Game/TopDownBP/TopDownOverview'
[2016.04.30-15.30.16:490][  0]LogUObjectGlobals:Warning: Failed to find object 'Class /Game/TopDownBP/TopDownOverview.TopDownOverview_C'
[2016.04.30-15.30.16:525][  0]LogConsoleResponse:Display: 
[2016.04.30-15.30.16:811][  0]LogFileCache: Scanning file cache for directory 'D:/Source/GitHub/Spectral/Spectral/Content/' took 0.01s
[2016.04.30-15.30.16:811][  0]LogCook:Display: Done creating registry. It took  0.00s.
[2016.04.30-15.30.17:099][  0]Cmd: MAP LOAD FILE="D:/Source/GitHub/Spectral/Spectral/Content/TwinStickCPP/Maps/TwinStickExampleMap.umap" TEMPLATE=0 SHOWPROGRESS=1 FEATURELEVEL=3
[2016.04.30-15.30.17:131][  0]LightingResults: New page: Lighting Build
[2016.04.30-15.30.17:140][  0]MapCheck: New page: Map Check
[2016.04.30-15.30.17:140][  0]LightingResults: New page: Lighting Build
[2016.04.30-15.30.17:158][  0]LogParticles: Destroying 0 GPU particle simulations for FXSystem 0x000001C3080E2020
[2016.04.30-15.30.17:620][  0]LogAIModule: Creating AISystem for world TwinStickExampleMap
[2016.04.30-15.30.17:647][  0]LogEditorServer: Finished looking for orphan Actors (0.000 secs)
[2016.04.30-15.30.17:649][  0]Cmd: MAP CHECKDEP NOCLEARLOG
[2016.04.30-15.30.17:688][  0]MapCheck: Info Map check complete: 0 Error(s), 0 Warning(s), took 38.431ms to complete.
[2016.04.30-15.30.17:688][  0]LogFileHelpers: Loading map 'TwinStickExampleMap' took 0.590
[2016.04.30-15.30.17:905][  0]LogCollectionManager: Loaded 0 collections in 0.002590 seconds
[2016.04.30-15.30.17:956][  0]LogFileCache: Scanning file cache for directory 'D:/Source/GitHub/Spectral/Spectral/Saved/Collections/' took 0.01s
[2016.04.30-15.30.17:956][  0]LogFileCache: Scanning file cache for directory 'D:/Source/GitHub/Spectral/Spectral/Content/Developers/WillNations/Collections/' took 0.01s
[2016.04.30-15.30.17:956][  0]LogFileCache: Scanning file cache for directory 'D:/Source/GitHub/Spectral/Spectral/Content/Collections/' took 0.01s
[2016.04.30-15.30.17:956][  0]LogCollectionManager: Rebuilt the GUID cache for 0 collections in 0.000006 seconds
[2016.04.30-15.30.17:968][  0]LogContentBrowser: Native class hierarchy populated in 0.0113 seconds. Added 1896 classes and 340 folders.
[2016.04.30-15.30.17:982][  0]LogContentBrowser: Native class hierarchy updated for 'WidgetCarousel' in 0.0022 seconds. Added 0 classes and 0 folders.
[2016.04.30-15.30.18:301][  0]LogContentBrowser: Native class hierarchy updated for 'AddContentDialog' in 0.0020 seconds. Added 0 classes and 0 folders.
[2016.04.30-15.30.18:321][  0]LogContentBrowser: Native class hierarchy updated for 'SceneOutliner' in 0.0020 seconds. Added 1 classes and 2 folders.
[2016.04.30-15.30.18:463][  0]LogCrashTracker: Crashtracker disabled due to settings.
[2016.04.30-15.30.18:480][  0]LogUObjectGlobals:Warning: Failed to find object 'Class None.'
[2016.04.30-15.30.18:505][  0]LogLoad: Full Startup: 16.54 seconds (BP compile: 0.08 seconds)
[2016.04.30-15.30.18:530][  0]LogOcInput: Can't find Oculus library dev build: is proper Runtime installed? Version: 0.8.0.0
[2016.04.30-15.30.18:660][  0]SourceControl: Info On branch skill-system-interfaces
[2016.04.30-15.30.18:660][  0]SourceControl: Info Your branch is ahead of 'origin/skill-system-interfaces' by 1 commit.
[2016.04.30-15.30.18:660][  0]SourceControl: Info   (use "git push" to publish your local commits)
[2016.04.30-15.30.18:660][  0]SourceControl: Info Changes not staged for commit:
[2016.04.30-15.30.18:660][  0]SourceControl: Info   (use "git add <file>..." to update what will be committed)
[2016.04.30-15.30.18:660][  0]SourceControl: Info   (use "git checkout -- <file>..." to discard changes in working directory)
[2016.04.30-15.30.18:660][  0]SourceControl: Info 	modified:   Spectral/Saved/Config/Windows/Engine.ini
[2016.04.30-15.30.18:660][  0]SourceControl: Info 	modified:   Spectral/Saved/Logs/Spectral.log
[2016.04.30-15.30.18:661][  0]SourceControl: Info Untracked files:
[2016.04.30-15.30.18:661][  0]SourceControl: Info   (use "git add <file>..." to include in what will be committed)
[2016.04.30-15.30.18:661][  0]SourceControl: Info 	Spectral/Saved/Logs/Spectral-backup-2016.04.30-10.30.03.log
[2016.04.30-15.30.18:661][  0]SourceControl: Info no changes added to commit (use "git add" and/or "git commit -a")
[2016.04.30-15.30.18:661][  0]LogContentStreaming: Texture pool size now 1000 MB
[2016.04.30-15.30.18:823][  0]LogRenderer: Reallocating scene render targets to support 1160x572 (Frame:2).
[2016.04.30-15.30.19:038][  2]LogAssetRegistry: Asset discovery search completed in 4.8295 seconds
[2016.04.30-15.30.19:038][  2]LogCollectionManager: Rebuilt the object cache for 0 collections in 0.000001 seconds (found 0 objects)
[2016.04.30-15.30.19:038][  2]LogCollectionManager: Fixed up redirectors for 0 collections in 0.000341 seconds (updated 0 objects)
[2016.04.30-15.43.37:197][851]Recompiling Spectral...
[2016.04.30-15.43.37:197][851]Launching UnrealBuildTool... [C:/Program Files (x86)/Epic Games/4.10/Engine/Binaries/DotNET/UnrealBuildTool.exe Spectral -ModuleWithSuffix Spectral 776 Win64 Development -editorrecompile -canskiplink "D:/Source/GitHub/Spectral/Spectral/Spectral.uproject" -rocket  -rocket -2015]
[2016.04.30-15.43.37:199][851]Warning: Starting HotReload took  0.0s.
[2016.04.30-15.45.15:181][676]CompilerResultsLog: New page: Compilation - Apr 30, 2016, 5:45:15 AM
[2016.04.30-15.45.15:181][676]CompilerResultsLog: Info Creating makefile for hot reloading Spectral (game project files are newer)
[2016.04.30-15.45.15:181][676]CompilerResultsLog: Info Compiling game modules for hot reload
[2016.04.30-15.45.15:181][676]CompilerResultsLog: Info Parsing headers for SpectralEditor
[2016.04.30-15.45.15:181][676]CompilerResultsLog: Info   Running UnrealHeaderTool "D:/Source/GitHub/Spectral/Spectral/Spectral.uproject" "D:\Source\GitHub\Spectral\Spectral\Intermediate\Build\Win64\SpectralEditor\Development\UnrealHeaderTool.manifest" -LogCmds="loginit warning, logexit warning, logdatabase error" -rocket -installed
[2016.04.30-15.45.15:181][676]CompilerResultsLog: Info Reflection code generated for SpectralEditor in 7.1276555 seconds
[2016.04.30-15.45.15:181][676]CompilerResultsLog: Info Performing 5 actions (4 in parallel)
[2016.04.30-15.45.15:181][676]CompilerResultsLog: Info SkillModIntf.cpp
[2016.04.30-15.45.15:181][676]CompilerResultsLog: Info Spectral.generated.cpp
[2016.04.30-15.45.15:181][676]CompilerResultsLog: Info SkillEffectStorageIntf.cpp
[2016.04.30-15.45.15:181][676]CompilerResultsLog: Info SkillEffectIntf.cpp
[2016.04.30-15.45.15:181][676]CompilerResultsLog: Info [5/5] Link UE4Editor-Spectral-776.dll
[2016.04.30-15.45.15:181][676]CompilerResultsLog: Info    Creating library D:\Source\GitHub\Spectral\Spectral\Intermediate/Build/Win64\UE4Editor\Development\UE4Editor-Spectral-776.lib and object D:\Source\GitHub\Spectral\Spectral\Intermediate/Build/Win64\UE4Editor\Development\UE4Editor-Spectral-776.exp
[2016.04.30-15.45.15:182][676]CompilerResultsLog: Info -------- End Detailed Actions Stats -----------------------------------------------------------
[2016.04.30-15.45.15:182][676]CompilerResultsLog: Info Total build time: 97.91 seconds
[2016.04.30-15.45.15:182][676]LogMainFrame: MainFrame: Module compiling took 97.989 seconds
[2016.04.30-15.45.15:251][676]LogClass: Could not find existing class SkillEffectIntf in package /Script/Spectral for HotReload, assuming new class
[2016.04.30-15.45.15:251][676]LogClass: Function ApplyEffect is new.
[2016.04.30-15.45.15:251][676]LogClass: Function GetStorage is new.
[2016.04.30-15.45.15:251][676]LogClass: Function RevertEffect is new.
[2016.04.30-15.45.15:251][676]LogClass: Could not find existing class SkillEffectStorageIntf in package /Script/Spectral for HotReload, assuming new class
[2016.04.30-15.45.15:251][676]LogClass: Function GetSkillEffects is new.
[2016.04.30-15.45.15:253][676]LogClass: Could not find existing class SkillModIntf in package /Script/Spectral for HotReload, assuming new class
[2016.04.30-15.45.15:253][676]LogClass: Function ApplyMod is new.
[2016.04.30-15.45.15:253][676]LogClass: Function RevertMod is new.
[2016.04.30-15.45.15:263][676]LogHotReload: Re-instancing SkillEffectIntf after hot-reload.
[2016.04.30-15.45.15:284][676]LogHotReload: Re-instancing SkillEffectStorageIntf after hot-reload.
[2016.04.30-15.45.15:303][676]LogHotReload: Re-instancing SkillModIntf after hot-reload.
[2016.04.30-15.45.15:325][676]LogContentBrowser: Native class hierarchy updated for 'Spectral' in 0.0022 seconds. Added 3 classes and 2 folders.
[2016.04.30-15.45.15:327][676]Warning: HotReload successful (19 functions remapped  0 scriptstructs remapped)
[2016.04.30-15.45.15:393][676]LogContentBrowser: Native class hierarchy populated in 0.0080 seconds. Added 1897 classes and 342 folders.
[2016.04.30-15.47.04:659][274]LogHotReload: New module detected: UE4Editor-Spectral-4725.dll
[2016.04.30-15.47.05:005][276]LogHotReload: Starting Hot-Reload from IDE
[2016.04.30-15.47.05:101][276]LogClass: Could not find existing class SkillEffectStorageIntf in package /Script/Spectral for HotReload, assuming new class
[2016.04.30-15.47.05:101][276]LogClass: Function GetSkillEffects is new.
[2016.04.30-15.47.05:115][276]LogHotReload: Re-instancing SkillEffectStorageIntf after hot-reload.
[2016.04.30-15.47.05:140][276]LogContentBrowser: Native class hierarchy updated for 'Spectral' in 0.0025 seconds. Added 3 classes and 2 folders.
[2016.04.30-15.47.05:141][276]Warning: HotReload successful (24 functions remapped  0 scriptstructs remapped)
[2016.04.30-15.47.05:214][276]LogContentBrowser: Native class hierarchy populated in 0.0085 seconds. Added 1897 classes and 342 folders.
[2016.04.30-15.51.54:327][143]LogHotReload: New module detected: UE4Editor-Spectral-2138.dll
[2016.04.30-15.51.54:673][145]LogHotReload: Starting Hot-Reload from IDE
[2016.04.30-15.51.54:756][145]LogClass: Could not find existing class SkillEffectStorageIntf in package /Script/Spectral for HotReload, assuming new class
[2016.04.30-15.51.54:756][145]LogClass: Function AddSkillEffect is new.
[2016.04.30-15.51.54:756][145]LogClass: Function GetSkillEffects is new.
[2016.04.30-15.51.54:756][145]LogClass: Function RemoveSkillEffectByIndex is new.
[2016.04.30-15.51.54:756][145]LogClass: Function RemoveSkillEffectByRef is new.
[2016.04.30-15.51.54:773][145]LogHotReload: Re-instancing SkillEffectStorageIntf after hot-reload.
[2016.04.30-15.51.54:796][145]LogContentBrowser: Native class hierarchy updated for 'Spectral' in 0.0026 seconds. Added 3 classes and 2 folders.
[2016.04.30-15.51.54:797][145]Warning: HotReload successful (24 functions remapped  0 scriptstructs remapped)
[2016.04.30-15.51.54:869][145]LogContentBrowser: Native class hierarchy populated in 0.0079 seconds. Added 1897 classes and 342 folders.
[2016.04.30-15.54.26:062][658]LogHotReload: New module detected: UE4Editor-Spectral-3888.dll
[2016.04.30-15.54.26:498][665]LogHotReload: Starting Hot-Reload from IDE
[2016.04.30-15.54.26:590][665]LogClass: Could not find existing class SkillModStorageIntf in package /Script/Spectral for HotReload, assuming new class
[2016.04.30-15.54.26:590][665]LogClass: Function AddSkillMod is new.
[2016.04.30-15.54.26:590][665]LogClass: Function GetSkillMods is new.
[2016.04.30-15.54.26:590][665]LogClass: Function RemoveSkillModByIndex is new.
[2016.04.30-15.54.26:590][665]LogClass: Function RemoveSkillModByRef is new.
[2016.04.30-15.54.26:603][665]LogHotReload: Re-instancing SkillModStorageIntf after hot-reload.
[2016.04.30-15.54.26:627][665]LogContentBrowser: Native class hierarchy updated for 'Spectral' in 0.0021 seconds. Added 3 classes and 2 folders.
[2016.04.30-15.54.26:628][665]Warning: HotReload successful (28 functions remapped  0 scriptstructs remapped)
[2016.04.30-15.54.26:703][665]LogContentBrowser: Native class hierarchy populated in 0.0090 seconds. Added 1897 classes and 342 folders.
[2016.04.30-15.55.02:785][322]Running C:/Program Files (x86)/Epic Games/4.10/Engine/Binaries/DotNET/UnrealBuildTool.exe Spectral Win64 Development -editorrecompile "D:/Source/GitHub/Spectral/Spectral/Spectral.uproject" -invalidatemakefilesonly -rocket -2015
[2016.04.30-15.55.03:188][322]Invalidating makefiles only in this run.
[2016.04.30-15.55.03:510][322]Recompiling Spectral...
[2016.04.30-15.55.03:511][322]Launching UnrealBuildTool... [C:/Program Files (x86)/Epic Games/4.10/Engine/Binaries/DotNET/UnrealBuildTool.exe Spectral -ModuleWithSuffix Spectral 3871 Win64 Development -editorrecompile -canskiplink "D:/Source/GitHub/Spectral/Spectral/Spectral.uproject" -rocket  -rocket -2015]
[2016.04.30-15.55.17:501][322]CompilerResultsLog: New page: Compilation - Apr 30, 2016, 5:55:17 AM
[2016.04.30-15.55.17:501][322]CompilerResultsLog: Info Creating makefile for hot reloading Spectral (no existing makefile)
[2016.04.30-15.55.17:501][322]CompilerResultsLog: Info Compiling game modules for hot reload
[2016.04.30-15.55.17:501][322]CompilerResultsLog: Info Parsing headers for SpectralEditor
[2016.04.30-15.55.17:501][322]CompilerResultsLog: Info   Running UnrealHeaderTool "D:/Source/GitHub/Spectral/Spectral/Spectral.uproject" "D:\Source\GitHub\Spectral\Spectral\Intermediate\Build\Win64\SpectralEditor\Development\UnrealHeaderTool.manifest" -LogCmds="loginit warning, logexit warning, logdatabase error" -rocket -installed
[2016.04.30-15.55.17:501][322]CompilerResultsLog: Info Reflection code generated for SpectralEditor in 6.2164104 seconds
[2016.04.30-15.55.17:501][322]CompilerResultsLog: Info Performing 3 actions (4 in parallel)
[2016.04.30-15.55.17:501][322]CompilerResultsLog: Info Spectral.generated.cpp
[2016.04.30-15.55.17:501][322]CompilerResultsLog: Info SkillModFactoryIntf.cpp
[2016.04.30-15.55.17:501][322]CompilerResultsLog: Info [3/3] Link UE4Editor-Spectral-3871.dll
[2016.04.30-15.55.17:501][322]CompilerResultsLog: Info    Creating library D:\Source\GitHub\Spectral\Spectral\Intermediate/Build/Win64\UE4Editor\Development\UE4Editor-Spectral-3871.lib and object D:\Source\GitHub\Spectral\Spectral\Intermediate/Build/Win64\UE4Editor\Development\UE4Editor-Spectral-3871.exp
[2016.04.30-15.55.17:501][322]CompilerResultsLog: Info -------- End Detailed Actions Stats -----------------------------------------------------------
[2016.04.30-15.55.17:501][322]CompilerResultsLog: Info Total build time: 13.95 seconds
[2016.04.30-15.55.17:501][322]LogMainFrame: MainFrame: Module compiling took 13.999 seconds
[2016.04.30-15.55.17:502][322]LogActorComponent: UnregisterComponent: (/Engine/Transient.ProjectileMovement0) Not registered. Aborting.
[2016.04.30-15.55.17:536][322]LogClass: Could not find existing class SkillModFactoryIntf in package /Script/Spectral for HotReload, assuming new class
[2016.04.30-15.55.17:548][322]LogContentBrowser: Native class hierarchy updated for 'Spectral' in 0.0020 seconds. Added 4 classes and 4 folders.
[2016.04.30-15.55.17:549][322]Warning: HotReload successful (32 functions remapped  0 scriptstructs remapped)
[2016.04.30-15.55.17:624][322]LogContentBrowser: Native class hierarchy populated in 0.0084 seconds. Added 1898 classes and 344 folders.
[2016.04.30-15.55.17:624][322]Warning: HotReload operation took 14.1s.
[2016.04.30-15.55.17:818][322]LogVSAccessor:Warning: Couldn't goto line number '0' in 'D:/Source/GitHub/Spectral/Spectral/Source/Spectral/Skills/SkillFramework/SkillModFactoryIntf.h'
[2016.04.30-15.55.17:916][322]LogVSAccessor:Warning: Couldn't goto line number '0' in 'D:/Source/GitHub/Spectral/Spectral/Source/Spectral/Skills/SkillFramework/SkillModFactoryIntf.cpp'
[2016.04.30-15.55.17:944][322]LogHotReload: New module detected: UE4Editor-Spectral-3871.dll
[2016.04.30-15.55.18:007][323]LogHotReload: Starting Hot-Reload from IDE
[2016.04.30-15.55.18:310][323]LogContentBrowser: Native class hierarchy updated for 'Spectral' in 0.0024 seconds. Added 4 classes and 4 folders.
[2016.04.30-15.55.18:312][323]Warning: HotReload successful (0 functions remapped  0 scriptstructs remapped)
[2016.04.30-15.55.18:327][323]LogContentBrowser: Native class hierarchy populated in 0.0105 seconds. Added 1898 classes and 344 folders.
[2016.04.30-15.55.37:130][622]Running C:/Program Files (x86)/Epic Games/4.10/Engine/Binaries/DotNET/UnrealBuildTool.exe Spectral Win64 Development -editorrecompile "D:/Source/GitHub/Spectral/Spectral/Spectral.uproject" -invalidatemakefilesonly -rocket -2015
[2016.04.30-15.55.37:433][622]Invalidating makefiles only in this run.
[2016.04.30-15.55.37:750][622]Recompiling Spectral...
[2016.04.30-15.55.37:751][622]Launching UnrealBuildTool... [C:/Program Files (x86)/Epic Games/4.10/Engine/Binaries/DotNET/UnrealBuildTool.exe Spectral -ModuleWithSuffix Spectral 6551 Win64 Development -editorrecompile -canskiplink "D:/Source/GitHub/Spectral/Spectral/Spectral.uproject" -rocket  -rocket -2015]
[2016.04.30-15.55.51:771][622]CompilerResultsLog: New page: Compilation - Apr 30, 2016, 5:55:51 AM
[2016.04.30-15.55.51:771][622]CompilerResultsLog: Info Creating makefile for hot reloading Spectral (no existing makefile)
[2016.04.30-15.55.51:771][622]CompilerResultsLog: Info Compiling game modules for hot reload
[2016.04.30-15.55.51:771][622]CompilerResultsLog: Info Parsing headers for SpectralEditor
[2016.04.30-15.55.51:771][622]CompilerResultsLog: Info   Running UnrealHeaderTool "D:/Source/GitHub/Spectral/Spectral/Spectral.uproject" "D:\Source\GitHub\Spectral\Spectral\Intermediate\Build\Win64\SpectralEditor\Development\UnrealHeaderTool.manifest" -LogCmds="loginit warning, logexit warning, logdatabase error" -rocket -installed
[2016.04.30-15.55.51:771][622]CompilerResultsLog: Info Reflection code generated for SpectralEditor in 6.3051239 seconds
[2016.04.30-15.55.51:771][622]CompilerResultsLog: Info Performing 3 actions (4 in parallel)
[2016.04.30-15.55.51:771][622]CompilerResultsLog: Info SkillEffectFactoryIntf.cpp
[2016.04.30-15.55.51:771][622]CompilerResultsLog: Info Spectral.generated.cpp
[2016.04.30-15.55.51:771][622]CompilerResultsLog: Info [3/3] Link UE4Editor-Spectral-6551.dll
[2016.04.30-15.55.51:771][622]CompilerResultsLog: Info    Creating library D:\Source\GitHub\Spectral\Spectral\Intermediate/Build/Win64\UE4Editor\Development\UE4Editor-Spectral-6551.lib and object D:\Source\GitHub\Spectral\Spectral\Intermediate/Build/Win64\UE4Editor\Development\UE4Editor-Spectral-6551.exp
[2016.04.30-15.55.51:771][622]CompilerResultsLog: Info -------- End Detailed Actions Stats -----------------------------------------------------------
[2016.04.30-15.55.51:771][622]CompilerResultsLog: Info Total build time: 13.98 seconds
[2016.04.30-15.55.51:771][622]LogMainFrame: MainFrame: Module compiling took 14.023 seconds
[2016.04.30-15.55.51:771][622]LogActorComponent: UnregisterComponent: (/Engine/Transient.ProjectileMovement0) Not registered. Aborting.
[2016.04.30-15.55.51:800][622]LogClass: Could not find existing class SkillEffectFactoryIntf in package /Script/Spectral for HotReload, assuming new class
[2016.04.30-15.55.51:816][622]LogContentBrowser: Native class hierarchy updated for 'Spectral' in 0.0022 seconds. Added 5 classes and 4 folders.
[2016.04.30-15.55.51:817][622]Warning: HotReload successful (32 functions remapped  0 scriptstructs remapped)
[2016.04.30-15.55.51:905][622]LogContentBrowser: Native class hierarchy populated in 0.0087 seconds. Added 1899 classes and 344 folders.
[2016.04.30-15.55.51:906][622]Warning: HotReload operation took 14.3s.
[2016.04.30-15.55.52:041][622]LogVSAccessor:Warning: Couldn't goto line number '0' in 'D:/Source/GitHub/Spectral/Spectral/Source/Spectral/Skills/SkillFramework/SkillEffectFactoryIntf.h'
[2016.04.30-15.55.52:147][622]LogVSAccessor:Warning: Couldn't goto line number '0' in 'D:/Source/GitHub/Spectral/Spectral/Source/Spectral/Skills/SkillFramework/SkillEffectFactoryIntf.cpp'
[2016.04.30-15.55.52:179][622]LogHotReload: New module detected: UE4Editor-Spectral-6551.dll
[2016.04.30-15.55.52:237][623]LogHotReload: Starting Hot-Reload from IDE
[2016.04.30-15.55.52:569][623]LogContentBrowser: Native class hierarchy updated for 'Spectral' in 0.0029 seconds. Added 5 classes and 4 folders.
[2016.04.30-15.55.52:570][623]Warning: HotReload successful (0 functions remapped  0 scriptstructs remapped)
[2016.04.30-15.55.52:582][623]LogContentBrowser: Native class hierarchy populated in 0.0093 seconds. Added 1899 classes and 344 folders.
[2016.04.30-15.57.55:051][492]Running C:/Program Files (x86)/Epic Games/4.10/Engine/Binaries/DotNET/UnrealBuildTool.exe Spectral Win64 Development -editorrecompile "D:/Source/GitHub/Spectral/Spectral/Spectral.uproject" -invalidatemakefilesonly -rocket -2015
[2016.04.30-15.57.55:354][492]Invalidating makefiles only in this run.
[2016.04.30-15.57.55:582][492]Recompiling Spectral...
[2016.04.30-15.57.55:582][492]Launching UnrealBuildTool... [C:/Program Files (x86)/Epic Games/4.10/Engine/Binaries/DotNET/UnrealBuildTool.exe Spectral -ModuleWithSuffix Spectral 6730 Win64 Development -editorrecompile -canskiplink "D:/Source/GitHub/Spectral/Spectral/Spectral.uproject" -rocket  -rocket -2015]
[2016.04.30-15.58.09:450][492]CompilerResultsLog: New page: Compilation - Apr 30, 2016, 5:58:09 AM
[2016.04.30-15.58.09:451][492]CompilerResultsLog: Info Creating makefile for hot reloading Spectral (no existing makefile)
[2016.04.30-15.58.09:451][492]CompilerResultsLog: Info Compiling game modules for hot reload
[2016.04.30-15.58.09:451][492]CompilerResultsLog: Info Parsing headers for SpectralEditor
[2016.04.30-15.58.09:451][492]CompilerResultsLog: Info   Running UnrealHeaderTool "D:/Source/GitHub/Spectral/Spectral/Spectral.uproject" "D:\Source\GitHub\Spectral\Spectral\Intermediate\Build\Win64\SpectralEditor\Development\UnrealHeaderTool.manifest" -LogCmds="loginit warning, logexit warning, logdatabase error" -rocket -installed
[2016.04.30-15.58.09:451][492]CompilerResultsLog: Info Reflection code generated for SpectralEditor in 6.2951877 seconds
[2016.04.30-15.58.09:451][492]CompilerResultsLog: Info Performing 3 actions (4 in parallel)
[2016.04.30-15.58.09:451][492]CompilerResultsLog: Info Spectral.generated.cpp
[2016.04.30-15.58.09:451][492]CompilerResultsLog: Info SkillFactoryIntf.cpp
[2016.04.30-15.58.09:451][492]CompilerResultsLog: Info [3/3] Link UE4Editor-Spectral-6730.dll
[2016.04.30-15.58.09:451][492]CompilerResultsLog: Info    Creating library D:\Source\GitHub\Spectral\Spectral\Intermediate/Build/Win64\UE4Editor\Development\UE4Editor-Spectral-6730.lib and object D:\Source\GitHub\Spectral\Spectral\Intermediate/Build/Win64\UE4Editor\Development\UE4Editor-Spectral-6730.exp
[2016.04.30-15.58.09:451][492]CompilerResultsLog: Info -------- End Detailed Actions Stats -----------------------------------------------------------
[2016.04.30-15.58.09:451][492]CompilerResultsLog: Info Total build time: 13.82 seconds
[2016.04.30-15.58.09:451][492]LogMainFrame: MainFrame: Module compiling took 13.878 seconds
[2016.04.30-15.58.09:483][492]LogClass: Could not find existing class SkillFactoryIntf in package /Script/Spectral for HotReload, assuming new class
[2016.04.30-15.58.09:498][492]LogContentBrowser: Native class hierarchy updated for 'Spectral' in 0.0022 seconds. Added 6 classes and 4 folders.
[2016.04.30-15.58.09:499][492]Warning: HotReload successful (32 functions remapped  0 scriptstructs remapped)
[2016.04.30-15.58.09:588][492]LogContentBrowser: Native class hierarchy populated in 0.0083 seconds. Added 1900 classes and 344 folders.
[2016.04.30-15.58.09:589][492]Warning: HotReload operation took 14.0s.
[2016.04.30-15.58.09:739][492]LogVSAccessor:Warning: Couldn't goto line number '0' in 'D:/Source/GitHub/Spectral/Spectral/Source/Spectral/Skills/SkillFramework/SkillFactoryIntf.h'
[2016.04.30-15.58.09:848][492]LogVSAccessor:Warning: Couldn't goto line number '0' in 'D:/Source/GitHub/Spectral/Spectral/Source/Spectral/Skills/SkillFramework/SkillFactoryIntf.cpp'
[2016.04.30-15.58.09:874][492]LogHotReload: New module detected: UE4Editor-Spectral-6730.dll
[2016.04.30-15.58.09:930][493]LogHotReload: Starting Hot-Reload from IDE
[2016.04.30-15.58.10:273][493]LogContentBrowser: Native class hierarchy updated for 'Spectral' in 0.0035 seconds. Added 6 classes and 4 folders.
[2016.04.30-15.58.10:275][493]Warning: HotReload successful (0 functions remapped  0 scriptstructs remapped)
[2016.04.30-15.58.10:290][493]LogContentBrowser: Native class hierarchy populated in 0.0129 seconds. Added 1900 classes and 344 folders.
[2016.04.30-16.00.45:795][512]LogHotReload: New module detected: UE4Editor-Spectral-598.dll
[2016.04.30-16.00.46:140][514]LogHotReload: Starting Hot-Reload from IDE
[2016.04.30-16.00.46:218][514]Error: Property size mismatch. Will not update class SkillEffectFactoryIntf (was 944, new 56).
[2016.04.30-16.00.46:222][514]Error: Property size mismatch. Will not update class SkillFactoryIntf (was 944, new 56).
[2016.04.30-16.00.46:223][514]Error: Property size mismatch. Will not update class SkillModFactoryIntf (was 944, new 56).
[2016.04.30-16.00.46:234][514]LogUObjectBase:Warning: -------------- Default Property warnings and errors:
[2016.04.30-16.00.46:234][514]LogUObjectBase:Warning: Error: Property size mismatch. Will not update class SkillEffectFactoryIntf (was 944, new 56).
[2016.04.30-16.00.46:234][514]LogUObjectBase:Warning: Error: Property size mismatch. Will not update class SkillFactoryIntf (was 944, new 56).
[2016.04.30-16.00.46:234][514]LogUObjectBase:Warning: Error: Property size mismatch. Will not update class SkillModFactoryIntf (was 944, new 56).
[2016.04.30-16.49.43:495][514]LogContentBrowser: Native class hierarchy updated for 'Spectral' in 0.0028 seconds. Added 6 classes and 4 folders.
[2016.04.30-16.49.43:497][514]Warning: HotReload successful (32 functions remapped  0 scriptstructs remapped)
[2016.04.30-16.49.43:586][514]LogContentBrowser: Native class hierarchy populated in 0.0101 seconds. Added 1900 classes and 344 folders.
[2016.04.30-16.49.43:606][515]LogHttp:Warning: Timeout processing Http request. 000001C3313A9100
[2016.04.30-18.34.44:262][725]Running C:/Program Files (x86)/Epic Games/4.10/Engine/Binaries/DotNET/UnrealBuildTool.exe Spectral Win64 Development -editorrecompile "D:/Source/GitHub/Spectral/Spectral/Spectral.uproject" -invalidatemakefilesonly -rocket -2015
[2016.04.30-18.34.44:740][725]Invalidating makefiles only in this run.
[2016.04.30-18.34.45:022][725]Recompiling Spectral...
[2016.04.30-18.34.45:023][725]Launching UnrealBuildTool... [C:/Program Files (x86)/Epic Games/4.10/Engine/Binaries/DotNET/UnrealBuildTool.exe Spectral -ModuleWithSuffix Spectral 1116 Win64 Development -editorrecompile -canskiplink "D:/Source/GitHub/Spectral/Spectral/Spectral.uproject" -rocket  -rocket -2015]
[2016.04.30-18.35.12:790][725]CompilerResultsLog: New page: Compilation - Apr 30, 2016, 8:35:12 AM
[2016.04.30-18.35.12:791][725]CompilerResultsLog: Info Creating makefile for hot reloading Spectral (no existing makefile)
[2016.04.30-18.35.12:791][725]CompilerResultsLog: Info Compiling game modules for hot reload
[2016.04.30-18.35.12:791][725]CompilerResultsLog: Info Parsing headers for SpectralEditor
[2016.04.30-18.35.12:791][725]CompilerResultsLog: Info   Running UnrealHeaderTool "D:/Source/GitHub/Spectral/Spectral/Spectral.uproject" "D:\Source\GitHub\Spectral\Spectral\Intermediate\Build\Win64\SpectralEditor\Development\UnrealHeaderTool.manifest" -LogCmds="loginit warning, logexit warning, logdatabase error" -rocket -installed
[2016.04.30-18.35.12:791][725]CompilerResultsLog: Info Reflection code generated for SpectralEditor in 6.2524922 seconds
[2016.04.30-18.35.12:791][725]CompilerResultsLog: Info Performing 6 actions (4 in parallel)
[2016.04.30-18.35.12:791][725]CompilerResultsLog: Info Spectral.generated.cpp
[2016.04.30-18.35.12:791][725]CompilerResultsLog: Info SkillIntf.cpp
[2016.04.30-18.35.12:791][725]CompilerResultsLog: Info SkillStorageIntf.cpp
[2016.04.30-18.35.12:791][725]CompilerResultsLog: Info SkillUserIntf.cpp
[2016.04.30-18.35.12:791][725]CompilerResultsLog: Info SkillEffectStorageIntf.cpp
[2016.04.30-18.35.12:791][725]CompilerResultsLog:Error: Error D:\Source\GitHub\Spectral\Spectral\Intermediate\Build\Win64\UE4Editor\Inc\Spectral\Spectral.generated.cpp(86) : error C2556: 'TScriptInterface<ISkillEffectIntf> ISkillEffectStorageIntf::AddSkillEffect(const TScriptInterface<ISkillEffectIntf> &,int32)': overloaded function differs only by return type from 'const TScriptInterface<ISkillEffectIntf> &ISkillEffectStorageIntf::AddSkillEffect(const TScriptInterface<ISkillEffectIntf> &,int32)'
[2016.04.30-18.35.12:792][725]CompilerResultsLog:Error: Error D:\Source\GitHub\Spectral\Spectral\Source\Spectral\Skills/SkillFramework/SkillEffectStorageIntf.h(34) : note: see declaration of 'ISkillEffectStorageIntf::AddSkillEffect'
[2016.04.30-18.35.12:792][725]CompilerResultsLog:Error: Error D:\Source\GitHub\Spectral\Spectral\Intermediate\Build\Win64\UE4Editor\Inc\Spectral\Spectral.generated.cpp(86) : error C2373: 'ISkillEffectStorageIntf::AddSkillEffect': redefinition; different type modifiers
[2016.04.30-18.35.12:792][725]CompilerResultsLog:Error: Error D:\Source\GitHub\Spectral\Spectral\Source\Spectral\Skills/SkillFramework/SkillEffectStorageIntf.h(34) : note: see declaration of 'ISkillEffectStorageIntf::AddSkillEffect'
[2016.04.30-18.35.12:792][725]CompilerResultsLog: Info -------- End Detailed Actions Stats -----------------------------------------------------------
[2016.04.30-18.35.12:792][725]CompilerResultsLog: Info ERROR: UBT ERROR: Failed to produce item: D:\Source\GitHub\Spectral\Spectral\Binaries\Win64\UE4Editor-Spectral-1116.dll
[2016.04.30-18.35.12:792][725]CompilerResultsLog: Info Total build time: 27.73 seconds
[2016.04.30-18.35.12:793][725]LogMainFrame: MainFrame: Module compiling took 27.774 seconds
[2016.04.30-18.35.12:793][725]Warning: HotReload failed, recompile failed
[2016.04.30-18.35.12:819][725]Warning: RebindPackages failed because the compiler could not be started.
[2016.04.30-18.35.49:869][990]LogHotReload: New module detected: UE4Editor-Spectral-8905.dll
[2016.04.30-18.35.50:210][992]LogHotReload: Starting Hot-Reload from IDE
[2016.04.30-18.35.50:324][992]Error: Property size mismatch. Will not update class SkillEffectFactoryIntf (was 944, new 56).
[2016.04.30-18.35.50:325][992]LogClass: Could not find existing class SkillEffectStorageIntf in package /Script/Spectral for HotReload, assuming new class
[2016.04.30-18.35.50:326][992]LogClass: Function AddSkillEffect is new.
[2016.04.30-18.35.50:326][992]LogClass: Function GetSkillEffects is new.
[2016.04.30-18.35.50:326][992]LogClass: Function RemoveSkillEffectByIndex is new.
[2016.04.30-18.35.50:326][992]LogClass: Function RemoveSkillEffectByRef is new.
[2016.04.30-18.35.50:327][992]Error: Property size mismatch. Will not update class SkillFactoryIntf (was 944, new 56).
[2016.04.30-18.35.50:327][992]LogClass: Could not find existing class SkillIntf in package /Script/Spectral for HotReload, assuming new class
[2016.04.30-18.35.50:327][992]LogClass: Function ApplySkill is new.
[2016.04.30-18.35.50:327][992]LogClass: Function GetEffectStorage is new.
[2016.04.30-18.35.50:327][992]LogClass: Function GetModStorage is new.
[2016.04.30-18.35.50:327][992]LogClass: Function GetSkillExecutor is new.
[2016.04.30-18.35.50:327][992]Error: Property size mismatch. Will not update class SkillModFactoryIntf (was 944, new 56).
[2016.04.30-18.35.50:330][992]LogClass: Could not find existing class SkillStorageIntf in package /Script/Spectral for HotReload, assuming new class
[2016.04.30-18.35.50:337][992]LogUObjectBase:Warning: -------------- Default Property warnings and errors:
[2016.04.30-18.35.50:337][992]LogUObjectBase:Warning: Error: Property size mismatch. Will not update class SkillEffectFactoryIntf (was 944, new 56).
[2016.04.30-18.35.50:337][992]LogUObjectBase:Warning: Error: Property size mismatch. Will not update class SkillFactoryIntf (was 944, new 56).
[2016.04.30-18.35.50:337][992]LogUObjectBase:Warning: Error: Property size mismatch. Will not update class SkillModFactoryIntf (was 944, new 56).
[2016.04.30-18.36.35:986][992]LogHotReload: Re-instancing SkillEffectStorageIntf after hot-reload.
[2016.04.30-18.36.36:021][992]LogHotReload: Re-instancing SkillIntf after hot-reload.
[2016.04.30-18.36.36:046][992]LogContentBrowser: Native class hierarchy updated for 'Spectral' in 0.0033 seconds. Added 7 classes and 4 folders.
[2016.04.30-18.36.36:047][992]Warning: HotReload successful (22 functions remapped  0 scriptstructs remapped)
[2016.04.30-18.36.36:143][992]LogContentBrowser: Native class hierarchy populated in 0.0100 seconds. Added 1901 classes and 344 folders.
[2016.05.01-01.27.48:199][285]LogHttp:Warning: Timeout processing Http request. 000001C331225F00
[2016.05.01-01.27.52:293][296]LogRenderer: Reallocating scene render targets to support 1160x600 (Frame:8842).
[2016.05.01-01.28.05:177][335]Cmd: QUIT_EDITOR
[2016.05.01-01.28.05:249][335]LogWindowsTextInputMethodSystem:Display: IME system now deactivated.
[2016.05.01-01.28.05:310][335]LogExit: Preparing to exit.
[2016.05.01-01.28.06:624][335]LogExit: Editor shut down
[2016.05.01-01.28.06:626][335]LogExit: Transaction tracking system shut down
[2016.05.01-01.28.06:632][335]LogParticles: Destroying 0 GPU particle simulations for FXSystem 0x000001C37D206E80
[2016.05.01-01.28.06:762][335]LogParticles: Destroying 0 GPU particle simulations for FXSystem 0x000001C31685F880
[2016.05.01-01.28.06:762][335]LogExit: Object subsystem successfully closed.
[2016.05.01-01.28.06:791][335]LogD3D11RHI: Shutdown
[2016.05.01-01.28.06:791][335]LogD3D11RHI: CleanupD3DDevice
[2016.05.01-01.28.06:862][335]LogD3D11RHI: ~FD3D11DynamicRHI
[2016.05.01-01.28.06:875][335]LogModuleManager: Shutting down and abandoning module CrashTracker (199)
[2016.05.01-01.28.06:875][335]LogModuleManager: Shutting down and abandoning module SceneOutliner (198)
[2016.05.01-01.28.06:875][335]LogModuleManager: Shutting down and abandoning module SuperSearch (197)
[2016.05.01-01.28.06:875][335]LogModuleManager: Shutting down and abandoning module WidgetCarousel (196)
[2016.05.01-01.28.06:875][335]LogModuleManager: Shutting down and abandoning module AddContentDialog (195)
[2016.05.01-01.28.06:880][335]LogModuleManager: Shutting down and abandoning module EditorWidgets (194)
[2016.05.01-01.28.06:880][335]LogModuleManager: Shutting down and abandoning module CollectionManager (193)
[2016.05.01-01.28.06:880][335]LogModuleManager: Shutting down and abandoning module StatsViewer (192)
[2016.05.01-01.28.06:880][335]LogModuleManager: Shutting down and abandoning module FoliageEdit (191)
[2016.05.01-01.28.06:880][335]LogModuleManager: Shutting down and abandoning module LandscapeEditor (190)
[2016.05.01-01.28.06:881][335]LogModuleManager: Shutting down and abandoning module ActorPickerMode (189)
[2016.05.01-01.28.06:881][335]LogModuleManager: Shutting down and abandoning module GeometryMode (188)
[2016.05.01-01.28.06:881][335]LogModuleManager: Shutting down and abandoning module TextureAlignMode (187)
[2016.05.01-01.28.06:881][335]LogModuleManager: Shutting down and abandoning module BspMode (186)
[2016.05.01-01.28.06:881][335]LogModuleManager: Shutting down and abandoning module PlacementMode (185)
[2016.05.01-01.28.06:881][335]LogModuleManager: Shutting down and abandoning module AutomationWorker (184)
[2016.05.01-01.28.06:881][335]LogModuleManager: Shutting down and abandoning module CharacterAI (183)
[2016.05.01-01.28.06:881][335]LogModuleManager: Shutting down and abandoning module SmartSnapping (182)
[2016.05.01-01.28.06:881][335]LogModuleManager: Shutting down and abandoning module ViewportSnapping (181)
[2016.05.01-01.28.06:881][335]LogModuleManager: Shutting down and abandoning module LogVisualizer (180)
[2016.05.01-01.28.06:881][335]LogModuleManager: Shutting down and abandoning module GameProjectGeneration (179)
[2016.05.01-01.28.06:881][335]LogModuleManager: Shutting down and abandoning module IntroTutorials (178)
[2016.05.01-01.28.06:881][335]LogModuleManager: Shutting down and abandoning module EditorLiveStreaming (177)
[2016.05.01-01.28.06:881][335]LogModuleManager: Shutting down and abandoning module IOSPlatformEditor (176)
[2016.05.01-01.28.06:881][335]LogModuleManager: Shutting down and abandoning module HTML5PlatformEditor (175)
[2016.05.01-01.28.06:881][335]LogModuleManager: Shutting down and abandoning module AndroidDeviceDetection (174)
[2016.05.01-01.28.07:214][335]LogModuleManager: Shutting down and abandoning module AndroidPlatformEditor (173)
[2016.05.01-01.28.07:215][335]LogModuleManager: Shutting down and abandoning module IOSRuntimeSettings (172)
[2016.05.01-01.28.07:215][335]LogModuleManager: Shutting down and abandoning module AndroidRuntimeSettings (171)
[2016.05.01-01.28.07:215][335]LogModuleManager: Shutting down and abandoning module MergeActors (170)
[2016.05.01-01.28.07:215][335]LogModuleManager: Shutting down and abandoning module SizeMap (169)
[2016.05.01-01.28.07:215][335]LogModuleManager: Shutting down and abandoning module TreeMap (168)
[2016.05.01-01.28.07:215][335]LogModuleManager: Shutting down and abandoning module ReferenceViewer (167)
[2016.05.01-01.28.07:215][335]LogModuleManager: Shutting down and abandoning module LocalizationService (166)
[2016.05.01-01.28.07:215][335]LogModuleManager: Shutting down and abandoning module LocalizationDashboard (165)
[2016.05.01-01.28.07:215][335]LogModuleManager: Shutting down and abandoning module HardwareTargeting (164)
[2016.05.01-01.28.07:215][335]LogModuleManager: Shutting down and abandoning module DeviceProfileEditor (163)
[2016.05.01-01.28.07:215][335]LogModuleManager: Shutting down and abandoning module UndoHistory (162)
[2016.05.01-01.28.07:215][335]LogModuleManager: Shutting down and abandoning module GameplayTagsEditor (161)
[2016.05.01-01.28.07:215][335]LogModuleManager: Shutting down and abandoning module UserFeedback (160)
[2016.05.01-01.28.07:215][335]LogModuleManager: Shutting down and abandoning module XmlParser (159)
[2016.05.01-01.28.07:215][335]LogModuleManager: Shutting down and abandoning module Blutility (158)
[2016.05.01-01.28.07:215][335]LogModuleManager: Shutting down and abandoning module ProjectTargetPlatformEditor (157)
[2016.05.01-01.28.07:215][335]LogModuleManager: Shutting down and abandoning module ProjectSettingsViewer (156)
[2016.05.01-01.28.07:216][335]LogModuleManager: Shutting down and abandoning module InputBindingEditor (155)
[2016.05.01-01.28.07:216][335]LogModuleManager: Shutting down and abandoning module EditorSettingsViewer (154)
[2016.05.01-01.28.07:216][335]LogModuleManager: Shutting down and abandoning module SettingsEditor (153)
[2016.05.01-01.28.07:216][335]LogModuleManager: Shutting down and abandoning module ProjectLauncher (152)
[2016.05.01-01.28.07:216][335]LogModuleManager: Shutting down and abandoning module SessionFrontend (151)
[2016.05.01-01.28.07:216][335]LogModuleManager: Shutting down and abandoning module ProfilerClient (150)
[2016.05.01-01.28.07:216][335]LogModuleManager: Shutting down and abandoning module TargetDeviceServices (149)
[2016.05.01-01.28.07:216][335]LogModuleManager: Shutting down and abandoning module DeviceManager (148)
[2016.05.01-01.28.07:216][335]LogModuleManager: Shutting down and abandoning module AutomationController (147)
[2016.05.01-01.28.07:216][335]LogModuleManager: Shutting down and abandoning module AutomationWindow (146)
[2016.05.01-01.28.07:216][335]LogModuleManager: Shutting down and abandoning module Layers (145)
[2016.05.01-01.28.07:217][335]LogModuleManager: Shutting down and abandoning module ComponentVisualizers (144)
[2016.05.01-01.28.07:217][335]LogModuleManager: Shutting down and abandoning module DetailCustomizations (143)
[2016.05.01-01.28.07:217][335]LogModuleManager: Shutting down and abandoning module PackagesDialog (142)
[2016.05.01-01.28.07:217][335]LogModuleManager: Shutting down and abandoning module Persona (141)
[2016.05.01-01.28.07:217][335]LogModuleManager: Shutting down and abandoning module Kismet (140)
[2016.05.01-01.28.07:217][335]LogModuleManager: Shutting down and abandoning module GraphEditor (139)
[2016.05.01-01.28.07:217][335]LogModuleManager: Shutting down and abandoning module ClassViewer (138)
[2016.05.01-01.28.07:220][335]LogModuleManager: Shutting down and abandoning module Toolbox (137)
[2016.05.01-01.28.07:220][335]LogModuleManager: Shutting down and abandoning module ModuleUI (136)
[2016.05.01-01.28.07:220][335]LogModuleManager: Shutting down and abandoning module MovieSceneTools (135)
[2016.05.01-01.28.07:220][335]LogModuleManager: Shutting down and abandoning module OutputLog (134)
[2016.05.01-01.28.07:220][335]LogModuleManager: Shutting down and abandoning module GammaUI (133)
[2016.05.01-01.28.07:220][335]LogModuleManager: Shutting down and abandoning module Documentation (132)
[2016.05.01-01.28.07:220][335]LogModuleManager: Shutting down and abandoning module GameLiveStreaming (131)
[2016.05.01-01.28.07:220][335]LogModuleManager: Shutting down and abandoning module StreamingPauseRendering (130)
[2016.05.01-01.28.07:220][335]LogModuleManager: Shutting down and abandoning module AnalyticsET (129)
[2016.05.01-01.28.07:220][335]LogModuleManager: Shutting down and abandoning module Analytics (128)
[2016.05.01-01.28.07:220][335]LogModuleManager: Shutting down and abandoning module AITestSuite (127)
[2016.05.01-01.28.07:220][335]LogModuleManager: Shutting down and abandoning module GameplayDebugger (126)
[2016.05.01-01.28.07:220][335]LogModuleManager: Shutting down and abandoning module AIModule (125)
[2016.05.01-01.28.07:220][335]LogModuleManager: Shutting down and abandoning module ProfilerService (124)
[2016.05.01-01.28.07:250][335]LogModuleManager: Shutting down and abandoning module TaskGraph (123)
[2016.05.01-01.28.07:250][335]LogModuleManager: Shutting down and abandoning module SlateRemote (122)
[2016.05.01-01.28.07:250][335]LogModuleManager: Shutting down and abandoning module SteamVRController (121)
[2016.05.01-01.28.07:250][335]LogModuleManager: Shutting down and abandoning module SteamVR (120)
[2016.05.01-01.28.07:250][335]LogModuleManager: Shutting down and abandoning module ProceduralMeshComponent (119)
[2016.05.01-01.28.07:250][335]LogModuleManager: Shutting down and abandoning module OculusLibrary (118)
[2016.05.01-01.28.07:250][335]LogModuleManager: Shutting down and abandoning module OculusInput (117)
[2016.05.01-01.28.07:250][335]LogModuleManager: Shutting down and abandoning module LeapMotionController (116)
[2016.05.01-01.28.07:268][335]LogModuleManager: Shutting down and abandoning module CustomMeshComponent (115)
[2016.05.01-01.28.07:268][335]LogModuleManager: Shutting down and abandoning module CableComponent (114)
[2016.05.01-01.28.07:268][335]LogModuleManager: Shutting down and abandoning module ArchVisCharacter (113)
[2016.05.01-01.28.07:268][335]LogModuleManager: Shutting down and abandoning module MessagingDebugger (112)
[2016.05.01-01.28.07:268][335]LogModuleManager: Shutting down and abandoning module MediaPlayerEditor (111)
[2016.05.01-01.28.07:268][335]LogModuleManager: Shutting down and abandoning module HTML5Networking (110)
[2016.05.01-01.28.07:268][335]LogModuleManager: Shutting down and abandoning module SpeedTreeImporter (109)
[2016.05.01-01.28.07:268][335]LogModuleManager: Shutting down and abandoning module PluginBrowser (108)
[2016.05.01-01.28.07:268][335]LogModuleManager: Shutting down and abandoning module EpicSurvey (107)
[2016.05.01-01.28.07:269][335]LogModuleManager: Shutting down and abandoning module DesktopPlatform (106)
[2016.05.01-01.28.07:269][335]LogModuleManager: Shutting down and abandoning module VisualStudioSourceCodeAccess (105)
[2016.05.01-01.28.07:269][335]LogModuleManager: Shutting down and abandoning module UObjectPlugin (104)
[2016.05.01-01.28.07:269][335]LogModuleManager: Shutting down and abandoning module SubversionSourceControl (103)
[2016.05.01-01.28.07:269][335]LogModuleManager: Shutting down and abandoning module PerforceSourceControl (102)
[2016.05.01-01.28.07:269][335]LogModuleManager: Shutting down and abandoning module SourceControl (101)
[2016.05.01-01.28.07:269][335]LogModuleManager: Shutting down and abandoning module GitSourceControl (100)
[2016.05.01-01.28.07:269][335]LogModuleManager: Shutting down and abandoning module LightPropagationVolumeEditor (99)
[2016.05.01-01.28.07:269][335]LogModuleManager: Shutting down and abandoning module PaperTiledImporter (98)
[2016.05.01-01.28.07:269][335]LogModuleManager: Shutting down and abandoning module PaperSpriteSheetImporter (97)
[2016.05.01-01.28.07:269][335]LogModuleManager: Shutting down and abandoning module MeshPaint (96)
[2016.05.01-01.28.07:269][335]LogModuleManager: Shutting down and abandoning module SlateReflector (95)
[2016.05.01-01.28.07:269][335]LogModuleManager: Shutting down and abandoning module HotReload (94)
[2016.05.01-01.28.07:269][335]LogModuleManager: Shutting down and abandoning module MainFrame (93)
[2016.05.01-01.28.07:269][335]LogModuleManager: Shutting down and abandoning module LevelEditor (92)
[2016.05.01-01.28.07:270][335]LogModuleManager: Shutting down and abandoning module DirectoryWatcher (91)
[2016.05.01-01.28.07:273][335]LogModuleManager: Shutting down and abandoning module AssetRegistry (90)
[2016.05.01-01.28.07:370][335]LogModuleManager: Shutting down and abandoning module ContentBrowser (89)
[2016.05.01-01.28.07:371][335]LogModuleManager: Shutting down and abandoning module Paper2DEditor (88)
[2016.05.01-01.28.07:371][335]LogModuleManager: Shutting down and abandoning module Spectral (87)
[2016.05.01-01.28.07:371][335]LogModuleManager: Shutting down and abandoning module UdpMessaging (86)
[2016.05.01-01.28.07:472][335]LogModuleManager: Shutting down and abandoning module LightPropagationVolumeRuntime (85)
[2016.05.01-01.28.07:472][335]LogModuleManager: Shutting down and abandoning module Paper2D (84)
[2016.05.01-01.28.07:472][335]LogModuleManager: Shutting down and abandoning module WindowsMoviePlayer (83)
[2016.05.01-01.28.07:474][335]LogModuleManager: Shutting down and abandoning module Media (82)
[2016.05.01-01.28.07:475][335]LogModuleManager: Shutting down and abandoning module WmfMedia (81)
[2016.05.01-01.28.07:475][335]LogModuleManager: Shutting down and abandoning module OnlineBlueprintSupport (80)
[2016.05.01-01.28.07:475][335]LogModuleManager: Shutting down and abandoning module GameplayTasksEditor (79)
[2016.05.01-01.28.07:475][335]LogModuleManager: Shutting down and abandoning module PropertyEditor (78)
[2016.05.01-01.28.07:475][335]LogModuleManager: Shutting down and abandoning module BehaviorTreeEditor (77)
[2016.05.01-01.28.07:475][335]LogModuleManager: Shutting down and abandoning module FunctionalTesting (76)
[2016.05.01-01.28.07:475][335]LogModuleManager: Shutting down and abandoning module CollisionAnalyzer (75)
[2016.05.01-01.28.07:475][335]LogModuleManager: Shutting down and abandoning module WorkspaceMenuStructure (74)
[2016.05.01-01.28.07:475][335]LogModuleManager: Shutting down and abandoning module MessageLog (73)
[2016.05.01-01.28.07:475][335]LogModuleManager: Shutting down and abandoning module Sequencer (72)
[2016.05.01-01.28.07:475][335]LogModuleManager: Shutting down and abandoning module AssetTools (71)
[2016.05.01-01.28.07:475][335]LogModuleManager: Shutting down and abandoning module UMGEditor (70)
[2016.05.01-01.28.07:475][335]LogModuleManager: Shutting down and abandoning module UMG (69)
[2016.05.01-01.28.07:475][335]LogModuleManager: Shutting down and abandoning module Slate (68)
[2016.05.01-01.28.07:475][335]LogModuleManager: Shutting down and abandoning module EditorStyle (67)
[2016.05.01-01.28.07:478][335]LogModuleManager: Shutting down and abandoning module SessionServices (66)
[2016.05.01-01.28.07:478][335]LogModuleManager: Shutting down and abandoning module SourceCodeAccess (65)
[2016.05.01-01.28.07:478][335]LogModuleManager: Shutting down and abandoning module HeadMountedDisplay (64)
[2016.05.01-01.28.07:478][335]LogModuleManager: Shutting down and abandoning module XAudio2 (63)
[2016.05.01-01.28.07:478][335]LogModuleManager: Shutting down and abandoning module Networking (61)
[2016.05.01-01.28.07:478][335]LogModuleManager: Shutting down and abandoning module Core (60)
[2016.05.01-01.28.07:478][335]LogModuleManager: Shutting down and abandoning module KismetCompiler (59)
[2016.05.01-01.28.07:478][335]LogModuleManager: Shutting down and abandoning module PhysXFormats (58)
[2016.05.01-01.28.07:478][335]LogModuleManager: Shutting down and abandoning module MeshUtilities (57)
[2016.05.01-01.28.07:478][335]LogModuleManager: Shutting down and abandoning module DerivedDataCache (56)
[2016.05.01-01.28.07:538][335]LogDerivedDataCache: Shutdown
[2016.05.01-01.28.07:538][335]LogModuleManager: Shutting down and abandoning module ShaderFormatOpenGL (55)
[2016.05.01-01.28.07:538][335]LogModuleManager: Shutting down and abandoning module ShaderFormatD3D (54)
[2016.05.01-01.28.07:538][335]LogModuleManager: Shutting down and abandoning module MetalShaderFormat (53)
[2016.05.01-01.28.07:538][335]LogModuleManager: Shutting down and abandoning module TextureFormatUncompressed (52)
[2016.05.01-01.28.07:538][335]LogModuleManager: Shutting down and abandoning module TextureFormatPVR (51)
[2016.05.01-01.28.07:538][335]LogModuleManager: Shutting down and abandoning module TextureFormatIntelISPCTexComp (50)
[2016.05.01-01.28.07:538][335]LogModuleManager: Shutting down and abandoning module TextureFormatDXT (49)
[2016.05.01-01.28.07:538][335]LogModuleManager: Shutting down and abandoning module ImageWrapper (48)
[2016.05.01-01.28.07:538][335]LogModuleManager: Shutting down and abandoning module TextureFormatASTC (47)
[2016.05.01-01.28.07:538][335]LogModuleManager: Shutting down and abandoning module TextureFormatAndroid (46)
[2016.05.01-01.28.07:538][335]LogModuleManager: Shutting down and abandoning module AudioFormatOpus (45)
[2016.05.01-01.28.07:538][335]LogModuleManager: Shutting down and abandoning module AudioFormatOgg (44)
[2016.05.01-01.28.07:538][335]LogModuleManager: Shutting down and abandoning module AudioFormatADPCM (43)
[2016.05.01-01.28.07:539][335]LogModuleManager: Shutting down and abandoning module LinuxTargetPlatform (42)
[2016.05.01-01.28.07:539][335]LogModuleManager: Shutting down and abandoning module LinuxServerTargetPlatform (41)
[2016.05.01-01.28.07:539][335]LogModuleManager: Shutting down and abandoning module LinuxNoEditorTargetPlatform (40)
[2016.05.01-01.28.07:539][335]LogModuleManager: Shutting down and abandoning module Messaging (39)
[2016.05.01-01.28.07:539][335]LogModuleManager: Shutting down and abandoning module IOSTargetPlatform (38)
[2016.05.01-01.28.07:539][335]LogModuleManager: Shutting down and abandoning module HTML5TargetPlatform (37)
[2016.05.01-01.28.07:539][335]LogModuleManager: Shutting down and abandoning module Android_PVRTCTargetPlatform (36)
[2016.05.01-01.28.07:539][335]LogModuleManager: Shutting down and abandoning module Android_MultiTargetPlatform (35)
[2016.05.01-01.28.07:539][335]LogModuleManager: Shutting down and abandoning module Android_ETC2TargetPlatform (34)
[2016.05.01-01.28.07:539][335]LogModuleManager: Shutting down and abandoning module Android_ETC1TargetPlatform (33)
[2016.05.01-01.28.07:539][335]LogModuleManager: Shutting down and abandoning module Android_DXTTargetPlatform (32)
[2016.05.01-01.28.07:539][335]LogModuleManager: Shutting down and abandoning module Android_ATCTargetPlatform (31)
[2016.05.01-01.28.07:539][335]LogModuleManager: Shutting down and abandoning module Android_ASTCTargetPlatform (30)
[2016.05.01-01.28.07:539][335]LogModuleManager: Shutting down and abandoning module AndroidTargetPlatform (29)
[2016.05.01-01.28.07:539][335]LogModuleManager: Shutting down and abandoning module WindowsTargetPlatform (28)
[2016.05.01-01.28.07:539][335]LogModuleManager: Shutting down and abandoning module WindowsServerTargetPlatform (27)
[2016.05.01-01.28.07:539][335]LogModuleManager: Shutting down and abandoning module WindowsNoEditorTargetPlatform (26)
[2016.05.01-01.28.07:539][335]LogModuleManager: Shutting down and abandoning module WindowsClientTargetPlatform (25)
[2016.05.01-01.28.07:539][335]LogModuleManager: Shutting down and abandoning module AllDesktopTargetPlatform (24)
[2016.05.01-01.28.07:539][335]LogModuleManager: Shutting down and abandoning module TargetPlatform (23)
[2016.05.01-01.28.07:539][335]LogModuleManager: Shutting down and abandoning module InputCore (22)
[2016.05.01-01.28.07:539][335]LogModuleManager: Shutting down and abandoning module Settings (21)
[2016.05.01-01.28.07:539][335]LogModuleManager: Shutting down and abandoning module OnlineSubsystem (19)
[2016.05.01-01.28.07:539][335]LogModuleManager: Shutting down and abandoning module HTTP (18)
[2016.05.01-01.28.09:543][335]LogModuleManager: Shutting down and abandoning module XMPP (17)
[2016.05.01-01.28.09:543][335]LogModuleManager: Shutting down and abandoning module OculusRift (16)
[2016.05.01-01.28.09:543][335]LogModuleManager: Shutting down and abandoning module ExampleDeviceProfileSelector (15)
[2016.05.01-01.28.09:543][335]LogModuleManager: Shutting down and abandoning module TextureCompressor (14)
[2016.05.01-01.28.09:543][335]LogModuleManager: Shutting down and abandoning module ShaderCore (13)
[2016.05.01-01.28.09:543][335]LogModuleManager: Shutting down and abandoning module Landscape (12)
[2016.05.01-01.28.09:543][335]LogModuleManager: Shutting down and abandoning module SlateRHIRenderer (11)
[2016.05.01-01.28.09:547][335]LogModuleManager: Shutting down and abandoning module OpenGLDrv (10)
[2016.05.01-01.28.09:547][335]LogModuleManager: Shutting down and abandoning module D3D11RHI (9)
[2016.05.01-01.28.09:547][335]LogModuleManager: Shutting down and abandoning module AnimGraphRuntime (8)
[2016.05.01-01.28.09:547][335]LogModuleManager: Shutting down and abandoning module Renderer (7)
[2016.05.01-01.28.09:547][335]LogModuleManager: Shutting down and abandoning module Engine (6)
[2016.05.01-01.28.09:547][335]LogModuleManager: Shutting down and abandoning module CoreUObject (5)
[2016.05.01-01.28.09:547][335]LogModuleManager: Shutting down and abandoning module NetworkFile (4)
[2016.05.01-01.28.09:547][335]LogModuleManager: Shutting down and abandoning module StreamingFile (3)
[2016.05.01-01.28.09:547][335]LogModuleManager: Shutting down and abandoning module SandboxFile (2)
[2016.05.01-01.28.09:547][335]LogModuleManager: Shutting down and abandoning module PakFile (1)
[2016.05.01-01.28.09:549][335]LogExit: Exiting.
[2016.05.01-01.28.09:557][335]Log file closed, 04/30/16 20:28:09
