[2016.05.03-04.28.32:525][  0]Log file open, 05/02/16 23:28:32
[2016.05.03-04.28.32:525][  0]LogInit:Display: Running engine for game: Spectral
[2016.05.03-04.28.32:525][  0]LogPlatformFile: Not using cached read wrapper
[2016.05.03-04.28.32:525][  0]LogInit:Display: RandInit(2116921933) SRandInit(2116921935).
[2016.05.03-04.28.32:525][  0]LogTaskGraph: Started task graph with 4 named threads and 7 total threads.
[2016.05.03-04.28.32:525][  0]LogStats: Stats thread started at 0.083699
[2016.05.03-04.28.32:525][  0]LogInit: Version: 4.10.4-2872498+++depot+UE4-Releases+4.10
[2016.05.03-04.28.32:525][  0]LogInit: API Version: 2758231
[2016.05.03-04.28.32:525][  0]LogInit: Compiled (64-bit): Feb 18 2016 15:47:04
[2016.05.03-04.28.32:525][  0]LogInit: Compiled with Visual C++: 19.00.23026.00
[2016.05.03-04.28.32:525][  0]LogInit: Build Configuration: Development
[2016.05.03-04.28.32:525][  0]LogInit: Branch Name: ++depot+UE4-Releases+4.10
[2016.05.03-04.28.32:525][  0]LogInit: Command line:  
[2016.05.03-04.28.32:525][  0]LogInit: Base directory: C:/Program Files (x86)/Epic Games/4.10/Engine/Binaries/Win64/
[2016.05.03-04.28.32:525][  0]LogInit: Rocket: 1
[2016.05.03-04.28.32:533][  0]LogInit: Using libcurl 7.41.0
[2016.05.03-04.28.32:533][  0]LogInit:  - built for x86_64-pc-win32
[2016.05.03-04.28.32:533][  0]LogInit:  - supports SSL with WinSSL
[2016.05.03-04.28.32:533][  0]LogInit:  - other features:
[2016.05.03-04.28.32:533][  0]LogInit:      CURL_VERSION_SSL
[2016.05.03-04.28.32:533][  0]LogInit:      CURL_VERSION_IPV6
[2016.05.03-04.28.32:533][  0]LogInit:      CURL_VERSION_ASYNCHDNS
[2016.05.03-04.28.32:533][  0]LogInit:      CURL_VERSION_LARGEFILE
[2016.05.03-04.28.32:533][  0]LogInit:      CURL_VERSION_IDN
[2016.05.03-04.28.32:533][  0]LogInit:  CurlRequestOptions (configurable via config and command line):
[2016.05.03-04.28.32:533][  0]LogInit:  - bVerifyPeer = true  - Libcurl will verify peer certificate
[2016.05.03-04.28.32:533][  0]LogInit:  - bUseHttpProxy = false  - Libcurl will NOT use HTTP proxy
[2016.05.03-04.28.32:533][  0]LogInit:  - bDontReuseConnections = false  - Libcurl will reuse connections
[2016.05.03-04.28.32:533][  0]LogInit:  - CertBundlePath = nullptr  - Libcurl will use whatever was configured at build time.
[2016.05.03-04.28.32:541][  0]LogInit: Presizing for 0 objects not considered by GC, pre-allocating 0 bytes.
[2016.05.03-04.28.32:547][  0]LogInit: Object subsystem initialized
[2016.05.03-04.28.32:547][  0]LogInit: Selected Device Profile: [Windows]
[2016.05.03-04.28.32:547][  0]LogInit: Applying CVar settings loaded from the selected device profile: [Windows]
[2016.05.03-04.28.32:557][  0]LogInit: Computer: MSI
[2016.05.03-04.28.32:557][  0]LogInit: User: WillNations
[2016.05.03-04.28.32:557][  0]LogInit: CPU Page size=4096, Cores=4
[2016.05.03-04.28.32:557][  0]LogInit: High frequency timer resolution =2.531250 MHz
[2016.05.03-04.28.32:557][  0]LogMemory: Memory total: Physical=15.9GB (16GB approx)
[2016.05.03-04.28.32:557][  0]LogMemory: Platform Memory Stats for Windows
[2016.05.03-04.28.32:557][  0]LogMemory: Process Physical Memory: 56.15 MB used, 56.15 MB peak
[2016.05.03-04.28.32:557][  0]LogMemory: Process Virtual Memory: 56.84 MB used, 56.84 MB peak
[2016.05.03-04.28.32:557][  0]LogMemory: Physical Memory: 5689.83 MB used, 16296.30 MB total
[2016.05.03-04.28.32:557][  0]LogMemory: Virtual Memory: 382.86 MB used, 134217728.00 MB total
[2016.05.03-04.28.32:891][  0]LogTextLocalizationManager: No specific translations for ('en-US') exist, so ('en') translations will be used.
[2016.05.03-04.28.33:321][  0]LogD3D11RHI: Found D3D11 adapter 0: NVIDIA GeForce GTX 970M              (Feature Level 11_0)
[2016.05.03-04.28.33:321][  0]LogD3D11RHI: Adapter has 2991MB of dedicated video memory, 0MB of dedicated system memory, and 8148MB of shared system memory, 1 output[s]
[2016.05.03-04.28.33:327][  0]LogD3D11RHI: Found D3D11 adapter 1: Intel(R) HD Graphics 530 (Feature Level 11_0)
[2016.05.03-04.28.33:327][  0]LogD3D11RHI: Adapter has 128MB of dedicated video memory, 0MB of dedicated system memory, and 8148MB of shared system memory, 0 output[s]
[2016.05.03-04.28.33:329][  0]LogD3D11RHI: Found D3D11 adapter 2: Microsoft Basic Render Driver (Feature Level 11_0)
[2016.05.03-04.28.33:329][  0]LogD3D11RHI: Adapter has 0MB of dedicated video memory, 0MB of dedicated system memory, and 8148MB of shared system memory, 0 output[s]
[2016.05.03-04.28.33:329][  0]LogD3D11RHI: Chosen D3D11 Adapter Id = 0
[2016.05.03-04.28.33:336][  0]LogD3D11RHI: !Direct3DDevice
[2016.05.03-04.28.33:336][  0]LogRHI: Texture pool is 1361 MB (70% of 1945 MB)
[2016.05.03-04.28.33:351][  0]LogD3D11RHI: Async texture creation enabled
[2016.05.03-04.28.33:361][  0]LogShaderCompilers: Guid format shader working directory is 14 characters bigger than the processId version (D:/Source/GitHub/Spectral/Spectral/Intermediate/Shaders/WorkingDirectory/13652/).
[2016.05.03-04.28.33:361][  0]LogShaderCompilers: Cleaned the shader compiler working directory 'C:/Users/WILLNA~1/AppData/Local/Temp/UnrealShaderWorkingDir/F9B67FA747B324E88BE7EF85D32580AE/'.
[2016.05.03-04.28.33:361][  0]LogShaderCompilers:Display: Using Local Shader Compiler.
[2016.05.03-04.28.34:083][  0]LogTemp:Display: Loaded TP AllDesktopTargetPlatform
[2016.05.03-04.28.34:088][  0]LogTemp:Display: Loaded TP WindowsClientTargetPlatform
[2016.05.03-04.28.34:093][  0]LogTemp:Display: Loaded TP WindowsNoEditorTargetPlatform
[2016.05.03-04.28.34:098][  0]LogTemp:Display: Loaded TP WindowsServerTargetPlatform
[2016.05.03-04.28.34:103][  0]LogTemp:Display: Loaded TP WindowsTargetPlatform
[2016.05.03-04.28.34:105][  0]LogTemp:Display: Loaded TP AndroidTargetPlatform
[2016.05.03-04.28.34:108][  0]LogTemp:Display: Loaded TP Android_ASTCTargetPlatform
[2016.05.03-04.28.34:110][  0]LogTemp:Display: Loaded TP Android_ATCTargetPlatform
[2016.05.03-04.28.34:113][  0]LogTemp:Display: Loaded TP Android_DXTTargetPlatform
[2016.05.03-04.28.34:116][  0]LogTemp:Display: Loaded TP Android_ETC1TargetPlatform
[2016.05.03-04.28.34:119][  0]LogTemp:Display: Loaded TP Android_ETC2TargetPlatform
[2016.05.03-04.28.34:124][  0]LogTemp:Display: Loaded TP Android_MultiTargetPlatform
[2016.05.03-04.28.34:124][  0]LogTemp:Display: Loaded TP Android_PVRTCTargetPlatform
[2016.05.03-04.28.34:125][  0]LogTemp:Display: Loaded TP HTML5TargetPlatform
[2016.05.03-04.28.34:142][  0]LogTemp:Display: Loaded TP IOSTargetPlatform
[2016.05.03-04.28.34:146][  0]LogTemp:Display: Loaded TP LinuxNoEditorTargetPlatform
[2016.05.03-04.28.34:148][  0]LogTemp:Display: Loaded TP LinuxServerTargetPlatform
[2016.05.03-04.28.34:150][  0]LogTemp:Display: Loaded TP LinuxTargetPlatform
[2016.05.03-04.28.34:150][  0]LogTargetPlatformManager:Display: Building Assets For Windows
[2016.05.03-04.28.34:238][  0]LogDerivedDataCache:Display: Max Cache Size: 512 MB
[2016.05.03-04.28.34:278][  0]LogDerivedDataCache: Loaded boot cache 0.04s 42MB C:/Users/Will Nations/AppData/Local/UnrealEngine/4.10/DerivedDataCache/Boot.ddc.
[2016.05.03-04.28.34:278][  0]LogDerivedDataCache:Display: Loaded Boot cache: C:/Users/Will Nations/AppData/Local/UnrealEngine/4.10/DerivedDataCache/Boot.ddc
[2016.05.03-04.28.34:278][  0]LogDerivedDataCache: FDerivedDataBackendGraph:  Pak pak cache file D:/Source/GitHub/Spectral/Spectral/DerivedDataCache/DDC.ddp not found, will not use a pak cache.
[2016.05.03-04.28.34:278][  0]LogDerivedDataCache: Unable to find inner node Pak for hierarchical cache Hierarchy.
[2016.05.03-04.28.34:278][  0]LogDerivedDataCache: FDerivedDataBackendGraph:  CompressedPak pak cache file D:/Source/GitHub/Spectral/Spectral/DerivedDataCache/Compressed.ddp not found, will not use a pak cache.
[2016.05.03-04.28.34:278][  0]LogDerivedDataCache: Unable to find inner node CompressedPak for hierarchical cache Hierarchy.
[2016.05.03-04.28.34:329][  0]LogDerivedDataCache:Display: Pak cache opened for reading ../../../Engine/DerivedDataCache/Compressed.ddp.
[2016.05.03-04.28.34:342][  0]LogDerivedDataCache: Using Local data cache path C:/Users/Will Nations/AppData/Local/UnrealEngine/Common/DerivedDataCache: Writable
[2016.05.03-04.28.34:506][  0]LogInit: Selected Device Profile: [Windows]
[2016.05.03-04.28.34:508][  0]LogContentStreaming: Texture pool size is 0.000000MB
[2016.05.03-04.28.34:604][  0]LogMeshUtilities: No automatic mesh reduction module available
[2016.05.03-04.28.34:604][  0]LogMeshUtilities: No automatic mesh merging module available
[2016.05.03-04.28.34:794][  0]LogInit: WinSock: version 1.1 (2.2), MaxSocks=32767, MaxUdp=65467
[2016.05.03-04.28.35:449][  0]UdpMessaging: Initializing bridge on interface 0.0.0.0:0 to multicast group 230.0.0.1:6666.
[2016.05.03-04.28.35:568][  0]LogAssetRegistry: FAssetRegistry took 0.0113 seconds to start up
[2016.05.03-04.28.35:739][  0]SourceControl: Info Source control is disabled
[2016.05.03-04.28.36:360][  0]LogObj: 28809 objects as part of root set at end of initial load.
[2016.05.03-04.28.36:360][  0]LogUObjectAllocator: 6147280 out of 0 bytes used by permanent object pool.
[2016.05.03-04.28.36:411][  0]LogEngine: Initializing Engine...
[2016.05.03-04.28.36:414][  0]LogHMD: Can't find Oculus library dev build: is proper Runtime installed? Version: 0.8.0.0
[2016.05.03-04.28.36:414][  0]LogHMD: SteamVR failed to initialize.  Err: 110
[2016.05.03-04.28.36:523][  0]LogAIModule: Creating AISystem for world NewWorld
[2016.05.03-04.28.36:533][  0]LogInit: XAudio2 using 'Speakers (Realtek High Definition Audio)' : 8 channels at 48 kHz using 32 bits per sample (channel mask 0x63f)
[2016.05.03-04.28.36:651][  0]LogInit: FAudioDevice initialized.
[2016.05.03-04.28.36:672][  0]LogDerivedDataCache: Saved boot cache 0.02s 42MB C:/Users/Will Nations/AppData/Local/UnrealEngine/4.10/DerivedDataCache/Boot.ddc.
[2016.05.03-04.28.36:677][  0]LogInit: Texture streaming: Enabled
[2016.05.03-04.28.36:684][  0]LogAnalytics: Creating configured Analytics provider AnalyticsET
[2016.05.03-04.28.36:684][  0]LogAnalytics: [UEEditor.Rocket.Release] APIServer = http://et2.epicgames.com/ET2/. AppVersion = 4.10.4-2872498+++depot+UE4-Releases+4.10
[2016.05.03-04.28.36:684][  0]LogAnalytics: [UEEditor.Rocket.Release] SetUserId eb35f8c243ed2f1109e96cbc1988804b|d561d110ed77453aad9a9574d4009d80|aa638874-4eff-432e-8efd-912470b4b168
[2016.05.03-04.28.36:684][  0]LogAnalytics: [UEEditor.Rocket.Release] AnalyticsET::StartSession
[2016.05.03-04.28.36:695][  0]LogInit: Transaction tracking system initialized
[2016.05.03-04.28.36:726][  0]BlueprintLog: New page: Editor Load
[2016.05.03-04.28.36:814][  0]LocalizationService: Info Localization service is disabled
[2016.05.03-04.28.36:878][  0]LogLinker:Warning: Can't find file '/Game/TopDownBP/TopDownOverview'
[2016.05.03-04.28.36:878][  0]LogLinker:Warning: Can't find file '/Game/TopDownBP/TopDownOverview'
[2016.05.03-04.28.36:878][  0]LogUObjectGlobals:Warning: Failed to find object 'Class /Game/TopDownBP/TopDownOverview.TopDownOverview_C'
[2016.05.03-04.28.36:892][  0]LogConsoleResponse:Display: 
[2016.05.03-04.28.37:005][  0]LogCook:Display: Done creating registry. It took  0.00s.
[2016.05.03-04.28.37:196][  0]LogFileCache: Scanning file cache for directory 'D:/Source/GitHub/Spectral/Spectral/Content/' took 0.01s
[2016.05.03-04.28.37:196][  0]Cmd: MAP LOAD FILE="D:/Source/GitHub/Spectral/Spectral/Content/TwinStickCPP/Maps/TwinStickExampleMap.umap" TEMPLATE=0 SHOWPROGRESS=1 FEATURELEVEL=3
[2016.05.03-04.28.37:197][  0]LightingResults: New page: Lighting Build
[2016.05.03-04.28.37:201][  0]MapCheck: New page: Map Check
[2016.05.03-04.28.37:201][  0]LightingResults: New page: Lighting Build
[2016.05.03-04.28.37:210][  0]LogParticles: Destroying 0 GPU particle simulations for FXSystem 0x000001A71CF0BB00
[2016.05.03-04.28.37:441][  0]LogAIModule: Creating AISystem for world TwinStickExampleMap
[2016.05.03-04.28.37:448][  0]LogEditorServer: Finished looking for orphan Actors (0.000 secs)
[2016.05.03-04.28.37:449][  0]Cmd: MAP CHECKDEP NOCLEARLOG
[2016.05.03-04.28.37:490][  0]MapCheck: Info Map check complete: 0 Error(s), 0 Warning(s), took 40.829ms to complete.
[2016.05.03-04.28.37:490][  0]LogFileHelpers: Loading map 'TwinStickExampleMap' took 0.294
[2016.05.03-04.28.37:608][  0]LogCollectionManager: Loaded 0 collections in 0.002304 seconds
[2016.05.03-04.28.37:647][  0]LogFileCache: Scanning file cache for directory 'D:/Source/GitHub/Spectral/Spectral/Saved/Collections/' took 0.01s
[2016.05.03-04.28.37:647][  0]LogFileCache: Scanning file cache for directory 'D:/Source/GitHub/Spectral/Spectral/Content/Developers/WillNations/Collections/' took 0.01s
[2016.05.03-04.28.37:647][  0]LogFileCache: Scanning file cache for directory 'D:/Source/GitHub/Spectral/Spectral/Content/Collections/' took 0.01s
[2016.05.03-04.28.37:647][  0]LogCollectionManager: Rebuilt the GUID cache for 0 collections in 0.000002 seconds
[2016.05.03-04.28.37:655][  0]LogContentBrowser: Native class hierarchy populated in 0.0083 seconds. Added 1897 classes and 342 folders.
[2016.05.03-04.28.37:664][  0]LogContentBrowser: Native class hierarchy updated for 'WidgetCarousel' in 0.0022 seconds. Added 0 classes and 0 folders.
[2016.05.03-04.28.37:711][  0]LogContentBrowser: Native class hierarchy updated for 'AddContentDialog' in 0.0027 seconds. Added 0 classes and 0 folders.
[2016.05.03-04.28.37:724][  0]LogContentBrowser: Native class hierarchy updated for 'SceneOutliner' in 0.0021 seconds. Added 1 classes and 2 folders.
[2016.05.03-04.28.37:767][  0]LogCrashTracker: Crashtracker disabled due to settings.
[2016.05.03-04.28.37:773][  0]LogUObjectGlobals:Warning: Failed to find object 'Class None.'
[2016.05.03-04.28.37:796][  0]LogLoad: Full Startup: 6.10 seconds (BP compile: 0.03 seconds)
[2016.05.03-04.28.37:809][  0]LogOcInput: Can't find Oculus library dev build: is proper Runtime installed? Version: 0.8.0.0
[2016.05.03-04.28.37:874][  0]SourceControl: Info On branch skill-system-interfaces
[2016.05.03-04.28.37:874][  0]SourceControl: Info Your branch is up-to-date with 'origin/skill-system-interfaces'.
[2016.05.03-04.28.37:874][  0]SourceControl: Info Changes not staged for commit:
[2016.05.03-04.28.37:874][  0]SourceControl: Info   (use "git add <file>..." to update what will be committed)
[2016.05.03-04.28.37:875][  0]SourceControl: Info   (use "git checkout -- <file>..." to discard changes in working directory)
[2016.05.03-04.28.37:875][  0]SourceControl: Info 	modified:   Spectral/Saved/Config/Windows/Engine.ini
[2016.05.03-04.28.37:875][  0]SourceControl: Info 	modified:   Spectral/Saved/Logs/Spectral.log
[2016.05.03-04.28.37:875][  0]SourceControl: Info Untracked files:
[2016.05.03-04.28.37:875][  0]SourceControl: Info   (use "git add <file>..." to include in what will be committed)
[2016.05.03-04.28.37:875][  0]SourceControl: Info 	Spectral/Saved/Logs/Spectral-backup-2016.05.02-23.28.32.log
[2016.05.03-04.28.37:875][  0]SourceControl: Info no changes added to commit (use "git add" and/or "git commit -a")
[2016.05.03-04.28.37:875][  0]LogContentStreaming: Texture pool size now 1000 MB
[2016.05.03-04.28.38:010][  0]LogRenderer: Reallocating scene render targets to support 1160x572 (Frame:2).
[2016.05.03-04.28.38:185][  2]LogAssetRegistry: Asset discovery search completed in 2.6275 seconds
[2016.05.03-04.28.38:185][  2]LogCollectionManager: Rebuilt the object cache for 0 collections in 0.000000 seconds (found 0 objects)
[2016.05.03-04.28.38:185][  2]LogCollectionManager: Fixed up redirectors for 0 collections in 0.000023 seconds (updated 0 objects)
[2016.05.03-04.33.28:889][878]Running C:/Program Files (x86)/Epic Games/4.10/Engine/Binaries/DotNET/UnrealBuildTool.exe Spectral Win64 Development -editorrecompile "D:/Source/GitHub/Spectral/Spectral/Spectral.uproject" -invalidatemakefilesonly -rocket -2015
[2016.05.03-04.33.29:191][878]Invalidating makefiles only in this run.
[2016.05.03-04.33.29:500][878]Recompiling Spectral...
[2016.05.03-04.33.29:500][878]Launching UnrealBuildTool... [C:/Program Files (x86)/Epic Games/4.10/Engine/Binaries/DotNET/UnrealBuildTool.exe Spectral -ModuleWithSuffix Spectral 9665 Win64 Development -editorrecompile -canskiplink "D:/Source/GitHub/Spectral/Spectral/Spectral.uproject" -rocket  -rocket -2015]
[2016.05.03-04.33.44:836][878]CompilerResultsLog: New page: Compilation - May 2, 2016, 6:33:44 PM
[2016.05.03-04.33.44:836][878]CompilerResultsLog: Info Creating makefile for hot reloading Spectral (no existing makefile)
[2016.05.03-04.33.44:836][878]CompilerResultsLog: Info Compiling game modules for hot reload
[2016.05.03-04.33.44:836][878]CompilerResultsLog: Info Parsing headers for SpectralEditor
[2016.05.03-04.33.44:836][878]CompilerResultsLog: Info   Running UnrealHeaderTool "D:/Source/GitHub/Spectral/Spectral/Spectral.uproject" "D:\Source\GitHub\Spectral\Spectral\Intermediate\Build\Win64\SpectralEditor\Development\UnrealHeaderTool.manifest" -LogCmds="loginit warning, logexit warning, logdatabase error" -rocket -installed
[2016.05.03-04.33.44:836][878]CompilerResultsLog: Info Reflection code generated for SpectralEditor in 6.5575861 seconds
[2016.05.03-04.33.44:836][878]CompilerResultsLog: Info Performing 3 actions (4 in parallel)
[2016.05.03-04.33.44:836][878]CompilerResultsLog: Info TimerIntf.cpp
[2016.05.03-04.33.44:836][878]CompilerResultsLog: Info Spectral.generated.cpp
[2016.05.03-04.33.44:836][878]CompilerResultsLog: Info [3/3] Link UE4Editor-Spectral-9665.dll
[2016.05.03-04.33.44:836][878]CompilerResultsLog: Info    Creating library D:\Source\GitHub\Spectral\Spectral\Intermediate/Build/Win64\UE4Editor\Development\UE4Editor-Spectral-9665.lib and object D:\Source\GitHub\Spectral\Spectral\Intermediate/Build/Win64\UE4Editor\Development\UE4Editor-Spectral-9665.exp
[2016.05.03-04.33.44:836][878]CompilerResultsLog: Info -------- End Detailed Actions Stats -----------------------------------------------------------
[2016.05.03-04.33.44:836][878]CompilerResultsLog: Info Total build time: 15.29 seconds
[2016.05.03-04.33.44:836][878]LogMainFrame: MainFrame: Module compiling took 15.339 seconds
[2016.05.03-04.33.44:893][878]LogClass: Could not find existing class TimerIntf in package /Script/Spectral for HotReload, assuming new class
[2016.05.03-04.33.44:897][878]LogContentBrowser: Native class hierarchy updated for 'Spectral' in 0.0028 seconds. Added 5 classes and 6 folders.
[2016.05.03-04.33.44:899][878]Warning: HotReload successful (34 functions remapped  0 scriptstructs remapped)
[2016.05.03-04.33.45:006][878]LogContentBrowser: Native class hierarchy populated in 0.0095 seconds. Added 1899 classes and 346 folders.
[2016.05.03-04.33.45:007][878]Warning: HotReload operation took 15.6s.
[2016.05.03-04.33.45:245][878]LogVSAccessor:Warning: Couldn't goto line number '0' in 'D:/Source/GitHub/Spectral/Spectral/Source/Spectral/TimerSystem/TimerFramework/TimerIntf.h'
[2016.05.03-04.33.45:415][878]LogVSAccessor:Warning: Couldn't goto line number '0' in 'D:/Source/GitHub/Spectral/Spectral/Source/Spectral/TimerSystem/TimerFramework/TimerIntf.cpp'
[2016.05.03-04.33.45:445][878]LogHotReload: New module detected: UE4Editor-Spectral-9665.dll
[2016.05.03-04.33.45:515][879]LogHotReload: Starting Hot-Reload from IDE
[2016.05.03-04.33.45:797][879]LogContentBrowser: Native class hierarchy updated for 'Spectral' in 0.0030 seconds. Added 5 classes and 6 folders.
[2016.05.03-04.33.45:799][879]Warning: HotReload successful (0 functions remapped  0 scriptstructs remapped)
[2016.05.03-04.33.45:813][879]LogContentBrowser: Native class hierarchy populated in 0.0104 seconds. Added 1899 classes and 346 folders.
[2016.05.03-04.35.02:210][127]LogHotReload: New module detected: UE4Editor-Spectral-4540.dll
[2016.05.03-04.35.02:554][129]LogHotReload: Starting Hot-Reload from IDE
[2016.05.03-04.35.02:655][129]Error: Property size mismatch. Will not update class TimerIntf (was 944, new 56).
[2016.05.03-04.35.02:655][129]LogUObjectBase:Warning: -------------- Default Property warnings and errors:
[2016.05.03-04.35.02:655][129]LogUObjectBase:Warning: Error: Property size mismatch. Will not update class TimerIntf (was 944, new 56).
[2016.05.03-04.38.48:248][129]LogContentBrowser: Native class hierarchy updated for 'Spectral' in 0.0029 seconds. Added 5 classes and 6 folders.
[2016.05.03-04.38.48:251][129]Warning: HotReload successful (34 functions remapped  0 scriptstructs remapped)
[2016.05.03-04.38.48:355][129]LogContentBrowser: Native class hierarchy populated in 0.0110 seconds. Added 1899 classes and 346 folders.
[2016.05.03-04.38.50:011][163]Recompiling Spectral...
[2016.05.03-04.38.50:012][163]Launching UnrealBuildTool... [C:/Program Files (x86)/Epic Games/4.10/Engine/Binaries/DotNET/UnrealBuildTool.exe Spectral -ModuleWithSuffix Spectral 5053 Win64 Development -editorrecompile -canskiplink "D:/Source/GitHub/Spectral/Spectral/Spectral.uproject" -rocket  -rocket -2015]
[2016.05.03-04.38.50:013][163]Warning: Starting HotReload took  0.1s.
[2016.05.03-04.39.00:712][419]CompilerResultsLog: New page: Compilation - May 2, 2016, 6:39:00 PM
[2016.05.03-04.39.00:712][419]CompilerResultsLog: Info Creating makefile for hot reloading Spectral (modules to compile have changed)
[2016.05.03-04.39.00:712][419]CompilerResultsLog: Info Compiling game modules for hot reload
[2016.05.03-04.39.00:712][419]CompilerResultsLog: Info Parsing headers for SpectralEditor
[2016.05.03-04.39.00:712][419]CompilerResultsLog: Info   Running UnrealHeaderTool "D:/Source/GitHub/Spectral/Spectral/Spectral.uproject" "D:\Source\GitHub\Spectral\Spectral\Intermediate\Build\Win64\SpectralEditor\Development\UnrealHeaderTool.manifest" -LogCmds="loginit warning, logexit warning, logdatabase error" -rocket -installed
[2016.05.03-04.39.00:712][419]CompilerResultsLog: Info LogWindows:Error: Windows GetLastError: The operation completed successfully. (0)
[2016.05.03-04.39.00:712][419]CompilerResultsLog: Info LogWindows:Error: === Critical error: ===
[2016.05.03-04.39.00:712][419]CompilerResultsLog: Info Assertion failed: InterfaceGeneratedBodyLine > 0 [File:d:\buildfarm\buildmachine_++depot+ue4-releases+4.10\engine\source\programs\unrealheadertool\private\ParserHelper.h] [Line: 1411]
[2016.05.03-04.39.00:712][419]CompilerResultsLog:Error: Error Error: Failed to generate code for SpectralEditor - error code: CrashOrAssert (3) 
[2016.05.03-04.39.00:712][419]CompilerResultsLog: Info UnrealHeaderTool failed for target 'SpectralEditor' (platform: Win64, module info: D:\Source\GitHub\Spectral\Spectral\Intermediate\Build\Win64\SpectralEditor\Development\UnrealHeaderTool.manifest).
[2016.05.03-04.39.00:712][419]LogMainFrame: MainFrame: Module compiling took 10.739 seconds
[2016.05.03-04.39.00:712][419]Warning: HotReload failed, recompile failed
[2016.05.03-04.44.47:453][187]Recompiling Spectral...
[2016.05.03-04.44.47:454][187]Launching UnrealBuildTool... [C:/Program Files (x86)/Epic Games/4.10/Engine/Binaries/DotNET/UnrealBuildTool.exe Spectral -ModuleWithSuffix Spectral 898 Win64 Development -editorrecompile -canskiplink "D:/Source/GitHub/Spectral/Spectral/Spectral.uproject" -rocket  -rocket -2015]
[2016.05.03-04.44.47:456][187]Warning: Starting HotReload took  0.0s.
[2016.05.03-04.45.03:598][588]CompilerResultsLog: New page: Compilation - May 2, 2016, 6:45:03 PM
[2016.05.03-04.45.03:599][588]CompilerResultsLog: Info Creating makefile for hot reloading Spectral (modules to compile have changed)
[2016.05.03-04.45.03:599][588]CompilerResultsLog: Info Compiling game modules for hot reload
[2016.05.03-04.45.03:599][588]CompilerResultsLog: Info Parsing headers for SpectralEditor
[2016.05.03-04.45.03:599][588]CompilerResultsLog: Info   Running UnrealHeaderTool "D:/Source/GitHub/Spectral/Spectral/Spectral.uproject" "D:\Source\GitHub\Spectral\Spectral\Intermediate\Build\Win64\SpectralEditor\Development\UnrealHeaderTool.manifest" -LogCmds="loginit warning, logexit warning, logdatabase error" -rocket -installed
[2016.05.03-04.45.03:599][588]CompilerResultsLog: Info Reflection code generated for SpectralEditor in 7.0174684 seconds
[2016.05.03-04.45.03:599][588]CompilerResultsLog: Info Performing 3 actions (4 in parallel)
[2016.05.03-04.45.03:599][588]CompilerResultsLog: Info Spectral.generated.cpp
[2016.05.03-04.45.03:599][588]CompilerResultsLog: Info TimerIntf.cpp
[2016.05.03-04.45.03:599][588]CompilerResultsLog: Info [3/3] Link UE4Editor-Spectral-898.dll
[2016.05.03-04.45.03:599][588]CompilerResultsLog: Info    Creating library D:\Source\GitHub\Spectral\Spectral\Intermediate/Build/Win64\UE4Editor\Development\UE4Editor-Spectral-898.lib and object D:\Source\GitHub\Spectral\Spectral\Intermediate/Build/Win64\UE4Editor\Development\UE4Editor-Spectral-898.exp
[2016.05.03-04.45.03:599][588]CompilerResultsLog: Info -------- End Detailed Actions Stats -----------------------------------------------------------
[2016.05.03-04.45.03:599][588]CompilerResultsLog: Info Total build time: 16.07 seconds
[2016.05.03-04.45.03:599][588]LogMainFrame: MainFrame: Module compiling took 16.170 seconds
[2016.05.03-04.45.03:668][588]Error: Property size mismatch. Will not update class TimerIntf (was 944, new 56).
[2016.05.03-04.45.03:675][588]LogContentBrowser: Native class hierarchy updated for 'Spectral' in 0.0034 seconds. Added 5 classes and 6 folders.
[2016.05.03-04.45.03:675][588]Warning: Some classes could not be reloaded:
Error: Property size mismatch. Will not update class TimerIntf (was 944, new 56).

[2016.05.03-04.45.03:676][588]Warning: HotReload successful (34 functions remapped  0 scriptstructs remapped)
[2016.05.03-04.45.03:777][588]LogContentBrowser: Native class hierarchy populated in 0.0104 seconds. Added 1899 classes and 346 folders.
[2016.05.03-04.45.25:806][935]Running C:/Program Files (x86)/Epic Games/4.10/Engine/Binaries/DotNET/UnrealBuildTool.exe Spectral Win64 Development -editorrecompile "D:/Source/GitHub/Spectral/Spectral/Spectral.uproject" -invalidatemakefilesonly -rocket -2015
[2016.05.03-04.45.26:109][935]Invalidating makefiles only in this run.
[2016.05.03-04.45.26:373][935]Recompiling Spectral...
[2016.05.03-04.45.26:373][935]Launching UnrealBuildTool... [C:/Program Files (x86)/Epic Games/4.10/Engine/Binaries/DotNET/UnrealBuildTool.exe Spectral -ModuleWithSuffix Spectral 2243 Win64 Development -editorrecompile -canskiplink "D:/Source/GitHub/Spectral/Spectral/Spectral.uproject" -rocket  -rocket -2015]
[2016.05.03-04.45.41:173][935]CompilerResultsLog: New page: Compilation - May 2, 2016, 6:45:41 PM
[2016.05.03-04.45.41:173][935]CompilerResultsLog: Info Creating makefile for hot reloading Spectral (no existing makefile)
[2016.05.03-04.45.41:173][935]CompilerResultsLog: Info Compiling game modules for hot reload
[2016.05.03-04.45.41:173][935]CompilerResultsLog: Info Parsing headers for SpectralEditor
[2016.05.03-04.45.41:173][935]CompilerResultsLog: Info   Running UnrealHeaderTool "D:/Source/GitHub/Spectral/Spectral/Spectral.uproject" "D:\Source\GitHub\Spectral\Spectral\Intermediate\Build\Win64\SpectralEditor\Development\UnrealHeaderTool.manifest" -LogCmds="loginit warning, logexit warning, logdatabase error" -rocket -installed
[2016.05.03-04.45.41:173][935]CompilerResultsLog: Info Reflection code generated for SpectralEditor in 6.5841686 seconds
[2016.05.03-04.45.41:173][935]CompilerResultsLog: Info Performing 3 actions (4 in parallel)
[2016.05.03-04.45.41:173][935]CompilerResultsLog: Info Spectral.generated.cpp
[2016.05.03-04.45.41:173][935]CompilerResultsLog: Info DiscreteTimerIntf.cpp
[2016.05.03-04.45.41:173][935]CompilerResultsLog: Info [3/3] Link UE4Editor-Spectral-2243.dll
[2016.05.03-04.45.41:173][935]CompilerResultsLog: Info    Creating library D:\Source\GitHub\Spectral\Spectral\Intermediate/Build/Win64\UE4Editor\Development\UE4Editor-Spectral-2243.lib and object D:\Source\GitHub\Spectral\Spectral\Intermediate/Build/Win64\UE4Editor\Development\UE4Editor-Spectral-2243.exp
[2016.05.03-04.45.41:173][935]CompilerResultsLog: Info -------- End Detailed Actions Stats -----------------------------------------------------------
[2016.05.03-04.45.41:173][935]CompilerResultsLog: Info Total build time: 14.75 seconds
[2016.05.03-04.45.41:173][935]LogMainFrame: MainFrame: Module compiling took 14.805 seconds
[2016.05.03-04.45.41:201][935]LogClass: Could not find existing class DiscreteTimerIntf in package /Script/Spectral for HotReload, assuming new class
[2016.05.03-04.45.41:217][935]Error: Property size mismatch. Will not update class TimerIntf (was 944, new 56).
[2016.05.03-04.45.41:217][935]LogUObjectBase:Warning: -------------- Default Property warnings and errors:
[2016.05.03-04.45.41:217][935]LogUObjectBase:Warning: Error: Property size mismatch. Will not update class TimerIntf (was 944, new 56).
[2016.05.03-04.45.43:246][935]LogContentBrowser: Native class hierarchy updated for 'Spectral' in 0.0033 seconds. Added 6 classes and 6 folders.
[2016.05.03-04.45.43:248][935]Warning: HotReload successful (34 functions remapped  0 scriptstructs remapped)
[2016.05.03-04.45.43:352][935]LogContentBrowser: Native class hierarchy populated in 0.0095 seconds. Added 1900 classes and 346 folders.
[2016.05.03-04.45.43:353][935]Warning: HotReload operation took 17.0s.
[2016.05.03-04.45.43:565][935]LogVSAccessor:Warning: Couldn't goto line number '0' in 'D:/Source/GitHub/Spectral/Spectral/Source/Spectral/TimerSystem/TimerFramework/DiscreteTimerIntf.h'
[2016.05.03-04.45.43:676][935]LogVSAccessor:Warning: Couldn't goto line number '0' in 'D:/Source/GitHub/Spectral/Spectral/Source/Spectral/TimerSystem/TimerFramework/DiscreteTimerIntf.cpp'
[2016.05.03-04.45.43:943][938]LogHotReload: New module detected: UE4Editor-Spectral-2243.dll
[2016.05.03-04.45.43:969][939]LogHotReload: Starting Hot-Reload from IDE
[2016.05.03-04.45.44:223][939]LogContentBrowser: Native class hierarchy updated for 'Spectral' in 0.0046 seconds. Added 6 classes and 6 folders.
[2016.05.03-04.45.44:225][939]Warning: HotReload successful (0 functions remapped  0 scriptstructs remapped)
[2016.05.03-04.45.44:238][939]LogContentBrowser: Native class hierarchy populated in 0.0111 seconds. Added 1900 classes and 346 folders.
[2016.05.03-04.46.48:717][198]Recompiling Spectral...
[2016.05.03-04.46.48:717][198]Launching UnrealBuildTool... [C:/Program Files (x86)/Epic Games/4.10/Engine/Binaries/DotNET/UnrealBuildTool.exe Spectral -ModuleWithSuffix Spectral 1525 Win64 Development -editorrecompile -canskiplink "D:/Source/GitHub/Spectral/Spectral/Spectral.uproject" -rocket  -rocket -2015]
[2016.05.03-04.46.48:719][198]Warning: Starting HotReload took  0.0s.
[2016.05.03-04.46.59:145][467]CompilerResultsLog: New page: Compilation - May 2, 2016, 6:46:59 PM
[2016.05.03-04.46.59:145][467]CompilerResultsLog: Info Compiling game modules for hot reload
[2016.05.03-04.46.59:145][467]CompilerResultsLog: Info Parsing headers for SpectralEditor
[2016.05.03-04.46.59:145][467]CompilerResultsLog: Info   Running UnrealHeaderTool "D:/Source/GitHub/Spectral/Spectral/Spectral.uproject" "D:\Source\GitHub\Spectral\Spectral\Intermediate\Build\Win64\SpectralEditor\Development\UnrealHeaderTool.manifest" -LogCmds="loginit warning, logexit warning, logdatabase error" -rocket -installed
[2016.05.03-04.46.59:145][467]CompilerResultsLog: Info Reflection code generated for SpectralEditor in 7.0194931 seconds
[2016.05.03-04.46.59:146][467]CompilerResultsLog: Info Performing 3 actions (4 in parallel)
[2016.05.03-04.46.59:146][467]CompilerResultsLog: Info Spectral.generated.cpp
[2016.05.03-04.46.59:146][467]CompilerResultsLog: Info DiscreteTimerIntf.cpp
[2016.05.03-04.46.59:146][467]CompilerResultsLog:Error: Error d:\source\github\spectral\spectral\source\spectral\timersystem\timerframework\DiscreteTimerIntf.h(12) : error C2504: 'UTimerIntf': base class undefined
[2016.05.03-04.46.59:146][467]CompilerResultsLog:Error: Error d:\source\github\spectral\spectral\source\spectral\timersystem\timerframework\DiscreteTimerIntf.h(13) : error C3646: 'Super': unknown override specifier
[2016.05.03-04.46.59:146][467]CompilerResultsLog:Error: Error d:\source\github\spectral\spectral\source\spectral\timersystem\timerframework\DiscreteTimerIntf.h(13) : error C4430: missing type specifier - int assumed. Note: C++ does not support default-int
[2016.05.03-04.46.59:146][467]CompilerResultsLog:Error: Error d:\source\github\spectral\spectral\source\spectral\timersystem\timerframework\DiscreteTimerIntf.h(13) : error C2440: 'return': cannot convert from 'UDiscreteTimerIntf *' to 'UObject *'
[2016.05.03-04.46.59:146][467]CompilerResultsLog:Error: Error d:\source\github\spectral\spectral\source\spectral\timersystem\timerframework\DiscreteTimerIntf.h(13) : note: Types pointed to are unrelated; conversion requires reinterpret_cast, C-style cast or function-style cast
[2016.05.03-04.46.59:146][467]CompilerResultsLog:Error: Error D:\Source\GitHub\Spectral\Spectral\Source\Spectral\TimerSystem\TimerFramework\DiscreteTimerIntf.cpp(7) : error C2614: 'UDiscreteTimerIntf': illegal member initialization: 'Super' is not a base or member
[2016.05.03-04.46.59:146][467]CompilerResultsLog: Info -------- End Detailed Actions Stats -----------------------------------------------------------
[2016.05.03-04.46.59:146][467]CompilerResultsLog: Info ERROR: UBT ERROR: Failed to produce item: D:\Source\GitHub\Spectral\Spectral\Binaries\Win64\UE4Editor-Spectral-1525.dll
[2016.05.03-04.46.59:146][467]CompilerResultsLog: Info Total build time: 10.34 seconds
[2016.05.03-04.46.59:146][467]LogMainFrame: MainFrame: Module compiling took 10.456 seconds
[2016.05.03-04.46.59:146][467]Warning: HotReload failed, recompile failed
[2016.05.03-04.51.35:945][969]Recompiling Spectral...
[2016.05.03-04.51.35:945][969]Launching UnrealBuildTool... [C:/Program Files (x86)/Epic Games/4.10/Engine/Binaries/DotNET/UnrealBuildTool.exe Spectral -ModuleWithSuffix Spectral 2404 Win64 Development -editorrecompile -canskiplink "D:/Source/GitHub/Spectral/Spectral/Spectral.uproject" -rocket  -rocket -2015]
[2016.05.03-04.51.35:947][969]Warning: Starting HotReload took  0.0s.
[2016.05.03-04.51.42:812][143]CompilerResultsLog: New page: Compilation - May 2, 2016, 6:51:42 PM
[2016.05.03-04.51.42:812][143]CompilerResultsLog: Info Compiling game modules for hot reload
[2016.05.03-04.51.42:812][143]CompilerResultsLog: Info Parsing headers for SpectralEditor
[2016.05.03-04.51.42:812][143]CompilerResultsLog: Info   Running UnrealHeaderTool "D:/Source/GitHub/Spectral/Spectral/Spectral.uproject" "D:\Source\GitHub\Spectral\Spectral\Intermediate\Build\Win64\SpectralEditor\Development\UnrealHeaderTool.manifest" -LogCmds="loginit warning, logexit warning, logdatabase error" -rocket -installed
[2016.05.03-04.51.42:812][143]CompilerResultsLog:Error: Error D:/Source/GitHub/Spectral/Spectral/Source/Spectral/TimerSystem/TimerFramework/DiscreteTimerIntf.h(16)  : /Script/Spectral.DiscreteTimerIntf's superclass must be /Script/CoreUObject.Interface, not /Script/Spectral.TimerIntf
[2016.05.03-04.51.42:812][143]CompilerResultsLog:Error: Error Error: Failed to generate code for SpectralEditor - error code: OtherCompilationError (5) 
[2016.05.03-04.51.42:812][143]CompilerResultsLog: Info UnrealHeaderTool failed for target 'SpectralEditor' (platform: Win64, module info: D:\Source\GitHub\Spectral\Spectral\Intermediate\Build\Win64\SpectralEditor\Development\UnrealHeaderTool.manifest).
[2016.05.03-04.51.42:812][143]LogMainFrame: MainFrame: Module compiling took 6.888 seconds
[2016.05.03-04.51.42:812][143]Warning: HotReload failed, recompile failed
[2016.05.03-04.52.24:644][607]Recompiling Spectral...
[2016.05.03-04.52.24:644][607]Launching UnrealBuildTool... [C:/Program Files (x86)/Epic Games/4.10/Engine/Binaries/DotNET/UnrealBuildTool.exe Spectral -ModuleWithSuffix Spectral 1813 Win64 Development -editorrecompile -canskiplink "D:/Source/GitHub/Spectral/Spectral/Spectral.uproject" -rocket  -rocket -2015]
[2016.05.03-04.52.24:646][607]Warning: Starting HotReload took  0.0s.
[2016.05.03-04.52.31:390][728]CompilerResultsLog: New page: Compilation - May 2, 2016, 6:52:31 PM
[2016.05.03-04.52.31:390][728]CompilerResultsLog: Info Compiling game modules for hot reload
[2016.05.03-04.52.31:390][728]CompilerResultsLog: Info Parsing headers for SpectralEditor
[2016.05.03-04.52.31:390][728]CompilerResultsLog: Info   Running UnrealHeaderTool "D:/Source/GitHub/Spectral/Spectral/Spectral.uproject" "D:\Source\GitHub\Spectral\Spectral\Intermediate\Build\Win64\SpectralEditor\Development\UnrealHeaderTool.manifest" -LogCmds="loginit warning, logexit warning, logdatabase error" -rocket -installed
[2016.05.03-04.52.31:390][728]CompilerResultsLog:Error: Error D:/Source/GitHub/Spectral/Spectral/Source/Spectral/TimerSystem/TimerFramework/DiscreteTimerIntf.h(17)  : /Script/Spectral.DiscreteTimerIntf's superclass must be /Script/CoreUObject.Interface, not /Script/Spectral.TimerIntf
[2016.05.03-04.52.31:391][728]CompilerResultsLog:Error: Error Error: Failed to generate code for SpectralEditor - error code: OtherCompilationError (5) 
[2016.05.03-04.52.31:391][728]CompilerResultsLog: Info UnrealHeaderTool failed for target 'SpectralEditor' (platform: Win64, module info: D:\Source\GitHub\Spectral\Spectral\Intermediate\Build\Win64\SpectralEditor\Development\UnrealHeaderTool.manifest).
[2016.05.03-04.52.31:391][728]LogMainFrame: MainFrame: Module compiling took 6.768 seconds
[2016.05.03-04.52.31:391][728]Warning: HotReload failed, recompile failed
[2016.05.03-04.52.47:638][839]Recompiling Spectral...
[2016.05.03-04.52.47:639][839]Launching UnrealBuildTool... [C:/Program Files (x86)/Epic Games/4.10/Engine/Binaries/DotNET/UnrealBuildTool.exe Spectral -ModuleWithSuffix Spectral 2103 Win64 Development -editorrecompile -canskiplink "D:/Source/GitHub/Spectral/Spectral/Spectral.uproject" -rocket  -rocket -2015]
[2016.05.03-04.52.47:640][839]Warning: Starting HotReload took  0.1s.
[2016.05.03-04.52.58:543][  8]CompilerResultsLog: New page: Compilation - May 2, 2016, 6:52:58 PM
[2016.05.03-04.52.58:543][  8]CompilerResultsLog: Info Compiling game modules for hot reload
[2016.05.03-04.52.58:543][  8]CompilerResultsLog: Info Parsing headers for SpectralEditor
[2016.05.03-04.52.58:543][  8]CompilerResultsLog: Info   Running UnrealHeaderTool "D:/Source/GitHub/Spectral/Spectral/Spectral.uproject" "D:\Source\GitHub\Spectral\Spectral\Intermediate\Build\Win64\SpectralEditor\Development\UnrealHeaderTool.manifest" -LogCmds="loginit warning, logexit warning, logdatabase error" -rocket -installed
[2016.05.03-04.52.58:543][  8]CompilerResultsLog: Info Reflection code generated for SpectralEditor in 7.1246012 seconds
[2016.05.03-04.52.58:543][  8]CompilerResultsLog: Info Performing 3 actions (4 in parallel)
[2016.05.03-04.52.58:543][  8]CompilerResultsLog: Info Spectral.generated.cpp
[2016.05.03-04.52.58:543][  8]CompilerResultsLog: Info DiscreteTimerIntf.cpp
[2016.05.03-04.52.58:543][  8]CompilerResultsLog: Info [3/3] Link UE4Editor-Spectral-2103.dll
[2016.05.03-04.52.58:543][  8]CompilerResultsLog: Info    Creating library D:\Source\GitHub\Spectral\Spectral\Intermediate/Build/Win64\UE4Editor\Development\UE4Editor-Spectral-2103.lib and object D:\Source\GitHub\Spectral\Spectral\Intermediate/Build/Win64\UE4Editor\Development\UE4Editor-Spectral-2103.exp
[2016.05.03-04.52.58:543][  8]CompilerResultsLog: Info -------- End Detailed Actions Stats -----------------------------------------------------------
[2016.05.03-04.52.58:544][  8]CompilerResultsLog: Info Total build time: 10.79 seconds
[2016.05.03-04.52.58:544][  8]LogMainFrame: MainFrame: Module compiling took 10.945 seconds
[2016.05.03-04.52.58:618][  8]Error: Property size mismatch. Will not update class TimerIntf (was 944, new 56).
[2016.05.03-04.52.58:618][  8]Error: Property size mismatch. Will not update class DiscreteTimerIntf (was 944, new 56).
[2016.05.03-04.52.58:618][  8]LogUObjectBase:Warning: -------------- Default Property warnings and errors:
[2016.05.03-04.52.58:618][  8]LogUObjectBase:Warning: Error: Property size mismatch. Will not update class TimerIntf (was 944, new 56).
[2016.05.03-04.52.58:618][  8]LogUObjectBase:Warning: Error: Property size mismatch. Will not update class DiscreteTimerIntf (was 944, new 56).
[2016.05.03-04.53.01:468][  8]LogContentBrowser: Native class hierarchy updated for 'Spectral' in 0.0031 seconds. Added 6 classes and 6 folders.
[2016.05.03-04.53.01:470][  8]Warning: HotReload successful (34 functions remapped  0 scriptstructs remapped)
[2016.05.03-04.53.01:577][  8]LogContentBrowser: Native class hierarchy populated in 0.0102 seconds. Added 1900 classes and 346 folders.
[2016.05.03-04.57.14:334][863]Recompiling Spectral...
[2016.05.03-04.57.14:335][863]Launching UnrealBuildTool... [C:/Program Files (x86)/Epic Games/4.10/Engine/Binaries/DotNET/UnrealBuildTool.exe Spectral -ModuleWithSuffix Spectral 8101 Win64 Development -editorrecompile -canskiplink "D:/Source/GitHub/Spectral/Spectral/Spectral.uproject" -rocket  -rocket -2015]
[2016.05.03-04.57.14:337][863]Warning: Starting HotReload took  0.0s.
[2016.05.03-04.57.24:890][ 50]CompilerResultsLog: New page: Compilation - May 2, 2016, 6:57:24 PM
[2016.05.03-04.57.24:890][ 50]CompilerResultsLog: Info Compiling game modules for hot reload
[2016.05.03-04.57.24:890][ 50]CompilerResultsLog: Info Parsing headers for SpectralEditor
[2016.05.03-04.57.24:891][ 50]CompilerResultsLog: Info   Running UnrealHeaderTool "D:/Source/GitHub/Spectral/Spectral/Spectral.uproject" "D:\Source\GitHub\Spectral\Spectral\Intermediate\Build\Win64\SpectralEditor\Development\UnrealHeaderTool.manifest" -LogCmds="loginit warning, logexit warning, logdatabase error" -rocket -installed
[2016.05.03-04.57.24:891][ 50]CompilerResultsLog: Info Reflection code generated for SpectralEditor in 6.9010287 seconds
[2016.05.03-04.57.24:891][ 50]CompilerResultsLog: Info Performing 3 actions (4 in parallel)
[2016.05.03-04.57.24:891][ 50]CompilerResultsLog: Info Spectral.generated.cpp
[2016.05.03-04.57.24:891][ 50]CompilerResultsLog: Info DiscreteTimerIntf.cpp
[2016.05.03-04.57.24:891][ 50]CompilerResultsLog: Info [3/3] Link UE4Editor-Spectral-8101.dll
[2016.05.03-04.57.24:891][ 50]CompilerResultsLog: Info    Creating library D:\Source\GitHub\Spectral\Spectral\Intermediate/Build/Win64\UE4Editor\Development\UE4Editor-Spectral-8101.lib and object D:\Source\GitHub\Spectral\Spectral\Intermediate/Build/Win64\UE4Editor\Development\UE4Editor-Spectral-8101.exp
[2016.05.03-04.57.24:891][ 50]CompilerResultsLog: Info -------- End Detailed Actions Stats -----------------------------------------------------------
[2016.05.03-04.57.24:891][ 50]CompilerResultsLog: Info Total build time: 10.48 seconds
[2016.05.03-04.57.24:891][ 50]LogMainFrame: MainFrame: Module compiling took 10.578 seconds
[2016.05.03-04.57.24:965][ 50]Error: Property size mismatch. Will not update class TimerIntf (was 944, new 56).
[2016.05.03-04.57.24:965][ 50]LogClass: Could not find existing class DiscreteTimerIntf in package /Script/Spectral for HotReload, assuming new class
[2016.05.03-04.57.24:965][ 50]LogClass: Function GetTime is new.
[2016.05.03-04.57.24:966][ 50]LogUObjectBase:Warning: -------------- Default Property warnings and errors:
[2016.05.03-04.57.24:966][ 50]LogUObjectBase:Warning: Error: Property size mismatch. Will not update class TimerIntf (was 944, new 56).
[2016.05.03-04.57.27:398][ 50]LogCrashTracker: 


[2016.05.03-04.57.27:400][ 50]LogCrashTracker: 


[2016.05.03-04.57.27:400][ 50]LogWindows:Error: === Critical error: ===
Fatal error!



[2016.05.03-04.57.27:476][ 50]LogExit: Executing StaticShutdownAfterError
[2016.05.03-04.57.27:490][ 50]LogPhysics:Warning: PHYSX: ..\..\PhysX\src\NpScene.cpp (2946) 8 : PxScene::unlockWrite() called without matching call to PxScene::lockWrite(), behaviour will be undefined.
[2016.05.03-04.57.27:492][ 50]LogPhysics:Warning: PHYSX: ..\..\PhysX\src\NpScene.cpp (2946) 8 : PxScene::unlockWrite() called without matching call to PxScene::lockWrite(), behaviour will be undefined.
[2016.05.03-04.57.27:493][ 50]LogWindows: FPlatformMisc::RequestExit(1)
[2016.05.03-04.57.27:493][ 50]Log file closed, 05/02/16 23:57:27
