[2016.04.24-05.04.35:588][  0]Log file open, 04/24/16 00:04:35
[2016.04.24-05.04.35:588][  0]LogInit:Display: Running engine for game: Spectral
[2016.04.24-05.04.35:588][  0]LogPlatformFile: Not using cached read wrapper
[2016.04.24-05.04.35:588][  0]LogInit:Display: RandInit(481506262) SRandInit(481506263).
[2016.04.24-05.04.35:588][  0]LogTaskGraph: Started task graph with 4 named threads and 7 total threads.
[2016.04.24-05.04.35:588][  0]LogStats: Stats thread started at 0.076730
[2016.04.24-05.04.35:588][  0]LogInit: Version: 4.10.4-2872498+++depot+UE4-Releases+4.10
[2016.04.24-05.04.35:588][  0]LogInit: API Version: 2758231
[2016.04.24-05.04.35:588][  0]LogInit: Compiled (64-bit): Feb 18 2016 15:47:04
[2016.04.24-05.04.35:588][  0]LogInit: Compiled with Visual C++: 19.00.23026.00
[2016.04.24-05.04.35:588][  0]LogInit: Build Configuration: Development
[2016.04.24-05.04.35:588][  0]LogInit: Branch Name: ++depot+UE4-Releases+4.10
[2016.04.24-05.04.35:588][  0]LogInit: Command line:  
[2016.04.24-05.04.35:588][  0]LogInit: Base directory: C:/Program Files (x86)/Epic Games/4.10/Engine/Binaries/Win64/
[2016.04.24-05.04.35:588][  0]LogInit: Rocket: 1
[2016.04.24-05.04.35:594][  0]LogInit: Using libcurl 7.41.0
[2016.04.24-05.04.35:594][  0]LogInit:  - built for x86_64-pc-win32
[2016.04.24-05.04.35:594][  0]LogInit:  - supports SSL with WinSSL
[2016.04.24-05.04.35:594][  0]LogInit:  - other features:
[2016.04.24-05.04.35:594][  0]LogInit:      CURL_VERSION_SSL
[2016.04.24-05.04.35:594][  0]LogInit:      CURL_VERSION_IPV6
[2016.04.24-05.04.35:595][  0]LogInit:      CURL_VERSION_ASYNCHDNS
[2016.04.24-05.04.35:595][  0]LogInit:      CURL_VERSION_LARGEFILE
[2016.04.24-05.04.35:595][  0]LogInit:      CURL_VERSION_IDN
[2016.04.24-05.04.35:595][  0]LogInit:  CurlRequestOptions (configurable via config and command line):
[2016.04.24-05.04.35:595][  0]LogInit:  - bVerifyPeer = true  - Libcurl will verify peer certificate
[2016.04.24-05.04.35:595][  0]LogInit:  - bUseHttpProxy = false  - Libcurl will NOT use HTTP proxy
[2016.04.24-05.04.35:595][  0]LogInit:  - bDontReuseConnections = false  - Libcurl will reuse connections
[2016.04.24-05.04.35:595][  0]LogInit:  - CertBundlePath = nullptr  - Libcurl will use whatever was configured at build time.
[2016.04.24-05.04.35:602][  0]LogInit: Presizing for 0 objects not considered by GC, pre-allocating 0 bytes.
[2016.04.24-05.04.35:608][  0]LogInit: Object subsystem initialized
[2016.04.24-05.04.35:609][  0]LogInit: Selected Device Profile: [Windows]
[2016.04.24-05.04.35:609][  0]LogInit: Applying CVar settings loaded from the selected device profile: [Windows]
[2016.04.24-05.04.35:616][  0]LogInit: Computer: MSI
[2016.04.24-05.04.35:616][  0]LogInit: User: WillNations
[2016.04.24-05.04.35:616][  0]LogInit: CPU Page size=4096, Cores=4
[2016.04.24-05.04.35:616][  0]LogInit: High frequency timer resolution =2.531252 MHz
[2016.04.24-05.04.35:616][  0]LogMemory: Memory total: Physical=15.9GB (16GB approx)
[2016.04.24-05.04.35:616][  0]LogMemory: Platform Memory Stats for Windows
[2016.04.24-05.04.35:616][  0]LogMemory: Process Physical Memory: 56.54 MB used, 56.54 MB peak
[2016.04.24-05.04.35:616][  0]LogMemory: Process Virtual Memory: 56.88 MB used, 56.88 MB peak
[2016.04.24-05.04.35:616][  0]LogMemory: Physical Memory: 5022.01 MB used, 16296.30 MB total
[2016.04.24-05.04.35:616][  0]LogMemory: Virtual Memory: 382.86 MB used, 134217728.00 MB total
[2016.04.24-05.04.35:948][  0]LogTextLocalizationManager: No specific translations for ('en-US') exist, so ('en') translations will be used.
[2016.04.24-05.04.36:351][  0]LogD3D11RHI: Found D3D11 adapter 0: NVIDIA GeForce GTX 970M              (Feature Level 11_0)
[2016.04.24-05.04.36:351][  0]LogD3D11RHI: Adapter has 2991MB of dedicated video memory, 0MB of dedicated system memory, and 8148MB of shared system memory, 1 output[s]
[2016.04.24-05.04.36:357][  0]LogD3D11RHI: Found D3D11 adapter 1: Intel(R) HD Graphics 530 (Feature Level 11_0)
[2016.04.24-05.04.36:357][  0]LogD3D11RHI: Adapter has 128MB of dedicated video memory, 0MB of dedicated system memory, and 8148MB of shared system memory, 0 output[s]
[2016.04.24-05.04.36:359][  0]LogD3D11RHI: Found D3D11 adapter 2: Microsoft Basic Render Driver (Feature Level 11_0)
[2016.04.24-05.04.36:359][  0]LogD3D11RHI: Adapter has 0MB of dedicated video memory, 0MB of dedicated system memory, and 8148MB of shared system memory, 0 output[s]
[2016.04.24-05.04.36:359][  0]LogD3D11RHI: Chosen D3D11 Adapter Id = 0
[2016.04.24-05.04.36:365][  0]LogD3D11RHI: !Direct3DDevice
[2016.04.24-05.04.36:365][  0]LogRHI: Texture pool is 1361 MB (70% of 1945 MB)
[2016.04.24-05.04.36:381][  0]LogD3D11RHI: Async texture creation enabled
[2016.04.24-05.04.36:391][  0]LogShaderCompilers: Guid format shader working directory is 14 characters bigger than the processId version (D:/Source/GitHub/Spectral/Spectral/Intermediate/Shaders/WorkingDirectory/15752/).
[2016.04.24-05.04.36:391][  0]LogShaderCompilers: Cleaned the shader compiler working directory 'C:/Users/WILLNA~1/AppData/Local/Temp/UnrealShaderWorkingDir/B1E9B7664C4E3A5078E7DBA3FE108211/'.
[2016.04.24-05.04.36:391][  0]LogShaderCompilers:Display: Using Local Shader Compiler.
[2016.04.24-05.04.37:081][  0]LogTemp:Display: Loaded TP AllDesktopTargetPlatform
[2016.04.24-05.04.37:086][  0]LogTemp:Display: Loaded TP WindowsClientTargetPlatform
[2016.04.24-05.04.37:091][  0]LogTemp:Display: Loaded TP WindowsNoEditorTargetPlatform
[2016.04.24-05.04.37:096][  0]LogTemp:Display: Loaded TP WindowsServerTargetPlatform
[2016.04.24-05.04.37:101][  0]LogTemp:Display: Loaded TP WindowsTargetPlatform
[2016.04.24-05.04.37:104][  0]LogTemp:Display: Loaded TP AndroidTargetPlatform
[2016.04.24-05.04.37:107][  0]LogTemp:Display: Loaded TP Android_ASTCTargetPlatform
[2016.04.24-05.04.37:110][  0]LogTemp:Display: Loaded TP Android_ATCTargetPlatform
[2016.04.24-05.04.37:113][  0]LogTemp:Display: Loaded TP Android_DXTTargetPlatform
[2016.04.24-05.04.37:116][  0]LogTemp:Display: Loaded TP Android_ETC1TargetPlatform
[2016.04.24-05.04.37:120][  0]LogTemp:Display: Loaded TP Android_ETC2TargetPlatform
[2016.04.24-05.04.37:127][  0]LogTemp:Display: Loaded TP Android_MultiTargetPlatform
[2016.04.24-05.04.37:127][  0]LogTemp:Display: Loaded TP Android_PVRTCTargetPlatform
[2016.04.24-05.04.37:128][  0]LogTemp:Display: Loaded TP HTML5TargetPlatform
[2016.04.24-05.04.37:146][  0]LogTemp:Display: Loaded TP IOSTargetPlatform
[2016.04.24-05.04.37:149][  0]LogTemp:Display: Loaded TP LinuxNoEditorTargetPlatform
[2016.04.24-05.04.37:152][  0]LogTemp:Display: Loaded TP LinuxServerTargetPlatform
[2016.04.24-05.04.37:155][  0]LogTemp:Display: Loaded TP LinuxTargetPlatform
[2016.04.24-05.04.37:155][  0]LogTargetPlatformManager:Display: Building Assets For Windows
[2016.04.24-05.04.37:253][  0]LogDerivedDataCache:Display: Max Cache Size: 512 MB
[2016.04.24-05.04.37:293][  0]LogDerivedDataCache: Loaded boot cache 0.04s 42MB C:/Users/Will Nations/AppData/Local/UnrealEngine/4.10/DerivedDataCache/Boot.ddc.
[2016.04.24-05.04.37:293][  0]LogDerivedDataCache:Display: Loaded Boot cache: C:/Users/Will Nations/AppData/Local/UnrealEngine/4.10/DerivedDataCache/Boot.ddc
[2016.04.24-05.04.37:293][  0]LogDerivedDataCache: FDerivedDataBackendGraph:  Pak pak cache file D:/Source/GitHub/Spectral/Spectral/DerivedDataCache/DDC.ddp not found, will not use a pak cache.
[2016.04.24-05.04.37:293][  0]LogDerivedDataCache: Unable to find inner node Pak for hierarchical cache Hierarchy.
[2016.04.24-05.04.37:293][  0]LogDerivedDataCache: FDerivedDataBackendGraph:  CompressedPak pak cache file D:/Source/GitHub/Spectral/Spectral/DerivedDataCache/Compressed.ddp not found, will not use a pak cache.
[2016.04.24-05.04.37:293][  0]LogDerivedDataCache: Unable to find inner node CompressedPak for hierarchical cache Hierarchy.
[2016.04.24-05.04.37:346][  0]LogDerivedDataCache:Display: Pak cache opened for reading ../../../Engine/DerivedDataCache/Compressed.ddp.
[2016.04.24-05.04.37:358][  0]LogDerivedDataCache: Using Local data cache path C:/Users/Will Nations/AppData/Local/UnrealEngine/Common/DerivedDataCache: Writable
[2016.04.24-05.04.37:515][  0]LogInit: Selected Device Profile: [Windows]
[2016.04.24-05.04.37:518][  0]LogContentStreaming: Texture pool size is 0.000000MB
[2016.04.24-05.04.37:614][  0]LogMeshUtilities: No automatic mesh reduction module available
[2016.04.24-05.04.37:615][  0]LogMeshUtilities: No automatic mesh merging module available
[2016.04.24-05.04.37:832][  0]LogInit: WinSock: version 1.1 (2.2), MaxSocks=32767, MaxUdp=65467
[2016.04.24-05.04.38:511][  0]UdpMessaging: Initializing bridge on interface 0.0.0.0:0 to multicast group 230.0.0.1:6666.
[2016.04.24-05.04.38:627][  0]LogAssetRegistry: FAssetRegistry took 0.0109 seconds to start up
[2016.04.24-05.04.38:788][  0]SourceControl: Info Source control is disabled
[2016.04.24-05.04.38:788][  0]SourceControl: Info Source control is disabled
[2016.04.24-05.04.38:801][  0]SourceControl: Info Source control is disabled
[2016.04.24-05.04.38:814][  0]SourceControl: Info Source control is disabled
[2016.04.24-05.04.39:056][  0]LogObj: 28697 objects as part of root set at end of initial load.
[2016.04.24-05.04.39:056][  0]LogUObjectAllocator: 6124896 out of 0 bytes used by permanent object pool.
[2016.04.24-05.04.39:108][  0]LogEngine: Initializing Engine...
[2016.04.24-05.04.39:111][  0]LogHMD: Can't find Oculus library dev build: is proper Runtime installed? Version: 0.8.0.0
[2016.04.24-05.04.39:111][  0]LogHMD: SteamVR failed to initialize.  Err: 110
[2016.04.24-05.04.39:227][  0]LogAIModule: Creating AISystem for world NewWorld
[2016.04.24-05.04.39:241][  0]LogInit: XAudio2 using 'Speakers (Turtle Beach P12)' : 2 channels at 44.1 kHz using 16 bits per sample (channel mask 0x3)
[2016.04.24-05.04.39:249][  0]LogInit: FAudioDevice initialized.
[2016.04.24-05.04.39:269][  0]LogDerivedDataCache: Saved boot cache 0.02s 42MB C:/Users/Will Nations/AppData/Local/UnrealEngine/4.10/DerivedDataCache/Boot.ddc.
[2016.04.24-05.04.39:274][  0]LogInit: Texture streaming: Enabled
[2016.04.24-05.04.39:280][  0]LogAnalytics: Creating configured Analytics provider AnalyticsET
[2016.04.24-05.04.39:280][  0]LogAnalytics: [UEEditor.Rocket.Release] APIServer = http://et2.epicgames.com/ET2/. AppVersion = 4.10.4-2872498+++depot+UE4-Releases+4.10
[2016.04.24-05.04.39:280][  0]LogAnalytics: [UEEditor.Rocket.Release] SetUserId eb35f8c243ed2f1109e96cbc1988804b|d561d110ed77453aad9a9574d4009d80|aa638874-4eff-432e-8efd-912470b4b168
[2016.04.24-05.04.39:280][  0]LogAnalytics: [UEEditor.Rocket.Release] AnalyticsET::StartSession
[2016.04.24-05.04.39:290][  0]LogInit: Transaction tracking system initialized
[2016.04.24-05.04.39:320][  0]BlueprintLog: New page: Editor Load
[2016.04.24-05.04.39:406][  0]LocalizationService: Info Localization service is disabled
[2016.04.24-05.04.39:469][  0]LogLinker:Warning: Can't find file '/Game/TopDownBP/TopDownOverview'
[2016.04.24-05.04.39:469][  0]LogLinker:Warning: Can't find file '/Game/TopDownBP/TopDownOverview'
[2016.04.24-05.04.39:469][  0]LogUObjectGlobals:Warning: Failed to find object 'Class /Game/TopDownBP/TopDownOverview.TopDownOverview_C'
[2016.04.24-05.04.39:480][  0]LogConsoleResponse:Display: 
[2016.04.24-05.04.39:578][  0]LogCook:Display: Done creating registry. It took  0.00s.
[2016.04.24-05.04.39:636][  0]LogFileCache: Scanning file cache for directory 'D:/Source/GitHub/Spectral/Spectral/Content/' took 0.01s
[2016.04.24-05.04.39:636][  0]SourceControl: Info Source control is disabled
[2016.04.24-05.04.39:636][  0]Cmd: MAP LOAD FILE="D:/Source/GitHub/Spectral/Spectral/Content/TwinStickCPP/Maps/TwinStickExampleMap.umap" TEMPLATE=0 SHOWPROGRESS=1 FEATURELEVEL=3
[2016.04.24-05.04.39:637][  0]LightingResults: New page: Lighting Build
[2016.04.24-05.04.39:640][  0]MapCheck: New page: Map Check
[2016.04.24-05.04.39:640][  0]LightingResults: New page: Lighting Build
[2016.04.24-05.04.39:650][  0]LogParticles: Destroying 0 GPU particle simulations for FXSystem 0x000001D85DC7FB00
[2016.04.24-05.04.39:865][  0]LogAIModule: Creating AISystem for world TwinStickExampleMap
[2016.04.24-05.04.39:872][  0]LogEditorServer: Finished looking for orphan Actors (0.000 secs)
[2016.04.24-05.04.39:873][  0]Cmd: MAP CHECKDEP NOCLEARLOG
[2016.04.24-05.04.39:915][  0]MapCheck: Info Map check complete: 0 Error(s), 0 Warning(s), took 42ms to complete.
[2016.04.24-05.04.39:915][  0]LogFileHelpers: Loading map 'TwinStickExampleMap' took 0.278
[2016.04.24-05.04.40:025][  0]LogCollectionManager: Loaded 0 collections in 0.001926 seconds
[2016.04.24-05.04.40:064][  0]LogFileCache: Scanning file cache for directory 'D:/Source/GitHub/Spectral/Spectral/Saved/Collections/' took 0.01s
[2016.04.24-05.04.40:064][  0]LogFileCache: Scanning file cache for directory 'D:/Source/GitHub/Spectral/Spectral/Content/Developers/WillNations/Collections/' took 0.01s
[2016.04.24-05.04.40:064][  0]LogFileCache: Scanning file cache for directory 'D:/Source/GitHub/Spectral/Spectral/Content/Collections/' took 0.01s
[2016.04.24-05.04.40:064][  0]LogCollectionManager: Rebuilt the GUID cache for 0 collections in 0.000001 seconds
[2016.04.24-05.04.40:071][  0]LogContentBrowser: Native class hierarchy populated in 0.0076 seconds. Added 1896 classes and 340 folders.
[2016.04.24-05.04.40:079][  0]LogContentBrowser: Native class hierarchy updated for 'WidgetCarousel' in 0.0016 seconds. Added 0 classes and 0 folders.
[2016.04.24-05.04.40:118][  0]LogContentBrowser: Native class hierarchy updated for 'AddContentDialog' in 0.0020 seconds. Added 0 classes and 0 folders.
[2016.04.24-05.04.40:130][  0]LogContentBrowser: Native class hierarchy updated for 'SceneOutliner' in 0.0017 seconds. Added 1 classes and 2 folders.
[2016.04.24-05.04.40:168][  0]LogCrashTracker: Crashtracker disabled due to settings.
[2016.04.24-05.04.40:173][  0]LogUObjectGlobals:Warning: Failed to find object 'Class None.'
[2016.04.24-05.04.40:196][  0]LogLoad: Full Startup: 5.33 seconds (BP compile: 0.03 seconds)
[2016.04.24-05.04.40:216][  0]LogOcInput: Can't find Oculus library dev build: is proper Runtime installed? Version: 0.8.0.0
[2016.04.24-05.04.40:276][  0]LogContentStreaming: Texture pool size now 1000 MB
[2016.04.24-05.04.40:407][  0]LogRenderer: Reallocating scene render targets to support 1160x572 (Frame:2).
[2016.04.24-05.04.40:616][  2]LogAssetRegistry: Asset discovery search completed in 2.0000 seconds
[2016.04.24-05.04.40:616][  2]LogCollectionManager: Rebuilt the object cache for 0 collections in 0.000000 seconds (found 0 objects)
[2016.04.24-05.04.40:616][  2]LogCollectionManager: Fixed up redirectors for 0 collections in 0.000038 seconds (updated 0 objects)
[2016.04.24-05.04.45:328][134]LogVSAccessor:Warning: Couldn't access Visual Studio
[2016.04.24-05.04.45:331][134]Recompiling Spectral...
[2016.04.24-05.04.45:332][134]Launching UnrealBuildTool... [C:/Program Files (x86)/Epic Games/4.10/Engine/Binaries/DotNET/UnrealBuildTool.exe Spectral -ModuleWithSuffix Spectral 4403 Win64 Development -editorrecompile -canskiplink "D:/Source/GitHub/Spectral/Spectral/Spectral.uproject" -rocket  -rocket -2015]
[2016.04.24-05.04.45:333][134]Warning: Starting HotReload took  0.0s.
[2016.04.24-05.04.47:656][179]CompilerResultsLog: New page: Compilation - Apr 23, 2016, 7:04:47 PM
[2016.04.24-05.04.47:656][179]CompilerResultsLog: Info Compiling game modules for hot reload
[2016.04.24-05.04.47:656][179]CompilerResultsLog: Info Performing 3 actions (4 in parallel)
[2016.04.24-05.04.47:656][179]CompilerResultsLog: Info TargetingAreaIntf.cpp
[2016.04.24-05.04.47:656][179]CompilerResultsLog: Info Spectral.generated.cpp
[2016.04.24-05.04.47:656][179]CompilerResultsLog:Error: Error d:\source\github\spectral\spectral\source\spectral\skills\skillframework\targetingframework\targetingareaintf.cpp(12)  : error C4172: returning address of local variable or temporary
[2016.04.24-05.04.47:656][179]CompilerResultsLog:Error: Error D:\Source\GitHub\Spectral\Spectral\Intermediate\Build\Win64\UE4Editor\Inc\Spectral\Spectral.generated.cpp(95) : error C2556: 'TArray<TScriptInterface<ITargetableIntf>,FDefaultAllocator> ITargetingAreaIntf::GetTargets(void)': overloaded function differs only by return type from 'const TArray<TScriptInterface<ITargetableIntf>,FDefaultAllocator> &ITargetingAreaIntf::GetTargets(void)'
[2016.04.24-05.04.47:656][179]CompilerResultsLog:Error: Error D:\Source\GitHub\Spectral\Spectral\Source\Spectral\Skills/SkillFramework/TargetingFramework/TargetingAreaIntf.h(20) : note: see declaration of 'ITargetingAreaIntf::GetTargets'
[2016.04.24-05.04.47:656][179]CompilerResultsLog:Error: Error D:\Source\GitHub\Spectral\Spectral\Intermediate\Build\Win64\UE4Editor\Inc\Spectral\Spectral.generated.cpp(95) : error C2373: 'ITargetingAreaIntf::GetTargets': redefinition; different type modifiers
[2016.04.24-05.04.47:656][179]CompilerResultsLog:Error: Error D:\Source\GitHub\Spectral\Spectral\Source\Spectral\Skills/SkillFramework/TargetingFramework/TargetingAreaIntf.h(20) : note: see declaration of 'ITargetingAreaIntf::GetTargets'
[2016.04.24-05.04.47:656][179]CompilerResultsLog: Info -------- End Detailed Actions Stats -----------------------------------------------------------
[2016.04.24-05.04.47:656][179]CompilerResultsLog: Info ERROR: UBT ERROR: Failed to produce item: D:\Source\GitHub\Spectral\Spectral\Binaries\Win64\UE4Editor-Spectral-4403.dll
[2016.04.24-05.04.47:656][179]CompilerResultsLog: Info Total build time: 2.24 seconds
[2016.04.24-05.04.47:656][179]LogMainFrame: MainFrame: Module compiling took 2.328 seconds
[2016.04.24-05.04.47:656][179]Warning: HotReload failed, recompile failed
[2016.04.24-05.06.39:058][926]LogHotReload: New module detected: UE4Editor-Spectral-7270.dll
[2016.04.24-05.06.39:403][928]LogHotReload: Starting Hot-Reload from IDE
[2016.04.24-05.06.39:492][928]LogModuleManager:Warning: ModuleManager: Unable to load module 'Spectral' because the file 'D:/Source/GitHub/Spectral/Spectral/Binaries/Win64/UE4Editor-Spectral-7270.dll' was not found.
[2016.04.24-05.06.39:492][928]Warning: HotReload failed, reload failed /Script/Spectral.
[2016.04.24-05.06.39:508][928]LogContentBrowser: Native class hierarchy populated in 0.0136 seconds. Added 1897 classes and 342 folders.
[2016.04.24-05.24.16:267][175]Running C:/Program Files (x86)/Epic Games/4.10/Engine/Binaries/DotNET/UnrealBuildTool.exe  -projectfiles -project="D:/Source/GitHub/Spectral/Spectral/Spectral.uproject" -game -rocket -progress -2015
[2016.04.24-05.24.16:570][175]Discovering modules, targets and source code for game...
[2016.04.24-05.24.27:810][432]LogEditorViewport: Clicking on Actor (LMB): StaticMeshActor (Floor)
[2016.04.24-05.24.33:881][781]LogBlueprintUserMessages: Early PlayInEditor Detection: Level '/Game/TwinStickCPP/Maps/TwinStickExampleMap.TwinStickExampleMap:PersistentLevel' has LevelScriptBlueprint '/Game/TwinStickCPP/Maps/TwinStickExampleMap.TwinStickExampleMap:PersistentLevel.TwinStickExampleMap' with GeneratedClass '/Game/TwinStickCPP/Maps/TwinStickExampleMap.TwinStickExampleMap_C' with ClassGeneratedBy '/Game/TwinStickCPP/Maps/TwinStickExampleMap.TwinStickExampleMap:PersistentLevel.TwinStickExampleMap'
[2016.04.24-05.24.33:881][781]LogPlayLevel: PlayLevel: No blueprints needed recompiling
[2016.04.24-05.24.33:881][781]PIE: New page: PIE session: TwinStickExampleMap (Apr 23, 2016, 7:24:33 PM)
[2016.04.24-05.24.33:882][781]LogPlayLevel: Creating play world package: /Game/TwinStickCPP/Maps/UEDPIE_0_TwinStickExampleMap
[2016.04.24-05.24.33:906][781]LogPlayLevel: PIE: StaticDuplicateObject took: (0.024907s)
[2016.04.24-05.24.33:907][781]LogAIModule: Creating AISystem for world TwinStickExampleMap
[2016.04.24-05.24.33:908][781]LogPlayLevel: PIE: World Init took: (0.001137s)
[2016.04.24-05.24.33:908][781]LogPlayLevel: PIE: Created PIE world by copying editor world from /Game/TwinStickCPP/Maps/TwinStickExampleMap.TwinStickExampleMap to /Game/TwinStickCPP/Maps/UEDPIE_0_TwinStickExampleMap.TwinStickExampleMap (0.026415s)
[2016.04.24-05.24.33:937][781]LogInit: XAudio2 using 'Speakers (Turtle Beach P12)' : 2 channels at 44.1 kHz using 16 bits per sample (channel mask 0x3)
[2016.04.24-05.24.33:944][781]LogInit: FAudioDevice initialized.
[2016.04.24-05.24.33:998][781]LogWorld: Game class is 'SpectralGameMode'
[2016.04.24-05.24.34:001][781]LogWorld: Bringing World /Game/TwinStickCPP/Maps/UEDPIE_0_TwinStickExampleMap.TwinStickExampleMap up for play (max tick rate 60) at 2016.04.24-00.24.34
[2016.04.24-05.24.34:002][781]LogActor:Warning: GameSession /Game/TwinStickCPP/Maps/UEDPIE_0_TwinStickExampleMap.TwinStickExampleMap:PersistentLevel.GameSession_0 has natively added scene component(s), but none of them were set as the actor's RootComponent - picking one arbitrarily
[2016.04.24-05.24.34:002][781]LogActor:Warning: GameNetworkManager /Game/TwinStickCPP/Maps/UEDPIE_0_TwinStickExampleMap.TwinStickExampleMap:PersistentLevel.GameNetworkManager_0 has natively added scene component(s), but none of them were set as the actor's RootComponent - picking one arbitrarily
[2016.04.24-05.24.34:002][781]LogWorld: Bringing up level for play took: 0.003104
[2016.04.24-05.24.34:003][781]PIE: Info Play in editor start time for /Game/TwinStickCPP/Maps/UEDPIE_0_TwinStickExampleMap 0.62
[2016.04.24-05.24.34:003][781]LogBlueprintUserMessages: Late PlayInEditor Detection: Level '/Game/TwinStickCPP/Maps/TwinStickExampleMap.TwinStickExampleMap:PersistentLevel' has LevelScriptBlueprint '/Game/TwinStickCPP/Maps/TwinStickExampleMap.TwinStickExampleMap:PersistentLevel.TwinStickExampleMap' with GeneratedClass '/Game/TwinStickCPP/Maps/TwinStickExampleMap.TwinStickExampleMap_C' with ClassGeneratedBy '/Game/TwinStickCPP/Maps/TwinStickExampleMap.TwinStickExampleMap:PersistentLevel.TwinStickExampleMap'
[2016.04.24-05.24.35:373][823]LogBlueprintUserMessages: Early EndPlayMap Detection: Level '/Game/TwinStickCPP/Maps/TwinStickExampleMap.TwinStickExampleMap:PersistentLevel' has LevelScriptBlueprint '/Game/TwinStickCPP/Maps/TwinStickExampleMap.TwinStickExampleMap:PersistentLevel.TwinStickExampleMap' with GeneratedClass '/Game/TwinStickCPP/Maps/TwinStickExampleMap.TwinStickExampleMap_C' with ClassGeneratedBy '/Game/TwinStickCPP/Maps/TwinStickExampleMap.TwinStickExampleMap:PersistentLevel.TwinStickExampleMap'
[2016.04.24-05.24.35:447][823]LogBlueprintUserMessages: Late EndPlayMap Detection: Level '/Game/TwinStickCPP/Maps/TwinStickExampleMap.TwinStickExampleMap:PersistentLevel' has LevelScriptBlueprint '/Game/TwinStickCPP/Maps/TwinStickExampleMap.TwinStickExampleMap:PersistentLevel.TwinStickExampleMap' with GeneratedClass '/Game/TwinStickCPP/Maps/TwinStickExampleMap.TwinStickExampleMap_C' with ClassGeneratedBy '/Game/TwinStickCPP/Maps/TwinStickExampleMap.TwinStickExampleMap:PersistentLevel.TwinStickExampleMap'
[2016.04.24-05.24.35:479][824]LogParticles: Destroying 0 GPU particle simulations for FXSystem 0x000001D86BB8DC60
[2016.04.24-05.24.38:485][938]Cmd: QUIT_EDITOR
[2016.04.24-05.24.39:166][938]LogWindowsTextInputMethodSystem:Display: IME system now deactivated.
[2016.04.24-05.24.39:229][938]LogExit: Preparing to exit.
[2016.04.24-05.24.39:876][938]LogExit: Editor shut down
[2016.04.24-05.24.39:876][938]LogExit: Transaction tracking system shut down
[2016.04.24-05.24.39:877][938]LogParticles: Destroying 0 GPU particle simulations for FXSystem 0x000001D86BB8F920
[2016.04.24-05.24.39:878][938]LogParticles: Destroying 0 GPU particle simulations for FXSystem 0x000001D84E127560
[2016.04.24-05.24.39:878][938]LogParticles: Destroying 0 GPU particle simulations for FXSystem 0x000001D86A100540
[2016.04.24-05.24.39:878][938]LogParticles: Destroying 0 GPU particle simulations for FXSystem 0x000001D869C1F880
[2016.04.24-05.24.39:991][938]LogExit: Object subsystem successfully closed.
[2016.04.24-05.24.40:005][938]LogD3D11RHI: Shutdown
[2016.04.24-05.24.40:005][938]LogD3D11RHI: CleanupD3DDevice
[2016.04.24-05.24.40:062][938]LogD3D11RHI: ~FD3D11DynamicRHI
[2016.04.24-05.24.40:074][938]LogModuleManager: Shutting down and abandoning module CrashTracker (199)
[2016.04.24-05.24.40:074][938]LogModuleManager: Shutting down and abandoning module SceneOutliner (198)
[2016.04.24-05.24.40:074][938]LogModuleManager: Shutting down and abandoning module SuperSearch (197)
[2016.04.24-05.24.40:074][938]LogModuleManager: Shutting down and abandoning module WidgetCarousel (196)
[2016.04.24-05.24.40:074][938]LogModuleManager: Shutting down and abandoning module AddContentDialog (195)
[2016.04.24-05.24.40:075][938]LogModuleManager: Shutting down and abandoning module EditorWidgets (194)
[2016.04.24-05.24.40:075][938]LogModuleManager: Shutting down and abandoning module CollectionManager (193)
[2016.04.24-05.24.40:075][938]LogModuleManager: Shutting down and abandoning module StatsViewer (192)
[2016.04.24-05.24.40:075][938]LogModuleManager: Shutting down and abandoning module FoliageEdit (191)
[2016.04.24-05.24.40:075][938]LogModuleManager: Shutting down and abandoning module LandscapeEditor (190)
[2016.04.24-05.24.40:075][938]LogModuleManager: Shutting down and abandoning module ActorPickerMode (189)
[2016.04.24-05.24.40:075][938]LogModuleManager: Shutting down and abandoning module GeometryMode (188)
[2016.04.24-05.24.40:075][938]LogModuleManager: Shutting down and abandoning module TextureAlignMode (187)
[2016.04.24-05.24.40:075][938]LogModuleManager: Shutting down and abandoning module BspMode (186)
[2016.04.24-05.24.40:075][938]LogModuleManager: Shutting down and abandoning module PlacementMode (185)
[2016.04.24-05.24.40:075][938]LogModuleManager: Shutting down and abandoning module AutomationWorker (184)
[2016.04.24-05.24.40:075][938]LogModuleManager: Shutting down and abandoning module CharacterAI (183)
[2016.04.24-05.24.40:075][938]LogModuleManager: Shutting down and abandoning module SmartSnapping (182)
[2016.04.24-05.24.40:076][938]LogModuleManager: Shutting down and abandoning module ViewportSnapping (181)
[2016.04.24-05.24.40:076][938]LogModuleManager: Shutting down and abandoning module LogVisualizer (180)
[2016.04.24-05.24.40:076][938]LogModuleManager: Shutting down and abandoning module GameProjectGeneration (179)
[2016.04.24-05.24.40:076][938]LogModuleManager: Shutting down and abandoning module IntroTutorials (178)
[2016.04.24-05.24.40:076][938]LogModuleManager: Shutting down and abandoning module EditorLiveStreaming (177)
[2016.04.24-05.24.40:076][938]LogModuleManager: Shutting down and abandoning module IOSPlatformEditor (176)
[2016.04.24-05.24.40:076][938]LogModuleManager: Shutting down and abandoning module HTML5PlatformEditor (175)
[2016.04.24-05.24.40:076][938]LogModuleManager: Shutting down and abandoning module AndroidDeviceDetection (174)
[2016.04.24-05.24.40:798][938]LogModuleManager: Shutting down and abandoning module AndroidPlatformEditor (173)
[2016.04.24-05.24.40:798][938]LogModuleManager: Shutting down and abandoning module IOSRuntimeSettings (172)
[2016.04.24-05.24.40:798][938]LogModuleManager: Shutting down and abandoning module AndroidRuntimeSettings (171)
[2016.04.24-05.24.40:798][938]LogModuleManager: Shutting down and abandoning module MergeActors (170)
[2016.04.24-05.24.40:798][938]LogModuleManager: Shutting down and abandoning module SizeMap (169)
[2016.04.24-05.24.40:798][938]LogModuleManager: Shutting down and abandoning module TreeMap (168)
[2016.04.24-05.24.40:798][938]LogModuleManager: Shutting down and abandoning module ReferenceViewer (167)
[2016.04.24-05.24.40:798][938]LogModuleManager: Shutting down and abandoning module LocalizationService (166)
[2016.04.24-05.24.40:798][938]LogModuleManager: Shutting down and abandoning module LocalizationDashboard (165)
[2016.04.24-05.24.40:798][938]LogModuleManager: Shutting down and abandoning module HardwareTargeting (164)
[2016.04.24-05.24.40:798][938]LogModuleManager: Shutting down and abandoning module DeviceProfileEditor (163)
[2016.04.24-05.24.40:798][938]LogModuleManager: Shutting down and abandoning module UndoHistory (162)
[2016.04.24-05.24.40:798][938]LogModuleManager: Shutting down and abandoning module GameplayTagsEditor (161)
[2016.04.24-05.24.40:798][938]LogModuleManager: Shutting down and abandoning module UserFeedback (160)
[2016.04.24-05.24.40:798][938]LogModuleManager: Shutting down and abandoning module XmlParser (159)
[2016.04.24-05.24.40:798][938]LogModuleManager: Shutting down and abandoning module Blutility (158)
[2016.04.24-05.24.40:798][938]LogModuleManager: Shutting down and abandoning module ProjectTargetPlatformEditor (157)
[2016.04.24-05.24.40:798][938]LogModuleManager: Shutting down and abandoning module ProjectSettingsViewer (156)
[2016.04.24-05.24.40:798][938]LogModuleManager: Shutting down and abandoning module InputBindingEditor (155)
[2016.04.24-05.24.40:799][938]LogModuleManager: Shutting down and abandoning module EditorSettingsViewer (154)
[2016.04.24-05.24.40:799][938]LogModuleManager: Shutting down and abandoning module SettingsEditor (153)
[2016.04.24-05.24.40:799][938]LogModuleManager: Shutting down and abandoning module ProjectLauncher (152)
[2016.04.24-05.24.40:799][938]LogModuleManager: Shutting down and abandoning module SessionFrontend (151)
[2016.04.24-05.24.40:799][938]LogModuleManager: Shutting down and abandoning module ProfilerClient (150)
[2016.04.24-05.24.40:799][938]LogModuleManager: Shutting down and abandoning module TargetDeviceServices (149)
[2016.04.24-05.24.40:799][938]LogModuleManager: Shutting down and abandoning module DeviceManager (148)
[2016.04.24-05.24.40:799][938]LogModuleManager: Shutting down and abandoning module AutomationController (147)
[2016.04.24-05.24.40:799][938]LogModuleManager: Shutting down and abandoning module AutomationWindow (146)
[2016.04.24-05.24.40:799][938]LogModuleManager: Shutting down and abandoning module Layers (145)
[2016.04.24-05.24.40:799][938]LogModuleManager: Shutting down and abandoning module ComponentVisualizers (144)
[2016.04.24-05.24.40:800][938]LogModuleManager: Shutting down and abandoning module DetailCustomizations (143)
[2016.04.24-05.24.40:800][938]LogModuleManager: Shutting down and abandoning module PackagesDialog (142)
[2016.04.24-05.24.40:800][938]LogModuleManager: Shutting down and abandoning module Persona (141)
[2016.04.24-05.24.40:800][938]LogModuleManager: Shutting down and abandoning module Kismet (140)
[2016.04.24-05.24.40:800][938]LogModuleManager: Shutting down and abandoning module GraphEditor (139)
[2016.04.24-05.24.40:800][938]LogModuleManager: Shutting down and abandoning module ClassViewer (138)
[2016.04.24-05.24.40:800][938]LogModuleManager: Shutting down and abandoning module Toolbox (137)
[2016.04.24-05.24.40:800][938]LogModuleManager: Shutting down and abandoning module ModuleUI (136)
[2016.04.24-05.24.40:800][938]LogModuleManager: Shutting down and abandoning module MovieSceneTools (135)
[2016.04.24-05.24.40:800][938]LogModuleManager: Shutting down and abandoning module OutputLog (134)
[2016.04.24-05.24.40:800][938]LogModuleManager: Shutting down and abandoning module GammaUI (133)
[2016.04.24-05.24.40:800][938]LogModuleManager: Shutting down and abandoning module Documentation (132)
[2016.04.24-05.24.40:800][938]LogModuleManager: Shutting down and abandoning module GameLiveStreaming (131)
[2016.04.24-05.24.40:800][938]LogModuleManager: Shutting down and abandoning module StreamingPauseRendering (130)
[2016.04.24-05.24.40:800][938]LogModuleManager: Shutting down and abandoning module AnalyticsET (129)
[2016.04.24-05.24.40:800][938]LogModuleManager: Shutting down and abandoning module Analytics (128)
[2016.04.24-05.24.40:800][938]LogModuleManager: Shutting down and abandoning module AITestSuite (127)
[2016.04.24-05.24.40:800][938]LogModuleManager: Shutting down and abandoning module GameplayDebugger (126)
[2016.04.24-05.24.40:800][938]LogModuleManager: Shutting down and abandoning module AIModule (125)
[2016.04.24-05.24.40:800][938]LogModuleManager: Shutting down and abandoning module ProfilerService (124)
[2016.04.24-05.24.41:007][938]LogModuleManager: Shutting down and abandoning module TaskGraph (123)
[2016.04.24-05.24.41:007][938]LogModuleManager: Shutting down and abandoning module SlateRemote (122)
[2016.04.24-05.24.41:007][938]LogModuleManager: Shutting down and abandoning module SteamVRController (121)
[2016.04.24-05.24.41:007][938]LogModuleManager: Shutting down and abandoning module SteamVR (120)
[2016.04.24-05.24.41:007][938]LogModuleManager: Shutting down and abandoning module ProceduralMeshComponent (119)
[2016.04.24-05.24.41:007][938]LogModuleManager: Shutting down and abandoning module OculusLibrary (118)
[2016.04.24-05.24.41:007][938]LogModuleManager: Shutting down and abandoning module OculusInput (117)
[2016.04.24-05.24.41:007][938]LogModuleManager: Shutting down and abandoning module LeapMotionController (116)
[2016.04.24-05.24.41:052][938]LogModuleManager: Shutting down and abandoning module CustomMeshComponent (115)
[2016.04.24-05.24.41:052][938]LogModuleManager: Shutting down and abandoning module CableComponent (114)
[2016.04.24-05.24.41:052][938]LogModuleManager: Shutting down and abandoning module ArchVisCharacter (113)
[2016.04.24-05.24.41:052][938]LogModuleManager: Shutting down and abandoning module MessagingDebugger (112)
[2016.04.24-05.24.41:052][938]LogModuleManager: Shutting down and abandoning module MediaPlayerEditor (111)
[2016.04.24-05.24.41:052][938]LogModuleManager: Shutting down and abandoning module HTML5Networking (110)
[2016.04.24-05.24.41:052][938]LogModuleManager: Shutting down and abandoning module SpeedTreeImporter (109)
[2016.04.24-05.24.41:052][938]LogModuleManager: Shutting down and abandoning module PluginBrowser (108)
[2016.04.24-05.24.41:052][938]LogModuleManager: Shutting down and abandoning module EpicSurvey (107)
[2016.04.24-05.24.41:052][938]LogModuleManager: Shutting down and abandoning module DesktopPlatform (106)
[2016.04.24-05.24.41:052][938]LogModuleManager: Shutting down and abandoning module VisualStudioSourceCodeAccess (105)
[2016.04.24-05.24.41:052][938]LogModuleManager: Shutting down and abandoning module UObjectPlugin (104)
[2016.04.24-05.24.41:052][938]LogModuleManager: Shutting down and abandoning module SubversionSourceControl (103)
[2016.04.24-05.24.41:052][938]LogModuleManager: Shutting down and abandoning module PerforceSourceControl (102)
[2016.04.24-05.24.41:052][938]LogModuleManager: Shutting down and abandoning module SourceControl (101)
[2016.04.24-05.24.41:052][938]LogModuleManager: Shutting down and abandoning module GitSourceControl (100)
[2016.04.24-05.24.41:053][938]LogModuleManager: Shutting down and abandoning module LightPropagationVolumeEditor (99)
[2016.04.24-05.24.41:053][938]LogModuleManager: Shutting down and abandoning module PaperTiledImporter (98)
[2016.04.24-05.24.41:053][938]LogModuleManager: Shutting down and abandoning module PaperSpriteSheetImporter (97)
[2016.04.24-05.24.41:053][938]LogModuleManager: Shutting down and abandoning module MeshPaint (96)
[2016.04.24-05.24.41:053][938]LogModuleManager: Shutting down and abandoning module SlateReflector (95)
[2016.04.24-05.24.41:053][938]LogModuleManager: Shutting down and abandoning module HotReload (94)
[2016.04.24-05.24.41:053][938]LogModuleManager: Shutting down and abandoning module MainFrame (93)
[2016.04.24-05.24.41:053][938]LogModuleManager: Shutting down and abandoning module LevelEditor (92)
[2016.04.24-05.24.41:053][938]LogModuleManager: Shutting down and abandoning module DirectoryWatcher (91)
[2016.04.24-05.24.41:054][938]LogModuleManager: Shutting down and abandoning module AssetRegistry (90)
[2016.04.24-05.24.41:118][938]LogModuleManager: Shutting down and abandoning module ContentBrowser (89)
[2016.04.24-05.24.41:119][938]LogModuleManager: Shutting down and abandoning module Paper2DEditor (88)
[2016.04.24-05.24.41:119][938]LogModuleManager: Shutting down and abandoning module UdpMessaging (86)
[2016.04.24-05.24.41:220][938]LogModuleManager: Shutting down and abandoning module LightPropagationVolumeRuntime (85)
[2016.04.24-05.24.41:220][938]LogModuleManager: Shutting down and abandoning module Paper2D (84)
[2016.04.24-05.24.41:220][938]LogModuleManager: Shutting down and abandoning module WindowsMoviePlayer (83)
[2016.04.24-05.24.41:222][938]LogModuleManager: Shutting down and abandoning module Media (82)
[2016.04.24-05.24.41:222][938]LogModuleManager: Shutting down and abandoning module WmfMedia (81)
[2016.04.24-05.24.41:222][938]LogModuleManager: Shutting down and abandoning module OnlineBlueprintSupport (80)
[2016.04.24-05.24.41:222][938]LogModuleManager: Shutting down and abandoning module GameplayTasksEditor (79)
[2016.04.24-05.24.41:222][938]LogModuleManager: Shutting down and abandoning module PropertyEditor (78)
[2016.04.24-05.24.41:222][938]LogModuleManager: Shutting down and abandoning module BehaviorTreeEditor (77)
[2016.04.24-05.24.41:222][938]LogModuleManager: Shutting down and abandoning module FunctionalTesting (76)
[2016.04.24-05.24.41:222][938]LogModuleManager: Shutting down and abandoning module CollisionAnalyzer (75)
[2016.04.24-05.24.41:222][938]LogModuleManager: Shutting down and abandoning module WorkspaceMenuStructure (74)
[2016.04.24-05.24.41:222][938]LogModuleManager: Shutting down and abandoning module MessageLog (73)
[2016.04.24-05.24.41:222][938]LogModuleManager: Shutting down and abandoning module Sequencer (72)
[2016.04.24-05.24.41:222][938]LogModuleManager: Shutting down and abandoning module AssetTools (71)
[2016.04.24-05.24.41:222][938]LogModuleManager: Shutting down and abandoning module UMGEditor (70)
[2016.04.24-05.24.41:222][938]LogModuleManager: Shutting down and abandoning module UMG (69)
[2016.04.24-05.24.41:222][938]LogModuleManager: Shutting down and abandoning module Slate (68)
[2016.04.24-05.24.41:222][938]LogModuleManager: Shutting down and abandoning module EditorStyle (67)
[2016.04.24-05.24.41:224][938]LogModuleManager: Shutting down and abandoning module SessionServices (66)
[2016.04.24-05.24.41:224][938]LogModuleManager: Shutting down and abandoning module SourceCodeAccess (65)
[2016.04.24-05.24.41:224][938]LogModuleManager: Shutting down and abandoning module HeadMountedDisplay (64)
[2016.04.24-05.24.41:224][938]LogModuleManager: Shutting down and abandoning module XAudio2 (63)
[2016.04.24-05.24.41:224][938]LogModuleManager: Shutting down and abandoning module Networking (61)
[2016.04.24-05.24.41:224][938]LogModuleManager: Shutting down and abandoning module Core (60)
[2016.04.24-05.24.41:224][938]LogModuleManager: Shutting down and abandoning module KismetCompiler (59)
[2016.04.24-05.24.41:224][938]LogModuleManager: Shutting down and abandoning module PhysXFormats (58)
[2016.04.24-05.24.41:224][938]LogModuleManager: Shutting down and abandoning module MeshUtilities (57)
[2016.04.24-05.24.41:224][938]LogModuleManager: Shutting down and abandoning module DerivedDataCache (56)
[2016.04.24-05.24.41:242][938]LogDerivedDataCache: Shutdown
[2016.04.24-05.24.41:242][938]LogModuleManager: Shutting down and abandoning module ShaderFormatOpenGL (55)
[2016.04.24-05.24.41:242][938]LogModuleManager: Shutting down and abandoning module ShaderFormatD3D (54)
[2016.04.24-05.24.41:242][938]LogModuleManager: Shutting down and abandoning module MetalShaderFormat (53)
[2016.04.24-05.24.41:242][938]LogModuleManager: Shutting down and abandoning module TextureFormatUncompressed (52)
[2016.04.24-05.24.41:242][938]LogModuleManager: Shutting down and abandoning module TextureFormatPVR (51)
[2016.04.24-05.24.41:242][938]LogModuleManager: Shutting down and abandoning module TextureFormatIntelISPCTexComp (50)
[2016.04.24-05.24.41:242][938]LogModuleManager: Shutting down and abandoning module TextureFormatDXT (49)
[2016.04.24-05.24.41:242][938]LogModuleManager: Shutting down and abandoning module ImageWrapper (48)
[2016.04.24-05.24.41:242][938]LogModuleManager: Shutting down and abandoning module TextureFormatASTC (47)
[2016.04.24-05.24.41:242][938]LogModuleManager: Shutting down and abandoning module TextureFormatAndroid (46)
[2016.04.24-05.24.41:242][938]LogModuleManager: Shutting down and abandoning module AudioFormatOpus (45)
[2016.04.24-05.24.41:242][938]LogModuleManager: Shutting down and abandoning module AudioFormatOgg (44)
[2016.04.24-05.24.41:242][938]LogModuleManager: Shutting down and abandoning module AudioFormatADPCM (43)
[2016.04.24-05.24.41:242][938]LogModuleManager: Shutting down and abandoning module LinuxTargetPlatform (42)
[2016.04.24-05.24.41:242][938]LogModuleManager: Shutting down and abandoning module LinuxServerTargetPlatform (41)
[2016.04.24-05.24.41:242][938]LogModuleManager: Shutting down and abandoning module LinuxNoEditorTargetPlatform (40)
[2016.04.24-05.24.41:242][938]LogModuleManager: Shutting down and abandoning module Messaging (39)
[2016.04.24-05.24.41:242][938]LogModuleManager: Shutting down and abandoning module IOSTargetPlatform (38)
[2016.04.24-05.24.41:242][938]LogModuleManager: Shutting down and abandoning module HTML5TargetPlatform (37)
[2016.04.24-05.24.41:242][938]LogModuleManager: Shutting down and abandoning module Android_PVRTCTargetPlatform (36)
[2016.04.24-05.24.41:242][938]LogModuleManager: Shutting down and abandoning module Android_MultiTargetPlatform (35)
[2016.04.24-05.24.41:242][938]LogModuleManager: Shutting down and abandoning module Android_ETC2TargetPlatform (34)
[2016.04.24-05.24.41:242][938]LogModuleManager: Shutting down and abandoning module Android_ETC1TargetPlatform (33)
[2016.04.24-05.24.41:242][938]LogModuleManager: Shutting down and abandoning module Android_DXTTargetPlatform (32)
[2016.04.24-05.24.41:242][938]LogModuleManager: Shutting down and abandoning module Android_ATCTargetPlatform (31)
[2016.04.24-05.24.41:242][938]LogModuleManager: Shutting down and abandoning module Android_ASTCTargetPlatform (30)
[2016.04.24-05.24.41:242][938]LogModuleManager: Shutting down and abandoning module AndroidTargetPlatform (29)
[2016.04.24-05.24.41:242][938]LogModuleManager: Shutting down and abandoning module WindowsTargetPlatform (28)
[2016.04.24-05.24.41:242][938]LogModuleManager: Shutting down and abandoning module WindowsServerTargetPlatform (27)
[2016.04.24-05.24.41:242][938]LogModuleManager: Shutting down and abandoning module WindowsNoEditorTargetPlatform (26)
[2016.04.24-05.24.41:242][938]LogModuleManager: Shutting down and abandoning module WindowsClientTargetPlatform (25)
[2016.04.24-05.24.41:242][938]LogModuleManager: Shutting down and abandoning module AllDesktopTargetPlatform (24)
[2016.04.24-05.24.41:242][938]LogModuleManager: Shutting down and abandoning module TargetPlatform (23)
[2016.04.24-05.24.41:242][938]LogModuleManager: Shutting down and abandoning module InputCore (22)
[2016.04.24-05.24.41:242][938]LogModuleManager: Shutting down and abandoning module Settings (21)
[2016.04.24-05.24.41:242][938]LogModuleManager: Shutting down and abandoning module OnlineSubsystem (19)
[2016.04.24-05.24.41:242][938]LogModuleManager: Shutting down and abandoning module HTTP (18)
[2016.04.24-05.24.43:245][938]LogModuleManager: Shutting down and abandoning module XMPP (17)
[2016.04.24-05.24.43:245][938]LogModuleManager: Shutting down and abandoning module OculusRift (16)
[2016.04.24-05.24.43:245][938]LogModuleManager: Shutting down and abandoning module ExampleDeviceProfileSelector (15)
[2016.04.24-05.24.43:245][938]LogModuleManager: Shutting down and abandoning module TextureCompressor (14)
[2016.04.24-05.24.43:245][938]LogModuleManager: Shutting down and abandoning module ShaderCore (13)
[2016.04.24-05.24.43:245][938]LogModuleManager: Shutting down and abandoning module Landscape (12)
[2016.04.24-05.24.43:245][938]LogModuleManager: Shutting down and abandoning module SlateRHIRenderer (11)
[2016.04.24-05.24.43:245][938]LogModuleManager: Shutting down and abandoning module OpenGLDrv (10)
[2016.04.24-05.24.43:245][938]LogModuleManager: Shutting down and abandoning module D3D11RHI (9)
[2016.04.24-05.24.43:245][938]LogModuleManager: Shutting down and abandoning module AnimGraphRuntime (8)
[2016.04.24-05.24.43:245][938]LogModuleManager: Shutting down and abandoning module Renderer (7)
[2016.04.24-05.24.43:245][938]LogModuleManager: Shutting down and abandoning module Engine (6)
[2016.04.24-05.24.43:245][938]LogModuleManager: Shutting down and abandoning module CoreUObject (5)
[2016.04.24-05.24.43:245][938]LogModuleManager: Shutting down and abandoning module NetworkFile (4)
[2016.04.24-05.24.43:245][938]LogModuleManager: Shutting down and abandoning module StreamingFile (3)
[2016.04.24-05.24.43:245][938]LogModuleManager: Shutting down and abandoning module SandboxFile (2)
[2016.04.24-05.24.43:245][938]LogModuleManager: Shutting down and abandoning module PakFile (1)
[2016.04.24-05.24.43:247][938]LogExit: Exiting.
[2016.04.24-05.24.43:250][938]Log file closed, 04/24/16 00:24:43
