[2016.04.24-00.07.11:202][  0]Log file open, 04/23/16 19:07:11
[2016.04.24-00.07.11:202][  0]LogInit:Display: Running engine for game: Spectral
[2016.04.24-00.07.11:202][  0]LogPlatformFile: Not using cached read wrapper
[2016.04.24-00.07.11:202][  0]LogInit:Display: RandInit(-1737447064) SRandInit(-1737447063).
[2016.04.24-00.07.11:202][  0]LogTaskGraph: Started task graph with 4 named threads and 7 total threads.
[2016.04.24-00.07.11:202][  0]LogStats: Stats thread started at 0.076680
[2016.04.24-00.07.11:202][  0]LogInit: Version: 4.10.4-2872498+++depot+UE4-Releases+4.10
[2016.04.24-00.07.11:202][  0]LogInit: API Version: 2758231
[2016.04.24-00.07.11:202][  0]LogInit: Compiled (64-bit): Feb 18 2016 15:47:04
[2016.04.24-00.07.11:202][  0]LogInit: Compiled with Visual C++: 19.00.23026.00
[2016.04.24-00.07.11:202][  0]LogInit: Build Configuration: Development
[2016.04.24-00.07.11:202][  0]LogInit: Branch Name: ++depot+UE4-Releases+4.10
[2016.04.24-00.07.11:202][  0]LogInit: Command line:  
[2016.04.24-00.07.11:202][  0]LogInit: Base directory: C:/Program Files (x86)/Epic Games/4.10/Engine/Binaries/Win64/
[2016.04.24-00.07.11:202][  0]LogInit: Rocket: 1
[2016.04.24-00.07.11:208][  0]LogInit: Using libcurl 7.41.0
[2016.04.24-00.07.11:208][  0]LogInit:  - built for x86_64-pc-win32
[2016.04.24-00.07.11:208][  0]LogInit:  - supports SSL with WinSSL
[2016.04.24-00.07.11:208][  0]LogInit:  - other features:
[2016.04.24-00.07.11:209][  0]LogInit:      CURL_VERSION_SSL
[2016.04.24-00.07.11:209][  0]LogInit:      CURL_VERSION_IPV6
[2016.04.24-00.07.11:209][  0]LogInit:      CURL_VERSION_ASYNCHDNS
[2016.04.24-00.07.11:209][  0]LogInit:      CURL_VERSION_LARGEFILE
[2016.04.24-00.07.11:209][  0]LogInit:      CURL_VERSION_IDN
[2016.04.24-00.07.11:209][  0]LogInit:  CurlRequestOptions (configurable via config and command line):
[2016.04.24-00.07.11:209][  0]LogInit:  - bVerifyPeer = true  - Libcurl will verify peer certificate
[2016.04.24-00.07.11:209][  0]LogInit:  - bUseHttpProxy = false  - Libcurl will NOT use HTTP proxy
[2016.04.24-00.07.11:209][  0]LogInit:  - bDontReuseConnections = false  - Libcurl will reuse connections
[2016.04.24-00.07.11:209][  0]LogInit:  - CertBundlePath = nullptr  - Libcurl will use whatever was configured at build time.
[2016.04.24-00.07.11:215][  0]LogInit: Presizing for 0 objects not considered by GC, pre-allocating 0 bytes.
[2016.04.24-00.07.11:220][  0]LogInit: Object subsystem initialized
[2016.04.24-00.07.11:220][  0]LogInit: Selected Device Profile: [Windows]
[2016.04.24-00.07.11:221][  0]LogInit: Applying CVar settings loaded from the selected device profile: [Windows]
[2016.04.24-00.07.11:228][  0]LogInit: Computer: MSI
[2016.04.24-00.07.11:228][  0]LogInit: User: WillNations
[2016.04.24-00.07.11:228][  0]LogInit: CPU Page size=4096, Cores=4
[2016.04.24-00.07.11:228][  0]LogInit: High frequency timer resolution =2.531252 MHz
[2016.04.24-00.07.11:228][  0]LogMemory: Memory total: Physical=15.9GB (16GB approx)
[2016.04.24-00.07.11:228][  0]LogMemory: Platform Memory Stats for Windows
[2016.04.24-00.07.11:228][  0]LogMemory: Process Physical Memory: 56.07 MB used, 56.07 MB peak
[2016.04.24-00.07.11:228][  0]LogMemory: Process Virtual Memory: 56.91 MB used, 56.91 MB peak
[2016.04.24-00.07.11:228][  0]LogMemory: Physical Memory: 5801.77 MB used, 16296.30 MB total
[2016.04.24-00.07.11:228][  0]LogMemory: Virtual Memory: 382.86 MB used, 134217728.00 MB total
[2016.04.24-00.07.11:560][  0]LogTextLocalizationManager: No specific translations for ('en-US') exist, so ('en') translations will be used.
[2016.04.24-00.07.11:960][  0]LogD3D11RHI: Found D3D11 adapter 0: NVIDIA GeForce GTX 970M              (Feature Level 11_0)
[2016.04.24-00.07.11:960][  0]LogD3D11RHI: Adapter has 2991MB of dedicated video memory, 0MB of dedicated system memory, and 8148MB of shared system memory, 1 output[s]
[2016.04.24-00.07.11:965][  0]LogD3D11RHI: Found D3D11 adapter 1: Intel(R) HD Graphics 530 (Feature Level 11_0)
[2016.04.24-00.07.11:965][  0]LogD3D11RHI: Adapter has 128MB of dedicated video memory, 0MB of dedicated system memory, and 8148MB of shared system memory, 0 output[s]
[2016.04.24-00.07.11:967][  0]LogD3D11RHI: Found D3D11 adapter 2: Microsoft Basic Render Driver (Feature Level 11_0)
[2016.04.24-00.07.11:967][  0]LogD3D11RHI: Adapter has 0MB of dedicated video memory, 0MB of dedicated system memory, and 8148MB of shared system memory, 0 output[s]
[2016.04.24-00.07.11:967][  0]LogD3D11RHI: Chosen D3D11 Adapter Id = 0
[2016.04.24-00.07.11:973][  0]LogD3D11RHI: !Direct3DDevice
[2016.04.24-00.07.11:973][  0]LogRHI: Texture pool is 1361 MB (70% of 1945 MB)
[2016.04.24-00.07.11:988][  0]LogD3D11RHI: Async texture creation enabled
[2016.04.24-00.07.11:999][  0]LogShaderCompilers: Guid format shader working directory is 14 characters bigger than the processId version (D:/Source/GitHub/Spectral/Spectral/Intermediate/Shaders/WorkingDirectory/13108/).
[2016.04.24-00.07.11:999][  0]LogShaderCompilers: Cleaned the shader compiler working directory 'C:/Users/WILLNA~1/AppData/Local/Temp/UnrealShaderWorkingDir/976B96F44FF7BE2D1A2386AA77A38ED2/'.
[2016.04.24-00.07.11:999][  0]LogShaderCompilers:Display: Using Local Shader Compiler.
[2016.04.24-00.07.12:669][  0]LogTemp:Display: Loaded TP AllDesktopTargetPlatform
[2016.04.24-00.07.12:674][  0]LogTemp:Display: Loaded TP WindowsClientTargetPlatform
[2016.04.24-00.07.12:678][  0]LogTemp:Display: Loaded TP WindowsNoEditorTargetPlatform
[2016.04.24-00.07.12:683][  0]LogTemp:Display: Loaded TP WindowsServerTargetPlatform
[2016.04.24-00.07.12:688][  0]LogTemp:Display: Loaded TP WindowsTargetPlatform
[2016.04.24-00.07.12:690][  0]LogTemp:Display: Loaded TP AndroidTargetPlatform
[2016.04.24-00.07.12:693][  0]LogTemp:Display: Loaded TP Android_ASTCTargetPlatform
[2016.04.24-00.07.12:695][  0]LogTemp:Display: Loaded TP Android_ATCTargetPlatform
[2016.04.24-00.07.12:698][  0]LogTemp:Display: Loaded TP Android_DXTTargetPlatform
[2016.04.24-00.07.12:700][  0]LogTemp:Display: Loaded TP Android_ETC1TargetPlatform
[2016.04.24-00.07.12:704][  0]LogTemp:Display: Loaded TP Android_ETC2TargetPlatform
[2016.04.24-00.07.12:709][  0]LogTemp:Display: Loaded TP Android_MultiTargetPlatform
[2016.04.24-00.07.12:709][  0]LogTemp:Display: Loaded TP Android_PVRTCTargetPlatform
[2016.04.24-00.07.12:710][  0]LogTemp:Display: Loaded TP HTML5TargetPlatform
[2016.04.24-00.07.12:727][  0]LogTemp:Display: Loaded TP IOSTargetPlatform
[2016.04.24-00.07.12:729][  0]LogTemp:Display: Loaded TP LinuxNoEditorTargetPlatform
[2016.04.24-00.07.12:731][  0]LogTemp:Display: Loaded TP LinuxServerTargetPlatform
[2016.04.24-00.07.12:734][  0]LogTemp:Display: Loaded TP LinuxTargetPlatform
[2016.04.24-00.07.12:734][  0]LogTargetPlatformManager:Display: Building Assets For Windows
[2016.04.24-00.07.12:816][  0]LogDerivedDataCache:Display: Max Cache Size: 512 MB
[2016.04.24-00.07.12:855][  0]LogDerivedDataCache: Loaded boot cache 0.04s 42MB C:/Users/Will Nations/AppData/Local/UnrealEngine/4.10/DerivedDataCache/Boot.ddc.
[2016.04.24-00.07.12:855][  0]LogDerivedDataCache:Display: Loaded Boot cache: C:/Users/Will Nations/AppData/Local/UnrealEngine/4.10/DerivedDataCache/Boot.ddc
[2016.04.24-00.07.12:855][  0]LogDerivedDataCache: FDerivedDataBackendGraph:  Pak pak cache file D:/Source/GitHub/Spectral/Spectral/DerivedDataCache/DDC.ddp not found, will not use a pak cache.
[2016.04.24-00.07.12:855][  0]LogDerivedDataCache: Unable to find inner node Pak for hierarchical cache Hierarchy.
[2016.04.24-00.07.12:855][  0]LogDerivedDataCache: FDerivedDataBackendGraph:  CompressedPak pak cache file D:/Source/GitHub/Spectral/Spectral/DerivedDataCache/Compressed.ddp not found, will not use a pak cache.
[2016.04.24-00.07.12:855][  0]LogDerivedDataCache: Unable to find inner node CompressedPak for hierarchical cache Hierarchy.
[2016.04.24-00.07.12:906][  0]LogDerivedDataCache:Display: Pak cache opened for reading ../../../Engine/DerivedDataCache/Compressed.ddp.
[2016.04.24-00.07.12:919][  0]LogDerivedDataCache: Using Local data cache path C:/Users/Will Nations/AppData/Local/UnrealEngine/Common/DerivedDataCache: Writable
[2016.04.24-00.07.13:087][  0]LogInit: Selected Device Profile: [Windows]
[2016.04.24-00.07.13:090][  0]LogContentStreaming: Texture pool size is 0.000000MB
[2016.04.24-00.07.13:198][  0]LogMeshUtilities: No automatic mesh reduction module available
[2016.04.24-00.07.13:198][  0]LogMeshUtilities: No automatic mesh merging module available
[2016.04.24-00.07.13:390][  0]LogInit: WinSock: version 1.1 (2.2), MaxSocks=32767, MaxUdp=65467
[2016.04.24-00.07.14:042][  0]UdpMessaging: Initializing bridge on interface 0.0.0.0:0 to multicast group 230.0.0.1:6666.
[2016.04.24-00.07.14:156][  0]LogAssetRegistry: FAssetRegistry took 0.0106 seconds to start up
[2016.04.24-00.07.14:311][  0]SourceControl: Info Source control is disabled
[2016.04.24-00.07.14:312][  0]SourceControl: Info Source control is disabled
[2016.04.24-00.07.14:324][  0]SourceControl: Info Source control is disabled
[2016.04.24-00.07.14:335][  0]SourceControl: Info Source control is disabled
[2016.04.24-00.07.14:583][  0]LogObj: 28695 objects as part of root set at end of initial load.
[2016.04.24-00.07.14:583][  0]LogUObjectAllocator: 6124416 out of 0 bytes used by permanent object pool.
[2016.04.24-00.07.14:635][  0]LogEngine: Initializing Engine...
[2016.04.24-00.07.14:639][  0]LogHMD: Can't find Oculus library dev build: is proper Runtime installed? Version: 0.8.0.0
[2016.04.24-00.07.14:639][  0]LogHMD: SteamVR failed to initialize.  Err: 110
[2016.04.24-00.07.14:750][  0]LogAIModule: Creating AISystem for world NewWorld
[2016.04.24-00.07.14:759][  0]LogInit: XAudio2 using 'Speakers (Realtek High Definition Audio)' : 8 channels at 48 kHz using 32 bits per sample (channel mask 0x63f)
[2016.04.24-00.07.14:857][  0]LogInit: FAudioDevice initialized.
[2016.04.24-00.07.14:878][  0]LogDerivedDataCache: Saved boot cache 0.02s 42MB C:/Users/Will Nations/AppData/Local/UnrealEngine/4.10/DerivedDataCache/Boot.ddc.
[2016.04.24-00.07.14:882][  0]LogInit: Texture streaming: Enabled
[2016.04.24-00.07.14:889][  0]LogAnalytics: Creating configured Analytics provider AnalyticsET
[2016.04.24-00.07.14:889][  0]LogAnalytics: [UEEditor.Rocket.Release] APIServer = http://et2.epicgames.com/ET2/. AppVersion = 4.10.4-2872498+++depot+UE4-Releases+4.10
[2016.04.24-00.07.14:889][  0]LogAnalytics: [UEEditor.Rocket.Release] SetUserId eb35f8c243ed2f1109e96cbc1988804b|d561d110ed77453aad9a9574d4009d80|aa638874-4eff-432e-8efd-912470b4b168
[2016.04.24-00.07.14:889][  0]LogAnalytics: [UEEditor.Rocket.Release] AnalyticsET::StartSession
[2016.04.24-00.07.14:901][  0]LogInit: Transaction tracking system initialized
[2016.04.24-00.07.14:935][  0]BlueprintLog: New page: Editor Load
[2016.04.24-00.07.15:019][  0]LocalizationService: Info Localization service is disabled
[2016.04.24-00.07.15:081][  0]LogLinker:Warning: Can't find file '/Game/TopDownBP/TopDownOverview'
[2016.04.24-00.07.15:081][  0]LogLinker:Warning: Can't find file '/Game/TopDownBP/TopDownOverview'
[2016.04.24-00.07.15:081][  0]LogUObjectGlobals:Warning: Failed to find object 'Class /Game/TopDownBP/TopDownOverview.TopDownOverview_C'
[2016.04.24-00.07.15:093][  0]LogConsoleResponse:Display: 
[2016.04.24-00.07.15:195][  0]LogCook:Display: Done creating registry. It took  0.00s.
[2016.04.24-00.07.15:255][  0]LogFileCache: Scanning file cache for directory 'D:/Source/GitHub/Spectral/Spectral/Content/' took 0.01s
[2016.04.24-00.07.15:255][  0]SourceControl: Info Source control is disabled
[2016.04.24-00.07.15:255][  0]Cmd: MAP LOAD FILE="D:/Source/GitHub/Spectral/Spectral/Content/TwinStickCPP/Maps/TwinStickExampleMap.umap" TEMPLATE=0 SHOWPROGRESS=1 FEATURELEVEL=3
[2016.04.24-00.07.15:256][  0]LightingResults: New page: Lighting Build
[2016.04.24-00.07.15:259][  0]MapCheck: New page: Map Check
[2016.04.24-00.07.15:259][  0]LightingResults: New page: Lighting Build
[2016.04.24-00.07.15:269][  0]LogParticles: Destroying 0 GPU particle simulations for FXSystem 0x000001D7C40D7B00
[2016.04.24-00.07.15:488][  0]LogAIModule: Creating AISystem for world TwinStickExampleMap
[2016.04.24-00.07.15:495][  0]LogEditorServer: Finished looking for orphan Actors (0.000 secs)
[2016.04.24-00.07.15:495][  0]Cmd: MAP CHECKDEP NOCLEARLOG
[2016.04.24-00.07.15:537][  0]MapCheck: Info Map check complete: 0 Error(s), 0 Warning(s), took 41.388ms to complete.
[2016.04.24-00.07.15:537][  0]LogFileHelpers: Loading map 'TwinStickExampleMap' took 0.282
[2016.04.24-00.07.15:642][  0]LogCollectionManager: Loaded 0 collections in 0.002163 seconds
[2016.04.24-00.07.15:681][  0]LogFileCache: Scanning file cache for directory 'D:/Source/GitHub/Spectral/Spectral/Saved/Collections/' took 0.01s
[2016.04.24-00.07.15:681][  0]LogFileCache: Scanning file cache for directory 'D:/Source/GitHub/Spectral/Spectral/Content/Developers/WillNations/Collections/' took 0.01s
[2016.04.24-00.07.15:681][  0]LogFileCache: Scanning file cache for directory 'D:/Source/GitHub/Spectral/Spectral/Content/Collections/' took 0.01s
[2016.04.24-00.07.15:681][  0]LogCollectionManager: Rebuilt the GUID cache for 0 collections in 0.000002 seconds
[2016.04.24-00.07.15:689][  0]LogContentBrowser: Native class hierarchy populated in 0.0080 seconds. Added 1896 classes and 340 folders.
[2016.04.24-00.07.15:697][  0]LogContentBrowser: Native class hierarchy updated for 'WidgetCarousel' in 0.0015 seconds. Added 0 classes and 0 folders.
[2016.04.24-00.07.15:734][  0]LogContentBrowser: Native class hierarchy updated for 'AddContentDialog' in 0.0012 seconds. Added 0 classes and 0 folders.
[2016.04.24-00.07.15:744][  0]LogContentBrowser: Native class hierarchy updated for 'SceneOutliner' in 0.0013 seconds. Added 1 classes and 2 folders.
[2016.04.24-00.07.15:784][  0]LogCrashTracker: Crashtracker disabled due to settings.
[2016.04.24-00.07.15:791][  0]LogUObjectGlobals:Warning: Failed to find object 'Class None.'
[2016.04.24-00.07.15:814][  0]LogLoad: Full Startup: 5.33 seconds (BP compile: 0.03 seconds)
[2016.04.24-00.07.15:835][  0]LogOcInput: Can't find Oculus library dev build: is proper Runtime installed? Version: 0.8.0.0
[2016.04.24-00.07.15:879][  0]LogContentStreaming: Texture pool size now 1000 MB
[2016.04.24-00.07.16:009][  0]LogRenderer: Reallocating scene render targets to support 1160x572 (Frame:2).
[2016.04.24-00.07.16:283][  4]LogAssetRegistry: Asset discovery search completed in 2.1371 seconds
[2016.04.24-00.07.16:283][  4]LogCollectionManager: Rebuilt the object cache for 0 collections in 0.000001 seconds (found 0 objects)
[2016.04.24-00.07.16:283][  4]LogCollectionManager: Fixed up redirectors for 0 collections in 0.000022 seconds (updated 0 objects)
[2016.04.24-00.07.20:569][214]LogVSAccessor:Warning: Couldn't access Visual Studio
[2016.04.24-00.07.20:601][214]Recompiling Spectral...
[2016.04.24-00.07.20:602][214]Launching UnrealBuildTool... [C:/Program Files (x86)/Epic Games/4.10/Engine/Binaries/DotNET/UnrealBuildTool.exe Spectral -ModuleWithSuffix Spectral 8204 Win64 Development -editorrecompile -canskiplink "D:/Source/GitHub/Spectral/Spectral/Spectral.uproject" -rocket  -rocket -2015]
[2016.04.24-00.07.20:604][214]Warning: Starting HotReload took  0.0s.
[2016.04.24-00.07.30:965][431]CompilerResultsLog: New page: Compilation - Apr 23, 2016, 2:07:30 PM
[2016.04.24-00.07.30:965][431]CompilerResultsLog: Info Creating makefile for hot reloading Spectral (no existing makefile)
[2016.04.24-00.07.30:965][431]CompilerResultsLog: Info Compiling game modules for hot reload
[2016.04.24-00.07.30:965][431]CompilerResultsLog: Info Performing full C++ include scan (no include cache file)
[2016.04.24-00.07.30:965][431]CompilerResultsLog: Info Parsing headers for SpectralEditor
[2016.04.24-00.07.30:965][431]CompilerResultsLog: Info   Running UnrealHeaderTool "D:/Source/GitHub/Spectral/Spectral/Spectral.uproject" "D:\Source\GitHub\Spectral\Spectral\Intermediate\Build\Win64\SpectralEditor\Development\UnrealHeaderTool.manifest" -LogCmds="loginit warning, logexit warning, logdatabase error" -rocket -installed
[2016.04.24-00.07.30:965][431]CompilerResultsLog:Error: Error D:/Source/GitHub/Spectral/Spectral/Source/Spectral/Skills/SkillFramework/SkillIntf.h(17)  : Expected a GENERATED_IINTERFACE_BODY() at the start of class
[2016.04.24-00.07.30:965][431]CompilerResultsLog:Error: Error Error: Failed to generate code for SpectralEditor - error code: OtherCompilationError (5) 
[2016.04.24-00.07.30:965][431]CompilerResultsLog: Info UnrealHeaderTool failed for target 'SpectralEditor' (platform: Win64, module info: D:\Source\GitHub\Spectral\Spectral\Intermediate\Build\Win64\SpectralEditor\Development\UnrealHeaderTool.manifest).
[2016.04.24-00.07.30:965][431]LogMainFrame: MainFrame: Module compiling took 10.396 seconds
[2016.04.24-00.07.30:965][431]Warning: HotReload failed, recompile failed
[2016.04.24-00.08.23:558][111]LogVSAccessor:Warning: Couldn't save all documents
[2016.04.24-00.08.23:564][111]Recompiling Spectral...
[2016.04.24-00.08.23:564][111]Launching UnrealBuildTool... [C:/Program Files (x86)/Epic Games/4.10/Engine/Binaries/DotNET/UnrealBuildTool.exe Spectral -ModuleWithSuffix Spectral 575 Win64 Development -editorrecompile -canskiplink "D:/Source/GitHub/Spectral/Spectral/Spectral.uproject" -rocket  -rocket -2015]
[2016.04.24-00.08.23:565][111]Warning: Starting HotReload took  0.1s.
[2016.04.24-00.08.51:104][827]CompilerResultsLog: New page: Compilation - Apr 23, 2016, 2:08:51 PM
[2016.04.24-00.08.51:104][827]CompilerResultsLog: Info Creating makefile for hot reloading Spectral (no existing makefile)
[2016.04.24-00.08.51:104][827]CompilerResultsLog: Info Compiling game modules for hot reload
[2016.04.24-00.08.51:104][827]CompilerResultsLog: Info Performing full C++ include scan (no include cache file)
[2016.04.24-00.08.51:104][827]CompilerResultsLog: Info Parsing headers for SpectralEditor
[2016.04.24-00.08.51:104][827]CompilerResultsLog: Info   Running UnrealHeaderTool "D:/Source/GitHub/Spectral/Spectral/Spectral.uproject" "D:\Source\GitHub\Spectral\Spectral\Intermediate\Build\Win64\SpectralEditor\Development\UnrealHeaderTool.manifest" -LogCmds="loginit warning, logexit warning, logdatabase error" -rocket -installed
[2016.04.24-00.08.51:104][827]CompilerResultsLog: Info Reflection code generated for SpectralEditor in 7.0286597 seconds
[2016.04.24-00.08.51:104][827]CompilerResultsLog: Info Performing 11 actions (4 in parallel)
[2016.04.24-00.08.51:104][827]CompilerResultsLog: Info [2/11] Resource PCLaunch.rc
[2016.04.24-00.08.51:104][827]CompilerResultsLog: Info [3/11] Resource ModuleVersionResource.rc.inl
[2016.04.24-00.08.51:104][827]CompilerResultsLog: Info PCH.Spectral.h.cpp
[2016.04.24-00.08.51:104][827]CompilerResultsLog: Info Spectral.cpp
[2016.04.24-00.08.51:104][827]CompilerResultsLog: Info SpectralGameMode.cpp
[2016.04.24-00.08.51:104][827]CompilerResultsLog: Info SpectralProjectile.cpp
[2016.04.24-00.08.51:105][827]CompilerResultsLog: Info SpectralPawn.cpp
[2016.04.24-00.08.51:105][827]CompilerResultsLog: Info SkillIntf.cpp
[2016.04.24-00.08.51:105][827]CompilerResultsLog:Error: Error D:\Source\GitHub\Spectral\Spectral\Source\Spectral\Skills\SkillFramework\SkillIntf.cpp(4) : fatal error C1083: Cannot open include file: 'Skill.h': No such file or directory
[2016.04.24-00.08.51:105][827]CompilerResultsLog: Info SkillUserIntf.cpp
[2016.04.24-00.08.51:105][827]CompilerResultsLog: Info Spectral.generated.cpp
[2016.04.24-00.08.51:105][827]CompilerResultsLog:Error: Error D:\Source\GitHub\Spectral\Spectral\Source\Spectral\Skills\SkillFramework\SkillUserIntf.cpp(6) : error C2653: 'USkillUser': is not a class or namespace name
[2016.04.24-00.08.51:105][827]CompilerResultsLog:Error: Error D:\Source\GitHub\Spectral\Spectral\Source\Spectral\Skills\SkillFramework\SkillUserIntf.cpp(6) : error C2059: syntax error: 'const'
[2016.04.24-00.08.51:105][827]CompilerResultsLog:Error: Error D:\Source\GitHub\Spectral\Spectral\Source\Spectral\Skills\SkillFramework\SkillUserIntf.cpp(6) : error C2065: 'ObjectInitializer': undeclared identifier
[2016.04.24-00.08.51:105][827]CompilerResultsLog:Error: Error D:\Source\GitHub\Spectral\Spectral\Source\Spectral\Skills\SkillFramework\SkillUserIntf.cpp(6) : error C4430: missing type specifier - int assumed. Note: C++ does not support default-int
[2016.04.24-00.08.51:105][827]CompilerResultsLog:Error: Error D:\Source\GitHub\Spectral\Spectral\Source\Spectral\Skills\SkillFramework\SkillUserIntf.cpp(7) : error C2448: 'Super': function-style initializer appears to be a function definition
[2016.04.24-00.08.51:105][827]CompilerResultsLog: Info -------- End Detailed Actions Stats -----------------------------------------------------------
[2016.04.24-00.08.51:105][827]CompilerResultsLog: Info ERROR: UBT ERROR: Failed to produce item: D:\Source\GitHub\Spectral\Spectral\Binaries\Win64\UE4Editor-Spectral-575.dll
[2016.04.24-00.08.51:105][827]CompilerResultsLog: Info Total build time: 27.46 seconds
[2016.04.24-00.08.51:105][827]LogMainFrame: MainFrame: Module compiling took 27.546 seconds
[2016.04.24-00.08.51:105][827]Warning: HotReload failed, recompile failed
[2016.04.24-00.09.46:122][265]Running C:/Program Files (x86)/Epic Games/4.10/Engine/Binaries/DotNET/UnrealBuildTool.exe  -projectfiles -project="D:/Source/GitHub/Spectral/Spectral/Spectral.uproject" -game -rocket -progress -2015
[2016.04.24-00.09.46:425][265]Discovering modules, targets and source code for game...
[2016.04.24-00.12.42:370][155]Recompiling Spectral...
[2016.04.24-00.12.42:371][155]Launching UnrealBuildTool... [C:/Program Files (x86)/Epic Games/4.10/Engine/Binaries/DotNET/UnrealBuildTool.exe Spectral -ModuleWithSuffix Spectral 2114 Win64 Development -editorrecompile -canskiplink "D:/Source/GitHub/Spectral/Spectral/Spectral.uproject" -rocket  -rocket -2015]
[2016.04.24-00.12.42:373][155]Warning: Starting HotReload took  0.0s.
[2016.04.24-00.12.57:689][555]CompilerResultsLog: New page: Compilation - Apr 23, 2016, 2:12:57 PM
[2016.04.24-00.12.57:690][555]CompilerResultsLog: Info Creating makefile for hot reloading Spectral (modules to compile have changed)
[2016.04.24-00.12.57:690][555]CompilerResultsLog: Info Compiling game modules for hot reload
[2016.04.24-00.12.57:690][555]CompilerResultsLog: Info Parsing headers for SpectralEditor
[2016.04.24-00.12.57:690][555]CompilerResultsLog: Info   Running UnrealHeaderTool "D:/Source/GitHub/Spectral/Spectral/Spectral.uproject" "D:\Source\GitHub\Spectral\Spectral\Intermediate\Build\Win64\SpectralEditor\Development\UnrealHeaderTool.manifest" -LogCmds="loginit warning, logexit warning, logdatabase error" -rocket -installed
[2016.04.24-00.12.57:690][555]CompilerResultsLog: Info Reflection code generated for SpectralEditor in 7.4456691 seconds
[2016.04.24-00.12.57:690][555]CompilerResultsLog: Info Performing 4 actions (4 in parallel)
[2016.04.24-00.12.57:690][555]CompilerResultsLog: Info SkillIntf.cpp
[2016.04.24-00.12.57:690][555]CompilerResultsLog: Info SkillUserIntf.cpp
[2016.04.24-00.12.57:690][555]CompilerResultsLog: Info Spectral.generated.cpp
[2016.04.24-00.12.57:690][555]CompilerResultsLog:Error: Error D:\Source\GitHub\Spectral\Spectral\Source\Spectral\Skills\SkillFramework\SkillUserIntf.cpp(6) : error C2653: 'USkillUser': is not a class or namespace name
[2016.04.24-00.12.57:690][555]CompilerResultsLog:Error: Error D:\Source\GitHub\Spectral\Spectral\Source\Spectral\Skills\SkillFramework\SkillUserIntf.cpp(6) : error C2059: syntax error: 'const'
[2016.04.24-00.12.57:690][555]CompilerResultsLog:Error: Error D:\Source\GitHub\Spectral\Spectral\Source\Spectral\Skills\SkillFramework\SkillUserIntf.cpp(6) : error C2065: 'ObjectInitializer': undeclared identifier
[2016.04.24-00.12.57:690][555]CompilerResultsLog:Error: Error D:\Source\GitHub\Spectral\Spectral\Source\Spectral\Skills\SkillFramework\SkillUserIntf.cpp(6) : error C4430: missing type specifier - int assumed. Note: C++ does not support default-int
[2016.04.24-00.12.57:690][555]CompilerResultsLog:Error: Error D:\Source\GitHub\Spectral\Spectral\Source\Spectral\Skills\SkillFramework\SkillUserIntf.cpp(7) : error C2448: 'Super': function-style initializer appears to be a function definition
[2016.04.24-00.12.57:690][555]CompilerResultsLog: Info -------- End Detailed Actions Stats -----------------------------------------------------------
[2016.04.24-00.12.57:690][555]CompilerResultsLog: Info ERROR: UBT ERROR: Failed to produce item: D:\Source\GitHub\Spectral\Spectral\Binaries\Win64\UE4Editor-Spectral-2114.dll
[2016.04.24-00.12.57:690][555]CompilerResultsLog: Info Total build time: 15.23 seconds
[2016.04.24-00.12.57:690][555]LogMainFrame: MainFrame: Module compiling took 15.338 seconds
[2016.04.24-00.12.57:690][555]Warning: HotReload failed, recompile failed
[2016.04.24-00.13.45:580][ 50]LogHotReload: New module detected: UE4Editor-Spectral-5717.dll
[2016.04.24-00.13.46:259][ 53]LogHotReload: Starting Hot-Reload from IDE
[2016.04.24-00.13.46:362][ 53]LogClass: Could not find existing class SkillIntf in package /Script/Spectral for HotReload, assuming new class
[2016.04.24-00.13.46:362][ 53]LogClass: Could not find existing class SkillUserIntf in package /Script/Spectral for HotReload, assuming new class
[2016.04.24-00.13.46:368][ 53]LogContentBrowser: Native class hierarchy updated for 'Spectral' in 0.0016 seconds. Added 3 classes and 2 folders.
[2016.04.24-00.13.46:369][ 53]Warning: HotReload successful (1 functions remapped  0 scriptstructs remapped)
[2016.04.24-00.13.46:414][ 53]LogContentBrowser: Native class hierarchy populated in 0.0079 seconds. Added 1897 classes and 342 folders.
[2016.04.24-00.15.52:729][493]Recompiling Spectral...
[2016.04.24-00.15.52:729][493]Launching UnrealBuildTool... [C:/Program Files (x86)/Epic Games/4.10/Engine/Binaries/DotNET/UnrealBuildTool.exe Spectral -ModuleWithSuffix Spectral 179 Win64 Development -editorrecompile -canskiplink "D:/Source/GitHub/Spectral/Spectral/Spectral.uproject" -rocket  -rocket -2015]
[2016.04.24-00.15.52:731][493]Warning: Starting HotReload took  0.0s.
[2016.04.24-00.16.07:691][763]CompilerResultsLog: New page: Compilation - Apr 23, 2016, 2:16:07 PM
[2016.04.24-00.16.07:692][763]CompilerResultsLog: Info Creating makefile for hot reloading Spectral (modules to compile have changed)
[2016.04.24-00.16.07:692][763]CompilerResultsLog: Info Compiling game modules for hot reload
[2016.04.24-00.16.07:692][763]CompilerResultsLog: Info Parsing headers for SpectralEditor
[2016.04.24-00.16.07:692][763]CompilerResultsLog: Info   Running UnrealHeaderTool "D:/Source/GitHub/Spectral/Spectral/Spectral.uproject" "D:\Source\GitHub\Spectral\Spectral\Intermediate\Build\Win64\SpectralEditor\Development\UnrealHeaderTool.manifest" -LogCmds="loginit warning, logexit warning, logdatabase error" -rocket -installed
[2016.04.24-00.16.07:692][763]CompilerResultsLog: Info Reflection code generated for SpectralEditor in 6.8538786 seconds
[2016.04.24-00.16.07:692][763]CompilerResultsLog: Info Performing 3 actions (4 in parallel)
[2016.04.24-00.16.07:692][763]CompilerResultsLog: Info SkillIntf.cpp
[2016.04.24-00.16.07:692][763]CompilerResultsLog: Info Spectral.generated.cpp
[2016.04.24-00.16.07:692][763]CompilerResultsLog: Info [3/3] Link UE4Editor-Spectral-179.dll
[2016.04.24-00.16.07:692][763]CompilerResultsLog: Info    Creating library D:\Source\GitHub\Spectral\Spectral\Intermediate/Build/Win64\UE4Editor\Development\UE4Editor-Spectral-179.lib and object D:\Source\GitHub\Spectral\Spectral\Intermediate/Build/Win64\UE4Editor\Development\UE4Editor-Spectral-179.exp
[2016.04.24-00.16.07:692][763]CompilerResultsLog: Info -------- End Detailed Actions Stats -----------------------------------------------------------
[2016.04.24-00.16.07:692][763]CompilerResultsLog: Info Total build time: 14.85 seconds
[2016.04.24-00.16.07:692][763]LogMainFrame: MainFrame: Module compiling took 14.986 seconds
[2016.04.24-00.16.07:754][763]LogContentBrowser: Native class hierarchy updated for 'Spectral' in 0.0014 seconds. Added 3 classes and 2 folders.
[2016.04.24-00.16.07:756][763]Warning: HotReload successful (1 functions remapped  0 scriptstructs remapped)
[2016.04.24-00.16.07:810][763]LogContentBrowser: Native class hierarchy populated in 0.0078 seconds. Added 1897 classes and 342 folders.
[2016.04.24-00.17.15:529][995]LogHotReload: New module detected: UE4Editor-Spectral-7824.dll
[2016.04.24-00.17.15:878][997]LogHotReload: Starting Hot-Reload from IDE
[2016.04.24-00.17.15:964][997]LogContentBrowser: Native class hierarchy updated for 'Spectral' in 0.0013 seconds. Added 3 classes and 2 folders.
[2016.04.24-00.17.15:965][997]Warning: HotReload successful (1 functions remapped  0 scriptstructs remapped)
[2016.04.24-00.17.16:028][997]LogContentBrowser: Native class hierarchy populated in 0.0080 seconds. Added 1897 classes and 342 folders.
[2016.04.24-00.17.38:863][ 65]LogHotReload: New module detected: UE4Editor-Spectral-5351.dll
[2016.04.24-00.17.39:541][ 68]LogHotReload: Starting Hot-Reload from IDE
[2016.04.24-00.17.39:621][ 68]LogContentBrowser: Native class hierarchy updated for 'Spectral' in 0.0014 seconds. Added 3 classes and 2 folders.
[2016.04.24-00.17.39:622][ 68]Warning: HotReload successful (1 functions remapped  0 scriptstructs remapped)
[2016.04.24-00.17.39:680][ 68]LogContentBrowser: Native class hierarchy populated in 0.0084 seconds. Added 1897 classes and 342 folders.
[2016.04.24-00.21.30:864][761]LogHotReload: New module detected: UE4Editor-Spectral-5047.dll
[2016.04.24-00.21.31:542][764]LogHotReload: Starting Hot-Reload from IDE
[2016.04.24-00.21.31:652][764]LogContentBrowser: Native class hierarchy updated for 'Spectral' in 0.0020 seconds. Added 3 classes and 2 folders.
[2016.04.24-00.21.31:653][764]Warning: HotReload successful (1 functions remapped  0 scriptstructs remapped)
[2016.04.24-00.21.31:741][764]LogContentBrowser: Native class hierarchy populated in 0.0133 seconds. Added 1897 classes and 342 folders.
[2016.04.24-00.23.11:531][ 63]LogHotReload: New module detected: UE4Editor-Spectral-3416.dll
[2016.04.24-00.23.11:876][ 65]LogHotReload: Starting Hot-Reload from IDE
[2016.04.24-00.23.11:945][ 65]LogModuleManager:Warning: ModuleManager: Unable to load module 'Spectral' because the file 'D:/Source/GitHub/Spectral/Spectral/Binaries/Win64/UE4Editor-Spectral-3416.dll' was not found.
[2016.04.24-00.23.11:945][ 65]Warning: HotReload failed, reload failed /Script/Spectral.
[2016.04.24-00.23.11:955][ 65]LogContentBrowser: Native class hierarchy populated in 0.0079 seconds. Added 1897 classes and 342 folders.
[2016.04.24-00.42.28:331][605]Running C:/Program Files (x86)/Epic Games/4.10/Engine/Binaries/DotNET/UnrealBuildTool.exe  -projectfiles -project="D:/Source/GitHub/Spectral/Spectral/Spectral.uproject" -game -rocket -progress -2015
[2016.04.24-00.42.28:634][605]Discovering modules, targets and source code for game...
[2016.04.24-01.05.31:138][924]Running C:/Program Files (x86)/Epic Games/4.10/Engine/Binaries/DotNET/UnrealBuildTool.exe Spectral Win64 Development -editorrecompile "D:/Source/GitHub/Spectral/Spectral/Spectral.uproject" -invalidatemakefilesonly -rocket -2015
[2016.04.24-01.05.31:440][924]Invalidating makefiles only in this run.
[2016.04.24-01.05.31:546][924]LogHotReload: Recompiling module Spectral...
[2016.04.24-01.05.31:555][924]Recompiling Spectral...
[2016.04.24-01.05.31:555][924]Launching UnrealBuildTool... [C:/Program Files (x86)/Epic Games/4.10/Engine/Binaries/DotNET/UnrealBuildTool.exe UE4Editor -Module Spectral Win64 Development -editorrecompile -FailIfGeneratedCodeChanges -canskiplink "D:/Source/GitHub/Spectral/Spectral/Spectral.uproject" -rocket  -rocket -2015]
[2016.04.24-01.05.32:822][924]Performing full C++ include scan (hot reloading a new target)
Creating makefile for hot reloading UE4Editor (no existing makefile)
Compiling game modules for hot reload
ERROR: One or more of the modules specified using the '-module' argument could not be found.

[2016.04.24-01.05.32:822][924]CompilerResultsLog: New page: Compilation - Apr 23, 2016, 3:05:32 PM
[2016.04.24-01.05.32:822][924]CompilerResultsLog: Info Performing full C++ include scan (hot reloading a new target)
[2016.04.24-01.05.32:822][924]CompilerResultsLog: Info Creating makefile for hot reloading UE4Editor (no existing makefile)
[2016.04.24-01.05.32:822][924]CompilerResultsLog: Info Compiling game modules for hot reload
[2016.04.24-01.05.32:822][924]CompilerResultsLog: Info ERROR: One or more of the modules specified using the '-module' argument could not be found.
[2016.04.24-01.05.32:822][924]LogMainFrame: MainFrame: Module compiling took 1.270 seconds
[2016.04.24-01.09.06:740][891]LogActorComponent: UnregisterComponent: (/Engine/Transient.ProjectileMovement0) Not registered. Aborting.
[2016.04.24-01.09.07:019][892]Cmd: QUIT_EDITOR
[2016.04.24-01.09.07:099][892]LogWindowsTextInputMethodSystem:Display: IME system now deactivated.
[2016.04.24-01.09.07:154][892]LogExit: Preparing to exit.
[2016.04.24-01.09.08:091][892]LogExit: Editor shut down
[2016.04.24-01.09.08:091][892]LogExit: Transaction tracking system shut down
[2016.04.24-01.09.08:103][892]LogParticles: Destroying 0 GPU particle simulations for FXSystem 0x000001D7C43CF560
[2016.04.24-01.09.08:237][892]LogParticles: Destroying 0 GPU particle simulations for FXSystem 0x000001D7CFD7EDE0
[2016.04.24-01.09.08:237][892]LogExit: Object subsystem successfully closed.
[2016.04.24-01.09.08:255][892]LogD3D11RHI: Shutdown
[2016.04.24-01.09.08:255][892]LogD3D11RHI: CleanupD3DDevice
[2016.04.24-01.09.08:312][892]LogD3D11RHI: ~FD3D11DynamicRHI
[2016.04.24-01.09.08:325][892]LogModuleManager: Shutting down and abandoning module CrashTracker (199)
[2016.04.24-01.09.08:325][892]LogModuleManager: Shutting down and abandoning module SceneOutliner (198)
[2016.04.24-01.09.08:325][892]LogModuleManager: Shutting down and abandoning module SuperSearch (197)
[2016.04.24-01.09.08:325][892]LogModuleManager: Shutting down and abandoning module WidgetCarousel (196)
[2016.04.24-01.09.08:325][892]LogModuleManager: Shutting down and abandoning module AddContentDialog (195)
[2016.04.24-01.09.08:367][892]LogModuleManager: Shutting down and abandoning module EditorWidgets (194)
[2016.04.24-01.09.08:367][892]LogModuleManager: Shutting down and abandoning module CollectionManager (193)
[2016.04.24-01.09.08:367][892]LogModuleManager: Shutting down and abandoning module StatsViewer (192)
[2016.04.24-01.09.08:367][892]LogModuleManager: Shutting down and abandoning module FoliageEdit (191)
[2016.04.24-01.09.08:367][892]LogModuleManager: Shutting down and abandoning module LandscapeEditor (190)
[2016.04.24-01.09.08:367][892]LogModuleManager: Shutting down and abandoning module ActorPickerMode (189)
[2016.04.24-01.09.08:367][892]LogModuleManager: Shutting down and abandoning module GeometryMode (188)
[2016.04.24-01.09.08:367][892]LogModuleManager: Shutting down and abandoning module TextureAlignMode (187)
[2016.04.24-01.09.08:367][892]LogModuleManager: Shutting down and abandoning module BspMode (186)
[2016.04.24-01.09.08:367][892]LogModuleManager: Shutting down and abandoning module PlacementMode (185)
[2016.04.24-01.09.08:368][892]LogModuleManager: Shutting down and abandoning module AutomationWorker (184)
[2016.04.24-01.09.08:368][892]LogModuleManager: Shutting down and abandoning module CharacterAI (183)
[2016.04.24-01.09.08:368][892]LogModuleManager: Shutting down and abandoning module SmartSnapping (182)
[2016.04.24-01.09.08:368][892]LogModuleManager: Shutting down and abandoning module ViewportSnapping (181)
[2016.04.24-01.09.08:368][892]LogModuleManager: Shutting down and abandoning module LogVisualizer (180)
[2016.04.24-01.09.08:368][892]LogModuleManager: Shutting down and abandoning module GameProjectGeneration (179)
[2016.04.24-01.09.08:368][892]LogModuleManager: Shutting down and abandoning module IntroTutorials (178)
[2016.04.24-01.09.08:368][892]LogModuleManager: Shutting down and abandoning module EditorLiveStreaming (177)
[2016.04.24-01.09.08:368][892]LogModuleManager: Shutting down and abandoning module IOSPlatformEditor (176)
[2016.04.24-01.09.08:368][892]LogModuleManager: Shutting down and abandoning module HTML5PlatformEditor (175)
[2016.04.24-01.09.08:368][892]LogModuleManager: Shutting down and abandoning module AndroidDeviceDetection (174)
[2016.04.24-01.09.09:115][892]LogModuleManager: Shutting down and abandoning module AndroidPlatformEditor (173)
[2016.04.24-01.09.09:115][892]LogModuleManager: Shutting down and abandoning module IOSRuntimeSettings (172)
[2016.04.24-01.09.09:115][892]LogModuleManager: Shutting down and abandoning module AndroidRuntimeSettings (171)
[2016.04.24-01.09.09:115][892]LogModuleManager: Shutting down and abandoning module MergeActors (170)
[2016.04.24-01.09.09:115][892]LogModuleManager: Shutting down and abandoning module SizeMap (169)
[2016.04.24-01.09.09:115][892]LogModuleManager: Shutting down and abandoning module TreeMap (168)
[2016.04.24-01.09.09:115][892]LogModuleManager: Shutting down and abandoning module ReferenceViewer (167)
[2016.04.24-01.09.09:115][892]LogModuleManager: Shutting down and abandoning module LocalizationService (166)
[2016.04.24-01.09.09:115][892]LogModuleManager: Shutting down and abandoning module LocalizationDashboard (165)
[2016.04.24-01.09.09:115][892]LogModuleManager: Shutting down and abandoning module HardwareTargeting (164)
[2016.04.24-01.09.09:115][892]LogModuleManager: Shutting down and abandoning module DeviceProfileEditor (163)
[2016.04.24-01.09.09:115][892]LogModuleManager: Shutting down and abandoning module UndoHistory (162)
[2016.04.24-01.09.09:115][892]LogModuleManager: Shutting down and abandoning module GameplayTagsEditor (161)
[2016.04.24-01.09.09:115][892]LogModuleManager: Shutting down and abandoning module UserFeedback (160)
[2016.04.24-01.09.09:115][892]LogModuleManager: Shutting down and abandoning module XmlParser (159)
[2016.04.24-01.09.09:115][892]LogModuleManager: Shutting down and abandoning module Blutility (158)
[2016.04.24-01.09.09:115][892]LogModuleManager: Shutting down and abandoning module ProjectTargetPlatformEditor (157)
[2016.04.24-01.09.09:116][892]LogModuleManager: Shutting down and abandoning module ProjectSettingsViewer (156)
[2016.04.24-01.09.09:116][892]LogModuleManager: Shutting down and abandoning module InputBindingEditor (155)
[2016.04.24-01.09.09:116][892]LogModuleManager: Shutting down and abandoning module EditorSettingsViewer (154)
[2016.04.24-01.09.09:116][892]LogModuleManager: Shutting down and abandoning module SettingsEditor (153)
[2016.04.24-01.09.09:116][892]LogModuleManager: Shutting down and abandoning module ProjectLauncher (152)
[2016.04.24-01.09.09:116][892]LogModuleManager: Shutting down and abandoning module SessionFrontend (151)
[2016.04.24-01.09.09:116][892]LogModuleManager: Shutting down and abandoning module ProfilerClient (150)
[2016.04.24-01.09.09:116][892]LogModuleManager: Shutting down and abandoning module TargetDeviceServices (149)
[2016.04.24-01.09.09:116][892]LogModuleManager: Shutting down and abandoning module DeviceManager (148)
[2016.04.24-01.09.09:116][892]LogModuleManager: Shutting down and abandoning module AutomationController (147)
[2016.04.24-01.09.09:116][892]LogModuleManager: Shutting down and abandoning module AutomationWindow (146)
[2016.04.24-01.09.09:116][892]LogModuleManager: Shutting down and abandoning module Layers (145)
[2016.04.24-01.09.09:116][892]LogModuleManager: Shutting down and abandoning module ComponentVisualizers (144)
[2016.04.24-01.09.09:116][892]LogModuleManager: Shutting down and abandoning module DetailCustomizations (143)
[2016.04.24-01.09.09:116][892]LogModuleManager: Shutting down and abandoning module PackagesDialog (142)
[2016.04.24-01.09.09:116][892]LogModuleManager: Shutting down and abandoning module Persona (141)
[2016.04.24-01.09.09:116][892]LogModuleManager: Shutting down and abandoning module Kismet (140)
[2016.04.24-01.09.09:116][892]LogModuleManager: Shutting down and abandoning module GraphEditor (139)
[2016.04.24-01.09.09:116][892]LogModuleManager: Shutting down and abandoning module ClassViewer (138)
[2016.04.24-01.09.09:118][892]LogModuleManager: Shutting down and abandoning module Toolbox (137)
[2016.04.24-01.09.09:118][892]LogModuleManager: Shutting down and abandoning module ModuleUI (136)
[2016.04.24-01.09.09:118][892]LogModuleManager: Shutting down and abandoning module MovieSceneTools (135)
[2016.04.24-01.09.09:118][892]LogModuleManager: Shutting down and abandoning module OutputLog (134)
[2016.04.24-01.09.09:118][892]LogModuleManager: Shutting down and abandoning module GammaUI (133)
[2016.04.24-01.09.09:118][892]LogModuleManager: Shutting down and abandoning module Documentation (132)
[2016.04.24-01.09.09:118][892]LogModuleManager: Shutting down and abandoning module GameLiveStreaming (131)
[2016.04.24-01.09.09:118][892]LogModuleManager: Shutting down and abandoning module StreamingPauseRendering (130)
[2016.04.24-01.09.09:118][892]LogModuleManager: Shutting down and abandoning module AnalyticsET (129)
[2016.04.24-01.09.09:118][892]LogModuleManager: Shutting down and abandoning module Analytics (128)
[2016.04.24-01.09.09:118][892]LogModuleManager: Shutting down and abandoning module AITestSuite (127)
[2016.04.24-01.09.09:118][892]LogModuleManager: Shutting down and abandoning module GameplayDebugger (126)
[2016.04.24-01.09.09:118][892]LogModuleManager: Shutting down and abandoning module AIModule (125)
[2016.04.24-01.09.09:118][892]LogModuleManager: Shutting down and abandoning module ProfilerService (124)
[2016.04.24-01.09.09:121][892]LogModuleManager: Shutting down and abandoning module TaskGraph (123)
[2016.04.24-01.09.09:121][892]LogModuleManager: Shutting down and abandoning module SlateRemote (122)
[2016.04.24-01.09.09:121][892]LogModuleManager: Shutting down and abandoning module SteamVRController (121)
[2016.04.24-01.09.09:121][892]LogModuleManager: Shutting down and abandoning module SteamVR (120)
[2016.04.24-01.09.09:121][892]LogModuleManager: Shutting down and abandoning module ProceduralMeshComponent (119)
[2016.04.24-01.09.09:121][892]LogModuleManager: Shutting down and abandoning module OculusLibrary (118)
[2016.04.24-01.09.09:121][892]LogModuleManager: Shutting down and abandoning module OculusInput (117)
[2016.04.24-01.09.09:121][892]LogModuleManager: Shutting down and abandoning module LeapMotionController (116)
[2016.04.24-01.09.09:141][892]LogModuleManager: Shutting down and abandoning module CustomMeshComponent (115)
[2016.04.24-01.09.09:141][892]LogModuleManager: Shutting down and abandoning module CableComponent (114)
[2016.04.24-01.09.09:141][892]LogModuleManager: Shutting down and abandoning module ArchVisCharacter (113)
[2016.04.24-01.09.09:141][892]LogModuleManager: Shutting down and abandoning module MessagingDebugger (112)
[2016.04.24-01.09.09:141][892]LogModuleManager: Shutting down and abandoning module MediaPlayerEditor (111)
[2016.04.24-01.09.09:141][892]LogModuleManager: Shutting down and abandoning module HTML5Networking (110)
[2016.04.24-01.09.09:141][892]LogModuleManager: Shutting down and abandoning module SpeedTreeImporter (109)
[2016.04.24-01.09.09:141][892]LogModuleManager: Shutting down and abandoning module PluginBrowser (108)
[2016.04.24-01.09.09:141][892]LogModuleManager: Shutting down and abandoning module EpicSurvey (107)
[2016.04.24-01.09.09:141][892]LogModuleManager: Shutting down and abandoning module DesktopPlatform (106)
[2016.04.24-01.09.09:141][892]LogModuleManager: Shutting down and abandoning module VisualStudioSourceCodeAccess (105)
[2016.04.24-01.09.09:141][892]LogModuleManager: Shutting down and abandoning module UObjectPlugin (104)
[2016.04.24-01.09.09:141][892]LogModuleManager: Shutting down and abandoning module SubversionSourceControl (103)
[2016.04.24-01.09.09:141][892]LogModuleManager: Shutting down and abandoning module PerforceSourceControl (102)
[2016.04.24-01.09.09:141][892]LogModuleManager: Shutting down and abandoning module SourceControl (101)
[2016.04.24-01.09.09:141][892]LogModuleManager: Shutting down and abandoning module GitSourceControl (100)
[2016.04.24-01.09.09:141][892]LogModuleManager: Shutting down and abandoning module LightPropagationVolumeEditor (99)
[2016.04.24-01.09.09:141][892]LogModuleManager: Shutting down and abandoning module PaperTiledImporter (98)
[2016.04.24-01.09.09:141][892]LogModuleManager: Shutting down and abandoning module PaperSpriteSheetImporter (97)
[2016.04.24-01.09.09:141][892]LogModuleManager: Shutting down and abandoning module MeshPaint (96)
[2016.04.24-01.09.09:141][892]LogModuleManager: Shutting down and abandoning module SlateReflector (95)
[2016.04.24-01.09.09:141][892]LogModuleManager: Shutting down and abandoning module HotReload (94)
[2016.04.24-01.09.09:142][892]LogModuleManager: Shutting down and abandoning module MainFrame (93)
[2016.04.24-01.09.09:142][892]LogModuleManager: Shutting down and abandoning module LevelEditor (92)
[2016.04.24-01.09.09:143][892]LogModuleManager: Shutting down and abandoning module DirectoryWatcher (91)
[2016.04.24-01.09.09:145][892]LogModuleManager: Shutting down and abandoning module AssetRegistry (90)
[2016.04.24-01.09.09:235][892]LogModuleManager: Shutting down and abandoning module ContentBrowser (89)
[2016.04.24-01.09.09:236][892]LogModuleManager: Shutting down and abandoning module Paper2DEditor (88)
[2016.04.24-01.09.09:236][892]LogModuleManager: Shutting down and abandoning module UdpMessaging (86)
[2016.04.24-01.09.09:337][892]LogModuleManager: Shutting down and abandoning module LightPropagationVolumeRuntime (85)
[2016.04.24-01.09.09:337][892]LogModuleManager: Shutting down and abandoning module Paper2D (84)
[2016.04.24-01.09.09:337][892]LogModuleManager: Shutting down and abandoning module WindowsMoviePlayer (83)
[2016.04.24-01.09.09:339][892]LogModuleManager: Shutting down and abandoning module Media (82)
[2016.04.24-01.09.09:339][892]LogModuleManager: Shutting down and abandoning module WmfMedia (81)
[2016.04.24-01.09.09:339][892]LogModuleManager: Shutting down and abandoning module OnlineBlueprintSupport (80)
[2016.04.24-01.09.09:339][892]LogModuleManager: Shutting down and abandoning module GameplayTasksEditor (79)
[2016.04.24-01.09.09:339][892]LogModuleManager: Shutting down and abandoning module PropertyEditor (78)
[2016.04.24-01.09.09:339][892]LogModuleManager: Shutting down and abandoning module BehaviorTreeEditor (77)
[2016.04.24-01.09.09:339][892]LogModuleManager: Shutting down and abandoning module FunctionalTesting (76)
[2016.04.24-01.09.09:339][892]LogModuleManager: Shutting down and abandoning module CollisionAnalyzer (75)
[2016.04.24-01.09.09:339][892]LogModuleManager: Shutting down and abandoning module WorkspaceMenuStructure (74)
[2016.04.24-01.09.09:339][892]LogModuleManager: Shutting down and abandoning module MessageLog (73)
[2016.04.24-01.09.09:339][892]LogModuleManager: Shutting down and abandoning module Sequencer (72)
[2016.04.24-01.09.09:339][892]LogModuleManager: Shutting down and abandoning module AssetTools (71)
[2016.04.24-01.09.09:339][892]LogModuleManager: Shutting down and abandoning module UMGEditor (70)
[2016.04.24-01.09.09:339][892]LogModuleManager: Shutting down and abandoning module UMG (69)
[2016.04.24-01.09.09:339][892]LogModuleManager: Shutting down and abandoning module Slate (68)
[2016.04.24-01.09.09:339][892]LogModuleManager: Shutting down and abandoning module EditorStyle (67)
[2016.04.24-01.09.09:342][892]LogModuleManager: Shutting down and abandoning module SessionServices (66)
[2016.04.24-01.09.09:342][892]LogModuleManager: Shutting down and abandoning module SourceCodeAccess (65)
[2016.04.24-01.09.09:342][892]LogModuleManager: Shutting down and abandoning module HeadMountedDisplay (64)
[2016.04.24-01.09.09:342][892]LogModuleManager: Shutting down and abandoning module XAudio2 (63)
[2016.04.24-01.09.09:342][892]LogModuleManager: Shutting down and abandoning module Networking (61)
[2016.04.24-01.09.09:342][892]LogModuleManager: Shutting down and abandoning module Core (60)
[2016.04.24-01.09.09:342][892]LogModuleManager: Shutting down and abandoning module KismetCompiler (59)
[2016.04.24-01.09.09:342][892]LogModuleManager: Shutting down and abandoning module PhysXFormats (58)
[2016.04.24-01.09.09:342][892]LogModuleManager: Shutting down and abandoning module MeshUtilities (57)
[2016.04.24-01.09.09:342][892]LogModuleManager: Shutting down and abandoning module DerivedDataCache (56)
[2016.04.24-01.09.09:365][892]LogDerivedDataCache: Shutdown
[2016.04.24-01.09.09:365][892]LogModuleManager: Shutting down and abandoning module ShaderFormatOpenGL (55)
[2016.04.24-01.09.09:365][892]LogModuleManager: Shutting down and abandoning module ShaderFormatD3D (54)
[2016.04.24-01.09.09:365][892]LogModuleManager: Shutting down and abandoning module MetalShaderFormat (53)
[2016.04.24-01.09.09:365][892]LogModuleManager: Shutting down and abandoning module TextureFormatUncompressed (52)
[2016.04.24-01.09.09:365][892]LogModuleManager: Shutting down and abandoning module TextureFormatPVR (51)
[2016.04.24-01.09.09:365][892]LogModuleManager: Shutting down and abandoning module TextureFormatIntelISPCTexComp (50)
[2016.04.24-01.09.09:365][892]LogModuleManager: Shutting down and abandoning module TextureFormatDXT (49)
[2016.04.24-01.09.09:365][892]LogModuleManager: Shutting down and abandoning module ImageWrapper (48)
[2016.04.24-01.09.09:365][892]LogModuleManager: Shutting down and abandoning module TextureFormatASTC (47)
[2016.04.24-01.09.09:365][892]LogModuleManager: Shutting down and abandoning module TextureFormatAndroid (46)
[2016.04.24-01.09.09:365][892]LogModuleManager: Shutting down and abandoning module AudioFormatOpus (45)
[2016.04.24-01.09.09:365][892]LogModuleManager: Shutting down and abandoning module AudioFormatOgg (44)
[2016.04.24-01.09.09:365][892]LogModuleManager: Shutting down and abandoning module AudioFormatADPCM (43)
[2016.04.24-01.09.09:365][892]LogModuleManager: Shutting down and abandoning module LinuxTargetPlatform (42)
[2016.04.24-01.09.09:366][892]LogModuleManager: Shutting down and abandoning module LinuxServerTargetPlatform (41)
[2016.04.24-01.09.09:366][892]LogModuleManager: Shutting down and abandoning module LinuxNoEditorTargetPlatform (40)
[2016.04.24-01.09.09:366][892]LogModuleManager: Shutting down and abandoning module Messaging (39)
[2016.04.24-01.09.09:366][892]LogModuleManager: Shutting down and abandoning module IOSTargetPlatform (38)
[2016.04.24-01.09.09:366][892]LogModuleManager: Shutting down and abandoning module HTML5TargetPlatform (37)
[2016.04.24-01.09.09:366][892]LogModuleManager: Shutting down and abandoning module Android_PVRTCTargetPlatform (36)
[2016.04.24-01.09.09:366][892]LogModuleManager: Shutting down and abandoning module Android_MultiTargetPlatform (35)
[2016.04.24-01.09.09:366][892]LogModuleManager: Shutting down and abandoning module Android_ETC2TargetPlatform (34)
[2016.04.24-01.09.09:366][892]LogModuleManager: Shutting down and abandoning module Android_ETC1TargetPlatform (33)
[2016.04.24-01.09.09:366][892]LogModuleManager: Shutting down and abandoning module Android_DXTTargetPlatform (32)
[2016.04.24-01.09.09:366][892]LogModuleManager: Shutting down and abandoning module Android_ATCTargetPlatform (31)
[2016.04.24-01.09.09:366][892]LogModuleManager: Shutting down and abandoning module Android_ASTCTargetPlatform (30)
[2016.04.24-01.09.09:366][892]LogModuleManager: Shutting down and abandoning module AndroidTargetPlatform (29)
[2016.04.24-01.09.09:366][892]LogModuleManager: Shutting down and abandoning module WindowsTargetPlatform (28)
[2016.04.24-01.09.09:366][892]LogModuleManager: Shutting down and abandoning module WindowsServerTargetPlatform (27)
[2016.04.24-01.09.09:366][892]LogModuleManager: Shutting down and abandoning module WindowsNoEditorTargetPlatform (26)
[2016.04.24-01.09.09:366][892]LogModuleManager: Shutting down and abandoning module WindowsClientTargetPlatform (25)
[2016.04.24-01.09.09:366][892]LogModuleManager: Shutting down and abandoning module AllDesktopTargetPlatform (24)
[2016.04.24-01.09.09:366][892]LogModuleManager: Shutting down and abandoning module TargetPlatform (23)
[2016.04.24-01.09.09:366][892]LogModuleManager: Shutting down and abandoning module InputCore (22)
[2016.04.24-01.09.09:366][892]LogModuleManager: Shutting down and abandoning module Settings (21)
[2016.04.24-01.09.09:367][892]LogModuleManager: Shutting down and abandoning module OnlineSubsystem (19)
[2016.04.24-01.09.09:367][892]LogModuleManager: Shutting down and abandoning module HTTP (18)
[2016.04.24-01.09.10:369][892]LogModuleManager: Shutting down and abandoning module XMPP (17)
[2016.04.24-01.09.10:369][892]LogModuleManager: Shutting down and abandoning module OculusRift (16)
[2016.04.24-01.09.10:369][892]LogModuleManager: Shutting down and abandoning module ExampleDeviceProfileSelector (15)
[2016.04.24-01.09.10:369][892]LogModuleManager: Shutting down and abandoning module TextureCompressor (14)
[2016.04.24-01.09.10:369][892]LogModuleManager: Shutting down and abandoning module ShaderCore (13)
[2016.04.24-01.09.10:369][892]LogModuleManager: Shutting down and abandoning module Landscape (12)
[2016.04.24-01.09.10:369][892]LogModuleManager: Shutting down and abandoning module SlateRHIRenderer (11)
[2016.04.24-01.09.10:370][892]LogModuleManager: Shutting down and abandoning module OpenGLDrv (10)
[2016.04.24-01.09.10:370][892]LogModuleManager: Shutting down and abandoning module D3D11RHI (9)
[2016.04.24-01.09.10:370][892]LogModuleManager: Shutting down and abandoning module AnimGraphRuntime (8)
[2016.04.24-01.09.10:370][892]LogModuleManager: Shutting down and abandoning module Renderer (7)
[2016.04.24-01.09.10:370][892]LogModuleManager: Shutting down and abandoning module Engine (6)
[2016.04.24-01.09.10:370][892]LogModuleManager: Shutting down and abandoning module CoreUObject (5)
[2016.04.24-01.09.10:370][892]LogModuleManager: Shutting down and abandoning module NetworkFile (4)
[2016.04.24-01.09.10:370][892]LogModuleManager: Shutting down and abandoning module StreamingFile (3)
[2016.04.24-01.09.10:370][892]LogModuleManager: Shutting down and abandoning module SandboxFile (2)
[2016.04.24-01.09.10:370][892]LogModuleManager: Shutting down and abandoning module PakFile (1)
[2016.04.24-01.09.10:372][892]LogExit: Exiting.
[2016.04.24-01.09.10:376][892]Log file closed, 04/23/16 20:09:10
