[2016.04.24-05.24.45:948][  0]Log file open, 04/24/16 00:24:45
[2016.04.24-05.24.45:948][  0]LogInit:Display: Running engine for game: Spectral
[2016.04.24-05.24.45:948][  0]LogPlatformFile: Not using cached read wrapper
[2016.04.24-05.24.45:948][  0]LogInit:Display: RandInit(-749815862) SRandInit(-749815862).
[2016.04.24-05.24.45:948][  0]LogTaskGraph: Started task graph with 4 named threads and 7 total threads.
[2016.04.24-05.24.45:948][  0]LogStats: Stats thread started at 0.075610
[2016.04.24-05.24.45:948][  0]LogInit: Version: 4.10.4-2872498+++depot+UE4-Releases+4.10
[2016.04.24-05.24.45:948][  0]LogInit: API Version: 2758231
[2016.04.24-05.24.45:948][  0]LogInit: Compiled (64-bit): Feb 18 2016 15:47:04
[2016.04.24-05.24.45:948][  0]LogInit: Compiled with Visual C++: 19.00.23026.00
[2016.04.24-05.24.45:948][  0]LogInit: Build Configuration: Development
[2016.04.24-05.24.45:948][  0]LogInit: Branch Name: ++depot+UE4-Releases+4.10
[2016.04.24-05.24.45:948][  0]LogInit: Command line:  
[2016.04.24-05.24.45:948][  0]LogInit: Base directory: C:/Program Files (x86)/Epic Games/4.10/Engine/Binaries/Win64/
[2016.04.24-05.24.45:948][  0]LogInit: Rocket: 1
[2016.04.24-05.24.45:955][  0]LogInit: Using libcurl 7.41.0
[2016.04.24-05.24.45:955][  0]LogInit:  - built for x86_64-pc-win32
[2016.04.24-05.24.45:955][  0]LogInit:  - supports SSL with WinSSL
[2016.04.24-05.24.45:955][  0]LogInit:  - other features:
[2016.04.24-05.24.45:955][  0]LogInit:      CURL_VERSION_SSL
[2016.04.24-05.24.45:955][  0]LogInit:      CURL_VERSION_IPV6
[2016.04.24-05.24.45:955][  0]LogInit:      CURL_VERSION_ASYNCHDNS
[2016.04.24-05.24.45:955][  0]LogInit:      CURL_VERSION_LARGEFILE
[2016.04.24-05.24.45:955][  0]LogInit:      CURL_VERSION_IDN
[2016.04.24-05.24.45:955][  0]LogInit:  CurlRequestOptions (configurable via config and command line):
[2016.04.24-05.24.45:955][  0]LogInit:  - bVerifyPeer = true  - Libcurl will verify peer certificate
[2016.04.24-05.24.45:955][  0]LogInit:  - bUseHttpProxy = false  - Libcurl will NOT use HTTP proxy
[2016.04.24-05.24.45:955][  0]LogInit:  - bDontReuseConnections = false  - Libcurl will reuse connections
[2016.04.24-05.24.45:955][  0]LogInit:  - CertBundlePath = nullptr  - Libcurl will use whatever was configured at build time.
[2016.04.24-05.24.45:962][  0]LogInit: Presizing for 0 objects not considered by GC, pre-allocating 0 bytes.
[2016.04.24-05.24.45:967][  0]LogInit: Object subsystem initialized
[2016.04.24-05.24.45:968][  0]LogInit: Selected Device Profile: [Windows]
[2016.04.24-05.24.45:968][  0]LogInit: Applying CVar settings loaded from the selected device profile: [Windows]
[2016.04.24-05.24.45:976][  0]LogInit: Computer: MSI
[2016.04.24-05.24.45:976][  0]LogInit: User: WillNations
[2016.04.24-05.24.45:976][  0]LogInit: CPU Page size=4096, Cores=4
[2016.04.24-05.24.45:976][  0]LogInit: High frequency timer resolution =2.531252 MHz
[2016.04.24-05.24.45:976][  0]LogMemory: Memory total: Physical=15.9GB (16GB approx)
[2016.04.24-05.24.45:976][  0]LogMemory: Platform Memory Stats for Windows
[2016.04.24-05.24.45:976][  0]LogMemory: Process Physical Memory: 56.51 MB used, 56.51 MB peak
[2016.04.24-05.24.45:976][  0]LogMemory: Process Virtual Memory: 56.88 MB used, 56.88 MB peak
[2016.04.24-05.24.45:976][  0]LogMemory: Physical Memory: 5461.39 MB used, 16296.30 MB total
[2016.04.24-05.24.45:976][  0]LogMemory: Virtual Memory: 382.86 MB used, 134217728.00 MB total
[2016.04.24-05.24.46:309][  0]LogTextLocalizationManager: No specific translations for ('en-US') exist, so ('en') translations will be used.
[2016.04.24-05.24.46:730][  0]LogD3D11RHI: Found D3D11 adapter 0: NVIDIA GeForce GTX 970M              (Feature Level 11_0)
[2016.04.24-05.24.46:730][  0]LogD3D11RHI: Adapter has 2991MB of dedicated video memory, 0MB of dedicated system memory, and 8148MB of shared system memory, 1 output[s]
[2016.04.24-05.24.46:736][  0]LogD3D11RHI: Found D3D11 adapter 1: Intel(R) HD Graphics 530 (Feature Level 11_0)
[2016.04.24-05.24.46:736][  0]LogD3D11RHI: Adapter has 128MB of dedicated video memory, 0MB of dedicated system memory, and 8148MB of shared system memory, 0 output[s]
[2016.04.24-05.24.46:738][  0]LogD3D11RHI: Found D3D11 adapter 2: Microsoft Basic Render Driver (Feature Level 11_0)
[2016.04.24-05.24.46:738][  0]LogD3D11RHI: Adapter has 0MB of dedicated video memory, 0MB of dedicated system memory, and 8148MB of shared system memory, 0 output[s]
[2016.04.24-05.24.46:738][  0]LogD3D11RHI: Chosen D3D11 Adapter Id = 0
[2016.04.24-05.24.46:744][  0]LogD3D11RHI: !Direct3DDevice
[2016.04.24-05.24.46:744][  0]LogRHI: Texture pool is 1361 MB (70% of 1945 MB)
[2016.04.24-05.24.46:758][  0]LogD3D11RHI: Async texture creation enabled
[2016.04.24-05.24.46:768][  0]LogShaderCompilers: Guid format shader working directory is 14 characters bigger than the processId version (D:/Source/GitHub/Spectral/Spectral/Intermediate/Shaders/WorkingDirectory/14572/).
[2016.04.24-05.24.46:768][  0]LogShaderCompilers: Cleaned the shader compiler working directory 'C:/Users/WILLNA~1/AppData/Local/Temp/UnrealShaderWorkingDir/A77B17084175607726568C9741FA0B1D/'.
[2016.04.24-05.24.46:768][  0]LogShaderCompilers:Display: Using Local Shader Compiler.
[2016.04.24-05.24.47:471][  0]LogTemp:Display: Loaded TP AllDesktopTargetPlatform
[2016.04.24-05.24.47:476][  0]LogTemp:Display: Loaded TP WindowsClientTargetPlatform
[2016.04.24-05.24.47:481][  0]LogTemp:Display: Loaded TP WindowsNoEditorTargetPlatform
[2016.04.24-05.24.47:485][  0]LogTemp:Display: Loaded TP WindowsServerTargetPlatform
[2016.04.24-05.24.47:489][  0]LogTemp:Display: Loaded TP WindowsTargetPlatform
[2016.04.24-05.24.47:492][  0]LogTemp:Display: Loaded TP AndroidTargetPlatform
[2016.04.24-05.24.47:495][  0]LogTemp:Display: Loaded TP Android_ASTCTargetPlatform
[2016.04.24-05.24.47:498][  0]LogTemp:Display: Loaded TP Android_ATCTargetPlatform
[2016.04.24-05.24.47:501][  0]LogTemp:Display: Loaded TP Android_DXTTargetPlatform
[2016.04.24-05.24.47:503][  0]LogTemp:Display: Loaded TP Android_ETC1TargetPlatform
[2016.04.24-05.24.47:506][  0]LogTemp:Display: Loaded TP Android_ETC2TargetPlatform
[2016.04.24-05.24.47:512][  0]LogTemp:Display: Loaded TP Android_MultiTargetPlatform
[2016.04.24-05.24.47:512][  0]LogTemp:Display: Loaded TP Android_PVRTCTargetPlatform
[2016.04.24-05.24.47:513][  0]LogTemp:Display: Loaded TP HTML5TargetPlatform
[2016.04.24-05.24.47:529][  0]LogTemp:Display: Loaded TP IOSTargetPlatform
[2016.04.24-05.24.47:532][  0]LogTemp:Display: Loaded TP LinuxNoEditorTargetPlatform
[2016.04.24-05.24.47:535][  0]LogTemp:Display: Loaded TP LinuxServerTargetPlatform
[2016.04.24-05.24.47:538][  0]LogTemp:Display: Loaded TP LinuxTargetPlatform
[2016.04.24-05.24.47:538][  0]LogTargetPlatformManager:Display: Building Assets For Windows
[2016.04.24-05.24.47:623][  0]LogDerivedDataCache:Display: Max Cache Size: 512 MB
[2016.04.24-05.24.47:664][  0]LogDerivedDataCache: Loaded boot cache 0.04s 42MB C:/Users/Will Nations/AppData/Local/UnrealEngine/4.10/DerivedDataCache/Boot.ddc.
[2016.04.24-05.24.47:664][  0]LogDerivedDataCache:Display: Loaded Boot cache: C:/Users/Will Nations/AppData/Local/UnrealEngine/4.10/DerivedDataCache/Boot.ddc
[2016.04.24-05.24.47:664][  0]LogDerivedDataCache: FDerivedDataBackendGraph:  Pak pak cache file D:/Source/GitHub/Spectral/Spectral/DerivedDataCache/DDC.ddp not found, will not use a pak cache.
[2016.04.24-05.24.47:664][  0]LogDerivedDataCache: Unable to find inner node Pak for hierarchical cache Hierarchy.
[2016.04.24-05.24.47:664][  0]LogDerivedDataCache: FDerivedDataBackendGraph:  CompressedPak pak cache file D:/Source/GitHub/Spectral/Spectral/DerivedDataCache/Compressed.ddp not found, will not use a pak cache.
[2016.04.24-05.24.47:664][  0]LogDerivedDataCache: Unable to find inner node CompressedPak for hierarchical cache Hierarchy.
[2016.04.24-05.24.47:716][  0]LogDerivedDataCache:Display: Pak cache opened for reading ../../../Engine/DerivedDataCache/Compressed.ddp.
[2016.04.24-05.24.47:729][  0]LogDerivedDataCache: Using Local data cache path C:/Users/Will Nations/AppData/Local/UnrealEngine/Common/DerivedDataCache: Writable
[2016.04.24-05.24.47:885][  0]LogInit: Selected Device Profile: [Windows]
[2016.04.24-05.24.47:887][  0]LogContentStreaming: Texture pool size is 0.000000MB
[2016.04.24-05.24.47:983][  0]LogMeshUtilities: No automatic mesh reduction module available
[2016.04.24-05.24.47:983][  0]LogMeshUtilities: No automatic mesh merging module available
[2016.04.24-05.24.48:174][  0]LogInit: WinSock: version 1.1 (2.2), MaxSocks=32767, MaxUdp=65467
[2016.04.24-05.24.48:848][  0]UdpMessaging: Initializing bridge on interface 0.0.0.0:0 to multicast group 230.0.0.1:6666.
[2016.04.24-05.24.48:963][  0]LogAssetRegistry: FAssetRegistry took 0.0108 seconds to start up
[2016.04.24-05.24.49:123][  0]SourceControl: Info Source control is disabled
[2016.04.24-05.24.49:124][  0]SourceControl: Info Source control is disabled
[2016.04.24-05.24.49:137][  0]SourceControl: Info Source control is disabled
[2016.04.24-05.24.49:150][  0]SourceControl: Info Source control is disabled
[2016.04.24-05.24.49:397][  0]LogObj: 28697 objects as part of root set at end of initial load.
[2016.04.24-05.24.49:397][  0]LogUObjectAllocator: 6124896 out of 0 bytes used by permanent object pool.
[2016.04.24-05.24.49:449][  0]LogEngine: Initializing Engine...
[2016.04.24-05.24.49:452][  0]LogHMD: Can't find Oculus library dev build: is proper Runtime installed? Version: 0.8.0.0
[2016.04.24-05.24.49:453][  0]LogHMD: SteamVR failed to initialize.  Err: 110
[2016.04.24-05.24.49:560][  0]LogAIModule: Creating AISystem for world NewWorld
[2016.04.24-05.24.49:573][  0]LogInit: XAudio2 using 'Speakers (Turtle Beach P12)' : 2 channels at 44.1 kHz using 16 bits per sample (channel mask 0x3)
[2016.04.24-05.24.49:581][  0]LogInit: FAudioDevice initialized.
[2016.04.24-05.24.49:601][  0]LogDerivedDataCache: Saved boot cache 0.02s 42MB C:/Users/Will Nations/AppData/Local/UnrealEngine/4.10/DerivedDataCache/Boot.ddc.
[2016.04.24-05.24.49:605][  0]LogInit: Texture streaming: Enabled
[2016.04.24-05.24.49:612][  0]LogAnalytics: Creating configured Analytics provider AnalyticsET
[2016.04.24-05.24.49:612][  0]LogAnalytics: [UEEditor.Rocket.Release] APIServer = http://et2.epicgames.com/ET2/. AppVersion = 4.10.4-2872498+++depot+UE4-Releases+4.10
[2016.04.24-05.24.49:612][  0]LogAnalytics: [UEEditor.Rocket.Release] SetUserId eb35f8c243ed2f1109e96cbc1988804b|d561d110ed77453aad9a9574d4009d80|aa638874-4eff-432e-8efd-912470b4b168
[2016.04.24-05.24.49:612][  0]LogAnalytics: [UEEditor.Rocket.Release] AnalyticsET::StartSession
[2016.04.24-05.24.49:623][  0]LogInit: Transaction tracking system initialized
[2016.04.24-05.24.49:652][  0]BlueprintLog: New page: Editor Load
[2016.04.24-05.24.49:744][  0]LocalizationService: Info Localization service is disabled
[2016.04.24-05.24.49:809][  0]LogLinker:Warning: Can't find file '/Game/TopDownBP/TopDownOverview'
[2016.04.24-05.24.49:809][  0]LogLinker:Warning: Can't find file '/Game/TopDownBP/TopDownOverview'
[2016.04.24-05.24.49:809][  0]LogUObjectGlobals:Warning: Failed to find object 'Class /Game/TopDownBP/TopDownOverview.TopDownOverview_C'
[2016.04.24-05.24.49:820][  0]LogConsoleResponse:Display: 
[2016.04.24-05.24.49:922][  0]LogCook:Display: Done creating registry. It took  0.00s.
[2016.04.24-05.24.49:982][  0]LogFileCache: Scanning file cache for directory 'D:/Source/GitHub/Spectral/Spectral/Content/' took 0.01s
[2016.04.24-05.24.49:982][  0]SourceControl: Info Source control is disabled
[2016.04.24-05.24.49:982][  0]Cmd: MAP LOAD FILE="D:/Source/GitHub/Spectral/Spectral/Content/TwinStickCPP/Maps/TwinStickExampleMap.umap" TEMPLATE=0 SHOWPROGRESS=1 FEATURELEVEL=3
[2016.04.24-05.24.49:983][  0]LightingResults: New page: Lighting Build
[2016.04.24-05.24.49:987][  0]MapCheck: New page: Map Check
[2016.04.24-05.24.49:987][  0]LightingResults: New page: Lighting Build
[2016.04.24-05.24.49:999][  0]LogParticles: Destroying 0 GPU particle simulations for FXSystem 0x00000146B77D7B00
[2016.04.24-05.24.50:220][  0]LogAIModule: Creating AISystem for world TwinStickExampleMap
[2016.04.24-05.24.50:227][  0]LogEditorServer: Finished looking for orphan Actors (0.000 secs)
[2016.04.24-05.24.50:228][  0]Cmd: MAP CHECKDEP NOCLEARLOG
[2016.04.24-05.24.50:271][  0]MapCheck: Info Map check complete: 0 Error(s), 0 Warning(s), took 42.728ms to complete.
[2016.04.24-05.24.50:271][  0]LogFileHelpers: Loading map 'TwinStickExampleMap' took 0.289
[2016.04.24-05.24.50:371][  0]LogCollectionManager: Loaded 0 collections in 0.002006 seconds
[2016.04.24-05.24.50:411][  0]LogFileCache: Scanning file cache for directory 'D:/Source/GitHub/Spectral/Spectral/Saved/Collections/' took 0.01s
[2016.04.24-05.24.50:411][  0]LogFileCache: Scanning file cache for directory 'D:/Source/GitHub/Spectral/Spectral/Content/Developers/WillNations/Collections/' took 0.01s
[2016.04.24-05.24.50:411][  0]LogFileCache: Scanning file cache for directory 'D:/Source/GitHub/Spectral/Spectral/Content/Collections/' took 0.01s
[2016.04.24-05.24.50:411][  0]LogCollectionManager: Rebuilt the GUID cache for 0 collections in 0.000006 seconds
[2016.04.24-05.24.50:420][  0]LogContentBrowser: Native class hierarchy populated in 0.0095 seconds. Added 1896 classes and 340 folders.
[2016.04.24-05.24.50:429][  0]LogContentBrowser: Native class hierarchy updated for 'WidgetCarousel' in 0.0017 seconds. Added 0 classes and 0 folders.
[2016.04.24-05.24.50:473][  0]LogContentBrowser: Native class hierarchy updated for 'AddContentDialog' in 0.0020 seconds. Added 0 classes and 0 folders.
[2016.04.24-05.24.50:486][  0]LogContentBrowser: Native class hierarchy updated for 'SceneOutliner' in 0.0020 seconds. Added 1 classes and 2 folders.
[2016.04.24-05.24.50:533][  0]LogCrashTracker: Crashtracker disabled due to settings.
[2016.04.24-05.24.50:539][  0]LogUObjectGlobals:Warning: Failed to find object 'Class None.'
[2016.04.24-05.24.50:561][  0]LogLoad: Full Startup: 5.37 seconds (BP compile: 0.03 seconds)
[2016.04.24-05.24.50:583][  0]LogOcInput: Can't find Oculus library dev build: is proper Runtime installed? Version: 0.8.0.0
[2016.04.24-05.24.50:624][  0]LogContentStreaming: Texture pool size now 1000 MB
[2016.04.24-05.24.50:759][  0]LogRenderer: Reallocating scene render targets to support 1160x572 (Frame:2).
[2016.04.24-05.24.51:003][  3]LogAssetRegistry: Asset discovery search completed in 2.0506 seconds
[2016.04.24-05.24.51:003][  3]LogCollectionManager: Rebuilt the object cache for 0 collections in 0.000000 seconds (found 0 objects)
[2016.04.24-05.24.51:003][  3]LogCollectionManager: Fixed up redirectors for 0 collections in 0.000022 seconds (updated 0 objects)
[2016.04.24-05.24.52:386][ 64]LogVSAccessor:Warning: Couldn't access Visual Studio
[2016.04.24-05.24.52:419][ 64]Recompiling Spectral...
[2016.04.24-05.24.52:419][ 64]Launching UnrealBuildTool... [C:/Program Files (x86)/Epic Games/4.10/Engine/Binaries/DotNET/UnrealBuildTool.exe Spectral -ModuleWithSuffix Spectral 5738 Win64 Development -editorrecompile -canskiplink "D:/Source/GitHub/Spectral/Spectral/Spectral.uproject" -rocket  -rocket -2015]
[2016.04.24-05.24.52:422][ 64]Warning: Starting HotReload took  0.0s.
[2016.04.24-05.25.06:671][437]CompilerResultsLog: New page: Compilation - Apr 23, 2016, 7:25:06 PM
[2016.04.24-05.25.06:672][437]CompilerResultsLog: Info Creating makefile for hot reloading Spectral (modules to compile have changed)
[2016.04.24-05.25.06:672][437]CompilerResultsLog: Info Compiling game modules for hot reload
[2016.04.24-05.25.06:672][437]CompilerResultsLog: Info Parsing headers for SpectralEditor
[2016.04.24-05.25.06:672][437]CompilerResultsLog: Info   Running UnrealHeaderTool "D:/Source/GitHub/Spectral/Spectral/Spectral.uproject" "D:\Source\GitHub\Spectral\Spectral\Intermediate\Build\Win64\SpectralEditor\Development\UnrealHeaderTool.manifest" -LogCmds="loginit warning, logexit warning, logdatabase error" -rocket -installed
[2016.04.24-05.25.06:672][437]CompilerResultsLog: Info Reflection code generated for SpectralEditor in 6.6952243 seconds
[2016.04.24-05.25.06:672][437]CompilerResultsLog: Info Performing 3 actions (4 in parallel)
[2016.04.24-05.25.06:672][437]CompilerResultsLog: Info TargetingAreaIntf.cpp
[2016.04.24-05.25.06:672][437]CompilerResultsLog: Info Spectral.generated.cpp
[2016.04.24-05.25.06:672][437]CompilerResultsLog:Error: Error d:\source\github\spectral\spectral\source\spectral\skills\skillframework\targetingframework\targetingareaintf.cpp(13)  : error C4172: returning address of local variable or temporary: targets
[2016.04.24-05.25.06:672][437]CompilerResultsLog:Error: Error D:\Source\GitHub\Spectral\Spectral\Intermediate\Build\Win64\UE4Editor\Inc\Spectral\Spectral.generated.cpp(95) : error C2556: 'TArray<TScriptInterface<ITargetableIntf>,FDefaultAllocator> ITargetingAreaIntf::GetTargets(void)': overloaded function differs only by return type from 'const TArray<TScriptInterface<ITargetableIntf>,FDefaultAllocator> &ITargetingAreaIntf::GetTargets(void)'
[2016.04.24-05.25.06:672][437]CompilerResultsLog:Error: Error D:\Source\GitHub\Spectral\Spectral\Source\Spectral\Skills/SkillFramework/TargetingFramework/TargetingAreaIntf.h(20) : note: see declaration of 'ITargetingAreaIntf::GetTargets'
[2016.04.24-05.25.06:672][437]CompilerResultsLog:Error: Error D:\Source\GitHub\Spectral\Spectral\Intermediate\Build\Win64\UE4Editor\Inc\Spectral\Spectral.generated.cpp(95) : error C2373: 'ITargetingAreaIntf::GetTargets': redefinition; different type modifiers
[2016.04.24-05.25.06:672][437]CompilerResultsLog:Error: Error D:\Source\GitHub\Spectral\Spectral\Source\Spectral\Skills/SkillFramework/TargetingFramework/TargetingAreaIntf.h(20) : note: see declaration of 'ITargetingAreaIntf::GetTargets'
[2016.04.24-05.25.06:672][437]CompilerResultsLog: Info -------- End Detailed Actions Stats -----------------------------------------------------------
[2016.04.24-05.25.06:673][437]CompilerResultsLog: Info ERROR: UBT ERROR: Failed to produce item: D:\Source\GitHub\Spectral\Spectral\Binaries\Win64\UE4Editor-Spectral-5738.dll
[2016.04.24-05.25.06:673][437]CompilerResultsLog: Info Total build time: 14.17 seconds
[2016.04.24-05.25.06:673][437]LogMainFrame: MainFrame: Module compiling took 14.287 seconds
[2016.04.24-05.25.06:673][437]Warning: HotReload failed, recompile failed
[2016.04.24-05.27.09:546][803]Recompiling Spectral...
[2016.04.24-05.27.09:546][803]Launching UnrealBuildTool... [C:/Program Files (x86)/Epic Games/4.10/Engine/Binaries/DotNET/UnrealBuildTool.exe Spectral -ModuleWithSuffix Spectral 9310 Win64 Development -editorrecompile -canskiplink "D:/Source/GitHub/Spectral/Spectral/Spectral.uproject" -rocket  -rocket -2015]
[2016.04.24-05.27.09:548][803]Warning: Starting HotReload took  0.0s.
[2016.04.24-05.27.16:265][989]CompilerResultsLog: New page: Compilation - Apr 23, 2016, 7:27:16 PM
[2016.04.24-05.27.16:266][989]CompilerResultsLog: Info Compiling game modules for hot reload
[2016.04.24-05.27.16:266][989]CompilerResultsLog: Info Parsing headers for SpectralEditor
[2016.04.24-05.27.16:266][989]CompilerResultsLog: Info   Running UnrealHeaderTool "D:/Source/GitHub/Spectral/Spectral/Spectral.uproject" "D:\Source\GitHub\Spectral\Spectral\Intermediate\Build\Win64\SpectralEditor\Development\UnrealHeaderTool.manifest" -LogCmds="loginit warning, logexit warning, logdatabase error" -rocket -installed
[2016.04.24-05.27.16:266][989]CompilerResultsLog:Error: Error D:/Source/GitHub/Spectral/Spectral/Source/Spectral/Skills/SkillFramework/TargetingFramework/TargetingAreaIntf.h(20)  : Inappropriate '*' on variable of type 'TArray', cannot have an exposed pointer to this type.
[2016.04.24-05.27.16:266][989]CompilerResultsLog:Error: Error Error: Failed to generate code for SpectralEditor - error code: OtherCompilationError (5) 
[2016.04.24-05.27.16:266][989]CompilerResultsLog: Info UnrealHeaderTool failed for target 'SpectralEditor' (platform: Win64, module info: D:\Source\GitHub\Spectral\Spectral\Intermediate\Build\Win64\SpectralEditor\Development\UnrealHeaderTool.manifest).
[2016.04.24-05.27.16:266][989]LogMainFrame: MainFrame: Module compiling took 6.724 seconds
[2016.04.24-05.27.16:266][989]Warning: HotReload failed, recompile failed
[2016.04.24-05.29.35:081][959]Recompiling Spectral...
[2016.04.24-05.29.35:082][959]Launching UnrealBuildTool... [C:/Program Files (x86)/Epic Games/4.10/Engine/Binaries/DotNET/UnrealBuildTool.exe Spectral -ModuleWithSuffix Spectral 6415 Win64 Development -editorrecompile -canskiplink "D:/Source/GitHub/Spectral/Spectral/Spectral.uproject" -rocket  -rocket -2015]
[2016.04.24-05.29.35:084][959]Warning: Starting HotReload took  0.0s.
[2016.04.24-05.29.41:890][147]CompilerResultsLog: New page: Compilation - Apr 23, 2016, 7:29:41 PM
[2016.04.24-05.29.41:891][147]CompilerResultsLog: Info Compiling game modules for hot reload
[2016.04.24-05.29.41:891][147]CompilerResultsLog: Info Parsing headers for SpectralEditor
[2016.04.24-05.29.41:891][147]CompilerResultsLog: Info   Running UnrealHeaderTool "D:/Source/GitHub/Spectral/Spectral/Spectral.uproject" "D:\Source\GitHub\Spectral\Spectral\Intermediate\Build\Win64\SpectralEditor\Development\UnrealHeaderTool.manifest" -LogCmds="loginit warning, logexit warning, logdatabase error" -rocket -installed
[2016.04.24-05.29.41:891][147]CompilerResultsLog:Error: Error D:/Source/GitHub/Spectral/Spectral/Source/Spectral/Skills/SkillFramework/TargetingFramework/TargetingAreaIntf.h(20)  : Unrecognized type 'TSharedRef' - type must be a UCLASS, USTRUCT or UENUM
[2016.04.24-05.29.41:891][147]CompilerResultsLog:Error: Error Error: Failed to generate code for SpectralEditor - error code: OtherCompilationError (5) 
[2016.04.24-05.29.41:891][147]CompilerResultsLog: Info UnrealHeaderTool failed for target 'SpectralEditor' (platform: Win64, module info: D:\Source\GitHub\Spectral\Spectral\Intermediate\Build\Win64\SpectralEditor\Development\UnrealHeaderTool.manifest).
[2016.04.24-05.29.41:891][147]LogMainFrame: MainFrame: Module compiling took 6.815 seconds
[2016.04.24-05.29.41:891][147]Warning: HotReload failed, recompile failed
[2016.04.24-05.35.21:123][517]Recompiling Spectral...
[2016.04.24-05.35.21:123][517]Launching UnrealBuildTool... [C:/Program Files (x86)/Epic Games/4.10/Engine/Binaries/DotNET/UnrealBuildTool.exe Spectral -ModuleWithSuffix Spectral 9458 Win64 Development -editorrecompile -canskiplink "D:/Source/GitHub/Spectral/Spectral/Spectral.uproject" -rocket  -rocket -2015]
[2016.04.24-05.35.21:125][517]Warning: Starting HotReload took  0.0s.
[2016.04.24-05.35.27:931][700]CompilerResultsLog: New page: Compilation - Apr 23, 2016, 7:35:27 PM
[2016.04.24-05.35.27:931][700]CompilerResultsLog: Info Compiling game modules for hot reload
[2016.04.24-05.35.27:932][700]CompilerResultsLog: Info Parsing headers for SpectralEditor
[2016.04.24-05.35.27:932][700]CompilerResultsLog: Info   Running UnrealHeaderTool "D:/Source/GitHub/Spectral/Spectral/Spectral.uproject" "D:\Source\GitHub\Spectral\Spectral\Intermediate\Build\Win64\SpectralEditor\Development\UnrealHeaderTool.manifest" -LogCmds="loginit warning, logexit warning, logdatabase error" -rocket -installed
[2016.04.24-05.35.27:932][700]CompilerResultsLog:Error: Error D:/Source/GitHub/Spectral/Spectral/Source/Spectral/Skills/SkillFramework/TargetingFramework/TargetingAreaIntf.h(20)  : Unrecognized type 'TSharedPtr' - type must be a UCLASS, USTRUCT or UENUM
[2016.04.24-05.35.27:932][700]CompilerResultsLog:Error: Error Error: Failed to generate code for SpectralEditor - error code: OtherCompilationError (5) 
[2016.04.24-05.35.27:932][700]CompilerResultsLog: Info UnrealHeaderTool failed for target 'SpectralEditor' (platform: Win64, module info: D:\Source\GitHub\Spectral\Spectral\Intermediate\Build\Win64\SpectralEditor\Development\UnrealHeaderTool.manifest).
[2016.04.24-05.35.27:932][700]LogMainFrame: MainFrame: Module compiling took 6.812 seconds
[2016.04.24-05.35.27:932][700]Warning: HotReload failed, recompile failed
[2016.04.24-05.36.50:470][254]Recompiling Spectral...
[2016.04.24-05.36.50:470][254]Launching UnrealBuildTool... [C:/Program Files (x86)/Epic Games/4.10/Engine/Binaries/DotNET/UnrealBuildTool.exe Spectral -ModuleWithSuffix Spectral 6771 Win64 Development -editorrecompile -canskiplink "D:/Source/GitHub/Spectral/Spectral/Spectral.uproject" -rocket  -rocket -2015]
[2016.04.24-05.36.50:472][254]Warning: Starting HotReload took  0.0s.
[2016.04.24-05.37.00:385][522]CompilerResultsLog: New page: Compilation - Apr 23, 2016, 7:37:00 PM
[2016.04.24-05.37.00:385][522]CompilerResultsLog: Info Compiling game modules for hot reload
[2016.04.24-05.37.00:385][522]CompilerResultsLog: Info Parsing headers for SpectralEditor
[2016.04.24-05.37.00:385][522]CompilerResultsLog: Info   Running UnrealHeaderTool "D:/Source/GitHub/Spectral/Spectral/Spectral.uproject" "D:\Source\GitHub\Spectral\Spectral\Intermediate\Build\Win64\SpectralEditor\Development\UnrealHeaderTool.manifest" -LogCmds="loginit warning, logexit warning, logdatabase error" -rocket -installed
[2016.04.24-05.37.00:385][522]CompilerResultsLog: Info Reflection code generated for SpectralEditor in 6.8912391 seconds
[2016.04.24-05.37.00:385][522]CompilerResultsLog: Info Performing 3 actions (4 in parallel)
[2016.04.24-05.37.00:385][522]CompilerResultsLog: Info TargetingAreaIntf.cpp
[2016.04.24-05.37.00:385][522]CompilerResultsLog: Info Spectral.generated.cpp
[2016.04.24-05.37.00:385][522]CompilerResultsLog: Info [3/3] Link UE4Editor-Spectral-6771.dll
[2016.04.24-05.37.00:385][522]CompilerResultsLog:Error: Error Spectral.generated.cpp.obj : error LNK2005: "public: void __cdecl ISkillUserIntf::ExecuteSkill(class TArray<class TSubclassOf<class AActor>,class FDefaultAllocator> const &,int)" (?ExecuteSkill@ISkillUserIntf@@QEAAXAEBV?$TArray@V?$TSubclassOf@VAActor@@@@VFDefaultAllocator@@@@H@Z) already defined in SkillUserIntf.cpp.obj
[2016.04.24-05.37.00:386][522]CompilerResultsLog:Error: Error Spectral.generated.cpp.obj : error LNK2005: "public: struct FVector __cdecl ISkillUserIntf::GetSkillUserLocation(void)" (?GetSkillUserLocation@ISkillUserIntf@@QEAA?AUFVector@@XZ) already defined in SkillUserIntf.cpp.obj
[2016.04.24-05.37.00:386][522]CompilerResultsLog:Error: Error Spectral.generated.cpp.obj : error LNK2005: "public: class TArray<class TScriptInterface<class ISkillIntf>,class FDefaultAllocator> __cdecl ISkillUserIntf::GetSkills(void)" (?GetSkills@ISkillUserIntf@@QEAA?AV?$TArray@V?$TScriptInterface@VISkillIntf@@@@VFDefaultAllocator@@@@XZ) already defined in SkillUserIntf.cpp.obj
[2016.04.24-05.37.00:386][522]CompilerResultsLog:Error: Error Spectral.generated.cpp.obj : error LNK2005: "public: class TArray<class TScriptInterface<class ITargetableIntf>,class FDefaultAllocator> __cdecl ITargetingAreaIntf::GetTargets(void)" (?GetTargets@ITargetingAreaIntf@@QEAA?AV?$TArray@V?$TScriptInterface@VITargetableIntf@@@@VFDefaultAllocator@@@@XZ) already defined in TargetingAreaIntf.cpp.obj
[2016.04.24-05.37.00:386][522]CompilerResultsLog: Info    Creating library D:\Source\GitHub\Spectral\Spectral\Intermediate/Build/Win64\UE4Editor\Development\UE4Editor-Spectral-6771.lib and object D:\Source\GitHub\Spectral\Spectral\Intermediate/Build/Win64\UE4Editor\Development\UE4Editor-Spectral-6771.exp
[2016.04.24-05.37.00:386][522]CompilerResultsLog:Error: Error D:\Source\GitHub\Spectral\Spectral\Binaries\Win64\UE4Editor-Spectral-6771.dll : fatal error LNK1169: one or more multiply defined symbols found
[2016.04.24-05.37.00:386][522]CompilerResultsLog: Info -------- End Detailed Actions Stats -----------------------------------------------------------
[2016.04.24-05.37.00:386][522]CompilerResultsLog: Info ERROR: UBT ERROR: Failed to produce item: D:\Source\GitHub\Spectral\Spectral\Binaries\Win64\UE4Editor-Spectral-6771.dll
[2016.04.24-05.37.00:386][522]CompilerResultsLog: Info Total build time: 9.84 seconds
[2016.04.24-05.37.00:386][522]LogMainFrame: MainFrame: Module compiling took 9.920 seconds
[2016.04.24-05.37.00:386][522]Warning: HotReload failed, recompile failed
[2016.04.24-05.38.51:497][963]Recompiling Spectral...
[2016.04.24-05.38.51:498][963]Launching UnrealBuildTool... [C:/Program Files (x86)/Epic Games/4.10/Engine/Binaries/DotNET/UnrealBuildTool.exe Spectral -ModuleWithSuffix Spectral 4403 Win64 Development -editorrecompile -canskiplink "D:/Source/GitHub/Spectral/Spectral/Spectral.uproject" -rocket  -rocket -2015]
[2016.04.24-05.38.51:499][963]Warning: Starting HotReload took  0.0s.
[2016.04.24-05.39.02:386][250]CompilerResultsLog: New page: Compilation - Apr 23, 2016, 7:39:02 PM
[2016.04.24-05.39.02:387][250]CompilerResultsLog: Info Compiling game modules for hot reload
[2016.04.24-05.39.02:387][250]CompilerResultsLog: Info Parsing headers for SpectralEditor
[2016.04.24-05.39.02:387][250]CompilerResultsLog: Info   Running UnrealHeaderTool "D:/Source/GitHub/Spectral/Spectral/Spectral.uproject" "D:\Source\GitHub\Spectral\Spectral\Intermediate\Build\Win64\SpectralEditor\Development\UnrealHeaderTool.manifest" -LogCmds="loginit warning, logexit warning, logdatabase error" -rocket -installed
[2016.04.24-05.39.02:387][250]CompilerResultsLog: Info Reflection code generated for SpectralEditor in 7.7492715 seconds
[2016.04.24-05.39.02:387][250]CompilerResultsLog: Info Performing 3 actions (4 in parallel)
[2016.04.24-05.39.02:387][250]CompilerResultsLog: Info SkillUserIntf.cpp
[2016.04.24-05.39.02:387][250]CompilerResultsLog: Info Spectral.generated.cpp
[2016.04.24-05.39.02:387][250]CompilerResultsLog: Info [3/3] Link UE4Editor-Spectral-4403.dll
[2016.04.24-05.39.02:387][250]CompilerResultsLog:Error: Error Spectral.generated.cpp.obj : error LNK2005: "public: void __cdecl ISkillUserIntf::ExecuteSkill(class TArray<class AActor *,class FDefaultAllocator> const &,int)" (?ExecuteSkill@ISkillUserIntf@@QEAAXAEBV?$TArray@PEAVAActor@@VFDefaultAllocator@@@@H@Z) already defined in SkillUserIntf.cpp.obj
[2016.04.24-05.39.02:387][250]CompilerResultsLog:Error: Error Spectral.generated.cpp.obj : error LNK2005: "public: struct FVector __cdecl ISkillUserIntf::GetSkillUserLocation(void)" (?GetSkillUserLocation@ISkillUserIntf@@QEAA?AUFVector@@XZ) already defined in SkillUserIntf.cpp.obj
[2016.04.24-05.39.02:387][250]CompilerResultsLog:Error: Error Spectral.generated.cpp.obj : error LNK2005: "public: class TArray<class TScriptInterface<class ISkillIntf>,class FDefaultAllocator> __cdecl ISkillUserIntf::GetSkills(void)" (?GetSkills@ISkillUserIntf@@QEAA?AV?$TArray@V?$TScriptInterface@VISkillIntf@@@@VFDefaultAllocator@@@@XZ) already defined in SkillUserIntf.cpp.obj
[2016.04.24-05.39.02:387][250]CompilerResultsLog:Error: Error Spectral.generated.cpp.obj : error LNK2005: "public: class TArray<class TScriptInterface<class ITargetableIntf>,class FDefaultAllocator> __cdecl ITargetingAreaIntf::GetTargets(void)" (?GetTargets@ITargetingAreaIntf@@QEAA?AV?$TArray@V?$TScriptInterface@VITargetableIntf@@@@VFDefaultAllocator@@@@XZ) already defined in TargetingAreaIntf.cpp.obj
[2016.04.24-05.39.02:387][250]CompilerResultsLog: Info    Creating library D:\Source\GitHub\Spectral\Spectral\Intermediate/Build/Win64\UE4Editor\Development\UE4Editor-Spectral-4403.lib and object D:\Source\GitHub\Spectral\Spectral\Intermediate/Build/Win64\UE4Editor\Development\UE4Editor-Spectral-4403.exp
[2016.04.24-05.39.02:387][250]CompilerResultsLog:Error: Error D:\Source\GitHub\Spectral\Spectral\Binaries\Win64\UE4Editor-Spectral-4403.dll : fatal error LNK1169: one or more multiply defined symbols found
[2016.04.24-05.39.02:387][250]CompilerResultsLog: Info -------- End Detailed Actions Stats -----------------------------------------------------------
[2016.04.24-05.39.02:387][250]CompilerResultsLog: Info ERROR: UBT ERROR: Failed to produce item: D:\Source\GitHub\Spectral\Spectral\Binaries\Win64\UE4Editor-Spectral-4403.dll
[2016.04.24-05.39.02:387][250]CompilerResultsLog: Info Total build time: 10.84 seconds
[2016.04.24-05.39.02:387][250]LogMainFrame: MainFrame: Module compiling took 10.894 seconds
[2016.04.24-05.39.02:387][250]Warning: HotReload failed, recompile failed
[2016.04.24-05.39.36:802][687]Recompiling Spectral...
[2016.04.24-05.39.36:802][687]Launching UnrealBuildTool... [C:/Program Files (x86)/Epic Games/4.10/Engine/Binaries/DotNET/UnrealBuildTool.exe Spectral -ModuleWithSuffix Spectral 6327 Win64 Development -editorrecompile -canskiplink "D:/Source/GitHub/Spectral/Spectral/Spectral.uproject" -rocket  -rocket -2015]
[2016.04.24-05.39.36:804][687]Warning: Starting HotReload took  0.0s.
[2016.04.24-05.39.46:855][969]CompilerResultsLog: New page: Compilation - Apr 23, 2016, 7:39:46 PM
[2016.04.24-05.39.46:855][969]CompilerResultsLog: Info Compiling game modules for hot reload
[2016.04.24-05.39.46:855][969]CompilerResultsLog: Info Parsing headers for SpectralEditor
[2016.04.24-05.39.46:855][969]CompilerResultsLog: Info   Running UnrealHeaderTool "D:/Source/GitHub/Spectral/Spectral/Spectral.uproject" "D:\Source\GitHub\Spectral\Spectral\Intermediate\Build\Win64\SpectralEditor\Development\UnrealHeaderTool.manifest" -LogCmds="loginit warning, logexit warning, logdatabase error" -rocket -installed
[2016.04.24-05.39.46:855][969]CompilerResultsLog: Info Reflection code generated for SpectralEditor in 6.9860582 seconds
[2016.04.24-05.39.46:855][969]CompilerResultsLog: Info Performing 3 actions (4 in parallel)
[2016.04.24-05.39.46:855][969]CompilerResultsLog: Info Spectral.generated.cpp
[2016.04.24-05.39.46:855][969]CompilerResultsLog: Info SkillUserIntf.cpp
[2016.04.24-05.39.46:855][969]CompilerResultsLog: Info [3/3] Link UE4Editor-Spectral-6327.dll
[2016.04.24-05.39.46:855][969]CompilerResultsLog:Error: Error Spectral.generated.cpp.obj : error LNK2005: "public: void __cdecl ISkillUserIntf::ExecuteSkill(class TArray<class AActor *,class FDefaultAllocator> const &,int)" (?ExecuteSkill@ISkillUserIntf@@QEAAXAEBV?$TArray@PEAVAActor@@VFDefaultAllocator@@@@H@Z) already defined in SkillUserIntf.cpp.obj
[2016.04.24-05.39.46:855][969]CompilerResultsLog:Error: Error Spectral.generated.cpp.obj : error LNK2005: "public: struct FVector __cdecl ISkillUserIntf::GetSkillUserLocation(void)" (?GetSkillUserLocation@ISkillUserIntf@@QEAA?AUFVector@@XZ) already defined in SkillUserIntf.cpp.obj
[2016.04.24-05.39.46:855][969]CompilerResultsLog:Error: Error Spectral.generated.cpp.obj : error LNK2005: "public: class TArray<class TScriptInterface<class ISkillIntf>,class FDefaultAllocator> __cdecl ISkillUserIntf::GetSkills(void)" (?GetSkills@ISkillUserIntf@@QEAA?AV?$TArray@V?$TScriptInterface@VISkillIntf@@@@VFDefaultAllocator@@@@XZ) already defined in SkillUserIntf.cpp.obj
[2016.04.24-05.39.46:855][969]CompilerResultsLog:Error: Error Spectral.generated.cpp.obj : error LNK2005: "public: class TArray<class TScriptInterface<class ITargetableIntf>,class FDefaultAllocator> __cdecl ITargetingAreaIntf::GetTargets(void)" (?GetTargets@ITargetingAreaIntf@@QEAA?AV?$TArray@V?$TScriptInterface@VITargetableIntf@@@@VFDefaultAllocator@@@@XZ) already defined in TargetingAreaIntf.cpp.obj
[2016.04.24-05.39.46:855][969]CompilerResultsLog: Info    Creating library D:\Source\GitHub\Spectral\Spectral\Intermediate/Build/Win64\UE4Editor\Development\UE4Editor-Spectral-6327.lib and object D:\Source\GitHub\Spectral\Spectral\Intermediate/Build/Win64\UE4Editor\Development\UE4Editor-Spectral-6327.exp
[2016.04.24-05.39.46:855][969]CompilerResultsLog:Error: Error D:\Source\GitHub\Spectral\Spectral\Binaries\Win64\UE4Editor-Spectral-6327.dll : fatal error LNK1169: one or more multiply defined symbols found
[2016.04.24-05.39.46:855][969]CompilerResultsLog: Info -------- End Detailed Actions Stats -----------------------------------------------------------
[2016.04.24-05.39.46:855][969]CompilerResultsLog: Info ERROR: UBT ERROR: Failed to produce item: D:\Source\GitHub\Spectral\Spectral\Binaries\Win64\UE4Editor-Spectral-6327.dll
[2016.04.24-05.39.46:855][969]CompilerResultsLog: Info Total build time: 9.99 seconds
[2016.04.24-05.39.46:855][969]LogMainFrame: MainFrame: Module compiling took 10.056 seconds
[2016.04.24-05.39.46:855][969]Warning: HotReload failed, recompile failed
[2016.04.24-05.40.38:699][471]Recompiling Spectral...
[2016.04.24-05.40.38:699][471]Launching UnrealBuildTool... [C:/Program Files (x86)/Epic Games/4.10/Engine/Binaries/DotNET/UnrealBuildTool.exe Spectral -ModuleWithSuffix Spectral 2048 Win64 Development -editorrecompile -canskiplink "D:/Source/GitHub/Spectral/Spectral/Spectral.uproject" -rocket  -rocket -2015]
[2016.04.24-05.40.38:699][471]Warning: Starting HotReload took  0.0s.
[2016.04.24-05.40.49:066][755]CompilerResultsLog: New page: Compilation - Apr 23, 2016, 7:40:49 PM
[2016.04.24-05.40.49:066][755]CompilerResultsLog: Info Compiling game modules for hot reload
[2016.04.24-05.40.49:066][755]CompilerResultsLog: Info Parsing headers for SpectralEditor
[2016.04.24-05.40.49:066][755]CompilerResultsLog: Info   Running UnrealHeaderTool "D:/Source/GitHub/Spectral/Spectral/Spectral.uproject" "D:\Source\GitHub\Spectral\Spectral\Intermediate\Build\Win64\SpectralEditor\Development\UnrealHeaderTool.manifest" -LogCmds="loginit warning, logexit warning, logdatabase error" -rocket -installed
[2016.04.24-05.40.49:066][755]CompilerResultsLog: Info Reflection code generated for SpectralEditor in 7.3093706 seconds
[2016.04.24-05.40.49:066][755]CompilerResultsLog: Info Performing 3 actions (4 in parallel)
[2016.04.24-05.40.49:066][755]CompilerResultsLog: Info Spectral.generated.cpp
[2016.04.24-05.40.49:066][755]CompilerResultsLog: Info SkillUserIntf.cpp
[2016.04.24-05.40.49:066][755]CompilerResultsLog: Info [3/3] Link UE4Editor-Spectral-2048.dll
[2016.04.24-05.40.49:066][755]CompilerResultsLog:Error: Error Spectral.generated.cpp.obj : error LNK2005: "public: void __cdecl ISkillUserIntf::ExecuteSkill(class TArray<class AActor *,class FDefaultAllocator> const &,int)" (?ExecuteSkill@ISkillUserIntf@@QEAAXAEBV?$TArray@PEAVAActor@@VFDefaultAllocator@@@@H@Z) already defined in SkillUserIntf.cpp.obj
[2016.04.24-05.40.49:066][755]CompilerResultsLog:Error: Error Spectral.generated.cpp.obj : error LNK2005: "public: struct FVector __cdecl ISkillUserIntf::GetSkillUserLocation(void)" (?GetSkillUserLocation@ISkillUserIntf@@QEAA?AUFVector@@XZ) already defined in SkillUserIntf.cpp.obj
[2016.04.24-05.40.49:066][755]CompilerResultsLog:Error: Error Spectral.generated.cpp.obj : error LNK2005: "public: class TArray<class TScriptInterface<class ISkillIntf>,class FDefaultAllocator> __cdecl ISkillUserIntf::GetSkills(void)" (?GetSkills@ISkillUserIntf@@QEAA?AV?$TArray@V?$TScriptInterface@VISkillIntf@@@@VFDefaultAllocator@@@@XZ) already defined in SkillUserIntf.cpp.obj
[2016.04.24-05.40.49:066][755]CompilerResultsLog:Error: Error Spectral.generated.cpp.obj : error LNK2005: "public: class TArray<class TScriptInterface<class ITargetableIntf>,class FDefaultAllocator> __cdecl ITargetingAreaIntf::GetTargets(void)" (?GetTargets@ITargetingAreaIntf@@QEAA?AV?$TArray@V?$TScriptInterface@VITargetableIntf@@@@VFDefaultAllocator@@@@XZ) already defined in TargetingAreaIntf.cpp.obj
[2016.04.24-05.40.49:066][755]CompilerResultsLog: Info    Creating library D:\Source\GitHub\Spectral\Spectral\Intermediate/Build/Win64\UE4Editor\Development\UE4Editor-Spectral-2048.lib and object D:\Source\GitHub\Spectral\Spectral\Intermediate/Build/Win64\UE4Editor\Development\UE4Editor-Spectral-2048.exp
[2016.04.24-05.40.49:066][755]CompilerResultsLog:Error: Error D:\Source\GitHub\Spectral\Spectral\Binaries\Win64\UE4Editor-Spectral-2048.dll : fatal error LNK1169: one or more multiply defined symbols found
[2016.04.24-05.40.49:066][755]CompilerResultsLog: Info -------- End Detailed Actions Stats -----------------------------------------------------------
[2016.04.24-05.40.49:066][755]CompilerResultsLog: Info ERROR: UBT ERROR: Failed to produce item: D:\Source\GitHub\Spectral\Spectral\Binaries\Win64\UE4Editor-Spectral-2048.dll
[2016.04.24-05.40.49:066][755]CompilerResultsLog: Info Total build time: 10.30 seconds
[2016.04.24-05.40.49:066][755]LogMainFrame: MainFrame: Module compiling took 10.371 seconds
[2016.04.24-05.40.49:067][755]Warning: HotReload failed, recompile failed
[2016.04.24-05.44.00:773][612]LogHotReload: New module detected: UE4Editor-Spectral-7492.dll
[2016.04.24-05.44.01:120][614]LogHotReload: Starting Hot-Reload from IDE
[2016.04.24-05.44.01:203][614]LogModuleManager:Warning: ModuleManager: Unable to load module 'Spectral' because the file 'D:/Source/GitHub/Spectral/Spectral/Binaries/Win64/UE4Editor-Spectral-7492.dll' was not found.
[2016.04.24-05.44.01:203][614]Warning: HotReload failed, reload failed /Script/Spectral.
[2016.04.24-05.44.01:219][614]LogContentBrowser: Native class hierarchy populated in 0.0130 seconds. Added 1897 classes and 342 folders.
[2016.04.24-05.59.40:559][460]Cmd: QUIT_EDITOR
[2016.04.24-05.59.40:616][460]LogWindowsTextInputMethodSystem:Display: IME system now deactivated.
[2016.04.24-05.59.40:673][460]LogExit: Preparing to exit.
[2016.04.24-05.59.41:444][460]LogExit: Editor shut down
[2016.04.24-05.59.41:445][460]LogExit: Transaction tracking system shut down
[2016.04.24-05.59.41:446][460]LogParticles: Destroying 0 GPU particle simulations for FXSystem 0x00000146ABCF37E0
[2016.04.24-05.59.41:446][460]LogParticles: Destroying 0 GPU particle simulations for FXSystem 0x00000146C51B1F80
[2016.04.24-05.59.41:554][460]LogExit: Object subsystem successfully closed.
[2016.04.24-05.59.41:564][460]LogD3D11RHI: Shutdown
[2016.04.24-05.59.41:564][460]LogD3D11RHI: CleanupD3DDevice
[2016.04.24-05.59.41:619][460]LogD3D11RHI: ~FD3D11DynamicRHI
[2016.04.24-05.59.41:631][460]LogModuleManager: Shutting down and abandoning module CrashTracker (199)
[2016.04.24-05.59.41:631][460]LogModuleManager: Shutting down and abandoning module SceneOutliner (198)
[2016.04.24-05.59.41:631][460]LogModuleManager: Shutting down and abandoning module SuperSearch (197)
[2016.04.24-05.59.41:631][460]LogModuleManager: Shutting down and abandoning module WidgetCarousel (196)
[2016.04.24-05.59.41:631][460]LogModuleManager: Shutting down and abandoning module AddContentDialog (195)
[2016.04.24-05.59.41:632][460]LogModuleManager: Shutting down and abandoning module EditorWidgets (194)
[2016.04.24-05.59.41:632][460]LogModuleManager: Shutting down and abandoning module CollectionManager (193)
[2016.04.24-05.59.41:632][460]LogModuleManager: Shutting down and abandoning module StatsViewer (192)
[2016.04.24-05.59.41:632][460]LogModuleManager: Shutting down and abandoning module FoliageEdit (191)
[2016.04.24-05.59.41:632][460]LogModuleManager: Shutting down and abandoning module LandscapeEditor (190)
[2016.04.24-05.59.41:632][460]LogModuleManager: Shutting down and abandoning module ActorPickerMode (189)
[2016.04.24-05.59.41:632][460]LogModuleManager: Shutting down and abandoning module GeometryMode (188)
[2016.04.24-05.59.41:633][460]LogModuleManager: Shutting down and abandoning module TextureAlignMode (187)
[2016.04.24-05.59.41:633][460]LogModuleManager: Shutting down and abandoning module BspMode (186)
[2016.04.24-05.59.41:633][460]LogModuleManager: Shutting down and abandoning module PlacementMode (185)
[2016.04.24-05.59.41:633][460]LogModuleManager: Shutting down and abandoning module AutomationWorker (184)
[2016.04.24-05.59.41:633][460]LogModuleManager: Shutting down and abandoning module CharacterAI (183)
[2016.04.24-05.59.41:633][460]LogModuleManager: Shutting down and abandoning module SmartSnapping (182)
[2016.04.24-05.59.41:633][460]LogModuleManager: Shutting down and abandoning module ViewportSnapping (181)
[2016.04.24-05.59.41:633][460]LogModuleManager: Shutting down and abandoning module LogVisualizer (180)
[2016.04.24-05.59.41:633][460]LogModuleManager: Shutting down and abandoning module GameProjectGeneration (179)
[2016.04.24-05.59.41:633][460]LogModuleManager: Shutting down and abandoning module IntroTutorials (178)
[2016.04.24-05.59.41:633][460]LogModuleManager: Shutting down and abandoning module EditorLiveStreaming (177)
[2016.04.24-05.59.41:633][460]LogModuleManager: Shutting down and abandoning module IOSPlatformEditor (176)
[2016.04.24-05.59.41:633][460]LogModuleManager: Shutting down and abandoning module HTML5PlatformEditor (175)
[2016.04.24-05.59.41:633][460]LogModuleManager: Shutting down and abandoning module AndroidDeviceDetection (174)
[2016.04.24-05.59.42:407][460]LogModuleManager: Shutting down and abandoning module AndroidPlatformEditor (173)
[2016.04.24-05.59.42:407][460]LogModuleManager: Shutting down and abandoning module IOSRuntimeSettings (172)
[2016.04.24-05.59.42:407][460]LogModuleManager: Shutting down and abandoning module AndroidRuntimeSettings (171)
[2016.04.24-05.59.42:407][460]LogModuleManager: Shutting down and abandoning module MergeActors (170)
[2016.04.24-05.59.42:407][460]LogModuleManager: Shutting down and abandoning module SizeMap (169)
[2016.04.24-05.59.42:407][460]LogModuleManager: Shutting down and abandoning module TreeMap (168)
[2016.04.24-05.59.42:407][460]LogModuleManager: Shutting down and abandoning module ReferenceViewer (167)
[2016.04.24-05.59.42:407][460]LogModuleManager: Shutting down and abandoning module LocalizationService (166)
[2016.04.24-05.59.42:407][460]LogModuleManager: Shutting down and abandoning module LocalizationDashboard (165)
[2016.04.24-05.59.42:407][460]LogModuleManager: Shutting down and abandoning module HardwareTargeting (164)
[2016.04.24-05.59.42:407][460]LogModuleManager: Shutting down and abandoning module DeviceProfileEditor (163)
[2016.04.24-05.59.42:407][460]LogModuleManager: Shutting down and abandoning module UndoHistory (162)
[2016.04.24-05.59.42:407][460]LogModuleManager: Shutting down and abandoning module GameplayTagsEditor (161)
[2016.04.24-05.59.42:407][460]LogModuleManager: Shutting down and abandoning module UserFeedback (160)
[2016.04.24-05.59.42:407][460]LogModuleManager: Shutting down and abandoning module XmlParser (159)
[2016.04.24-05.59.42:407][460]LogModuleManager: Shutting down and abandoning module Blutility (158)
[2016.04.24-05.59.42:407][460]LogModuleManager: Shutting down and abandoning module ProjectTargetPlatformEditor (157)
[2016.04.24-05.59.42:407][460]LogModuleManager: Shutting down and abandoning module ProjectSettingsViewer (156)
[2016.04.24-05.59.42:407][460]LogModuleManager: Shutting down and abandoning module InputBindingEditor (155)
[2016.04.24-05.59.42:408][460]LogModuleManager: Shutting down and abandoning module EditorSettingsViewer (154)
[2016.04.24-05.59.42:408][460]LogModuleManager: Shutting down and abandoning module SettingsEditor (153)
[2016.04.24-05.59.42:408][460]LogModuleManager: Shutting down and abandoning module ProjectLauncher (152)
[2016.04.24-05.59.42:408][460]LogModuleManager: Shutting down and abandoning module SessionFrontend (151)
[2016.04.24-05.59.42:408][460]LogModuleManager: Shutting down and abandoning module ProfilerClient (150)
[2016.04.24-05.59.42:408][460]LogModuleManager: Shutting down and abandoning module TargetDeviceServices (149)
[2016.04.24-05.59.42:408][460]LogModuleManager: Shutting down and abandoning module DeviceManager (148)
[2016.04.24-05.59.42:408][460]LogModuleManager: Shutting down and abandoning module AutomationController (147)
[2016.04.24-05.59.42:408][460]LogModuleManager: Shutting down and abandoning module AutomationWindow (146)
[2016.04.24-05.59.42:408][460]LogModuleManager: Shutting down and abandoning module Layers (145)
[2016.04.24-05.59.42:408][460]LogModuleManager: Shutting down and abandoning module ComponentVisualizers (144)
[2016.04.24-05.59.42:408][460]LogModuleManager: Shutting down and abandoning module DetailCustomizations (143)
[2016.04.24-05.59.42:408][460]LogModuleManager: Shutting down and abandoning module PackagesDialog (142)
[2016.04.24-05.59.42:408][460]LogModuleManager: Shutting down and abandoning module Persona (141)
[2016.04.24-05.59.42:408][460]LogModuleManager: Shutting down and abandoning module Kismet (140)
[2016.04.24-05.59.42:408][460]LogModuleManager: Shutting down and abandoning module GraphEditor (139)
[2016.04.24-05.59.42:408][460]LogModuleManager: Shutting down and abandoning module ClassViewer (138)
[2016.04.24-05.59.42:408][460]LogModuleManager: Shutting down and abandoning module Toolbox (137)
[2016.04.24-05.59.42:408][460]LogModuleManager: Shutting down and abandoning module ModuleUI (136)
[2016.04.24-05.59.42:408][460]LogModuleManager: Shutting down and abandoning module MovieSceneTools (135)
[2016.04.24-05.59.42:408][460]LogModuleManager: Shutting down and abandoning module OutputLog (134)
[2016.04.24-05.59.42:408][460]LogModuleManager: Shutting down and abandoning module GammaUI (133)
[2016.04.24-05.59.42:408][460]LogModuleManager: Shutting down and abandoning module Documentation (132)
[2016.04.24-05.59.42:408][460]LogModuleManager: Shutting down and abandoning module GameLiveStreaming (131)
[2016.04.24-05.59.42:408][460]LogModuleManager: Shutting down and abandoning module StreamingPauseRendering (130)
[2016.04.24-05.59.42:408][460]LogModuleManager: Shutting down and abandoning module AnalyticsET (129)
[2016.04.24-05.59.42:408][460]LogModuleManager: Shutting down and abandoning module Analytics (128)
[2016.04.24-05.59.42:408][460]LogModuleManager: Shutting down and abandoning module AITestSuite (127)
[2016.04.24-05.59.42:408][460]LogModuleManager: Shutting down and abandoning module GameplayDebugger (126)
[2016.04.24-05.59.42:408][460]LogModuleManager: Shutting down and abandoning module AIModule (125)
[2016.04.24-05.59.42:408][460]LogModuleManager: Shutting down and abandoning module ProfilerService (124)
[2016.04.24-05.59.42:475][460]LogModuleManager: Shutting down and abandoning module TaskGraph (123)
[2016.04.24-05.59.42:475][460]LogModuleManager: Shutting down and abandoning module SlateRemote (122)
[2016.04.24-05.59.42:475][460]LogModuleManager: Shutting down and abandoning module SteamVRController (121)
[2016.04.24-05.59.42:475][460]LogModuleManager: Shutting down and abandoning module SteamVR (120)
[2016.04.24-05.59.42:475][460]LogModuleManager: Shutting down and abandoning module ProceduralMeshComponent (119)
[2016.04.24-05.59.42:475][460]LogModuleManager: Shutting down and abandoning module OculusLibrary (118)
[2016.04.24-05.59.42:475][460]LogModuleManager: Shutting down and abandoning module OculusInput (117)
[2016.04.24-05.59.42:475][460]LogModuleManager: Shutting down and abandoning module LeapMotionController (116)
[2016.04.24-05.59.42:497][460]LogModuleManager: Shutting down and abandoning module CustomMeshComponent (115)
[2016.04.24-05.59.42:498][460]LogModuleManager: Shutting down and abandoning module CableComponent (114)
[2016.04.24-05.59.42:498][460]LogModuleManager: Shutting down and abandoning module ArchVisCharacter (113)
[2016.04.24-05.59.42:498][460]LogModuleManager: Shutting down and abandoning module MessagingDebugger (112)
[2016.04.24-05.59.42:498][460]LogModuleManager: Shutting down and abandoning module MediaPlayerEditor (111)
[2016.04.24-05.59.42:498][460]LogModuleManager: Shutting down and abandoning module HTML5Networking (110)
[2016.04.24-05.59.42:498][460]LogModuleManager: Shutting down and abandoning module SpeedTreeImporter (109)
[2016.04.24-05.59.42:498][460]LogModuleManager: Shutting down and abandoning module PluginBrowser (108)
[2016.04.24-05.59.42:498][460]LogModuleManager: Shutting down and abandoning module EpicSurvey (107)
[2016.04.24-05.59.42:498][460]LogModuleManager: Shutting down and abandoning module DesktopPlatform (106)
[2016.04.24-05.59.42:498][460]LogModuleManager: Shutting down and abandoning module VisualStudioSourceCodeAccess (105)
[2016.04.24-05.59.42:498][460]LogModuleManager: Shutting down and abandoning module UObjectPlugin (104)
[2016.04.24-05.59.42:498][460]LogModuleManager: Shutting down and abandoning module SubversionSourceControl (103)
[2016.04.24-05.59.42:498][460]LogModuleManager: Shutting down and abandoning module PerforceSourceControl (102)
[2016.04.24-05.59.42:498][460]LogModuleManager: Shutting down and abandoning module SourceControl (101)
[2016.04.24-05.59.42:498][460]LogModuleManager: Shutting down and abandoning module GitSourceControl (100)
[2016.04.24-05.59.42:498][460]LogModuleManager: Shutting down and abandoning module LightPropagationVolumeEditor (99)
[2016.04.24-05.59.42:498][460]LogModuleManager: Shutting down and abandoning module PaperTiledImporter (98)
[2016.04.24-05.59.42:498][460]LogModuleManager: Shutting down and abandoning module PaperSpriteSheetImporter (97)
[2016.04.24-05.59.42:498][460]LogModuleManager: Shutting down and abandoning module MeshPaint (96)
[2016.04.24-05.59.42:498][460]LogModuleManager: Shutting down and abandoning module SlateReflector (95)
[2016.04.24-05.59.42:498][460]LogModuleManager: Shutting down and abandoning module HotReload (94)
[2016.04.24-05.59.42:498][460]LogModuleManager: Shutting down and abandoning module MainFrame (93)
[2016.04.24-05.59.42:498][460]LogModuleManager: Shutting down and abandoning module LevelEditor (92)
[2016.04.24-05.59.42:499][460]LogModuleManager: Shutting down and abandoning module DirectoryWatcher (91)
[2016.04.24-05.59.42:499][460]LogModuleManager: Shutting down and abandoning module AssetRegistry (90)
[2016.04.24-05.59.42:565][460]LogModuleManager: Shutting down and abandoning module ContentBrowser (89)
[2016.04.24-05.59.42:566][460]LogModuleManager: Shutting down and abandoning module Paper2DEditor (88)
[2016.04.24-05.59.42:566][460]LogModuleManager: Shutting down and abandoning module UdpMessaging (86)
[2016.04.24-05.59.42:667][460]LogModuleManager: Shutting down and abandoning module LightPropagationVolumeRuntime (85)
[2016.04.24-05.59.42:667][460]LogModuleManager: Shutting down and abandoning module Paper2D (84)
[2016.04.24-05.59.42:667][460]LogModuleManager: Shutting down and abandoning module WindowsMoviePlayer (83)
[2016.04.24-05.59.42:668][460]LogModuleManager: Shutting down and abandoning module Media (82)
[2016.04.24-05.59.42:668][460]LogModuleManager: Shutting down and abandoning module WmfMedia (81)
[2016.04.24-05.59.42:669][460]LogModuleManager: Shutting down and abandoning module OnlineBlueprintSupport (80)
[2016.04.24-05.59.42:669][460]LogModuleManager: Shutting down and abandoning module GameplayTasksEditor (79)
[2016.04.24-05.59.42:669][460]LogModuleManager: Shutting down and abandoning module PropertyEditor (78)
[2016.04.24-05.59.42:669][460]LogModuleManager: Shutting down and abandoning module BehaviorTreeEditor (77)
[2016.04.24-05.59.42:669][460]LogModuleManager: Shutting down and abandoning module FunctionalTesting (76)
[2016.04.24-05.59.42:669][460]LogModuleManager: Shutting down and abandoning module CollisionAnalyzer (75)
[2016.04.24-05.59.42:669][460]LogModuleManager: Shutting down and abandoning module WorkspaceMenuStructure (74)
[2016.04.24-05.59.42:669][460]LogModuleManager: Shutting down and abandoning module MessageLog (73)
[2016.04.24-05.59.42:669][460]LogModuleManager: Shutting down and abandoning module Sequencer (72)
[2016.04.24-05.59.42:669][460]LogModuleManager: Shutting down and abandoning module AssetTools (71)
[2016.04.24-05.59.42:669][460]LogModuleManager: Shutting down and abandoning module UMGEditor (70)
[2016.04.24-05.59.42:669][460]LogModuleManager: Shutting down and abandoning module UMG (69)
[2016.04.24-05.59.42:669][460]LogModuleManager: Shutting down and abandoning module Slate (68)
[2016.04.24-05.59.42:669][460]LogModuleManager: Shutting down and abandoning module EditorStyle (67)
[2016.04.24-05.59.42:671][460]LogModuleManager: Shutting down and abandoning module SessionServices (66)
[2016.04.24-05.59.42:671][460]LogModuleManager: Shutting down and abandoning module SourceCodeAccess (65)
[2016.04.24-05.59.42:671][460]LogModuleManager: Shutting down and abandoning module HeadMountedDisplay (64)
[2016.04.24-05.59.42:671][460]LogModuleManager: Shutting down and abandoning module XAudio2 (63)
[2016.04.24-05.59.42:671][460]LogModuleManager: Shutting down and abandoning module Networking (61)
[2016.04.24-05.59.42:671][460]LogModuleManager: Shutting down and abandoning module Core (60)
[2016.04.24-05.59.42:671][460]LogModuleManager: Shutting down and abandoning module KismetCompiler (59)
[2016.04.24-05.59.42:671][460]LogModuleManager: Shutting down and abandoning module PhysXFormats (58)
[2016.04.24-05.59.42:671][460]LogModuleManager: Shutting down and abandoning module MeshUtilities (57)
[2016.04.24-05.59.42:671][460]LogModuleManager: Shutting down and abandoning module DerivedDataCache (56)
[2016.04.24-05.59.42:677][460]LogDerivedDataCache: Shutdown
[2016.04.24-05.59.42:677][460]LogModuleManager: Shutting down and abandoning module ShaderFormatOpenGL (55)
[2016.04.24-05.59.42:677][460]LogModuleManager: Shutting down and abandoning module ShaderFormatD3D (54)
[2016.04.24-05.59.42:677][460]LogModuleManager: Shutting down and abandoning module MetalShaderFormat (53)
[2016.04.24-05.59.42:677][460]LogModuleManager: Shutting down and abandoning module TextureFormatUncompressed (52)
[2016.04.24-05.59.42:677][460]LogModuleManager: Shutting down and abandoning module TextureFormatPVR (51)
[2016.04.24-05.59.42:677][460]LogModuleManager: Shutting down and abandoning module TextureFormatIntelISPCTexComp (50)
[2016.04.24-05.59.42:677][460]LogModuleManager: Shutting down and abandoning module TextureFormatDXT (49)
[2016.04.24-05.59.42:677][460]LogModuleManager: Shutting down and abandoning module ImageWrapper (48)
[2016.04.24-05.59.42:677][460]LogModuleManager: Shutting down and abandoning module TextureFormatASTC (47)
[2016.04.24-05.59.42:677][460]LogModuleManager: Shutting down and abandoning module TextureFormatAndroid (46)
[2016.04.24-05.59.42:677][460]LogModuleManager: Shutting down and abandoning module AudioFormatOpus (45)
[2016.04.24-05.59.42:677][460]LogModuleManager: Shutting down and abandoning module AudioFormatOgg (44)
[2016.04.24-05.59.42:677][460]LogModuleManager: Shutting down and abandoning module AudioFormatADPCM (43)
[2016.04.24-05.59.42:677][460]LogModuleManager: Shutting down and abandoning module LinuxTargetPlatform (42)
[2016.04.24-05.59.42:677][460]LogModuleManager: Shutting down and abandoning module LinuxServerTargetPlatform (41)
[2016.04.24-05.59.42:677][460]LogModuleManager: Shutting down and abandoning module LinuxNoEditorTargetPlatform (40)
[2016.04.24-05.59.42:677][460]LogModuleManager: Shutting down and abandoning module Messaging (39)
[2016.04.24-05.59.42:677][460]LogModuleManager: Shutting down and abandoning module IOSTargetPlatform (38)
[2016.04.24-05.59.42:677][460]LogModuleManager: Shutting down and abandoning module HTML5TargetPlatform (37)
[2016.04.24-05.59.42:677][460]LogModuleManager: Shutting down and abandoning module Android_PVRTCTargetPlatform (36)
[2016.04.24-05.59.42:677][460]LogModuleManager: Shutting down and abandoning module Android_MultiTargetPlatform (35)
[2016.04.24-05.59.42:677][460]LogModuleManager: Shutting down and abandoning module Android_ETC2TargetPlatform (34)
[2016.04.24-05.59.42:677][460]LogModuleManager: Shutting down and abandoning module Android_ETC1TargetPlatform (33)
[2016.04.24-05.59.42:677][460]LogModuleManager: Shutting down and abandoning module Android_DXTTargetPlatform (32)
[2016.04.24-05.59.42:677][460]LogModuleManager: Shutting down and abandoning module Android_ATCTargetPlatform (31)
[2016.04.24-05.59.42:677][460]LogModuleManager: Shutting down and abandoning module Android_ASTCTargetPlatform (30)
[2016.04.24-05.59.42:677][460]LogModuleManager: Shutting down and abandoning module AndroidTargetPlatform (29)
[2016.04.24-05.59.42:677][460]LogModuleManager: Shutting down and abandoning module WindowsTargetPlatform (28)
[2016.04.24-05.59.42:677][460]LogModuleManager: Shutting down and abandoning module WindowsServerTargetPlatform (27)
[2016.04.24-05.59.42:677][460]LogModuleManager: Shutting down and abandoning module WindowsNoEditorTargetPlatform (26)
[2016.04.24-05.59.42:677][460]LogModuleManager: Shutting down and abandoning module WindowsClientTargetPlatform (25)
[2016.04.24-05.59.42:677][460]LogModuleManager: Shutting down and abandoning module AllDesktopTargetPlatform (24)
[2016.04.24-05.59.42:677][460]LogModuleManager: Shutting down and abandoning module TargetPlatform (23)
[2016.04.24-05.59.42:677][460]LogModuleManager: Shutting down and abandoning module InputCore (22)
[2016.04.24-05.59.42:677][460]LogModuleManager: Shutting down and abandoning module Settings (21)
[2016.04.24-05.59.42:677][460]LogModuleManager: Shutting down and abandoning module OnlineSubsystem (19)
[2016.04.24-05.59.42:677][460]LogModuleManager: Shutting down and abandoning module HTTP (18)
[2016.04.24-05.59.44:680][460]LogModuleManager: Shutting down and abandoning module XMPP (17)
[2016.04.24-05.59.44:680][460]LogModuleManager: Shutting down and abandoning module OculusRift (16)
[2016.04.24-05.59.44:680][460]LogModuleManager: Shutting down and abandoning module ExampleDeviceProfileSelector (15)
[2016.04.24-05.59.44:680][460]LogModuleManager: Shutting down and abandoning module TextureCompressor (14)
[2016.04.24-05.59.44:680][460]LogModuleManager: Shutting down and abandoning module ShaderCore (13)
[2016.04.24-05.59.44:680][460]LogModuleManager: Shutting down and abandoning module Landscape (12)
[2016.04.24-05.59.44:680][460]LogModuleManager: Shutting down and abandoning module SlateRHIRenderer (11)
[2016.04.24-05.59.44:681][460]LogModuleManager: Shutting down and abandoning module OpenGLDrv (10)
[2016.04.24-05.59.44:681][460]LogModuleManager: Shutting down and abandoning module D3D11RHI (9)
[2016.04.24-05.59.44:681][460]LogModuleManager: Shutting down and abandoning module AnimGraphRuntime (8)
[2016.04.24-05.59.44:681][460]LogModuleManager: Shutting down and abandoning module Renderer (7)
[2016.04.24-05.59.44:681][460]LogModuleManager: Shutting down and abandoning module Engine (6)
[2016.04.24-05.59.44:681][460]LogModuleManager: Shutting down and abandoning module CoreUObject (5)
[2016.04.24-05.59.44:681][460]LogModuleManager: Shutting down and abandoning module NetworkFile (4)
[2016.04.24-05.59.44:681][460]LogModuleManager: Shutting down and abandoning module StreamingFile (3)
[2016.04.24-05.59.44:681][460]LogModuleManager: Shutting down and abandoning module SandboxFile (2)
[2016.04.24-05.59.44:681][460]LogModuleManager: Shutting down and abandoning module PakFile (1)
[2016.04.24-05.59.44:683][460]LogExit: Exiting.
[2016.04.24-05.59.44:686][460]Log file closed, 04/24/16 00:59:44
