[2016.04.24-01.09.21:193][  0]Log file open, 04/23/16 20:09:21
[2016.04.24-01.09.21:193][  0]LogInit:Display: Running engine for game: Spectral
[2016.04.24-01.09.21:193][  0]LogPlatformFile: Not using cached read wrapper
[2016.04.24-01.09.21:193][  0]LogInit:Display: RandInit(-885879382) SRandInit(-885879380).
[2016.04.24-01.09.21:193][  0]LogTaskGraph: Started task graph with 4 named threads and 7 total threads.
[2016.04.24-01.09.21:193][  0]LogStats: Stats thread started at 0.077734
[2016.04.24-01.09.21:193][  0]LogInit: Version: 4.10.4-2872498+++depot+UE4-Releases+4.10
[2016.04.24-01.09.21:193][  0]LogInit: API Version: 2758231
[2016.04.24-01.09.21:193][  0]LogInit: Compiled (64-bit): Feb 18 2016 15:47:04
[2016.04.24-01.09.21:193][  0]LogInit: Compiled with Visual C++: 19.00.23026.00
[2016.04.24-01.09.21:193][  0]LogInit: Build Configuration: Development
[2016.04.24-01.09.21:193][  0]LogInit: Branch Name: ++depot+UE4-Releases+4.10
[2016.04.24-01.09.21:193][  0]LogInit: Command line:  
[2016.04.24-01.09.21:193][  0]LogInit: Base directory: C:/Program Files (x86)/Epic Games/4.10/Engine/Binaries/Win64/
[2016.04.24-01.09.21:193][  0]LogInit: Rocket: 1
[2016.04.24-01.09.21:200][  0]LogInit: Using libcurl 7.41.0
[2016.04.24-01.09.21:200][  0]LogInit:  - built for x86_64-pc-win32
[2016.04.24-01.09.21:200][  0]LogInit:  - supports SSL with WinSSL
[2016.04.24-01.09.21:200][  0]LogInit:  - other features:
[2016.04.24-01.09.21:200][  0]LogInit:      CURL_VERSION_SSL
[2016.04.24-01.09.21:200][  0]LogInit:      CURL_VERSION_IPV6
[2016.04.24-01.09.21:200][  0]LogInit:      CURL_VERSION_ASYNCHDNS
[2016.04.24-01.09.21:200][  0]LogInit:      CURL_VERSION_LARGEFILE
[2016.04.24-01.09.21:200][  0]LogInit:      CURL_VERSION_IDN
[2016.04.24-01.09.21:200][  0]LogInit:  CurlRequestOptions (configurable via config and command line):
[2016.04.24-01.09.21:200][  0]LogInit:  - bVerifyPeer = true  - Libcurl will verify peer certificate
[2016.04.24-01.09.21:200][  0]LogInit:  - bUseHttpProxy = false  - Libcurl will NOT use HTTP proxy
[2016.04.24-01.09.21:200][  0]LogInit:  - bDontReuseConnections = false  - Libcurl will reuse connections
[2016.04.24-01.09.21:200][  0]LogInit:  - CertBundlePath = nullptr  - Libcurl will use whatever was configured at build time.
[2016.04.24-01.09.21:207][  0]LogInit: Presizing for 0 objects not considered by GC, pre-allocating 0 bytes.
[2016.04.24-01.09.21:212][  0]LogInit: Object subsystem initialized
[2016.04.24-01.09.21:212][  0]LogInit: Selected Device Profile: [Windows]
[2016.04.24-01.09.21:212][  0]LogInit: Applying CVar settings loaded from the selected device profile: [Windows]
[2016.04.24-01.09.21:221][  0]LogInit: Computer: MSI
[2016.04.24-01.09.21:221][  0]LogInit: User: WillNations
[2016.04.24-01.09.21:221][  0]LogInit: CPU Page size=4096, Cores=4
[2016.04.24-01.09.21:221][  0]LogInit: High frequency timer resolution =2.531252 MHz
[2016.04.24-01.09.21:221][  0]LogMemory: Memory total: Physical=15.9GB (16GB approx)
[2016.04.24-01.09.21:221][  0]LogMemory: Platform Memory Stats for Windows
[2016.04.24-01.09.21:221][  0]LogMemory: Process Physical Memory: 56.18 MB used, 56.18 MB peak
[2016.04.24-01.09.21:221][  0]LogMemory: Process Virtual Memory: 56.83 MB used, 56.83 MB peak
[2016.04.24-01.09.21:221][  0]LogMemory: Physical Memory: 5256.82 MB used, 16296.30 MB total
[2016.04.24-01.09.21:221][  0]LogMemory: Virtual Memory: 382.86 MB used, 134217728.00 MB total
[2016.04.24-01.09.21:549][  0]LogTextLocalizationManager: No specific translations for ('en-US') exist, so ('en') translations will be used.
[2016.04.24-01.09.21:962][  0]LogD3D11RHI: Found D3D11 adapter 0: NVIDIA GeForce GTX 970M              (Feature Level 11_0)
[2016.04.24-01.09.21:962][  0]LogD3D11RHI: Adapter has 2991MB of dedicated video memory, 0MB of dedicated system memory, and 8148MB of shared system memory, 1 output[s]
[2016.04.24-01.09.21:968][  0]LogD3D11RHI: Found D3D11 adapter 1: Intel(R) HD Graphics 530 (Feature Level 11_0)
[2016.04.24-01.09.21:968][  0]LogD3D11RHI: Adapter has 128MB of dedicated video memory, 0MB of dedicated system memory, and 8148MB of shared system memory, 0 output[s]
[2016.04.24-01.09.21:970][  0]LogD3D11RHI: Found D3D11 adapter 2: Microsoft Basic Render Driver (Feature Level 11_0)
[2016.04.24-01.09.21:970][  0]LogD3D11RHI: Adapter has 0MB of dedicated video memory, 0MB of dedicated system memory, and 8148MB of shared system memory, 0 output[s]
[2016.04.24-01.09.21:970][  0]LogD3D11RHI: Chosen D3D11 Adapter Id = 0
[2016.04.24-01.09.21:976][  0]LogD3D11RHI: !Direct3DDevice
[2016.04.24-01.09.21:976][  0]LogRHI: Texture pool is 1361 MB (70% of 1945 MB)
[2016.04.24-01.09.21:991][  0]LogD3D11RHI: Async texture creation enabled
[2016.04.24-01.09.22:003][  0]LogShaderCompilers: Guid format shader working directory is 15 characters bigger than the processId version (D:/Source/GitHub/Spectral/Spectral/Intermediate/Shaders/WorkingDirectory/7796/).
[2016.04.24-01.09.22:003][  0]LogShaderCompilers: Cleaned the shader compiler working directory 'C:/Users/WILLNA~1/AppData/Local/Temp/UnrealShaderWorkingDir/27F0F2E444A385C9115E0E82516859AE/'.
[2016.04.24-01.09.22:003][  0]LogShaderCompilers:Display: Using Local Shader Compiler.
[2016.04.24-01.09.22:701][  0]LogTemp:Display: Loaded TP AllDesktopTargetPlatform
[2016.04.24-01.09.22:705][  0]LogTemp:Display: Loaded TP WindowsClientTargetPlatform
[2016.04.24-01.09.22:710][  0]LogTemp:Display: Loaded TP WindowsNoEditorTargetPlatform
[2016.04.24-01.09.22:714][  0]LogTemp:Display: Loaded TP WindowsServerTargetPlatform
[2016.04.24-01.09.22:719][  0]LogTemp:Display: Loaded TP WindowsTargetPlatform
[2016.04.24-01.09.22:722][  0]LogTemp:Display: Loaded TP AndroidTargetPlatform
[2016.04.24-01.09.22:724][  0]LogTemp:Display: Loaded TP Android_ASTCTargetPlatform
[2016.04.24-01.09.22:727][  0]LogTemp:Display: Loaded TP Android_ATCTargetPlatform
[2016.04.24-01.09.22:730][  0]LogTemp:Display: Loaded TP Android_DXTTargetPlatform
[2016.04.24-01.09.22:733][  0]LogTemp:Display: Loaded TP Android_ETC1TargetPlatform
[2016.04.24-01.09.22:736][  0]LogTemp:Display: Loaded TP Android_ETC2TargetPlatform
[2016.04.24-01.09.22:742][  0]LogTemp:Display: Loaded TP Android_MultiTargetPlatform
[2016.04.24-01.09.22:742][  0]LogTemp:Display: Loaded TP Android_PVRTCTargetPlatform
[2016.04.24-01.09.22:742][  0]LogTemp:Display: Loaded TP HTML5TargetPlatform
[2016.04.24-01.09.22:759][  0]LogTemp:Display: Loaded TP IOSTargetPlatform
[2016.04.24-01.09.22:762][  0]LogTemp:Display: Loaded TP LinuxNoEditorTargetPlatform
[2016.04.24-01.09.22:766][  0]LogTemp:Display: Loaded TP LinuxServerTargetPlatform
[2016.04.24-01.09.22:769][  0]LogTemp:Display: Loaded TP LinuxTargetPlatform
[2016.04.24-01.09.22:769][  0]LogTargetPlatformManager:Display: Building Assets For Windows
[2016.04.24-01.09.22:883][  0]LogDerivedDataCache:Display: Max Cache Size: 512 MB
[2016.04.24-01.09.22:931][  0]LogDerivedDataCache: Loaded boot cache 0.05s 42MB C:/Users/Will Nations/AppData/Local/UnrealEngine/4.10/DerivedDataCache/Boot.ddc.
[2016.04.24-01.09.22:931][  0]LogDerivedDataCache:Display: Loaded Boot cache: C:/Users/Will Nations/AppData/Local/UnrealEngine/4.10/DerivedDataCache/Boot.ddc
[2016.04.24-01.09.22:931][  0]LogDerivedDataCache: FDerivedDataBackendGraph:  Pak pak cache file D:/Source/GitHub/Spectral/Spectral/DerivedDataCache/DDC.ddp not found, will not use a pak cache.
[2016.04.24-01.09.22:931][  0]LogDerivedDataCache: Unable to find inner node Pak for hierarchical cache Hierarchy.
[2016.04.24-01.09.22:931][  0]LogDerivedDataCache: FDerivedDataBackendGraph:  CompressedPak pak cache file D:/Source/GitHub/Spectral/Spectral/DerivedDataCache/Compressed.ddp not found, will not use a pak cache.
[2016.04.24-01.09.22:931][  0]LogDerivedDataCache: Unable to find inner node CompressedPak for hierarchical cache Hierarchy.
[2016.04.24-01.09.22:986][  0]LogDerivedDataCache:Display: Pak cache opened for reading ../../../Engine/DerivedDataCache/Compressed.ddp.
[2016.04.24-01.09.22:999][  0]LogDerivedDataCache: Using Local data cache path C:/Users/Will Nations/AppData/Local/UnrealEngine/Common/DerivedDataCache: Writable
[2016.04.24-01.09.23:206][  0]LogInit: Selected Device Profile: [Windows]
[2016.04.24-01.09.23:207][  0]LogContentStreaming: Texture pool size is 0.000000MB
[2016.04.24-01.09.23:302][  0]LogMeshUtilities: No automatic mesh reduction module available
[2016.04.24-01.09.23:302][  0]LogMeshUtilities: No automatic mesh merging module available
[2016.04.24-01.09.23:492][  0]LogInit: WinSock: version 1.1 (2.2), MaxSocks=32767, MaxUdp=65467
[2016.04.24-01.09.24:151][  0]UdpMessaging: Initializing bridge on interface 0.0.0.0:0 to multicast group 230.0.0.1:6666.
[2016.04.24-01.09.24:267][  0]LogAssetRegistry: FAssetRegistry took 0.0107 seconds to start up
[2016.04.24-01.09.24:429][  0]SourceControl: Info Source control is disabled
[2016.04.24-01.09.24:430][  0]SourceControl: Info Source control is disabled
[2016.04.24-01.09.24:443][  0]SourceControl: Info Source control is disabled
[2016.04.24-01.09.24:455][  0]SourceControl: Info Source control is disabled
[2016.04.24-01.09.24:685][  0]LogObj: 28697 objects as part of root set at end of initial load.
[2016.04.24-01.09.24:685][  0]LogUObjectAllocator: 6124896 out of 0 bytes used by permanent object pool.
[2016.04.24-01.09.24:738][  0]LogEngine: Initializing Engine...
[2016.04.24-01.09.24:741][  0]LogHMD: Can't find Oculus library dev build: is proper Runtime installed? Version: 0.8.0.0
[2016.04.24-01.09.24:741][  0]LogHMD: SteamVR failed to initialize.  Err: 110
[2016.04.24-01.09.24:854][  0]LogAIModule: Creating AISystem for world NewWorld
[2016.04.24-01.09.24:862][  0]LogInit: XAudio2 using 'Speakers (Realtek High Definition Audio)' : 8 channels at 48 kHz using 32 bits per sample (channel mask 0x63f)
[2016.04.24-01.09.24:938][  0]LogInit: FAudioDevice initialized.
[2016.04.24-01.09.24:957][  0]LogDerivedDataCache: Saved boot cache 0.02s 42MB C:/Users/Will Nations/AppData/Local/UnrealEngine/4.10/DerivedDataCache/Boot.ddc.
[2016.04.24-01.09.24:962][  0]LogInit: Texture streaming: Enabled
[2016.04.24-01.09.24:968][  0]LogAnalytics: Creating configured Analytics provider AnalyticsET
[2016.04.24-01.09.24:968][  0]LogAnalytics: [UEEditor.Rocket.Release] APIServer = http://et2.epicgames.com/ET2/. AppVersion = 4.10.4-2872498+++depot+UE4-Releases+4.10
[2016.04.24-01.09.24:968][  0]LogAnalytics: [UEEditor.Rocket.Release] SetUserId eb35f8c243ed2f1109e96cbc1988804b|d561d110ed77453aad9a9574d4009d80|aa638874-4eff-432e-8efd-912470b4b168
[2016.04.24-01.09.24:968][  0]LogAnalytics: [UEEditor.Rocket.Release] AnalyticsET::StartSession
[2016.04.24-01.09.24:980][  0]LogInit: Transaction tracking system initialized
[2016.04.24-01.09.25:010][  0]BlueprintLog: New page: Editor Load
[2016.04.24-01.09.25:097][  0]LocalizationService: Info Localization service is disabled
[2016.04.24-01.09.25:161][  0]LogLinker:Warning: Can't find file '/Game/TopDownBP/TopDownOverview'
[2016.04.24-01.09.25:161][  0]LogLinker:Warning: Can't find file '/Game/TopDownBP/TopDownOverview'
[2016.04.24-01.09.25:161][  0]LogUObjectGlobals:Warning: Failed to find object 'Class /Game/TopDownBP/TopDownOverview.TopDownOverview_C'
[2016.04.24-01.09.25:173][  0]LogConsoleResponse:Display: 
[2016.04.24-01.09.25:276][  0]LogCook:Display: Done creating registry. It took  0.00s.
[2016.04.24-01.09.25:335][  0]LogFileCache: Scanning file cache for directory 'D:/Source/GitHub/Spectral/Spectral/Content/' took 0.01s
[2016.04.24-01.09.25:335][  0]SourceControl: Info Source control is disabled
[2016.04.24-01.09.25:335][  0]Cmd: MAP LOAD FILE="D:/Source/GitHub/Spectral/Spectral/Content/TwinStickCPP/Maps/TwinStickExampleMap.umap" TEMPLATE=0 SHOWPROGRESS=1 FEATURELEVEL=3
[2016.04.24-01.09.25:336][  0]LightingResults: New page: Lighting Build
[2016.04.24-01.09.25:339][  0]MapCheck: New page: Map Check
[2016.04.24-01.09.25:339][  0]LightingResults: New page: Lighting Build
[2016.04.24-01.09.25:349][  0]LogParticles: Destroying 0 GPU particle simulations for FXSystem 0x000001C838C33B00
[2016.04.24-01.09.25:573][  0]LogAIModule: Creating AISystem for world TwinStickExampleMap
[2016.04.24-01.09.25:580][  0]LogEditorServer: Finished looking for orphan Actors (0.000 secs)
[2016.04.24-01.09.25:580][  0]Cmd: MAP CHECKDEP NOCLEARLOG
[2016.04.24-01.09.25:622][  0]MapCheck: Info Map check complete: 0 Error(s), 0 Warning(s), took 40.863ms to complete.
[2016.04.24-01.09.25:622][  0]LogFileHelpers: Loading map 'TwinStickExampleMap' took 0.286
[2016.04.24-01.09.25:721][  0]LogCollectionManager: Loaded 0 collections in 0.002448 seconds
[2016.04.24-01.09.25:758][  0]LogFileCache: Scanning file cache for directory 'D:/Source/GitHub/Spectral/Spectral/Saved/Collections/' took 0.01s
[2016.04.24-01.09.25:759][  0]LogFileCache: Scanning file cache for directory 'D:/Source/GitHub/Spectral/Spectral/Content/Developers/WillNations/Collections/' took 0.01s
[2016.04.24-01.09.25:759][  0]LogFileCache: Scanning file cache for directory 'D:/Source/GitHub/Spectral/Spectral/Content/Collections/' took 0.01s
[2016.04.24-01.09.25:759][  0]LogCollectionManager: Rebuilt the GUID cache for 0 collections in 0.000002 seconds
[2016.04.24-01.09.25:766][  0]LogContentBrowser: Native class hierarchy populated in 0.0077 seconds. Added 1896 classes and 340 folders.
[2016.04.24-01.09.25:774][  0]LogContentBrowser: Native class hierarchy updated for 'WidgetCarousel' in 0.0015 seconds. Added 0 classes and 0 folders.
[2016.04.24-01.09.25:811][  0]LogContentBrowser: Native class hierarchy updated for 'AddContentDialog' in 0.0014 seconds. Added 0 classes and 0 folders.
[2016.04.24-01.09.25:821][  0]LogContentBrowser: Native class hierarchy updated for 'SceneOutliner' in 0.0015 seconds. Added 1 classes and 2 folders.
[2016.04.24-01.09.25:868][  0]LogCrashTracker: Crashtracker disabled due to settings.
[2016.04.24-01.09.25:872][  0]LogUObjectGlobals:Warning: Failed to find object 'Class None.'
[2016.04.24-01.09.25:895][  0]LogLoad: Full Startup: 5.44 seconds (BP compile: 0.04 seconds)
[2016.04.24-01.09.25:917][  0]LogOcInput: Can't find Oculus library dev build: is proper Runtime installed? Version: 0.8.0.0
[2016.04.24-01.09.25:959][  0]LogContentStreaming: Texture pool size now 1000 MB
[2016.04.24-01.09.26:093][  0]LogRenderer: Reallocating scene render targets to support 1160x572 (Frame:2).
[2016.04.24-01.09.26:356][  3]LogAssetRegistry: Asset discovery search completed in 2.0995 seconds
[2016.04.24-01.09.26:356][  3]LogCollectionManager: Rebuilt the object cache for 0 collections in 0.000001 seconds (found 0 objects)
[2016.04.24-01.09.26:356][  3]LogCollectionManager: Fixed up redirectors for 0 collections in 0.000022 seconds (updated 0 objects)
[2016.04.24-01.09.53:507][750]SourceControl:Error: Error Failed to enable Git source control. You need to initialize the project as a Git repository first.
[2016.04.24-01.10.12:754][ 93]SourceControl:Error: Error Failed to enable Git source control. You need to initialize the project as a Git repository first.
[2016.04.24-01.10.23:181][289]SourceControl:Error: Error Failed to enable Git source control. You need to initialize the project as a Git repository first.
[2016.04.24-01.10.31:973][439]SourceControl: Info Source control is disabled
[2016.04.24-01.10.36:651][556]Running C:/Program Files (x86)/Epic Games/4.10/Engine/Binaries/DotNET/UnrealBuildTool.exe  -projectfiles -project="D:/Source/GitHub/Spectral/Spectral/Spectral.uproject" -game -rocket -progress -2015
[2016.04.24-01.10.36:954][556]Discovering modules, targets and source code for game...
[2016.04.24-01.11.15:411][  8]Recompiling Spectral...
[2016.04.24-01.11.15:411][  8]Launching UnrealBuildTool... [C:/Program Files (x86)/Epic Games/4.10/Engine/Binaries/DotNET/UnrealBuildTool.exe Spectral -ModuleWithSuffix Spectral 3614 Win64 Development -editorrecompile -canskiplink "D:/Source/GitHub/Spectral/Spectral/Spectral.uproject" -rocket  -rocket -2015]
[2016.04.24-01.11.15:412][  8]Warning: Starting HotReload took  0.1s.
[2016.04.24-01.11.25:583][197]CompilerResultsLog: New page: Compilation - Apr 23, 2016, 3:11:25 PM
[2016.04.24-01.11.25:583][197]CompilerResultsLog: Info Performing full C++ include scan (hot reloading a new target)
[2016.04.24-01.11.25:583][197]CompilerResultsLog: Info Creating makefile for hot reloading Spectral (no existing makefile)
[2016.04.24-01.11.25:583][197]CompilerResultsLog: Info Compiling game modules for hot reload
[2016.04.24-01.11.25:583][197]CompilerResultsLog: Info Parsing headers for SpectralEditor
[2016.04.24-01.11.25:584][197]CompilerResultsLog: Info   Running UnrealHeaderTool "D:/Source/GitHub/Spectral/Spectral/Spectral.uproject" "D:\Source\GitHub\Spectral\Spectral\Intermediate\Build\Win64\SpectralEditor\Development\UnrealHeaderTool.manifest" -LogCmds="loginit warning, logexit warning, logdatabase error" -rocket -installed
[2016.04.24-01.11.25:584][197]CompilerResultsLog:Error: Error D:/Source/GitHub/Spectral/Spectral/Source/Spectral/Skills/SkillFramework/SkillUserIntf.h(22)  : LogCompile:Error: Remapping old metadata key 'FriendlyName' to new key 'DisplayName', please update the declaration.
[2016.04.24-01.11.25:584][197]CompilerResultsLog:Error: Error D:/Source/GitHub/Spectral/Spectral/Source/Spectral/Skills/SkillFramework/SkillUserIntf.h(25)  : LogCompile:Error: Remapping old metadata key 'FriendlyName' to new key 'DisplayName', please update the declaration.
[2016.04.24-01.11.25:584][197]CompilerResultsLog:Error: Error D:/Source/GitHub/Spectral/Spectral/Source/Spectral/Skills/SkillFramework/SkillUserIntf.h(28)  : 'ExecuteSkill' conflicts with 'Function /Script/Spectral.SkillUserIntf:ExecuteSkill'
[2016.04.24-01.11.25:584][197]CompilerResultsLog:Error: Error Error: Failed to generate code for SpectralEditor - error code: OtherCompilationError (5) 
[2016.04.24-01.11.25:584][197]CompilerResultsLog: Info UnrealHeaderTool failed for target 'SpectralEditor' (platform: Win64, module info: D:\Source\GitHub\Spectral\Spectral\Intermediate\Build\Win64\SpectralEditor\Development\UnrealHeaderTool.manifest).
[2016.04.24-01.11.25:584][197]LogMainFrame: MainFrame: Module compiling took 10.177 seconds
[2016.04.24-01.11.25:584][197]Warning: HotReload failed, recompile failed
[2016.04.24-01.12.25:373][213]Recompiling Spectral...
[2016.04.24-01.12.25:374][213]Launching UnrealBuildTool... [C:/Program Files (x86)/Epic Games/4.10/Engine/Binaries/DotNET/UnrealBuildTool.exe Spectral -ModuleWithSuffix Spectral 1187 Win64 Development -editorrecompile -canskiplink "D:/Source/GitHub/Spectral/Spectral/Spectral.uproject" -rocket  -rocket -2015]
[2016.04.24-01.12.25:375][213]Warning: Starting HotReload took  0.0s.
[2016.04.24-01.12.35:566][486]CompilerResultsLog: New page: Compilation - Apr 23, 2016, 3:12:35 PM
[2016.04.24-01.12.35:566][486]CompilerResultsLog: Info Creating makefile for hot reloading Spectral (no existing makefile)
[2016.04.24-01.12.35:566][486]CompilerResultsLog: Info Compiling game modules for hot reload
[2016.04.24-01.12.35:566][486]CompilerResultsLog: Info Parsing headers for SpectralEditor
[2016.04.24-01.12.35:566][486]CompilerResultsLog: Info   Running UnrealHeaderTool "D:/Source/GitHub/Spectral/Spectral/Spectral.uproject" "D:\Source\GitHub\Spectral\Spectral\Intermediate\Build\Win64\SpectralEditor\Development\UnrealHeaderTool.manifest" -LogCmds="loginit warning, logexit warning, logdatabase error" -rocket -installed
[2016.04.24-01.12.35:566][486]CompilerResultsLog:Error: Error D:/Source/GitHub/Spectral/Spectral/Source/Spectral/Skills/SkillFramework/SkillUserIntf.h(28)  : 'ExecuteSkill' conflicts with 'Function /Script/Spectral.SkillUserIntf:ExecuteSkill'
[2016.04.24-01.12.35:566][486]CompilerResultsLog:Error: Error Error: Failed to generate code for SpectralEditor - error code: OtherCompilationError (5) 
[2016.04.24-01.12.35:566][486]CompilerResultsLog: Info UnrealHeaderTool failed for target 'SpectralEditor' (platform: Win64, module info: D:\Source\GitHub\Spectral\Spectral\Intermediate\Build\Win64\SpectralEditor\Development\UnrealHeaderTool.manifest).
[2016.04.24-01.12.35:566][486]LogMainFrame: MainFrame: Module compiling took 10.215 seconds
[2016.04.24-01.12.35:566][486]Warning: HotReload failed, recompile failed
[2016.04.24-01.13.12:868][849]Recompiling Spectral...
[2016.04.24-01.13.12:869][849]Launching UnrealBuildTool... [C:/Program Files (x86)/Epic Games/4.10/Engine/Binaries/DotNET/UnrealBuildTool.exe Spectral -ModuleWithSuffix Spectral 5066 Win64 Development -editorrecompile -canskiplink "D:/Source/GitHub/Spectral/Spectral/Spectral.uproject" -rocket  -rocket -2015]
[2016.04.24-01.13.12:872][849]Warning: Starting HotReload took  0.0s.
[2016.04.24-01.13.27:410][120]CompilerResultsLog: New page: Compilation - Apr 23, 2016, 3:13:27 PM
[2016.04.24-01.13.27:410][120]CompilerResultsLog: Info Creating makefile for hot reloading Spectral (no existing makefile)
[2016.04.24-01.13.27:410][120]CompilerResultsLog: Info Compiling game modules for hot reload
[2016.04.24-01.13.27:410][120]CompilerResultsLog: Info Parsing headers for SpectralEditor
[2016.04.24-01.13.27:410][120]CompilerResultsLog: Info   Running UnrealHeaderTool "D:/Source/GitHub/Spectral/Spectral/Spectral.uproject" "D:\Source\GitHub\Spectral\Spectral\Intermediate\Build\Win64\SpectralEditor\Development\UnrealHeaderTool.manifest" -LogCmds="loginit warning, logexit warning, logdatabase error" -rocket -installed
[2016.04.24-01.13.27:410][120]CompilerResultsLog: Info Reflection code generated for SpectralEditor in 6.9013993 seconds
[2016.04.24-01.13.27:410][120]CompilerResultsLog: Info Performing 4 actions (4 in parallel)
[2016.04.24-01.13.27:410][120]CompilerResultsLog: Info SkillUserIntf.cpp
[2016.04.24-01.13.27:410][120]CompilerResultsLog: Info Spectral.generated.cpp
[2016.04.24-01.13.27:410][120]CompilerResultsLog: Info TargetingDataIntf.cpp
[2016.04.24-01.13.27:410][120]CompilerResultsLog:Error: Error D:\Source\GitHub\Spectral\Spectral\Source\Spectral\Skills\SkillFramework\SkillUserIntf.cpp(14) : error C2039: 'ExecuteSkill': is not a member of 'ISkillUserIntf'
[2016.04.24-01.13.27:410][120]CompilerResultsLog:Error: Error d:\source\github\spectral\spectral\source\spectral\skills\skillframework\SkillUserIntf.h(16) : note: see declaration of 'ISkillUserIntf'
[2016.04.24-01.13.27:410][120]CompilerResultsLog:Error: Error D:\Source\GitHub\Spectral\Spectral\Source\Spectral\Skills\SkillFramework\SkillUserIntf.cpp(18) : error C2039: 'ExecuteSkill': is not a member of 'ISkillUserIntf'
[2016.04.24-01.13.27:410][120]CompilerResultsLog:Error: Error d:\source\github\spectral\spectral\source\spectral\skills\skillframework\SkillUserIntf.h(16) : note: see declaration of 'ISkillUserIntf'
[2016.04.24-01.13.27:410][120]CompilerResultsLog: Info -------- End Detailed Actions Stats -----------------------------------------------------------
[2016.04.24-01.13.27:411][120]CompilerResultsLog: Info ERROR: UBT ERROR: Failed to produce item: D:\Source\GitHub\Spectral\Spectral\Binaries\Win64\UE4Editor-Spectral-5066.dll
[2016.04.24-01.13.27:411][120]CompilerResultsLog: Info Total build time: 14.46 seconds
[2016.04.24-01.13.27:411][120]LogMainFrame: MainFrame: Module compiling took 14.564 seconds
[2016.04.24-01.13.27:411][120]Warning: HotReload failed, recompile failed
[2016.04.24-01.14.03:418][337]LogHotReload: New module detected: UE4Editor-Spectral-9847.dll
[2016.04.24-01.14.03:764][339]LogHotReload: Starting Hot-Reload from IDE
[2016.04.24-01.14.03:850][339]LogModuleManager:Warning: ModuleManager: Unable to load module 'Spectral' because the file 'D:/Source/GitHub/Spectral/Spectral/Binaries/Win64/UE4Editor-Spectral-9847.dll' was not found.
[2016.04.24-01.14.03:850][339]Warning: HotReload failed, reload failed /Script/Spectral.
[2016.04.24-01.14.03:863][339]LogContentBrowser: Native class hierarchy populated in 0.0106 seconds. Added 1897 classes and 342 folders.
[2016.04.24-01.14.53:420][153]LogWindowsTextInputMethodSystem:Display: IME system now deactivated.
[2016.04.24-01.14.53:628][154]Cmd: QUIT_EDITOR
[2016.04.24-01.14.53:758][154]LogExit: Preparing to exit.
[2016.04.24-01.14.54:311][154]LogExit: Editor shut down
[2016.04.24-01.14.54:312][154]LogExit: Transaction tracking system shut down
[2016.04.24-01.14.54:313][154]LogParticles: Destroying 0 GPU particle simulations for FXSystem 0x000001C82CB87560
[2016.04.24-01.14.54:313][154]LogParticles: Destroying 0 GPU particle simulations for FXSystem 0x000001C845689F80
[2016.04.24-01.14.54:432][154]LogExit: Object subsystem successfully closed.
[2016.04.24-01.14.54:439][154]LogD3D11RHI: Shutdown
[2016.04.24-01.14.54:439][154]LogD3D11RHI: CleanupD3DDevice
[2016.04.24-01.14.54:492][154]LogD3D11RHI: ~FD3D11DynamicRHI
[2016.04.24-01.14.54:509][154]LogModuleManager: Shutting down and abandoning module CrashTracker (199)
[2016.04.24-01.14.54:509][154]LogModuleManager: Shutting down and abandoning module SceneOutliner (198)
[2016.04.24-01.14.54:509][154]LogModuleManager: Shutting down and abandoning module SuperSearch (197)
[2016.04.24-01.14.54:509][154]LogModuleManager: Shutting down and abandoning module WidgetCarousel (196)
[2016.04.24-01.14.54:509][154]LogModuleManager: Shutting down and abandoning module AddContentDialog (195)
[2016.04.24-01.14.54:510][154]LogModuleManager: Shutting down and abandoning module EditorWidgets (194)
[2016.04.24-01.14.54:510][154]LogModuleManager: Shutting down and abandoning module CollectionManager (193)
[2016.04.24-01.14.54:510][154]LogModuleManager: Shutting down and abandoning module StatsViewer (192)
[2016.04.24-01.14.54:510][154]LogModuleManager: Shutting down and abandoning module FoliageEdit (191)
[2016.04.24-01.14.54:510][154]LogModuleManager: Shutting down and abandoning module LandscapeEditor (190)
[2016.04.24-01.14.54:511][154]LogModuleManager: Shutting down and abandoning module ActorPickerMode (189)
[2016.04.24-01.14.54:511][154]LogModuleManager: Shutting down and abandoning module GeometryMode (188)
[2016.04.24-01.14.54:511][154]LogModuleManager: Shutting down and abandoning module TextureAlignMode (187)
[2016.04.24-01.14.54:511][154]LogModuleManager: Shutting down and abandoning module BspMode (186)
[2016.04.24-01.14.54:511][154]LogModuleManager: Shutting down and abandoning module PlacementMode (185)
[2016.04.24-01.14.54:511][154]LogModuleManager: Shutting down and abandoning module AutomationWorker (184)
[2016.04.24-01.14.54:511][154]LogModuleManager: Shutting down and abandoning module CharacterAI (183)
[2016.04.24-01.14.54:511][154]LogModuleManager: Shutting down and abandoning module SmartSnapping (182)
[2016.04.24-01.14.54:511][154]LogModuleManager: Shutting down and abandoning module ViewportSnapping (181)
[2016.04.24-01.14.54:511][154]LogModuleManager: Shutting down and abandoning module LogVisualizer (180)
[2016.04.24-01.14.54:511][154]LogModuleManager: Shutting down and abandoning module GameProjectGeneration (179)
[2016.04.24-01.14.54:511][154]LogModuleManager: Shutting down and abandoning module IntroTutorials (178)
[2016.04.24-01.14.54:511][154]LogModuleManager: Shutting down and abandoning module EditorLiveStreaming (177)
[2016.04.24-01.14.54:511][154]LogModuleManager: Shutting down and abandoning module IOSPlatformEditor (176)
[2016.04.24-01.14.54:511][154]LogModuleManager: Shutting down and abandoning module HTML5PlatformEditor (175)
[2016.04.24-01.14.54:511][154]LogModuleManager: Shutting down and abandoning module AndroidDeviceDetection (174)
[2016.04.24-01.14.55:228][154]LogModuleManager: Shutting down and abandoning module AndroidPlatformEditor (173)
[2016.04.24-01.14.55:228][154]LogModuleManager: Shutting down and abandoning module IOSRuntimeSettings (172)
[2016.04.24-01.14.55:228][154]LogModuleManager: Shutting down and abandoning module AndroidRuntimeSettings (171)
[2016.04.24-01.14.55:228][154]LogModuleManager: Shutting down and abandoning module MergeActors (170)
[2016.04.24-01.14.55:228][154]LogModuleManager: Shutting down and abandoning module SizeMap (169)
[2016.04.24-01.14.55:228][154]LogModuleManager: Shutting down and abandoning module TreeMap (168)
[2016.04.24-01.14.55:228][154]LogModuleManager: Shutting down and abandoning module ReferenceViewer (167)
[2016.04.24-01.14.55:228][154]LogModuleManager: Shutting down and abandoning module LocalizationService (166)
[2016.04.24-01.14.55:228][154]LogModuleManager: Shutting down and abandoning module LocalizationDashboard (165)
[2016.04.24-01.14.55:228][154]LogModuleManager: Shutting down and abandoning module HardwareTargeting (164)
[2016.04.24-01.14.55:228][154]LogModuleManager: Shutting down and abandoning module DeviceProfileEditor (163)
[2016.04.24-01.14.55:228][154]LogModuleManager: Shutting down and abandoning module UndoHistory (162)
[2016.04.24-01.14.55:228][154]LogModuleManager: Shutting down and abandoning module GameplayTagsEditor (161)
[2016.04.24-01.14.55:228][154]LogModuleManager: Shutting down and abandoning module UserFeedback (160)
[2016.04.24-01.14.55:228][154]LogModuleManager: Shutting down and abandoning module XmlParser (159)
[2016.04.24-01.14.55:228][154]LogModuleManager: Shutting down and abandoning module Blutility (158)
[2016.04.24-01.14.55:228][154]LogModuleManager: Shutting down and abandoning module ProjectTargetPlatformEditor (157)
[2016.04.24-01.14.55:228][154]LogModuleManager: Shutting down and abandoning module ProjectSettingsViewer (156)
[2016.04.24-01.14.55:228][154]LogModuleManager: Shutting down and abandoning module InputBindingEditor (155)
[2016.04.24-01.14.55:229][154]LogModuleManager: Shutting down and abandoning module EditorSettingsViewer (154)
[2016.04.24-01.14.55:229][154]LogModuleManager: Shutting down and abandoning module SettingsEditor (153)
[2016.04.24-01.14.55:229][154]LogModuleManager: Shutting down and abandoning module ProjectLauncher (152)
[2016.04.24-01.14.55:229][154]LogModuleManager: Shutting down and abandoning module SessionFrontend (151)
[2016.04.24-01.14.55:229][154]LogModuleManager: Shutting down and abandoning module ProfilerClient (150)
[2016.04.24-01.14.55:229][154]LogModuleManager: Shutting down and abandoning module TargetDeviceServices (149)
[2016.04.24-01.14.55:229][154]LogModuleManager: Shutting down and abandoning module DeviceManager (148)
[2016.04.24-01.14.55:229][154]LogModuleManager: Shutting down and abandoning module AutomationController (147)
[2016.04.24-01.14.55:229][154]LogModuleManager: Shutting down and abandoning module AutomationWindow (146)
[2016.04.24-01.14.55:229][154]LogModuleManager: Shutting down and abandoning module Layers (145)
[2016.04.24-01.14.55:229][154]LogModuleManager: Shutting down and abandoning module ComponentVisualizers (144)
[2016.04.24-01.14.55:229][154]LogModuleManager: Shutting down and abandoning module DetailCustomizations (143)
[2016.04.24-01.14.55:229][154]LogModuleManager: Shutting down and abandoning module PackagesDialog (142)
[2016.04.24-01.14.55:229][154]LogModuleManager: Shutting down and abandoning module Persona (141)
[2016.04.24-01.14.55:229][154]LogModuleManager: Shutting down and abandoning module Kismet (140)
[2016.04.24-01.14.55:229][154]LogModuleManager: Shutting down and abandoning module GraphEditor (139)
[2016.04.24-01.14.55:229][154]LogModuleManager: Shutting down and abandoning module ClassViewer (138)
[2016.04.24-01.14.55:229][154]LogModuleManager: Shutting down and abandoning module Toolbox (137)
[2016.04.24-01.14.55:229][154]LogModuleManager: Shutting down and abandoning module ModuleUI (136)
[2016.04.24-01.14.55:229][154]LogModuleManager: Shutting down and abandoning module MovieSceneTools (135)
[2016.04.24-01.14.55:229][154]LogModuleManager: Shutting down and abandoning module OutputLog (134)
[2016.04.24-01.14.55:229][154]LogModuleManager: Shutting down and abandoning module GammaUI (133)
[2016.04.24-01.14.55:229][154]LogModuleManager: Shutting down and abandoning module Documentation (132)
[2016.04.24-01.14.55:229][154]LogModuleManager: Shutting down and abandoning module GameLiveStreaming (131)
[2016.04.24-01.14.55:229][154]LogModuleManager: Shutting down and abandoning module StreamingPauseRendering (130)
[2016.04.24-01.14.55:229][154]LogModuleManager: Shutting down and abandoning module AnalyticsET (129)
[2016.04.24-01.14.55:229][154]LogModuleManager: Shutting down and abandoning module Analytics (128)
[2016.04.24-01.14.55:229][154]LogModuleManager: Shutting down and abandoning module AITestSuite (127)
[2016.04.24-01.14.55:229][154]LogModuleManager: Shutting down and abandoning module GameplayDebugger (126)
[2016.04.24-01.14.55:229][154]LogModuleManager: Shutting down and abandoning module AIModule (125)
[2016.04.24-01.14.55:229][154]LogModuleManager: Shutting down and abandoning module ProfilerService (124)
[2016.04.24-01.14.55:244][154]LogModuleManager: Shutting down and abandoning module TaskGraph (123)
[2016.04.24-01.14.55:244][154]LogModuleManager: Shutting down and abandoning module SlateRemote (122)
[2016.04.24-01.14.55:244][154]LogModuleManager: Shutting down and abandoning module SteamVRController (121)
[2016.04.24-01.14.55:244][154]LogModuleManager: Shutting down and abandoning module SteamVR (120)
[2016.04.24-01.14.55:244][154]LogModuleManager: Shutting down and abandoning module ProceduralMeshComponent (119)
[2016.04.24-01.14.55:244][154]LogModuleManager: Shutting down and abandoning module OculusLibrary (118)
[2016.04.24-01.14.55:244][154]LogModuleManager: Shutting down and abandoning module OculusInput (117)
[2016.04.24-01.14.55:244][154]LogModuleManager: Shutting down and abandoning module LeapMotionController (116)
[2016.04.24-01.14.55:269][154]LogModuleManager: Shutting down and abandoning module CustomMeshComponent (115)
[2016.04.24-01.14.55:269][154]LogModuleManager: Shutting down and abandoning module CableComponent (114)
[2016.04.24-01.14.55:269][154]LogModuleManager: Shutting down and abandoning module ArchVisCharacter (113)
[2016.04.24-01.14.55:269][154]LogModuleManager: Shutting down and abandoning module MessagingDebugger (112)
[2016.04.24-01.14.55:269][154]LogModuleManager: Shutting down and abandoning module MediaPlayerEditor (111)
[2016.04.24-01.14.55:269][154]LogModuleManager: Shutting down and abandoning module HTML5Networking (110)
[2016.04.24-01.14.55:269][154]LogModuleManager: Shutting down and abandoning module SpeedTreeImporter (109)
[2016.04.24-01.14.55:269][154]LogModuleManager: Shutting down and abandoning module PluginBrowser (108)
[2016.04.24-01.14.55:270][154]LogModuleManager: Shutting down and abandoning module EpicSurvey (107)
[2016.04.24-01.14.55:270][154]LogModuleManager: Shutting down and abandoning module DesktopPlatform (106)
[2016.04.24-01.14.55:270][154]LogModuleManager: Shutting down and abandoning module VisualStudioSourceCodeAccess (105)
[2016.04.24-01.14.55:270][154]LogModuleManager: Shutting down and abandoning module UObjectPlugin (104)
[2016.04.24-01.14.55:270][154]LogModuleManager: Shutting down and abandoning module SubversionSourceControl (103)
[2016.04.24-01.14.55:270][154]LogModuleManager: Shutting down and abandoning module PerforceSourceControl (102)
[2016.04.24-01.14.55:270][154]LogModuleManager: Shutting down and abandoning module SourceControl (101)
[2016.04.24-01.14.55:270][154]LogModuleManager: Shutting down and abandoning module GitSourceControl (100)
[2016.04.24-01.14.55:270][154]LogModuleManager: Shutting down and abandoning module LightPropagationVolumeEditor (99)
[2016.04.24-01.14.55:270][154]LogModuleManager: Shutting down and abandoning module PaperTiledImporter (98)
[2016.04.24-01.14.55:270][154]LogModuleManager: Shutting down and abandoning module PaperSpriteSheetImporter (97)
[2016.04.24-01.14.55:270][154]LogModuleManager: Shutting down and abandoning module MeshPaint (96)
[2016.04.24-01.14.55:270][154]LogModuleManager: Shutting down and abandoning module SlateReflector (95)
[2016.04.24-01.14.55:270][154]LogModuleManager: Shutting down and abandoning module HotReload (94)
[2016.04.24-01.14.55:270][154]LogModuleManager: Shutting down and abandoning module MainFrame (93)
[2016.04.24-01.14.55:270][154]LogModuleManager: Shutting down and abandoning module LevelEditor (92)
[2016.04.24-01.14.55:271][154]LogModuleManager: Shutting down and abandoning module DirectoryWatcher (91)
[2016.04.24-01.14.55:271][154]LogModuleManager: Shutting down and abandoning module AssetRegistry (90)
[2016.04.24-01.14.55:337][154]LogModuleManager: Shutting down and abandoning module ContentBrowser (89)
[2016.04.24-01.14.55:338][154]LogModuleManager: Shutting down and abandoning module Paper2DEditor (88)
[2016.04.24-01.14.55:338][154]LogModuleManager: Shutting down and abandoning module UdpMessaging (86)
[2016.04.24-01.14.55:439][154]LogModuleManager: Shutting down and abandoning module LightPropagationVolumeRuntime (85)
[2016.04.24-01.14.55:439][154]LogModuleManager: Shutting down and abandoning module Paper2D (84)
[2016.04.24-01.14.55:439][154]LogModuleManager: Shutting down and abandoning module WindowsMoviePlayer (83)
[2016.04.24-01.14.55:442][154]LogModuleManager: Shutting down and abandoning module Media (82)
[2016.04.24-01.14.55:442][154]LogModuleManager: Shutting down and abandoning module WmfMedia (81)
[2016.04.24-01.14.55:442][154]LogModuleManager: Shutting down and abandoning module OnlineBlueprintSupport (80)
[2016.04.24-01.14.55:442][154]LogModuleManager: Shutting down and abandoning module GameplayTasksEditor (79)
[2016.04.24-01.14.55:442][154]LogModuleManager: Shutting down and abandoning module PropertyEditor (78)
[2016.04.24-01.14.55:442][154]LogModuleManager: Shutting down and abandoning module BehaviorTreeEditor (77)
[2016.04.24-01.14.55:442][154]LogModuleManager: Shutting down and abandoning module FunctionalTesting (76)
[2016.04.24-01.14.55:442][154]LogModuleManager: Shutting down and abandoning module CollisionAnalyzer (75)
[2016.04.24-01.14.55:442][154]LogModuleManager: Shutting down and abandoning module WorkspaceMenuStructure (74)
[2016.04.24-01.14.55:442][154]LogModuleManager: Shutting down and abandoning module MessageLog (73)
[2016.04.24-01.14.55:442][154]LogModuleManager: Shutting down and abandoning module Sequencer (72)
[2016.04.24-01.14.55:442][154]LogModuleManager: Shutting down and abandoning module AssetTools (71)
[2016.04.24-01.14.55:442][154]LogModuleManager: Shutting down and abandoning module UMGEditor (70)
[2016.04.24-01.14.55:442][154]LogModuleManager: Shutting down and abandoning module UMG (69)
[2016.04.24-01.14.55:442][154]LogModuleManager: Shutting down and abandoning module Slate (68)
[2016.04.24-01.14.55:442][154]LogModuleManager: Shutting down and abandoning module EditorStyle (67)
[2016.04.24-01.14.55:444][154]LogModuleManager: Shutting down and abandoning module SessionServices (66)
[2016.04.24-01.14.55:444][154]LogModuleManager: Shutting down and abandoning module SourceCodeAccess (65)
[2016.04.24-01.14.55:444][154]LogModuleManager: Shutting down and abandoning module HeadMountedDisplay (64)
[2016.04.24-01.14.55:444][154]LogModuleManager: Shutting down and abandoning module XAudio2 (63)
[2016.04.24-01.14.55:444][154]LogModuleManager: Shutting down and abandoning module Networking (61)
[2016.04.24-01.14.55:444][154]LogModuleManager: Shutting down and abandoning module Core (60)
[2016.04.24-01.14.55:444][154]LogModuleManager: Shutting down and abandoning module KismetCompiler (59)
[2016.04.24-01.14.55:444][154]LogModuleManager: Shutting down and abandoning module PhysXFormats (58)
[2016.04.24-01.14.55:444][154]LogModuleManager: Shutting down and abandoning module MeshUtilities (57)
[2016.04.24-01.14.55:444][154]LogModuleManager: Shutting down and abandoning module DerivedDataCache (56)
[2016.04.24-01.14.55:497][154]LogDerivedDataCache: Shutdown
[2016.04.24-01.14.55:497][154]LogModuleManager: Shutting down and abandoning module ShaderFormatOpenGL (55)
[2016.04.24-01.14.55:497][154]LogModuleManager: Shutting down and abandoning module ShaderFormatD3D (54)
[2016.04.24-01.14.55:497][154]LogModuleManager: Shutting down and abandoning module MetalShaderFormat (53)
[2016.04.24-01.14.55:497][154]LogModuleManager: Shutting down and abandoning module TextureFormatUncompressed (52)
[2016.04.24-01.14.55:497][154]LogModuleManager: Shutting down and abandoning module TextureFormatPVR (51)
[2016.04.24-01.14.55:497][154]LogModuleManager: Shutting down and abandoning module TextureFormatIntelISPCTexComp (50)
[2016.04.24-01.14.55:497][154]LogModuleManager: Shutting down and abandoning module TextureFormatDXT (49)
[2016.04.24-01.14.55:497][154]LogModuleManager: Shutting down and abandoning module ImageWrapper (48)
[2016.04.24-01.14.55:497][154]LogModuleManager: Shutting down and abandoning module TextureFormatASTC (47)
[2016.04.24-01.14.55:497][154]LogModuleManager: Shutting down and abandoning module TextureFormatAndroid (46)
[2016.04.24-01.14.55:497][154]LogModuleManager: Shutting down and abandoning module AudioFormatOpus (45)
[2016.04.24-01.14.55:497][154]LogModuleManager: Shutting down and abandoning module AudioFormatOgg (44)
[2016.04.24-01.14.55:497][154]LogModuleManager: Shutting down and abandoning module AudioFormatADPCM (43)
[2016.04.24-01.14.55:497][154]LogModuleManager: Shutting down and abandoning module LinuxTargetPlatform (42)
[2016.04.24-01.14.55:497][154]LogModuleManager: Shutting down and abandoning module LinuxServerTargetPlatform (41)
[2016.04.24-01.14.55:497][154]LogModuleManager: Shutting down and abandoning module LinuxNoEditorTargetPlatform (40)
[2016.04.24-01.14.55:497][154]LogModuleManager: Shutting down and abandoning module Messaging (39)
[2016.04.24-01.14.55:497][154]LogModuleManager: Shutting down and abandoning module IOSTargetPlatform (38)
[2016.04.24-01.14.55:497][154]LogModuleManager: Shutting down and abandoning module HTML5TargetPlatform (37)
[2016.04.24-01.14.55:497][154]LogModuleManager: Shutting down and abandoning module Android_PVRTCTargetPlatform (36)
[2016.04.24-01.14.55:497][154]LogModuleManager: Shutting down and abandoning module Android_MultiTargetPlatform (35)
[2016.04.24-01.14.55:497][154]LogModuleManager: Shutting down and abandoning module Android_ETC2TargetPlatform (34)
[2016.04.24-01.14.55:497][154]LogModuleManager: Shutting down and abandoning module Android_ETC1TargetPlatform (33)
[2016.04.24-01.14.55:497][154]LogModuleManager: Shutting down and abandoning module Android_DXTTargetPlatform (32)
[2016.04.24-01.14.55:497][154]LogModuleManager: Shutting down and abandoning module Android_ATCTargetPlatform (31)
[2016.04.24-01.14.55:497][154]LogModuleManager: Shutting down and abandoning module Android_ASTCTargetPlatform (30)
[2016.04.24-01.14.55:497][154]LogModuleManager: Shutting down and abandoning module AndroidTargetPlatform (29)
[2016.04.24-01.14.55:497][154]LogModuleManager: Shutting down and abandoning module WindowsTargetPlatform (28)
[2016.04.24-01.14.55:497][154]LogModuleManager: Shutting down and abandoning module WindowsServerTargetPlatform (27)
[2016.04.24-01.14.55:497][154]LogModuleManager: Shutting down and abandoning module WindowsNoEditorTargetPlatform (26)
[2016.04.24-01.14.55:497][154]LogModuleManager: Shutting down and abandoning module WindowsClientTargetPlatform (25)
[2016.04.24-01.14.55:497][154]LogModuleManager: Shutting down and abandoning module AllDesktopTargetPlatform (24)
[2016.04.24-01.14.55:497][154]LogModuleManager: Shutting down and abandoning module TargetPlatform (23)
[2016.04.24-01.14.55:497][154]LogModuleManager: Shutting down and abandoning module InputCore (22)
[2016.04.24-01.14.55:497][154]LogModuleManager: Shutting down and abandoning module Settings (21)
[2016.04.24-01.14.55:497][154]LogModuleManager: Shutting down and abandoning module OnlineSubsystem (19)
[2016.04.24-01.14.55:497][154]LogModuleManager: Shutting down and abandoning module HTTP (18)
[2016.04.24-01.14.56:498][154]LogModuleManager: Shutting down and abandoning module XMPP (17)
[2016.04.24-01.14.56:498][154]LogModuleManager: Shutting down and abandoning module OculusRift (16)
[2016.04.24-01.14.56:498][154]LogModuleManager: Shutting down and abandoning module ExampleDeviceProfileSelector (15)
[2016.04.24-01.14.56:498][154]LogModuleManager: Shutting down and abandoning module TextureCompressor (14)
[2016.04.24-01.14.56:498][154]LogModuleManager: Shutting down and abandoning module ShaderCore (13)
[2016.04.24-01.14.56:498][154]LogModuleManager: Shutting down and abandoning module Landscape (12)
[2016.04.24-01.14.56:498][154]LogModuleManager: Shutting down and abandoning module SlateRHIRenderer (11)
[2016.04.24-01.14.56:498][154]LogModuleManager: Shutting down and abandoning module OpenGLDrv (10)
[2016.04.24-01.14.56:498][154]LogModuleManager: Shutting down and abandoning module D3D11RHI (9)
[2016.04.24-01.14.56:498][154]LogModuleManager: Shutting down and abandoning module AnimGraphRuntime (8)
[2016.04.24-01.14.56:498][154]LogModuleManager: Shutting down and abandoning module Renderer (7)
[2016.04.24-01.14.56:498][154]LogModuleManager: Shutting down and abandoning module Engine (6)
[2016.04.24-01.14.56:498][154]LogModuleManager: Shutting down and abandoning module CoreUObject (5)
[2016.04.24-01.14.56:498][154]LogModuleManager: Shutting down and abandoning module NetworkFile (4)
[2016.04.24-01.14.56:498][154]LogModuleManager: Shutting down and abandoning module StreamingFile (3)
[2016.04.24-01.14.56:498][154]LogModuleManager: Shutting down and abandoning module SandboxFile (2)
[2016.04.24-01.14.56:498][154]LogModuleManager: Shutting down and abandoning module PakFile (1)
[2016.04.24-01.14.56:500][154]LogExit: Exiting.
[2016.04.24-01.14.56:501][154]Log file closed, 04/23/16 20:14:56
