[2016.04.30-07.43.02:892][  0]Log file open, 04/30/16 02:43:02
[2016.04.30-07.43.02:892][  0]LogInit:Display: Running engine for game: Spectral
[2016.04.30-07.43.02:892][  0]LogPlatformFile: Not using cached read wrapper
[2016.04.30-07.43.02:892][  0]LogInit:Display: RandInit(-1746043730) SRandInit(-1746043727).
[2016.04.30-07.43.02:892][  0]LogTaskGraph: Started task graph with 4 named threads and 7 total threads.
[2016.04.30-07.43.02:892][  0]LogStats: Stats thread started at 0.083938
[2016.04.30-07.43.02:892][  0]LogInit: Version: 4.10.4-2872498+++depot+UE4-Releases+4.10
[2016.04.30-07.43.02:892][  0]LogInit: API Version: 2758231
[2016.04.30-07.43.02:892][  0]LogInit: Compiled (64-bit): Feb 18 2016 15:47:04
[2016.04.30-07.43.02:892][  0]LogInit: Compiled with Visual C++: 19.00.23026.00
[2016.04.30-07.43.02:892][  0]LogInit: Build Configuration: Development
[2016.04.30-07.43.02:892][  0]LogInit: Branch Name: ++depot+UE4-Releases+4.10
[2016.04.30-07.43.02:892][  0]LogInit: Command line:  
[2016.04.30-07.43.02:892][  0]LogInit: Base directory: C:/Program Files (x86)/Epic Games/4.10/Engine/Binaries/Win64/
[2016.04.30-07.43.02:892][  0]LogInit: Rocket: 1
[2016.04.30-07.43.02:899][  0]LogInit: Using libcurl 7.41.0
[2016.04.30-07.43.02:899][  0]LogInit:  - built for x86_64-pc-win32
[2016.04.30-07.43.02:899][  0]LogInit:  - supports SSL with WinSSL
[2016.04.30-07.43.02:899][  0]LogInit:  - other features:
[2016.04.30-07.43.02:899][  0]LogInit:      CURL_VERSION_SSL
[2016.04.30-07.43.02:899][  0]LogInit:      CURL_VERSION_IPV6
[2016.04.30-07.43.02:899][  0]LogInit:      CURL_VERSION_ASYNCHDNS
[2016.04.30-07.43.02:899][  0]LogInit:      CURL_VERSION_LARGEFILE
[2016.04.30-07.43.02:899][  0]LogInit:      CURL_VERSION_IDN
[2016.04.30-07.43.02:899][  0]LogInit:  CurlRequestOptions (configurable via config and command line):
[2016.04.30-07.43.02:899][  0]LogInit:  - bVerifyPeer = true  - Libcurl will verify peer certificate
[2016.04.30-07.43.02:899][  0]LogInit:  - bUseHttpProxy = false  - Libcurl will NOT use HTTP proxy
[2016.04.30-07.43.02:899][  0]LogInit:  - bDontReuseConnections = false  - Libcurl will reuse connections
[2016.04.30-07.43.02:899][  0]LogInit:  - CertBundlePath = nullptr  - Libcurl will use whatever was configured at build time.
[2016.04.30-07.43.02:907][  0]LogInit: Presizing for 0 objects not considered by GC, pre-allocating 0 bytes.
[2016.04.30-07.43.02:913][  0]LogInit: Object subsystem initialized
[2016.04.30-07.43.02:914][  0]LogInit: Selected Device Profile: [Windows]
[2016.04.30-07.43.02:914][  0]LogInit: Applying CVar settings loaded from the selected device profile: [Windows]
[2016.04.30-07.43.02:923][  0]LogInit: Computer: MSI
[2016.04.30-07.43.02:923][  0]LogInit: User: WillNations
[2016.04.30-07.43.02:923][  0]LogInit: CPU Page size=4096, Cores=4
[2016.04.30-07.43.02:923][  0]LogInit: High frequency timer resolution =2.531250 MHz
[2016.04.30-07.43.02:923][  0]LogMemory: Memory total: Physical=15.9GB (16GB approx)
[2016.04.30-07.43.02:923][  0]LogMemory: Platform Memory Stats for Windows
[2016.04.30-07.43.02:923][  0]LogMemory: Process Physical Memory: 56.19 MB used, 56.19 MB peak
[2016.04.30-07.43.02:923][  0]LogMemory: Process Virtual Memory: 56.84 MB used, 56.84 MB peak
[2016.04.30-07.43.02:923][  0]LogMemory: Physical Memory: 4513.61 MB used, 16296.30 MB total
[2016.04.30-07.43.02:923][  0]LogMemory: Virtual Memory: 382.86 MB used, 134217728.00 MB total
[2016.04.30-07.43.03:199][  0]LogTextLocalizationManager: No specific translations for ('en-US') exist, so ('en') translations will be used.
[2016.04.30-07.43.03:652][  0]LogD3D11RHI: Found D3D11 adapter 0: NVIDIA GeForce GTX 970M              (Feature Level 11_0)
[2016.04.30-07.43.03:652][  0]LogD3D11RHI: Adapter has 2991MB of dedicated video memory, 0MB of dedicated system memory, and 8148MB of shared system memory, 1 output[s]
[2016.04.30-07.43.03:658][  0]LogD3D11RHI: Found D3D11 adapter 1: Intel(R) HD Graphics 530 (Feature Level 11_0)
[2016.04.30-07.43.03:658][  0]LogD3D11RHI: Adapter has 128MB of dedicated video memory, 0MB of dedicated system memory, and 8148MB of shared system memory, 0 output[s]
[2016.04.30-07.43.03:659][  0]LogD3D11RHI: Found D3D11 adapter 2: Microsoft Basic Render Driver (Feature Level 11_0)
[2016.04.30-07.43.03:659][  0]LogD3D11RHI: Adapter has 0MB of dedicated video memory, 0MB of dedicated system memory, and 8148MB of shared system memory, 0 output[s]
[2016.04.30-07.43.03:659][  0]LogD3D11RHI: Chosen D3D11 Adapter Id = 0
[2016.04.30-07.43.03:665][  0]LogD3D11RHI: !Direct3DDevice
[2016.04.30-07.43.03:665][  0]LogRHI: Texture pool is 1361 MB (70% of 1945 MB)
[2016.04.30-07.43.03:679][  0]LogD3D11RHI: Async texture creation enabled
[2016.04.30-07.43.03:691][  0]LogShaderCompilers: Guid format shader working directory is 14 characters bigger than the processId version (D:/Source/GitHub/Spectral/Spectral/Intermediate/Shaders/WorkingDirectory/11992/).
[2016.04.30-07.43.03:691][  0]LogShaderCompilers: Cleaned the shader compiler working directory 'C:/Users/WILLNA~1/AppData/Local/Temp/UnrealShaderWorkingDir/837C40054723BD4E2321B6B368C5104F/'.
[2016.04.30-07.43.03:691][  0]LogShaderCompilers:Display: Using Local Shader Compiler.
[2016.04.30-07.43.04:455][  0]LogTemp:Display: Loaded TP AllDesktopTargetPlatform
[2016.04.30-07.43.04:461][  0]LogTemp:Display: Loaded TP WindowsClientTargetPlatform
[2016.04.30-07.43.04:466][  0]LogTemp:Display: Loaded TP WindowsNoEditorTargetPlatform
[2016.04.30-07.43.04:473][  0]LogTemp:Display: Loaded TP WindowsServerTargetPlatform
[2016.04.30-07.43.04:480][  0]LogTemp:Display: Loaded TP WindowsTargetPlatform
[2016.04.30-07.43.04:485][  0]LogTemp:Display: Loaded TP AndroidTargetPlatform
[2016.04.30-07.43.04:489][  0]LogTemp:Display: Loaded TP Android_ASTCTargetPlatform
[2016.04.30-07.43.04:493][  0]LogTemp:Display: Loaded TP Android_ATCTargetPlatform
[2016.04.30-07.43.04:496][  0]LogTemp:Display: Loaded TP Android_DXTTargetPlatform
[2016.04.30-07.43.04:499][  0]LogTemp:Display: Loaded TP Android_ETC1TargetPlatform
[2016.04.30-07.43.04:503][  0]LogTemp:Display: Loaded TP Android_ETC2TargetPlatform
[2016.04.30-07.43.04:509][  0]LogTemp:Display: Loaded TP Android_MultiTargetPlatform
[2016.04.30-07.43.04:509][  0]LogTemp:Display: Loaded TP Android_PVRTCTargetPlatform
[2016.04.30-07.43.04:509][  0]LogTemp:Display: Loaded TP HTML5TargetPlatform
[2016.04.30-07.43.04:527][  0]LogTemp:Display: Loaded TP IOSTargetPlatform
[2016.04.30-07.43.04:530][  0]LogTemp:Display: Loaded TP LinuxNoEditorTargetPlatform
[2016.04.30-07.43.04:532][  0]LogTemp:Display: Loaded TP LinuxServerTargetPlatform
[2016.04.30-07.43.04:536][  0]LogTemp:Display: Loaded TP LinuxTargetPlatform
[2016.04.30-07.43.04:536][  0]LogTargetPlatformManager:Display: Building Assets For Windows
[2016.04.30-07.43.04:634][  0]LogDerivedDataCache:Display: Max Cache Size: 512 MB
[2016.04.30-07.43.04:678][  0]LogDerivedDataCache: Loaded boot cache 0.04s 42MB C:/Users/Will Nations/AppData/Local/UnrealEngine/4.10/DerivedDataCache/Boot.ddc.
[2016.04.30-07.43.04:678][  0]LogDerivedDataCache:Display: Loaded Boot cache: C:/Users/Will Nations/AppData/Local/UnrealEngine/4.10/DerivedDataCache/Boot.ddc
[2016.04.30-07.43.04:678][  0]LogDerivedDataCache: FDerivedDataBackendGraph:  Pak pak cache file D:/Source/GitHub/Spectral/Spectral/DerivedDataCache/DDC.ddp not found, will not use a pak cache.
[2016.04.30-07.43.04:678][  0]LogDerivedDataCache: Unable to find inner node Pak for hierarchical cache Hierarchy.
[2016.04.30-07.43.04:678][  0]LogDerivedDataCache: FDerivedDataBackendGraph:  CompressedPak pak cache file D:/Source/GitHub/Spectral/Spectral/DerivedDataCache/Compressed.ddp not found, will not use a pak cache.
[2016.04.30-07.43.04:678][  0]LogDerivedDataCache: Unable to find inner node CompressedPak for hierarchical cache Hierarchy.
[2016.04.30-07.43.04:737][  0]LogDerivedDataCache:Display: Pak cache opened for reading ../../../Engine/DerivedDataCache/Compressed.ddp.
[2016.04.30-07.43.04:749][  0]LogDerivedDataCache: Using Local data cache path C:/Users/Will Nations/AppData/Local/UnrealEngine/Common/DerivedDataCache: Writable
[2016.04.30-07.43.04:937][  0]LogInit: Selected Device Profile: [Windows]
[2016.04.30-07.43.04:939][  0]LogContentStreaming: Texture pool size is 0.000000MB
[2016.04.30-07.43.05:046][  0]LogMeshUtilities: No automatic mesh reduction module available
[2016.04.30-07.43.05:046][  0]LogMeshUtilities: No automatic mesh merging module available
[2016.04.30-07.43.05:260][  0]LogInit: WinSock: version 1.1 (2.2), MaxSocks=32767, MaxUdp=65467
[2016.04.30-07.43.06:003][  0]UdpMessaging: Initializing bridge on interface 0.0.0.0:0 to multicast group 230.0.0.1:6666.
[2016.04.30-07.43.06:127][  0]LogAssetRegistry: FAssetRegistry took 0.0109 seconds to start up
[2016.04.30-07.43.06:299][  0]SourceControl: Info Source control is disabled
[2016.04.30-07.43.07:216][  0]LogObj: 28751 objects as part of root set at end of initial load.
[2016.04.30-07.43.07:216][  0]LogUObjectAllocator: 6135296 out of 0 bytes used by permanent object pool.
[2016.04.30-07.43.07:273][  0]LogEngine: Initializing Engine...
[2016.04.30-07.43.07:277][  0]LogHMD: Can't find Oculus library dev build: is proper Runtime installed? Version: 0.8.0.0
[2016.04.30-07.43.07:277][  0]LogHMD: SteamVR failed to initialize.  Err: 110
[2016.04.30-07.43.07:397][  0]LogAIModule: Creating AISystem for world NewWorld
[2016.04.30-07.43.07:412][  0]LogInit: XAudio2 using 'Speakers (Turtle Beach P12)' : 2 channels at 44.1 kHz using 16 bits per sample (channel mask 0x3)
[2016.04.30-07.43.07:432][  0]LogInit: FAudioDevice initialized.
[2016.04.30-07.43.07:454][  0]LogDerivedDataCache: Saved boot cache 0.02s 42MB C:/Users/Will Nations/AppData/Local/UnrealEngine/4.10/DerivedDataCache/Boot.ddc.
[2016.04.30-07.43.07:459][  0]LogInit: Texture streaming: Enabled
[2016.04.30-07.43.07:466][  0]LogAnalytics: Creating configured Analytics provider AnalyticsET
[2016.04.30-07.43.07:466][  0]LogAnalytics: [UEEditor.Rocket.Release] APIServer = http://et2.epicgames.com/ET2/. AppVersion = 4.10.4-2872498+++depot+UE4-Releases+4.10
[2016.04.30-07.43.07:466][  0]LogAnalytics: [UEEditor.Rocket.Release] SetUserId eb35f8c243ed2f1109e96cbc1988804b|d561d110ed77453aad9a9574d4009d80|aa638874-4eff-432e-8efd-912470b4b168
[2016.04.30-07.43.07:466][  0]LogAnalytics: [UEEditor.Rocket.Release] AnalyticsET::StartSession
[2016.04.30-07.43.07:477][  0]LogInit: Transaction tracking system initialized
[2016.04.30-07.43.07:514][  0]BlueprintLog: New page: Editor Load
[2016.04.30-07.43.07:616][  0]LocalizationService: Info Localization service is disabled
[2016.04.30-07.43.07:687][  0]LogLinker:Warning: Can't find file '/Game/TopDownBP/TopDownOverview'
[2016.04.30-07.43.07:687][  0]LogLinker:Warning: Can't find file '/Game/TopDownBP/TopDownOverview'
[2016.04.30-07.43.07:688][  0]LogUObjectGlobals:Warning: Failed to find object 'Class /Game/TopDownBP/TopDownOverview.TopDownOverview_C'
[2016.04.30-07.43.07:700][  0]LogConsoleResponse:Display: 
[2016.04.30-07.43.07:807][  0]LogCook:Display: Done creating registry. It took  0.00s.
[2016.04.30-07.43.08:068][  0]LogFileCache: Scanning file cache for directory 'D:/Source/GitHub/Spectral/Spectral/Content/' took 0.01s
[2016.04.30-07.43.08:069][  0]Cmd: MAP LOAD FILE="D:/Source/GitHub/Spectral/Spectral/Content/TwinStickCPP/Maps/TwinStickExampleMap.umap" TEMPLATE=0 SHOWPROGRESS=1 FEATURELEVEL=3
[2016.04.30-07.43.08:070][  0]LightingResults: New page: Lighting Build
[2016.04.30-07.43.08:074][  0]MapCheck: New page: Map Check
[2016.04.30-07.43.08:074][  0]LightingResults: New page: Lighting Build
[2016.04.30-07.43.08:084][  0]LogParticles: Destroying 0 GPU particle simulations for FXSystem 0x000001DAF338A020
[2016.04.30-07.43.08:314][  0]LogAIModule: Creating AISystem for world TwinStickExampleMap
[2016.04.30-07.43.08:321][  0]LogEditorServer: Finished looking for orphan Actors (0.000 secs)
[2016.04.30-07.43.08:324][  0]Cmd: MAP CHECKDEP NOCLEARLOG
[2016.04.30-07.43.08:362][  0]MapCheck: Info Map check complete: 0 Error(s), 0 Warning(s), took 38.418ms to complete.
[2016.04.30-07.43.08:362][  0]LogFileHelpers: Loading map 'TwinStickExampleMap' took 0.293
[2016.04.30-07.43.08:506][  0]LogCollectionManager: Loaded 0 collections in 0.002502 seconds
[2016.04.30-07.43.08:545][  0]LogFileCache: Scanning file cache for directory 'D:/Source/GitHub/Spectral/Spectral/Saved/Collections/' took 0.01s
[2016.04.30-07.43.08:545][  0]LogFileCache: Scanning file cache for directory 'D:/Source/GitHub/Spectral/Spectral/Content/Developers/WillNations/Collections/' took 0.01s
[2016.04.30-07.43.08:545][  0]LogFileCache: Scanning file cache for directory 'D:/Source/GitHub/Spectral/Spectral/Content/Collections/' took 0.01s
[2016.04.30-07.43.08:545][  0]LogCollectionManager: Rebuilt the GUID cache for 0 collections in 0.000002 seconds
[2016.04.30-07.43.08:556][  0]LogContentBrowser: Native class hierarchy populated in 0.0104 seconds. Added 1896 classes and 340 folders.
[2016.04.30-07.43.08:565][  0]LogContentBrowser: Native class hierarchy updated for 'WidgetCarousel' in 0.0023 seconds. Added 0 classes and 0 folders.
[2016.04.30-07.43.08:610][  0]LogContentBrowser: Native class hierarchy updated for 'AddContentDialog' in 0.0020 seconds. Added 0 classes and 0 folders.
[2016.04.30-07.43.08:620][  0]LogContentBrowser: Native class hierarchy updated for 'SceneOutliner' in 0.0021 seconds. Added 1 classes and 2 folders.
[2016.04.30-07.43.08:659][  0]LogCrashTracker: Crashtracker disabled due to settings.
[2016.04.30-07.43.08:664][  0]LogUObjectGlobals:Warning: Failed to find object 'Class None.'
[2016.04.30-07.43.08:687][  0]LogLoad: Full Startup: 6.63 seconds (BP compile: 0.03 seconds)
[2016.04.30-07.43.08:710][  0]LogOcInput: Can't find Oculus library dev build: is proper Runtime installed? Version: 0.8.0.0
[2016.04.30-07.43.08:775][  0]SourceControl: Info On branch master
[2016.04.30-07.43.08:775][  0]SourceControl: Info Your branch is up-to-date with 'origin/master'.
[2016.04.30-07.43.08:775][  0]SourceControl: Info Changes not staged for commit:
[2016.04.30-07.43.08:775][  0]SourceControl: Info   (use "git add/rm <file>..." to update what will be committed)
[2016.04.30-07.43.08:775][  0]SourceControl: Info   (use "git checkout -- <file>..." to discard changes in working directory)
[2016.04.30-07.43.08:775][  0]SourceControl: Info 	modified:   Spectral/Intermediate/Build/ActionHistory.bin
[2016.04.30-07.43.08:775][  0]SourceControl: Info 	modified:   Spectral/Intermediate/Build/Win64/SpectralEditor/DependencyCache.bin
[2016.04.30-07.43.08:775][  0]SourceControl: Info 	modified:   Spectral/Intermediate/Build/Win64/SpectralEditor/Development/HotReloadMakefile.ubt
[2016.04.30-07.43.08:775][  0]SourceControl: Info 	modified:   Spectral/Intermediate/Build/Win64/SpectralEditor/Development/UnrealHeaderTool.manifest
[2016.04.30-07.43.08:775][  0]SourceControl: Info 	modified:   Spectral/Intermediate/Build/Win64/SpectralEditor/FlatCPPIncludes.bin
[2016.04.30-07.43.08:775][  0]SourceControl: Info 	modified:   Spectral/Intermediate/Build/Win64/UE4Editor/Inc/Spectral/SkillIntf.generated.h
[2016.04.30-07.43.08:775][  0]SourceControl: Info 	modified:   Spectral/Intermediate/Build/Win64/UE4Editor/Inc/Spectral/Spectral.generated.cpp
[2016.04.30-07.43.08:775][  0]SourceControl: Info 	modified:   Spectral/Saved/AutoScreenshot.png
[2016.04.30-07.43.08:775][  0]SourceControl: Info 	modified:   Spectral/Saved/Config/Windows/EditorPerProjectUserSettings.ini
[2016.04.30-07.43.08:775][  0]SourceControl: Info 	modified:   Spectral/Saved/Config/Windows/Engine.ini
[2016.04.30-07.43.08:775][  0]SourceControl: Info 	modified:   Spectral/Saved/Config/Windows/SourceControlSettings.ini
[2016.04.30-07.43.08:775][  0]SourceControl: Info 	deleted:    Spectral/Saved/Logs/Spectral-backup-2016.04.23-18.28.15.log
[2016.04.30-07.43.08:775][  0]SourceControl: Info 	deleted:    Spectral/Saved/Logs/Spectral-backup-2016.04.23-18.42.21.log
[2016.04.30-07.43.08:775][  0]SourceControl: Info 	deleted:    Spectral/Saved/Logs/Spectral-backup-2016.04.23-19.06.27.log
[2016.04.30-07.43.08:775][  0]SourceControl: Info 	deleted:    Spectral/Saved/Logs/Spectral-backup-2016.04.23-19.07.11.log
[2016.04.30-07.43.08:775][  0]SourceControl: Info 	deleted:    Spectral/Saved/Logs/Spectral-backup-2016.04.23-20.09.21.log
[2016.04.30-07.43.08:776][  0]SourceControl: Info 	deleted:    Spectral/Saved/Logs/Spectral-backup-2016.04.23-20.14.59.log
[2016.04.30-07.43.08:776][  0]SourceControl: Info 	deleted:    Spectral/Saved/Logs/Spectral-backup-2016.04.24-00.04.35.log
[2016.04.30-07.43.08:776][  0]SourceControl: Info 	deleted:    Spectral/Saved/Logs/Spectral-backup-2016.04.24-00.24.45.log
[2016.04.30-07.43.08:776][  0]SourceControl: Info 	deleted:    Spectral/Saved/Logs/Spectral-backup-2016.04.24-01.03.01.log
[2016.04.30-07.43.08:776][  0]SourceControl: Info 	deleted:    Spectral/Saved/Logs/Spectral-backup-2016.04.24-01.26.10.log
[2016.04.30-07.43.08:776][  0]SourceControl: Info 	deleted:    Spectral/Saved/Logs/Spectral-backup-2016.04.24-02.20.59.log
[2016.04.30-07.43.08:776][  0]SourceControl: Info 	deleted:    Spectral/Saved/Logs/Spectral-backup-2016.04.24-03.53.45.log
[2016.04.30-07.43.08:776][  0]SourceControl: Info 	deleted:    Spectral/Saved/Logs/Spectral-backup-2016.04.24-03.53.58.log
[2016.04.30-07.43.08:776][  0]SourceControl: Info 	modified:   Spectral/Saved/Logs/Spectral.log
[2016.04.30-07.43.08:776][  0]SourceControl: Info 	modified:   Spectral/Source/Spectral/Skills/SkillFramework/SkillIntf.h
[2016.04.30-07.43.08:776][  0]SourceControl: Info Untracked files:
[2016.04.30-07.43.08:776][  0]SourceControl: Info   (use "git add <file>..." to include in what will be committed)
[2016.04.30-07.43.08:776][  0]SourceControl: Info 	Notes/
[2016.04.30-07.43.08:776][  0]SourceControl: Info 	Spectral/Binaries/Win64/UE4Editor-Spectral-9610.pdb
[2016.04.30-07.43.08:776][  0]SourceControl: Info 	Spectral/Intermediate/Build/Win64/Spectral/Development/UE4Editor-Spectral-9610.dll.response
[2016.04.30-07.43.08:776][  0]SourceControl: Info 	Spectral/Intermediate/Build/Win64/UE4Editor/Development/UE4Editor-Spectral-9610.exp
[2016.04.30-07.43.08:776][  0]SourceControl: Info 	Spectral/Saved/Logs/Spectral-backup-2016.04.30-00.25.03.log
[2016.04.30-07.43.08:776][  0]SourceControl: Info 	Spectral/Saved/Logs/Spectral-backup-2016.04.30-02.43.02.log
[2016.04.30-07.43.08:776][  0]SourceControl: Info no changes added to commit (use "git add" and/or "git commit -a")
[2016.04.30-07.43.08:776][  0]LogContentStreaming: Texture pool size now 1000 MB
[2016.04.30-07.43.08:908][  0]LogRenderer: Reallocating scene render targets to support 1160x572 (Frame:2).
[2016.04.30-07.43.09:075][  2]LogAssetRegistry: Asset discovery search completed in 2.9587 seconds
[2016.04.30-07.43.09:075][  2]LogCollectionManager: Rebuilt the object cache for 0 collections in 0.000017 seconds (found 0 objects)
[2016.04.30-07.43.09:075][  2]LogCollectionManager: Fixed up redirectors for 0 collections in 0.000055 seconds (updated 0 objects)
[2016.04.30-07.45.37:218][639]Running C:/Program Files (x86)/Epic Games/4.10/Engine/Binaries/DotNET/UnrealBuildTool.exe Spectral Win64 Development -editorrecompile "D:/Source/GitHub/Spectral/Spectral/Spectral.uproject" -invalidatemakefilesonly -rocket -2015
[2016.04.30-07.45.37:521][639]Invalidating makefiles only in this run.
[2016.04.30-07.45.37:837][639]Recompiling Spectral...
[2016.04.30-07.45.37:837][639]Launching UnrealBuildTool... [C:/Program Files (x86)/Epic Games/4.10/Engine/Binaries/DotNET/UnrealBuildTool.exe Spectral -ModuleWithSuffix Spectral 7286 Win64 Development -editorrecompile -canskiplink "D:/Source/GitHub/Spectral/Spectral/Spectral.uproject" -rocket  -rocket -2015]
[2016.04.30-07.45.52:189][639]CompilerResultsLog: New page: Compilation - Apr 29, 2016, 9:45:52 PM
[2016.04.30-07.45.52:189][639]CompilerResultsLog: Info Creating makefile for hot reloading Spectral (no existing makefile)
[2016.04.30-07.45.52:189][639]CompilerResultsLog: Info Compiling game modules for hot reload
[2016.04.30-07.45.52:189][639]CompilerResultsLog: Info Parsing headers for SpectralEditor
[2016.04.30-07.45.52:189][639]CompilerResultsLog: Info   Running UnrealHeaderTool "D:/Source/GitHub/Spectral/Spectral/Spectral.uproject" "D:\Source\GitHub\Spectral\Spectral\Intermediate\Build\Win64\SpectralEditor\Development\UnrealHeaderTool.manifest" -LogCmds="loginit warning, logexit warning, logdatabase error" -rocket -installed
[2016.04.30-07.45.52:189][639]CompilerResultsLog: Info Reflection code generated for SpectralEditor in 6.4011843 seconds
[2016.04.30-07.45.52:189][639]CompilerResultsLog: Info Performing 3 actions (4 in parallel)
[2016.04.30-07.45.52:189][639]CompilerResultsLog: Info Spectral.generated.cpp
[2016.04.30-07.45.52:189][639]CompilerResultsLog: Info SkillModStorageIntf.cpp
[2016.04.30-07.45.52:189][639]CompilerResultsLog: Info [3/3] Link UE4Editor-Spectral-7286.dll
[2016.04.30-07.45.52:189][639]CompilerResultsLog: Info    Creating library D:\Source\GitHub\Spectral\Spectral\Intermediate/Build/Win64\UE4Editor\Development\UE4Editor-Spectral-7286.lib and object D:\Source\GitHub\Spectral\Spectral\Intermediate/Build/Win64\UE4Editor\Development\UE4Editor-Spectral-7286.exp
[2016.04.30-07.45.52:189][639]CompilerResultsLog: Info -------- End Detailed Actions Stats -----------------------------------------------------------
[2016.04.30-07.45.52:189][639]CompilerResultsLog: Info Total build time: 14.31 seconds
[2016.04.30-07.45.52:189][639]LogMainFrame: MainFrame: Module compiling took 14.355 seconds
[2016.04.30-07.45.52:190][639]LogActorComponent: UnregisterComponent: (/Engine/Transient.ProjectileMovement0) Not registered. Aborting.
[2016.04.30-07.45.52:226][639]LogClass: Could not find existing class SkillModStorageIntf in package /Script/Spectral for HotReload, assuming new class
[2016.04.30-07.45.52:238][639]LogContentBrowser: Native class hierarchy updated for 'Spectral' in 0.0020 seconds. Added 4 classes and 4 folders.
[2016.04.30-07.45.52:239][639]Warning: HotReload successful (18 functions remapped  0 scriptstructs remapped)
[2016.04.30-07.45.52:308][639]LogContentBrowser: Native class hierarchy populated in 0.0087 seconds. Added 1898 classes and 344 folders.
[2016.04.30-07.45.52:309][639]Warning: HotReload operation took 14.6s.
[2016.04.30-07.45.52:525][639]LogVSAccessor:Warning: Couldn't goto line number '0' in 'D:/Source/GitHub/Spectral/Spectral/Source/Spectral/Skills/SkillFramework/SkillModStorageIntf.h'
[2016.04.30-07.45.52:640][639]LogVSAccessor:Warning: Couldn't goto line number '0' in 'D:/Source/GitHub/Spectral/Spectral/Source/Spectral/Skills/SkillFramework/SkillModStorageIntf.cpp'
[2016.04.30-07.45.52:664][639]LogHotReload: New module detected: UE4Editor-Spectral-7286.dll
[2016.04.30-07.45.52:724][640]LogHotReload: Starting Hot-Reload from IDE
[2016.04.30-07.45.53:044][640]LogContentBrowser: Native class hierarchy updated for 'Spectral' in 0.0025 seconds. Added 4 classes and 4 folders.
[2016.04.30-07.45.53:045][640]Warning: HotReload successful (0 functions remapped  0 scriptstructs remapped)
[2016.04.30-07.45.53:058][640]LogContentBrowser: Native class hierarchy populated in 0.0097 seconds. Added 1898 classes and 344 folders.
[2016.04.30-07.46.23:016][176]Running C:/Program Files (x86)/Epic Games/4.10/Engine/Binaries/DotNET/UnrealBuildTool.exe Spectral Win64 Development -editorrecompile "D:/Source/GitHub/Spectral/Spectral/Spectral.uproject" -invalidatemakefilesonly -rocket -2015
[2016.04.30-07.46.23:319][176]Invalidating makefiles only in this run.
[2016.04.30-07.46.23:848][176]Recompiling Spectral...
[2016.04.30-07.46.23:848][176]Launching UnrealBuildTool... [C:/Program Files (x86)/Epic Games/4.10/Engine/Binaries/DotNET/UnrealBuildTool.exe Spectral -ModuleWithSuffix Spectral 2415 Win64 Development -editorrecompile -canskiplink "D:/Source/GitHub/Spectral/Spectral/Spectral.uproject" -rocket  -rocket -2015]
[2016.04.30-07.46.37:788][176]CompilerResultsLog: New page: Compilation - Apr 29, 2016, 9:46:37 PM
[2016.04.30-07.46.37:789][176]CompilerResultsLog: Info Creating makefile for hot reloading Spectral (no existing makefile)
[2016.04.30-07.46.37:789][176]CompilerResultsLog: Info Compiling game modules for hot reload
[2016.04.30-07.46.37:789][176]CompilerResultsLog: Info Parsing headers for SpectralEditor
[2016.04.30-07.46.37:789][176]CompilerResultsLog: Info   Running UnrealHeaderTool "D:/Source/GitHub/Spectral/Spectral/Spectral.uproject" "D:\Source\GitHub\Spectral\Spectral\Intermediate\Build\Win64\SpectralEditor\Development\UnrealHeaderTool.manifest" -LogCmds="loginit warning, logexit warning, logdatabase error" -rocket -installed
[2016.04.30-07.46.37:789][176]CompilerResultsLog: Info Reflection code generated for SpectralEditor in 6.3433315 seconds
[2016.04.30-07.46.37:789][176]CompilerResultsLog: Info Performing 3 actions (4 in parallel)
[2016.04.30-07.46.37:789][176]CompilerResultsLog: Info Spectral.generated.cpp
[2016.04.30-07.46.37:789][176]CompilerResultsLog: Info SkillEffectStorageIntf.cpp
[2016.04.30-07.46.37:789][176]CompilerResultsLog: Info [3/3] Link UE4Editor-Spectral-2415.dll
[2016.04.30-07.46.37:789][176]CompilerResultsLog: Info    Creating library D:\Source\GitHub\Spectral\Spectral\Intermediate/Build/Win64\UE4Editor\Development\UE4Editor-Spectral-2415.lib and object D:\Source\GitHub\Spectral\Spectral\Intermediate/Build/Win64\UE4Editor\Development\UE4Editor-Spectral-2415.exp
[2016.04.30-07.46.37:789][176]CompilerResultsLog: Info -------- End Detailed Actions Stats -----------------------------------------------------------
[2016.04.30-07.46.37:789][176]CompilerResultsLog: Info Total build time: 13.89 seconds
[2016.04.30-07.46.37:789][176]LogMainFrame: MainFrame: Module compiling took 13.945 seconds
[2016.04.30-07.46.37:789][176]LogActorComponent: UnregisterComponent: (/Engine/Transient.ProjectileMovement0) Not registered. Aborting.
[2016.04.30-07.46.37:832][176]LogClass: Could not find existing class SkillEffectStorageIntf in package /Script/Spectral for HotReload, assuming new class
[2016.04.30-07.46.37:846][176]LogContentBrowser: Native class hierarchy updated for 'Spectral' in 0.0021 seconds. Added 5 classes and 4 folders.
[2016.04.30-07.46.37:847][176]Warning: HotReload successful (18 functions remapped  0 scriptstructs remapped)
[2016.04.30-07.46.37:919][176]LogContentBrowser: Native class hierarchy populated in 0.0086 seconds. Added 1899 classes and 344 folders.
[2016.04.30-07.46.37:920][176]Warning: HotReload operation took 14.1s.
[2016.04.30-07.46.38:170][176]LogVSAccessor:Warning: Couldn't goto line number '0' in 'D:/Source/GitHub/Spectral/Spectral/Source/Spectral/Skills/SkillFramework/SkillEffectStorageIntf.h'
[2016.04.30-07.46.38:267][176]LogVSAccessor:Warning: Couldn't goto line number '0' in 'D:/Source/GitHub/Spectral/Spectral/Source/Spectral/Skills/SkillFramework/SkillEffectStorageIntf.cpp'
[2016.04.30-07.46.38:293][176]LogHotReload: New module detected: UE4Editor-Spectral-2415.dll
[2016.04.30-07.46.38:357][177]LogHotReload: Starting Hot-Reload from IDE
[2016.04.30-07.46.38:641][177]LogContentBrowser: Native class hierarchy updated for 'Spectral' in 0.0024 seconds. Added 5 classes and 4 folders.
[2016.04.30-07.46.38:643][177]Warning: HotReload successful (0 functions remapped  0 scriptstructs remapped)
[2016.04.30-07.46.38:655][177]LogContentBrowser: Native class hierarchy populated in 0.0097 seconds. Added 1899 classes and 344 folders.
[2016.04.30-07.46.59:119][721]Running C:/Program Files (x86)/Epic Games/4.10/Engine/Binaries/DotNET/UnrealBuildTool.exe Spectral Win64 Development -editorrecompile "D:/Source/GitHub/Spectral/Spectral/Spectral.uproject" -invalidatemakefilesonly -rocket -2015
[2016.04.30-07.46.59:422][721]Invalidating makefiles only in this run.
[2016.04.30-07.46.59:905][721]Recompiling Spectral...
[2016.04.30-07.46.59:906][721]Launching UnrealBuildTool... [C:/Program Files (x86)/Epic Games/4.10/Engine/Binaries/DotNET/UnrealBuildTool.exe Spectral -ModuleWithSuffix Spectral 7720 Win64 Development -editorrecompile -canskiplink "D:/Source/GitHub/Spectral/Spectral/Spectral.uproject" -rocket  -rocket -2015]
[2016.04.30-07.47.13:978][721]CompilerResultsLog: New page: Compilation - Apr 29, 2016, 9:47:13 PM
[2016.04.30-07.47.13:978][721]CompilerResultsLog: Info Creating makefile for hot reloading Spectral (no existing makefile)
[2016.04.30-07.47.13:978][721]CompilerResultsLog: Info Compiling game modules for hot reload
[2016.04.30-07.47.13:978][721]CompilerResultsLog: Info Parsing headers for SpectralEditor
[2016.04.30-07.47.13:978][721]CompilerResultsLog: Info   Running UnrealHeaderTool "D:/Source/GitHub/Spectral/Spectral/Spectral.uproject" "D:\Source\GitHub\Spectral\Spectral\Intermediate\Build\Win64\SpectralEditor\Development\UnrealHeaderTool.manifest" -LogCmds="loginit warning, logexit warning, logdatabase error" -rocket -installed
[2016.04.30-07.47.13:978][721]CompilerResultsLog: Info Reflection code generated for SpectralEditor in 6.3081639 seconds
[2016.04.30-07.47.13:978][721]CompilerResultsLog: Info Performing 3 actions (4 in parallel)
[2016.04.30-07.47.13:978][721]CompilerResultsLog: Info Spectral.generated.cpp
[2016.04.30-07.47.13:978][721]CompilerResultsLog: Info SkillModIntf.cpp
[2016.04.30-07.47.13:978][721]CompilerResultsLog: Info [3/3] Link UE4Editor-Spectral-7720.dll
[2016.04.30-07.47.13:978][721]CompilerResultsLog: Info    Creating library D:\Source\GitHub\Spectral\Spectral\Intermediate/Build/Win64\UE4Editor\Development\UE4Editor-Spectral-7720.lib and object D:\Source\GitHub\Spectral\Spectral\Intermediate/Build/Win64\UE4Editor\Development\UE4Editor-Spectral-7720.exp
[2016.04.30-07.47.13:978][721]CompilerResultsLog: Info -------- End Detailed Actions Stats -----------------------------------------------------------
[2016.04.30-07.47.13:978][721]CompilerResultsLog: Info Total build time: 14.03 seconds
[2016.04.30-07.47.13:978][721]LogMainFrame: MainFrame: Module compiling took 14.081 seconds
[2016.04.30-07.47.13:978][721]LogActorComponent: UnregisterComponent: (/Engine/Transient.ProjectileMovement0) Not registered. Aborting.
[2016.04.30-07.47.14:022][721]LogClass: Could not find existing class SkillModIntf in package /Script/Spectral for HotReload, assuming new class
[2016.04.30-07.47.14:035][721]LogContentBrowser: Native class hierarchy updated for 'Spectral' in 0.0025 seconds. Added 6 classes and 4 folders.
[2016.04.30-07.47.14:036][721]Warning: HotReload successful (18 functions remapped  0 scriptstructs remapped)
[2016.04.30-07.47.14:111][721]LogContentBrowser: Native class hierarchy populated in 0.0094 seconds. Added 1900 classes and 344 folders.
[2016.04.30-07.47.14:112][721]Warning: HotReload operation took 14.2s.
[2016.04.30-07.47.14:267][721]LogVSAccessor:Warning: Couldn't goto line number '0' in 'D:/Source/GitHub/Spectral/Spectral/Source/Spectral/Skills/SkillFramework/SkillModIntf.h'
[2016.04.30-07.47.14:406][721]LogVSAccessor:Warning: Couldn't goto line number '0' in 'D:/Source/GitHub/Spectral/Spectral/Source/Spectral/Skills/SkillFramework/SkillModIntf.cpp'
[2016.04.30-07.47.14:430][721]LogHotReload: New module detected: UE4Editor-Spectral-7720.dll
[2016.04.30-07.47.14:487][722]LogHotReload: Starting Hot-Reload from IDE
[2016.04.30-07.47.14:800][722]LogContentBrowser: Native class hierarchy updated for 'Spectral' in 0.0026 seconds. Added 6 classes and 4 folders.
[2016.04.30-07.47.14:801][722]Warning: HotReload successful (0 functions remapped  0 scriptstructs remapped)
[2016.04.30-07.47.14:813][722]LogContentBrowser: Native class hierarchy populated in 0.0090 seconds. Added 1900 classes and 344 folders.
[2016.04.30-07.47.28:984][  3]Running C:/Program Files (x86)/Epic Games/4.10/Engine/Binaries/DotNET/UnrealBuildTool.exe Spectral Win64 Development -editorrecompile "D:/Source/GitHub/Spectral/Spectral/Spectral.uproject" -invalidatemakefilesonly -rocket -2015
[2016.04.30-07.47.29:287][  3]Invalidating makefiles only in this run.
[2016.04.30-07.47.29:563][  3]Recompiling Spectral...
[2016.04.30-07.47.29:563][  3]Launching UnrealBuildTool... [C:/Program Files (x86)/Epic Games/4.10/Engine/Binaries/DotNET/UnrealBuildTool.exe Spectral -ModuleWithSuffix Spectral 4833 Win64 Development -editorrecompile -canskiplink "D:/Source/GitHub/Spectral/Spectral/Spectral.uproject" -rocket  -rocket -2015]
[2016.04.30-07.47.43:559][  3]CompilerResultsLog: New page: Compilation - Apr 29, 2016, 9:47:43 PM
[2016.04.30-07