[2016.04.30-09.32.07:028][  0]Log file open, 04/30/16 04:32:07
[2016.04.30-09.32.07:028][  0]LogInit:Display: Running engine for game: Spectral
[2016.04.30-09.32.07:028][  0]LogPlatformFile: Not using cached read wrapper
[2016.04.30-09.32.07:028][  0]LogInit:Display: RandInit(1933837213) SRandInit(1933837215).
[2016.04.30-09.32.07:028][  0]LogTaskGraph: Started task graph with 4 named threads and 7 total threads.
[2016.04.30-09.32.07:028][  0]LogStats: Stats thread started at 0.081730
[2016.04.30-09.32.07:028][  0]LogInit: Version: 4.10.4-2872498+++depot+UE4-Releases+4.10
[2016.04.30-09.32.07:028][  0]LogInit: API Version: 2758231
[2016.04.30-09.32.07:028][  0]LogInit: Compiled (64-bit): Feb 18 2016 15:47:04
[2016.04.30-09.32.07:028][  0]LogInit: Compiled with Visual C++: 19.00.23026.00
[2016.04.30-09.32.07:028][  0]LogInit: Build Configuration: Development
[2016.04.30-09.32.07:028][  0]LogInit: Branch Name: ++depot+UE4-Releases+4.10
[2016.04.30-09.32.07:028][  0]LogInit: Command line:  
[2016.04.30-09.32.07:028][  0]LogInit: Base directory: C:/Program Files (x86)/Epic Games/4.10/Engine/Binaries/Win64/
[2016.04.30-09.32.07:028][  0]LogInit: Rocket: 1
[2016.04.30-09.32.07:037][  0]LogInit: Using libcurl 7.41.0
[2016.04.30-09.32.07:037][  0]LogInit:  - built for x86_64-pc-win32
[2016.04.30-09.32.07:037][  0]LogInit:  - supports SSL with WinSSL
[2016.04.30-09.32.07:037][  0]LogInit:  - other features:
[2016.04.30-09.32.07:037][  0]LogInit:      CURL_VERSION_SSL
[2016.04.30-09.32.07:037][  0]LogInit:      CURL_VERSION_IPV6
[2016.04.30-09.32.07:037][  0]LogInit:      CURL_VERSION_ASYNCHDNS
[2016.04.30-09.32.07:037][  0]LogInit:      CURL_VERSION_LARGEFILE
[2016.04.30-09.32.07:037][  0]LogInit:      CURL_VERSION_IDN
[2016.04.30-09.32.07:037][  0]LogInit:  CurlRequestOptions (configurable via config and command line):
[2016.04.30-09.32.07:037][  0]LogInit:  - bVerifyPeer = true  - Libcurl will verify peer certificate
[2016.04.30-09.32.07:037][  0]LogInit:  - bUseHttpProxy = false  - Libcurl will NOT use HTTP proxy
[2016.04.30-09.32.07:037][  0]LogInit:  - bDontReuseConnections = false  - Libcurl will reuse connections
[2016.04.30-09.32.07:037][  0]LogInit:  - CertBundlePath = nullptr  - Libcurl will use whatever was configured at build time.
[2016.04.30-09.32.07:045][  0]LogInit: Presizing for 0 objects not considered by GC, pre-allocating 0 bytes.
[2016.04.30-09.32.07:052][  0]LogInit: Object subsystem initialized
[2016.04.30-09.32.07:053][  0]LogInit: Selected Device Profile: [Windows]
[2016.04.30-09.32.07:053][  0]LogInit: Applying CVar settings loaded from the selected device profile: [Windows]
[2016.04.30-09.32.07:063][  0]LogInit: Computer: MSI
[2016.04.30-09.32.07:063][  0]LogInit: User: WillNations
[2016.04.30-09.32.07:063][  0]LogInit: CPU Page size=4096, Cores=4
[2016.04.30-09.32.07:063][  0]LogInit: High frequency timer resolution =2.531250 MHz
[2016.04.30-09.32.07:063][  0]LogMemory: Memory total: Physical=15.9GB (16GB approx)
[2016.04.30-09.32.07:063][  0]LogMemory: Platform Memory Stats for Windows
[2016.04.30-09.32.07:063][  0]LogMemory: Process Physical Memory: 56.29 MB used, 56.29 MB peak
[2016.04.30-09.32.07:063][  0]LogMemory: Process Virtual Memory: 56.96 MB used, 56.96 MB peak
[2016.04.30-09.32.07:063][  0]LogMemory: Physical Memory: 5610.18 MB used, 16296.30 MB total
[2016.04.30-09.32.07:063][  0]LogMemory: Virtual Memory: 382.86 MB used, 134217728.00 MB total
[2016.04.30-09.32.07:385][  0]LogTextLocalizationManager: No specific translations for ('en-US') exist, so ('en') translations will be used.
[2016.04.30-09.32.07:753][  0]LogD3D11RHI: Found D3D11 adapter 0: NVIDIA GeForce GTX 970M              (Feature Level 11_0)
[2016.04.30-09.32.07:753][  0]LogD3D11RHI: Adapter has 2991MB of dedicated video memory, 0MB of dedicated system memory, and 8148MB of shared system memory, 1 output[s]
[2016.04.30-09.32.07:759][  0]LogD3D11RHI: Found D3D11 adapter 1: Intel(R) HD Graphics 530 (Feature Level 11_0)
[2016.04.30-09.32.07:759][  0]LogD3D11RHI: Adapter has 128MB of dedicated video memory, 0MB of dedicated system memory, and 8148MB of shared system memory, 0 output[s]
[2016.04.30-09.32.07:760][  0]LogD3D11RHI: Found D3D11 adapter 2: Microsoft Basic Render Driver (Feature Level 11_0)
[2016.04.30-09.32.07:760][  0]LogD3D11RHI: Adapter has 0MB of dedicated video memory, 0MB of dedicated system memory, and 8148MB of shared system memory, 0 output[s]
[2016.04.30-09.32.07:760][  0]LogD3D11RHI: Chosen D3D11 Adapter Id = 0
[2016.04.30-09.32.07:766][  0]LogD3D11RHI: !Direct3DDevice
[2016.04.30-09.32.07:766][  0]LogRHI: Texture pool is 1361 MB (70% of 1945 MB)
[2016.04.30-09.32.07:782][  0]LogD3D11RHI: Async texture creation enabled
[2016.04.30-09.32.07:794][  0]LogShaderCompilers: Guid format shader working directory is 14 characters bigger than the processId version (D:/Source/GitHub/Spectral/Spectral/Intermediate/Shaders/WorkingDirectory/14340/).
[2016.04.30-09.32.07:794][  0]LogShaderCompilers: Cleaned the shader compiler working directory 'C:/Users/WILLNA~1/AppData/Local/Temp/UnrealShaderWorkingDir/636100BD4F157BDCE464CCA5742BA269/'.
[2016.04.30-09.32.07:794][  0]LogShaderCompilers:Display: Using Local Shader Compiler.
[2016.04.30-09.32.08:533][  0]LogTemp:Display: Loaded TP AllDesktopTargetPlatform
[2016.04.30-09.32.08:538][  0]LogTemp:Display: Loaded TP WindowsClientTargetPlatform
[2016.04.30-09.32.08:543][  0]LogTemp:Display: Loaded TP WindowsNoEditorTargetPlatform
[2016.04.30-09.32.08:550][  0]LogTemp:Display: Loaded TP WindowsServerTargetPlatform
[2016.04.30-09.32.08:554][  0]LogTemp:Display: Loaded TP WindowsTargetPlatform
[2016.04.30-09.32.08:557][  0]LogTemp:Display: Loaded TP AndroidTargetPlatform
[2016.04.30-09.32.08:560][  0]LogTemp:Display: Loaded TP Android_ASTCTargetPlatform
[2016.04.30-09.32.08:563][  0]LogTemp:Display: Loaded TP Android_ATCTargetPlatform
[2016.04.30-09.32.08:567][  0]LogTemp:Display: Loaded TP Android_DXTTargetPlatform
[2016.04.30-09.32.08:570][  0]LogTemp:Display: Loaded TP Android_ETC1TargetPlatform
[2016.04.30-09.32.08:573][  0]LogTemp:Display: Loaded TP Android_ETC2TargetPlatform
[2016.04.30-09.32.08:579][  0]LogTemp:Display: Loaded TP Android_MultiTargetPlatform
[2016.04.30-09.32.08:579][  0]LogTemp:Display: Loaded TP Android_PVRTCTargetPlatform
[2016.04.30-09.32.08:581][  0]LogTemp:Display: Loaded TP HTML5TargetPlatform
[2016.04.30-09.32.08:599][  0]LogTemp:Display: Loaded TP IOSTargetPlatform
[2016.04.30-09.32.08:602][  0]LogTemp:Display: Loaded TP LinuxNoEditorTargetPlatform
[2016.04.30-09.32.08:605][  0]LogTemp:Display: Loaded TP LinuxServerTargetPlatform
[2016.04.30-09.32.08:608][  0]LogTemp:Display: Loaded TP LinuxTargetPlatform
[2016.04.30-09.32.08:608][  0]LogTargetPlatformManager:Display: Building Assets For Windows
[2016.04.30-09.32.08:708][  0]LogDerivedDataCache:Display: Max Cache Size: 512 MB
[2016.04.30-09.32.08:750][  0]LogDerivedDataCache: Loaded boot cache 0.04s 42MB C:/Users/Will Nations/AppData/Local/UnrealEngine/4.10/DerivedDataCache/Boot.ddc.
[2016.04.30-09.32.08:750][  0]LogDerivedDataCache:Display: Loaded Boot cache: C:/Users/Will Nations/AppData/Local/UnrealEngine/4.10/DerivedDataCache/Boot.ddc
[2016.04.30-09.32.08:750][  0]LogDerivedDataCache: FDerivedDataBackendGraph:  Pak pak cache file D:/Source/GitHub/Spectral/Spectral/DerivedDataCache/DDC.ddp not found, will not use a pak cache.
[2016.04.30-09.32.08:750][  0]LogDerivedDataCache: Unable to find inner node Pak for hierarchical cache Hierarchy.
[2016.04.30-09.32.08:750][  0]LogDerivedDataCache: FDerivedDataBackendGraph:  CompressedPak pak cache file D:/Source/GitHub/Spectral/Spectral/DerivedDataCache/Compressed.ddp not found, will not use a pak cache.
[2016.04.30-09.32.08:750][  0]LogDerivedDataCache: Unable to find inner node CompressedPak for hierarchical cache Hierarchy.
[2016.04.30-09.32.08:806][  0]LogDerivedDataCache:Display: Pak cache opened for reading ../../../Engine/DerivedDataCache/Compressed.ddp.
[2016.04.30-09.32.08:818][  0]LogDerivedDataCache: Using Local data cache path C:/Users/Will Nations/AppData/Local/UnrealEngine/Common/DerivedDataCache: Writable
[2016.04.30-09.32.08:996][  0]LogInit: Selected Device Profile: [Windows]
[2016.04.30-09.32.09:001][  0]LogContentStreaming: Texture pool size is 0.000000MB
[2016.04.30-09.32.09:103][  0]LogMeshUtilities: No automatic mesh reduction module available
[2016.04.30-09.32.09:103][  0]LogMeshUtilities: No automatic mesh merging module available
[2016.04.30-09.32.09:307][  0]LogInit: WinSock: version 1.1 (2.2), MaxSocks=32767, MaxUdp=65467
[2016.04.30-09.32.10:019][  0]UdpMessaging: Initializing bridge on interface 0.0.0.0:0 to multicast group 230.0.0.1:6666.
[2016.04.30-09.32.10:140][  0]LogAssetRegistry: FAssetRegistry took 0.0112 seconds to start up
[2016.04.30-09.32.10:308][  0]SourceControl: Info Source control is disabled
[2016.04.30-09.32.10:979][  0]LogObj: 28757 objects as part of root set at end of initial load.
[2016.04.30-09.32.10:979][  0]LogUObjectAllocator: 6136928 out of 0 bytes used by permanent object pool.
[2016.04.30-09.32.11:031][  0]LogEngine: Initializing Engine...
[2016.04.30-09.32.11:035][  0]LogHMD: Can't find Oculus library dev build: is proper Runtime installed? Version: 0.8.0.0
[2016.04.30-09.32.11:035][  0]LogHMD: SteamVR failed to initialize.  Err: 110
[2016.04.30-09.32.11:149][  0]LogAIModule: Creating AISystem for world NewWorld
[2016.04.30-09.32.11:164][  0]LogInit: XAudio2 using 'Speakers (Turtle Beach P12)' : 2 channels at 44.1 kHz using 16 bits per sample (channel mask 0x3)
[2016.04.30-09.32.11:171][  0]LogInit: FAudioDevice initialized.
[2016.04.30-09.32.11:192][  0]LogDerivedDataCache: Saved boot cache 0.02s 42MB C:/Users/Will Nations/AppData/Local/UnrealEngine/4.10/DerivedDataCache/Boot.ddc.
[2016.04.30-09.32.11:198][  0]LogInit: Texture streaming: Enabled
[2016.04.30-09.32.11:204][  0]LogAnalytics: Creating configured Analytics provider AnalyticsET
[2016.04.30-09.32.11:204][  0]LogAnalytics: [UEEditor.Rocket.Release] APIServer = http://et2.epicgames.com/ET2/. AppVersion = 4.10.4-2872498+++depot+UE4-Releases+4.10
[2016.04.30-09.32.11:204][  0]LogAnalytics: [UEEditor.Rocket.Release] SetUserId eb35f8c243ed2f1109e96cbc1988804b|d561d110ed77453aad9a9574d4009d80|aa638874-4eff-432e-8efd-912470b4b168
[2016.04.30-09.32.11:204][  0]LogAnalytics: [UEEditor.Rocket.Release] AnalyticsET::StartSession
[2016.04.30-09.32.11:215][  0]LogInit: Transaction tracking system initialized
[2016.04.30-09.32.11:246][  0]BlueprintLog: New page: Editor Load
[2016.04.30-09.32.11:338][  0]LocalizationService: Info Localization service is disabled
[2016.04.30-09.32.11:406][  0]LogLinker:Warning: Can't find file '/Game/TopDownBP/TopDownOverview'
[2016.04.30-09.32.11:406][  0]LogLinker:Warning: Can't find file '/Game/TopDownBP/TopDownOverview'
[2016.04.30-09.32.11:406][  0]LogUObjectGlobals:Warning: Failed to find object 'Class /Game/TopDownBP/TopDownOverview.TopDownOverview_C'
[2016.04.30-09.32.11:419][  0]LogConsoleResponse:Display: 
[2016.04.30-09.32.11:525][  0]LogCook:Display: Done creating registry. It took  0.00s.
[2016.04.30-09.32.11:718][  0]LogFileCache: Scanning file cache for directory 'D:/Source/GitHub/Spectral/Spectral/Content/' took 0.01s
[2016.04.30-09.32.11:718][  0]Cmd: MAP LOAD FILE="D:/Source/GitHub/Spectral/Spectral/Content/TwinStickCPP/Maps/TwinStickExampleMap.umap" TEMPLATE=0 SHOWPROGRESS=1 FEATURELEVEL=3
[2016.04.30-09.32.11:718][  0]LightingResults: New page: Lighting Build
[2016.04.30-09.32.11:721][  0]MapCheck: New page: Map Check
[2016.04.30-09.32.11:721][  0]LightingResults: New page: Lighting Build
[2016.04.30-09.32.11:732][  0]LogParticles: Destroying 0 GPU particle simulations for FXSystem 0x0000026F4E083240
[2016.04.30-09.32.11:991][  0]LogAIModule: Creating AISystem for world TwinStickExampleMap
[2016.04.30-09.32.11:998][  0]LogEditorServer: Finished looking for orphan Actors (0.000 secs)
[2016.04.30-09.32.11:999][  0]Cmd: MAP CHECKDEP NOCLEARLOG
[2016.04.30-09.32.12:039][  0]MapCheck: Info Map check complete: 0 Error(s), 0 Warning(s), took 39.508ms to complete.
[2016.04.30-09.32.12:039][  0]LogFileHelpers: Loading map 'TwinStickExampleMap' took 0.321
[2016.04.30-09.32.12:142][  0]LogCollectionManager: Loaded 0 collections in 0.003091 seconds
[2016.04.30-09.32.12:181][  0]LogFileCache: Scanning file cache for directory 'D:/Source/GitHub/Spectral/Spectral/Saved/Collections/' took 0.01s
[2016.04.30-09.32.12:181][  0]LogFileCache: Scanning file cache for directory 'D:/Source/GitHub/Spectral/Spectral/Content/Developers/WillNations/Collections/' took 0.01s
[2016.04.30-09.32.12:181][  0]LogFileCache: Scanning file cache for directory 'D:/Source/GitHub/Spectral/Spectral/Content/Collections/' took 0.01s
[2016.04.30-09.32.12:181][  0]LogCollectionManager: Rebuilt the GUID cache for 0 collections in 0.000002 seconds
[2016.04.30-09.32.12:191][  0]LogContentBrowser: Native class hierarchy populated in 0.0094 seconds. Added 1896 classes and 340 folders.
[2016.04.30-09.32.12:203][  0]LogContentBrowser: Native class hierarchy updated for 'WidgetCarousel' in 0.0033 seconds. Added 0 classes and 0 folders.
[2016.04.30-09.32.12:252][  0]LogContentBrowser: Native class hierarchy updated for 'AddContentDialog' in 0.0023 seconds. Added 0 classes and 0 folders.
[2016.04.30-09.32.12:266][  0]LogContentBrowser: Native class hierarchy updated for 'SceneOutliner' in 0.0029 seconds. Added 1 classes and 2 folders.
[2016.04.30-09.32.12:311][  0]LogCrashTracker: Crashtracker disabled due to settings.
[2016.04.30-09.32.12:315][  0]LogUObjectGlobals:Warning: Failed to find object 'Class None.'
[2016.04.30-09.32.12:339][  0]LogLoad: Full Startup: 6.17 seconds (BP compile: 0.04 seconds)
[2016.04.30-09.32.12:360][  0]LogOcInput: Can't find Oculus library dev build: is proper Runtime installed? Version: 0.8.0.0
[2016.04.30-09.32.12:425][  0]SourceControl: Info On branch master
[2016.04.30-09.32.12:425][  0]SourceControl: Info Your branch is ahead of 'origin/master' by 3 commits.
[2016.04.30-09.32.12:425][  0]SourceControl: Info   (use "git push" to publish your local commits)
[2016.04.30-09.32.12:425][  0]SourceControl: Info Changes not staged for commit:
[2016.04.30-09.32.12:425][  0]SourceControl: Info   (use "git add <file>..." to update what will be committed)
[2016.04.30-09.32.12:425][  0]SourceControl: Info   (use "git checkout -- <file>..." to discard changes in working directory)
[2016.04.30-09.32.12:425][  0]SourceControl: Info 	modified:   Spectral/Saved/Logs/Spectral.log
[2016.04.30-09.32.12:425][  0]SourceControl: Info Untracked files:
[2016.04.30-09.32.12:426][  0]SourceControl: Info   (use "git add <file>..." to include in what will be committed)
[2016.04.30-09.32.12:426][  0]SourceControl: Info 	Spectral/Saved/Logs/Spectral-backup-2016.04.30-04.32.07.log
[2016.04.30-09.32.12:426][  0]SourceControl: Info no changes added to commit (use "git add" and/or "git commit -a")
[2016.04.30-09.32.12:426][  0]LogContentStreaming: Texture pool size now 1000 MB
[2016.04.30-09.32.12:562][  0]LogRenderer: Reallocating scene render targets to support 1160x572 (Frame:2).
[2016.04.30-09.32.12:731][  2]LogAssetRegistry: Asset discovery search completed in 2.6015 seconds
[2016.04.30-09.32.12:731][  2]LogCollectionManager: Rebuilt the object cache for 0 collections in 0.000000 seconds (found 0 objects)
[2016.04.30-09.32.12:731][  2]LogCollectionManager: Fixed up redirectors for 0 collections in 0.000027 seconds (updated 0 objects)
[2016.04.30-09.32.16:546][138]Running C:/Program Files (x86)/Epic Games/4.10/Engine/Binaries/DotNET/UnrealBuildTool.exe  -projectfiles -project="D:/Source/GitHub/Spectral/Spectral/Spectral.uproject" -game -rocket -progress -2015
[2016.04.30-09.32.16:849][138]Discovering modules, targets and source code for game...
[2016.04.30-09.32.40:889][762]Recompiling Spectral...
[2016.04.30-09.32.40:889][762]Launching UnrealBuildTool... [C:/Program Files (x86)/Epic Games/4.10/Engine/Binaries/DotNET/UnrealBuildTool.exe Spectral -ModuleWithSuffix Spectral 6935 Win64 Development -editorrecompile -canskiplink "D:/Source/GitHub/Spectral/Spectral/Spectral.uproject" -rocket  -rocket -2015]
[2016.04.30-09.32.40:891][762]Warning: Starting HotReload took  0.0s.
[2016.04.30-09.32.51:981][  0]CompilerResultsLog: New page: Compilation - Apr 29, 2016, 11:32:51 PM
[2016.04.30-09.32.51:981][  0]CompilerResultsLog: Info Creating makefile for hot reloading Spectral (game project files are newer)
[2016.04.30-09.32.51:981][  0]CompilerResultsLog: Info Compiling game modules for hot reload
[2016.04.30-09.32.51:981][  0]CompilerResultsLog: Info Parsing headers for SpectralEditor
[2016.04.30-09.32.51:981][  0]CompilerResultsLog: Info   Running UnrealHeaderTool "D:/Source/GitHub/Spectral/Spectral/Spectral.uproject" "D:\Source\GitHub\Spectral\Spectral\Intermediate\Build\Win64\SpectralEditor\Development\UnrealHeaderTool.manifest" -LogCmds="loginit warning, logexit warning, logdatabase error" -rocket -installed
[2016.04.30-09.32.51:981][  0]CompilerResultsLog:Error: Error D:/Source/GitHub/Spectral/Spectral/Source/Spectral/Skills/SkillFramework/SkillModIntf.h(25)  : Function return type: Missing variable type
[2016.04.30-09.32.51:981][  0]CompilerResultsLog:Error: Error Error: Failed to generate code for SpectralEditor - error code: OtherCompilationError (5) 
[2016.04.30-09.32.51:981][  0]CompilerResultsLog: Info UnrealHeaderTool failed for target 'SpectralEditor' (platform: Win64, module info: D:\Source\GitHub\Spectral\Spectral\Intermediate\Build\Win64\SpectralEditor\Development\UnrealHeaderTool.manifest).
[2016.04.30-09.32.51:981][  0]LogMainFrame: MainFrame: Module compiling took 11.114 seconds
[2016.04.30-09.32.51:982][  0]Warning: HotReload failed, recompile failed
[2016.04.30-09.33.42:877][300]Recompiling Spectral...
[2016.04.30-09.33.42:877][300]Launching UnrealBuildTool... [C:/Program Files (x86)/Epic Games/4.10/Engine/Binaries/DotNET/UnrealBuildTool.exe Spectral -ModuleWithSuffix Spectral 143 Win64 Development -editorrecompile -canskiplink "D:/Source/GitHub/Spectral/Spectral/Spectral.uproject" -rocket  -rocket -2015]
[2016.04.30-09.33.42:879][300]Warning: Starting HotReload took  0.0s.
[2016.04.30-09.33.57:053][562]CompilerResultsLog: New page: Compilation - Apr 29, 2016, 11:33:57 PM
[2016.04.30-09.33.57:053][562]CompilerResultsLog: Info Creating makefile for hot reloading Spectral (game project files are newer)
[2016.04.30-09.33.57:053][562]CompilerResultsLog: Info Compiling game modules for hot reload
[2016.04.30-09.33.57:053][562]CompilerResultsLog: Info Parsing headers for SpectralEditor
[2016.04.30-09.33.57:053][562]CompilerResultsLog: Info   Running UnrealHeaderTool "D:/Source/GitHub/Spectral/Spectral/Spectral.uproject" "D:\Source\GitHub\Spectral\Spectral\Intermediate\Build\Win64\SpectralEditor\Development\UnrealHeaderTool.manifest" -LogCmds="loginit warning, logexit warning, logdatabase error" -rocket -installed
[2016.04.30-09.33.57:053][562]CompilerResultsLog: Info Reflection code generated for SpectralEditor in 6.7486155 seconds
[2016.04.30-09.33.57:053][562]CompilerResultsLog: Info Performing 8 actions (4 in parallel)
[2016.04.30-09.33.57:053][562]CompilerResultsLog: Info Spectral.generated.cpp
[2016.04.30-09.33.57:053][562]CompilerResultsLog: Info SkillUserIntf.cpp
[2016.04.30-09.33.57:053][562]CompilerResultsLog: Info SkillIntf.cpp
[2016.04.30-09.33.57:053][562]CompilerResultsLog: Info SkillModStorageIntf.cpp
[2016.04.30-09.33.57:053][562]CompilerResultsLog:Error: Error D:\Source\GitHub\Spectral\Spectral\Intermediate\Build\Win64\UE4Editor\Inc\Spectral\Spectral.generated.cpp(203) : error C2511: 'void ISkillModIntf::ApplyMod(const TScriptInterface<ISkillIntf> &)': overloaded member function not found in 'ISkillModIntf'
[2016.04.30-09.33.57:054][562]CompilerResultsLog:Error: Error D:\Source\GitHub\Spectral\Spectral\Source\Spectral\Skills/SkillFramework/SkillModIntf.h(18) : note: see declaration of 'ISkillModIntf'
[2016.04.30-09.33.57:054][562]CompilerResultsLog: Info SkillEffectStorageIntf.cpp
[2016.04.30-09.33.57:054][562]CompilerResultsLog: Info SkillEffectIntf.cpp
[2016.04.30-09.33.57:054][562]CompilerResultsLog: Info SkillModIntf.cpp
[2016.04.30-09.33.57:054][562]CompilerResultsLog: Info -------- End Detailed Actions Stats -----------------------------------------------------------
[2016.04.30-09.33.57:054][562]CompilerResultsLog: Info ERROR: UBT ERROR: Failed to produce item: D:\Source\GitHub\Spectral\Spectral\Binaries\Win64\UE4Editor-Spectral-143.dll
[2016.04.30-09.33.57:054][562]CompilerResultsLog: Info Total build time: 14.09 seconds
[2016.04.30-09.33.57:054][562]LogMainFrame: MainFrame: Module compiling took 14.197 seconds
[2016.04.30-09.33.57:054][562]Warning: HotReload failed, recompile failed
[2016.04.30-09.34.32:625][962]Recompiling Spectral...
[2016.04.30-09.34.32:625][962]Launching UnrealBuildTool... [C:/Program Files (x86)/Epic Games/4.10/Engine/Binaries/DotNET/UnrealBuildTool.exe Spectral -ModuleWithSuffix Spectral 2528 Win64 Development -editorrecompile -canskiplink "D:/Source/GitHub/Spectral/Spectral/Spectral.uproject" -rocket  -rocket -2015]
[2016.04.30-09.34.32:627][962]Warning: Starting HotReload took  0.0s.
[2016.04.30-09.34.42:254][142]CompilerResultsLog: New page: Compilation - Apr 29, 2016, 11:34:42 PM
[2016.04.30-09.34.42:254][142]CompilerResultsLog: Info Compiling game modules for hot reload
[2016.04.30-09.34.42:254][142]CompilerResultsLog: Info Parsing headers for SpectralEditor
[2016.04.30-09.34.42:254][142]CompilerResultsLog: Info   Running UnrealHeaderTool "D:/Source/GitHub/Spectral/Spectral/Spectral.uproject" "D:\Source\GitHub\Spectral\Spectral\Intermediate\Build\Win64\SpectralEditor\Development\UnrealHeaderTool.manifest" -LogCmds="loginit warning, logexit warning, logdatabase error" -rocket -installed
[2016.04.30-09.34.42:254][142]CompilerResultsLog: Info Reflection code generated for SpectralEditor in 7.0028843 seconds
[2016.04.30-09.34.42:254][142]CompilerResultsLog: Info Performing 3 actions (4 in parallel)
[2016.04.30-09.34.42:254][142]CompilerResultsLog: Info SkillModIntf.cpp
[2016.04.30-09.34.42:254][142]CompilerResultsLog: Info Spectral.generated.cpp
[2016.04.30-09.34.42:254][142]CompilerResultsLog:Error: Error D:\Source\GitHub\Spectral\Spectral\Intermediate\Build\Win64\UE4Editor\Inc\Spectral\Spectral.generated.cpp(203) : error C2511: 'void ISkillModIntf::ApplyMod(const TScriptInterface<ISkillIntf> &)': overloaded member function not found in 'ISkillModIntf'
[2016.04.30-09.34.42:254][142]CompilerResultsLog:Error: Error D:\Source\GitHub\Spectral\Spectral\Source\Spectral\Skills/SkillFramework/SkillModIntf.h(16) : note: see declaration of 'ISkillModIntf'
[2016.04.30-09.34.42:254][142]CompilerResultsLog: Info -------- End Detailed Actions Stats -----------------------------------------------------------
[2016.04.30-09.34.42:254][142]CompilerResultsLog: Info ERROR: UBT ERROR: Failed to produce item: D:\Source\GitHub\Spectral\Spectral\Binaries\Win64\UE4Editor-Spectral-2528.dll
[2016.04.30-09.34.42:254][142]CompilerResultsLog: Info Total build time: 9.53 seconds
[2016.04.30-09.34.42:255][142]LogMainFrame: MainFrame: Module compiling took 9.651 seconds
[2016.04.30-09.34.42:255][142]Warning: HotReload failed, recompile failed
[2016.04.30-09.35.30:400][513]Recompiling Spectral...
[2016.04.30-09.35.30:400][513]Launching UnrealBuildTool... [C:/Program Files (x86)/Epic Games/4.10/Engine/Binaries/DotNET/UnrealBuildTool.exe Spectral -ModuleWithSuffix Spectral 5998 Win64 Development -editorrecompile -canskiplink "D:/Source/GitHub/Spectral/Spectral/Spectral.uproject" -rocket  -rocket -2015]
[2016.04.30-09.35.30:401][513]Warning: Starting HotReload took  0.0s.
[2016.04.30-09.35.40:509][701]CompilerResultsLog: New page: Compilation - Apr 29, 2016, 11:35:40 PM
[2016.04.30-09.35.40:509][701]CompilerResultsLog: Info Compiling game modules for hot reload
[2016.04.30-09.35.40:509][701]CompilerResultsLog: Info Parsing headers for SpectralEditor
[2016.04.30-09.35.40:509][701]CompilerResultsLog: Info   Running UnrealHeaderTool "D:/Source/GitHub/Spectral/Spectral/Spectral.uproject" "D:\Source\GitHub\Spectral\Spectral\Intermediate\Build\Win64\SpectralEditor\Development\UnrealHeaderTool.manifest" -LogCmds="loginit warning, logexit warning, logdatabase error" -rocket -installed
[2016.04.30-09.35.40:510][701]CompilerResultsLog: Info Reflection code generated for SpectralEditor in 6.8160667 seconds
[2016.04.30-09.35.40:510][701]CompilerResultsLog: Info Performing 3 actions (4 in parallel)
[2016.04.30-09.35.40:510][701]CompilerResultsLog: Info SkillModIntf.cpp
[2016.04.30-09.35.40:510][701]CompilerResultsLog: Info Spectral.generated.cpp
[2016.04.30-09.35.40:510][701]CompilerResultsLog: Info [3/3] Link UE4Editor-Spectral-5998.dll
[2016.04.30-09.35.40:510][701]CompilerResultsLog: Info    Creating library D:\Source\GitHub\Spectral\Spectral\Intermediate/Build/Win64\UE4Editor\Development\UE4Editor-Spectral-5998.lib and object D:\Source\GitHub\Spectral\Spectral\Intermediate/Build/Win64\UE4Editor\Development\UE4Editor-Spectral-5998.exp
[2016.04.30-09.35.40:510][701]CompilerResultsLog: Info -------- End Detailed Actions Stats -----------------------------------------------------------
[2016.04.30-09.35.40:510][701]CompilerResultsLog: Info Total build time: 10.04 seconds
[2016.04.30-09.35.40:510][701]LogMainFrame: MainFrame: Module compiling took 10.131 seconds
[2016.04.30-09.35.40:510][701]LogActorComponent: UnregisterComponent: (/Engine/Transient.ProjectileMovement0) Not registered. Aborting.
[2016.04.30-09.35.40:607][701]LogClass: Could not find existing class SkillModIntf in package /Script/Spectral for HotReload, assuming new class
[2016.04.30-09.35.40:607][701]LogClass: Function ApplyMod is new.
[2016.04.30-09.35.40:608][701]LogClass: Could not find existing class SkillUserIntf in package /Script/Spectral for HotReload, assuming new class
[2016.04.30-09.35.40:608][701]LogClass: Function GenerateSkillExecutor is new.
[2016.04.30-09.35.40:608][701]LogClass: Function GetSkills is new.
[2016.04.30-09.35.40:608][701]LogClass: Function GetSkillUserLocation is new.
[2016.04.30-09.35.40:615][701]LogHotReload: Re-instancing SkillModIntf after hot-reload.
[2016.04.30-09.35.40:635][701]LogHotReload: Re-instancing SkillUserIntf after hot-reload.
[2016.04.30-09.35.40:657][701]LogContentBrowser: Native class hierarchy updated for 'Spectral' in 0.0024 seconds. Added 3 classes and 2 folders.
[2016.04.30-09.35.40:659][701]Warning: HotReload successful (16 functions remapped  0 scriptstructs remapped)
[2016.04.30-09.35.40:729][701]LogContentBrowser: Native class hierarchy populated in 0.0094 seconds. Added 1897 classes and 342 folders.
[2016.04.30-09.37.45:198][ 99]LogWindowsTextInputMethodSystem:Display: IME system now deactivated.
[2016.04.30-09.37.45:423][100]Cmd: QUIT_EDITOR
[2016.04.30-09.37.45:551][100]LogExit: Preparing to exit.
[2016.04.30-09.37.46:209][100]LogExit: Editor shut down
[2016.04.30-09.37.46:209][100]LogExit: Transaction tracking system shut down
[2016.04.30-09.37.46:211][100]LogParticles: Destroying 0 GPU particle simulations for FXSystem 0x0000026F40663600
[2016.04.30-09.37.46:212][100]LogParticles: Destroying 0 GPU particle simulations for FXSystem 0x0000026F5C07B880
[2016.04.30-09.37.46:328][100]LogExit: Object subsystem successfully closed.
[2016.04.30-09.37.46:350][100]LogD3D11RHI: Shutdown
[2016.04.30-09.37.46:350][100]LogD3D11RHI: CleanupD3DDevice
[2016.04.30-09.37.46:435][100]LogD3D11RHI: ~FD3D11DynamicRHI
[2016.04.30-09.37.46:450][100]LogModuleManager: Shutting down and abandoning module CrashTracker (199)
[2016.04.30-09.37.46:450][100]LogModuleManager: Shutting down and abandoning module SceneOutliner (198)
[2016.04.30-09.37.46:450][100]LogModuleManager: Shutting down and abandoning module SuperSearch (197)
[2016.04.30-09.37.46:450][100]LogModuleManager: Shutting down and abandoning module WidgetCarousel (196)
[2016.04.30-09.37.46:450][100]LogModuleManager: Shutting down and abandoning module AddContentDialog (195)
[2016.04.30-09.37.46:451][100]LogModuleManager: Shutting down and abandoning module EditorWidgets (194)
[2016.04.30-09.37.46:451][100]LogModuleManager: Shutting down and abandoning module CollectionManager (193)
[2016.04.30-09.37.46:451][100]LogModuleManager: Shutting down and abandoning module StatsViewer (192)
[2016.04.30-09.37.46:451][100]LogModuleManager: Shutting down and abandoning module FoliageEdit (191)
[2016.04.30-09.37.46:451][100]LogModuleManager: Shutting down and abandoning module LandscapeEditor (190)
[2016.04.30-09.37.46:451][100]LogModuleManager: Shutting down and abandoning module ActorPickerMode (189)
[2016.04.30-09.37.46:451][100]LogModuleManager: Shutting down and abandoning module GeometryMode (188)
[2016.04.30-09.37.46:451][100]LogModuleManager: Shutting down and abandoning module TextureAlignMode (187)
[2016.04.30-09.37.46:451][100]LogModuleManager: Shutting down and abandoning module BspMode (186)
[2016.04.30-09.37.46:451][100]LogModuleManager: Shutting down and abandoning module PlacementMode (185)
[2016.04.30-09.37.46:451][100]LogModuleManager: Shutting down and abandoning module AutomationWorker (184)
[2016.04.30-09.37.46:451][100]LogModuleManager: Shutting down and abandoning module CharacterAI (183)
[2016.04.30-09.37.46:451][100]LogModuleManager: Shutting down and abandoning module SmartSnapping (182)
[2016.04.30-09.37.46:451][100]LogModuleManager: Shutting down and abandoning module ViewportSnapping (181)
[2016.04.30-09.37.46:451][100]LogModuleManager: Shutting down and abandoning module LogVisualizer (180)
[2016.04.30-09.37.46:452][100]LogModuleManager: Shutting down and abandoning module GameProjectGeneration (179)
[2016.04.30-09.37.46:452][100]LogModuleManager: Shutting down and abandoning module IntroTutorials (178)
[2016.04.30-09.37.46:452][100]LogModuleManager: Shutting down and abandoning module EditorLiveStreaming (177)
[2016.04.30-09.37.46:452][100]LogModuleManager: Shutting down and abandoning module IOSPlatformEditor (176)
[2016.04.30-09.37.46:452][100]LogModuleManager: Shutting down and abandoning module HTML5PlatformEditor (175)
[2016.04.30-09.37.46:452][100]LogModuleManager: Shutting down and abandoning module AndroidDeviceDetection (174)
[2016.04.30-09.37.46:482][100]LogModuleManager: Shutting down and abandoning module AndroidPlatformEditor (173)
[2016.04.30-09.37.46:482][100]LogModuleManager: Shutting down and abandoning module IOSRuntimeSettings (172)
[2016.04.30-09.37.46:482][100]LogModuleManager: Shutting down and abandoning module AndroidRuntimeSettings (171)
[2016.04.30-09.37.46:482][100]LogModuleManager: Shutting down and abandoning module MergeActors (170)
[2016.04.30-09.37.46:482][100]LogModuleManager: Shutting down and abandoning module SizeMap (169)
[2016.04.30-09.37.46:482][100]LogModuleManager: Shutting down and abandoning module TreeMap (168)
[2016.04.30-09.37.46:482][100]LogModuleManager: Shutting down and abandoning module ReferenceViewer (167)
[2016.04.30-09.37.46:482][100]LogModuleManager: Shutting down and abandoning module LocalizationService (166)
[2016.04.30-09.37.46:482][100]LogModuleManager: Shutting down and abandoning module LocalizationDashboard (165)
[2016.04.30-09.37.46:482][100]LogModuleManager: Shutting down and abandoning module HardwareTargeting (164)
[2016.04.30-09.37.46:482][100]LogModuleManager: Shutting down and abandoning module DeviceProfileEditor (163)
[2016.04.30-09.37.46:482][100]LogModuleManager: Shutting down and abandoning module UndoHistory (162)
[2016.04.30-09.37.46:482][100]LogModuleManager: Shutting down and abandoning module GameplayTagsEditor (161)
[2016.04.30-09.37.46:482][100]LogModuleManager: Shutting down and abandoning module UserFeedback (160)
[2016.04.30-09.37.46:482][100]LogModuleManager: Shutting down and abandoning module XmlParser (159)
[2016.04.30-09.37.46:482][100]LogModuleManager: Shutting down and abandoning module Blutility (158)
[2016.04.30-09.37.46:482][100]LogModuleManager: Shutting down and abandoning module ProjectTargetPlatformEditor (157)
[2016.04.30-09.37.46:482][100]LogModuleManager: Shutting down and abandoning module ProjectSettingsViewer (156)
[2016.04.30-09.37.46:482][100]LogModuleManager: Shutting down and abandoning module InputBindingEditor (155)
[2016.04.30-09.37.46:483][100]LogModuleManager: Shutting down and abandoning module EditorSettingsViewer (154)
[2016.04.30-09.37.46:483][100]LogModuleManager: Shutting down and abandoning module SettingsEditor (153)
[2016.04.30-09.37.46:483][100]LogModuleManager: Shutting down and abandoning module ProjectLauncher (152)
[2016.04.30-09.37.46:483][100]LogModuleManager: Shutting down and abandoning module SessionFrontend (151)
[2016.04.30-09.37.46:483][100]LogModuleManager: Shutting down and abandoning module ProfilerClient (150)
[2016.04.30-09.37.46:483][100]LogModuleManager: Shutting down and abandoning module TargetDeviceServices (149)
[2016.04.30-09.37.46:483][100]LogModuleManager: Shutting down and abandoning module DeviceManager (148)
[2016.04.30-09.37.46:483][100]LogModuleManager: Shutting down and abandoning module AutomationController (147)
[2016.04.30-09.37.46:483][100]LogModuleManager: Shutting down and abandoning module AutomationWindow (146)
[2016.04.30-09.37.46:483][100]LogModuleManager: Shutting down and abandoning module Layers (145)
[2016.04.30-09.37.46:483][100]LogModuleManager: Shutting down and abandoning module ComponentVisualizers (144)
[2016.04.30-09.37.46:483][100]LogModuleManager: Shutting down and abandoning module DetailCustomizations (143)
[2016.04.30-09.37.46:483][100]LogModuleManager: Shutting down and abandoning module PackagesDialog (142)
[2016.04.30-09.37.46:483][100]LogModuleManager: Shutting down and abandoning module Persona (141)
[2016.04.30-09.37.46:483][100]LogModuleManager: Shutting down and abandoning module Kismet (140)
[2016.04.30-09.37.46:483][100]LogModuleManager: Shutting down and abandoning module GraphEditor (139)
[2016.04.30-09.37.46:483][100]LogModuleManager: Shutting down and abandoning module ClassViewer (138)
[2016.04.30-09.37.46:483][100]LogModuleManager: Shutting down and abandoning module Toolbox (137)
[2016.04.30-09.37.46:483][100]LogModuleManager: Shutting down and abandoning module ModuleUI (136)
[2016.04.30-09.37.46:483][100]LogModuleManager: Shutting down and abandoning module MovieSceneTools (135)
[2016.04.30-09.37.46:483][100]LogModuleManager: Shutting down and abandoning module OutputLog (134)
[2016.04.30-09.37.46:483][100]LogModuleManager: Shutting down and abandoning module GammaUI (133)
[2016.04.30-09.37.46:483][100]LogModuleManager: Shutting down and abandoning module Documentation (132)
[2016.04.30-09.37.46:483][100]LogModuleManager: Shutting down and abandoning module GameLiveStreaming (131)
[2016.04.30-09.37.46:483][100]LogModuleManager: Shutting down and abandoning module StreamingPauseRendering (130)
[2016.04.30-09.37.46:483][100]LogModuleManager: Shutting down and abandoning module AnalyticsET (129)
[2016.04.30-09.37.46:483][100]LogModuleManager: Shutting down and abandoning module Analytics (128)
[2016.04.30-09.37.46:483][100]LogModuleManager: Shutting down and abandoning module AITestSuite (127)
[2016.04.30-09.37.46:483][100]LogModuleManager: Shutting down and abandoning module GameplayDebugger (126)
[2016.04.30-09.37.46:483][100]LogModuleManager: Shutting down and abandoning module AIModule (125)
[2016.04.30-09.37.46:483][100]LogModuleManager: Shutting down and abandoning module ProfilerService (124)
[2016.04.30-09.37.46:581][100]LogModuleManager: Shutting down and abandoning module TaskGraph (123)
[2016.04.30-09.37.46:581][100]LogModuleManager: Shutting down and abandoning module SlateRemote (122)
[2016.04.30-09.37.46:581][100]LogModuleManager: Shutting down and abandoning module SteamVRController (121)
[2016.04.30-09.37.46:581][100]LogModuleManager: Shutting down and abandoning module SteamVR (120)
[2016.04.30-09.37.46:581][100]LogModuleManager: Shutting down and abandoning module ProceduralMeshComponent (119)
[2016.04.30-09.37.46:581][100]LogModuleManager: Shutting down and abandoning module OculusLibrary (118)
[2016.04.30-09.37.46:581][100]LogModuleManager: Shutting down and abandoning module OculusInput (117)
[2016.04.30-09.37.46:581][100]LogModuleManager: Shutting down and abandoning module LeapMotionController (116)
[2016.04.30-09.37.46:603][100]LogModuleManager: Shutting down and abandoning module CustomMeshComponent (115)
[2016.04.30-09.37.46:603][100]LogModuleManager: Shutting down and abandoning module CableComponent (114)
[2016.04.30-09.37.46:603][100]LogModuleManager: Shutting down and abandoning module ArchVisCharacter (113)
[2016.04.30-09.37.46:603][100]LogModuleManager: Shutting down and abandoning module MessagingDebugger (112)
[2016.04.30-09.37.46:603][100]LogModuleManager: Shutting down and abandoning module MediaPlayerEditor (111)
[2016.04.30-09.37.46:603][100]LogModuleManager: Shutting down and abandoning module HTML5Networking (110)
[2016.04.30-09.37.46:603][100]LogModuleManager: Shutting down and abandoning module SpeedTreeImporter (109)
[2016.04.30-09.37.46:603][100]LogModuleManager: Shutting down and abandoning module PluginBrowser (108)
[2016.04.30-09.37.46:603][100]LogModuleManager: Shutting down and abandoning module EpicSurvey (107)
[2016.04.30-09.37.46:603][100]LogModuleManager: Shutting down and abandoning module DesktopPlatform (106)
[2016.04.30-09.37.46:603][100]LogModuleManager: Shutting down and abandoning module VisualStudioSourceCodeAccess (105)
[2016.04.30-09.37.46:603][100]LogModuleManager: Shutting down and abandoning module UObjectPlugin (104)
[2016.04.30-09.37.46:603][100]LogModuleManager: Shutting down and abandoning module SubversionSourceControl (103)
[2016.04.30-09.37.46:603][100]LogModuleManager: Shutting down and abandoning module PerforceSourceControl (102)
[2016.04.30-09.37.46:603][100]LogModuleManager: Shutting down and abandoning module SourceControl (101)
[2016.04.30-09.37.46:603][100]LogModuleManager: Shutting down and abandoning module GitSourceControl (100)
[2016.04.30-09.37.46:603][100]LogModuleManager: Shutting down and abandoning module LightPropagationVolumeEditor (99)
[2016.04.30-09.37.46:603][100]LogModuleManager: Shutting down and abandoning module PaperTiledImporter (98)
[2016.04.30-09.37.46:603][100]LogModuleManager: Shutting down and abandoning module PaperSpriteSheetImporter (97)
[2016.04.30-09.37.46:604][100]LogModuleManager: Shutting down and abandoning module MeshPaint (96)
[2016.04.30-09.37.46:604][100]LogModuleManager: Shutting down and abandoning module SlateReflector (95)
[2016.04.30-09.37.46:604][100]LogModuleManager: Shutting down and abandoning module HotReload (94)
[2016.04.30-09.37.46:604][100]LogModuleManager: Shutting down and abandoning module MainFrame (93)
[2016.04.30-09.37.46:604][100]LogModuleManager: Shutting down and abandoning module LevelEditor (92)
[2016.04.30-09.37.46:605][100]LogModuleManager: Shutting down and abandoning module DirectoryWatcher (91)
[2016.04.30-09.37.46:606][100]LogModuleManager: Shutting down and abandoning module AssetRegistry (90)
[2016.04.30-09.37.46:696][100]LogModuleManager: Shutting down and abandoning module ContentBrowser (89)
[2016.04.30-09.37.46:696][100]LogModuleManager: Shutting down and abandoning module Paper2DEditor (88)
[2016.04.30-09.37.46:696][100]LogModuleManager: Shutting down and abandoning module Spectral (87)
[2016.04.30-09.37.46:696][100]LogModuleManager: Shutting down and abandoning module UdpMessaging (86)
[2016.04.30-09.37.46:797][100]LogModuleManager: Shutting down and abandoning module LightPropagationVolumeRuntime (85)
[2016.04.30-09.37.46:797][100]LogModuleManager: Shutting down and abandoning module Paper2D (84)
[2016.04.30-09.37.46:797][100]LogModuleManager: Shutting down and abandoning module WindowsMoviePlayer (83)
[2016.04.30-09.37.46:799][100]LogModuleManager: Shutting down and abandoning module Media (82)
[2016.04.30-09.37.46:799][100]LogModuleManager: Shutting down and abandoning module WmfMedia (81)
[2016.04.30-09.37.46:799][100]LogModuleManager: Shutting down and abandoning module OnlineBlueprintSupport (80)
[2016.04.30-09.37.46:799][100]LogModuleManager: Shutting down and abandoning module GameplayTasksEditor (79)
[2016.04.30-09.37.46:799][100]LogModuleManager: Shutting down and abandoning module PropertyEditor (78)
[2016.04.30-09.37.46:799][100]LogModuleManager: Shutting down and abandoning module BehaviorTreeEditor (77)
[2016.04.30-09.37.46:799][100]LogModuleManager: Shutting down and abandoning module FunctionalTesting (76)
[2016.04.30-09.37.46:799][100]LogModuleManager: Shutting down and abandoning module CollisionAnalyzer (75)
[2016.04.30-09.37.46:799][100]LogModuleManager: Shutting down and abandoning module WorkspaceMenuStructure (74)
[2016.04.30-09.37.46:799][100]LogModuleManager: Shutting down and abandoning module MessageLog (73)
[2016.04.30-09.37.46:799][100]LogModuleManager: Shutting down and abandoning module Sequencer (72)
[2016.04.30-09.37.46:799][100]LogModuleManager: Shutting down and abandoning module AssetTools (71)
[2016.04.30-09.37.46:799][100]LogModuleManager: Shutting down and abandoning module UMGEditor (70)
[2016.04.30-09.37.46:799][100]LogModuleManager: Shutting down and abandoning module UMG (69)
[2016.04.30-09.37.46:799][100]LogModuleManager: Shutting down and abandoning module Slate (68)
[2016.04.30-09.37.46:799][100]LogModuleManager: Shutting down and abandoning module EditorStyle (67)
[2016.04.30-09.37.46:801][100]LogModuleManager: Shutting down and abandoning module SessionServices (66)
[2016.04.30-09.37.46:801][100]LogModuleManager: Shutting down and abandoning module SourceCodeAccess (65)
[2016.04.30-09.37.46:801][100]LogModuleManager: Shutting down and abandoning module HeadMountedDisplay (64)
[2016.04.30-09.37.46:801][100]LogModuleManager: Shutting down and abandoning module XAudio2 (63)
[2016.04.30-09.37.46:801][100]LogModuleManager: Shutting down and abandoning module Networking (61)
[2016.04.30-09.37.46:801][100]LogModuleManager: Shutting down and abandoning module Core (60)
[2016.04.30-09.37.46:801][100]LogModuleManager: Shutting down and abandoning module KismetCompiler (59)
[2016.04.30-09.37.46:801][100]LogModuleManager: Shutting down and abandoning module PhysXFormats (58)
[2016.04.30-09.37.46:801][100]LogModuleManager: Shutting down and abandoning module MeshUtilities (57)
[2016.04.30-09.37.46:801][100]LogModuleManager: Shutting down and abandoning module DerivedDataCache (56)
[2016.04.30-09.37.46:855][100]LogDerivedDataCache: Shutdown
[2016.04.30-09.37.46:855][100]LogModuleManager: Shutting down and abandoning module ShaderFormatOpenGL (55)
[2016.04.30-09.37.46:855][100]LogModuleManager: Shutting down and abandoning module ShaderFormatD3D (54)
[2016.04.30-09.37.46:855][100]LogModuleManager: Shutting down and abandoning module MetalShaderFormat (53)
[2016.04.30-09.37.46:855][100]LogModuleManager: Shutting down and abandoning module TextureFormatUncompressed (52)
[2016.04.30-09.37.46:855][100]LogModuleManager: Shutting down and abandoning module TextureFormatPVR (51)
[2016.04.30-09.37.46:855][100]LogModuleManager: Shutting down and abandoning module TextureFormatIntelISPCTexComp (50)
[2016.04.30-09.37.46:855][100]LogModuleManager: Shutting down and abandoning module TextureFormatDXT (49)
[2016.04.30-09.37.46:855][100]LogModuleManager: Shutting down and abandoning module ImageWrapper (48)
[2016.04.30-09.37.46:855][100]LogModuleManager: Shutting down and abandoning module TextureFormatASTC (47)
[2016.04.30-09.37.46:855][100]LogModuleManager: Shutting down and abandoning module TextureFormatAndroid (46)
[2016.04.30-09.37.46:855][100]LogModuleManager: Shutting down and abandoning module AudioFormatOpus (45)
[2016.04.30-09.37.46:855][100]LogModuleManager: Shutting down and abandoning module AudioFormatOgg (44)
[2016.04.30-09.37.46:855][100]LogModuleManager: Shutting down and abandoning module AudioFormatADPCM (43)
[2016.04.30-09.37.46:855][100]LogModuleManager: Shutting down and abandoning module LinuxTargetPlatform (42)
[2016.04.30-09.37.46:855][100]LogModuleManager: Shutting down and abandoning module LinuxServerTargetPlatform (41)
[2016.04.30-09.37.46:855][100]LogModuleManager: Shutting down and abandoning module LinuxNoEditorTargetPlatform (40)
[2016.04.30-09.37.46:855][100]LogModuleManager: Shutting down and abandoning module Messaging (39)
[2016.04.30-09.37.46:855][100]LogModuleManager: Shutting down and abandoning module IOSTargetPlatform (38)
[2016.04.30-09.37.46:855][100]LogModuleManager: Shutting down and abandoning module HTML5TargetPlatform (37)
[2016.04.30-09.37.46:855][100]LogModuleManager: Shutting down and abandoning module Android_PVRTCTargetPlatform (36)
[2016.04.30-09.37.46:855][100]LogModuleManager: Shutting down and abandoning module Android_MultiTargetPlatform (35)
[2016.04.30-09.37.46:855][100]LogModuleManager: Shutting down and abandoning module Android_ETC2TargetPlatform (34)
[2016.04.30-09.37.46:855][100]LogModuleManager: Shutting down and abandoning module Android_ETC1TargetPlatform (33)
[2016.04.30-09.37.46:855][100]LogModuleManager: Shutting down and abandoning module Android_DXTTargetPlatform (32)
[2016.04.30-09.37.46:855][100]LogModuleManager: Shutting down and abandoning module Android_ATCTargetPlatform (31)
[2016.04.30-09.37.46:855][100]LogModuleManager: Shutting down and abandoning module Android_ASTCTargetPlatform (30)
[2016.04.30-09.37.46:855][100]LogModuleManager: Shutting down and abandoning module AndroidTargetPlatform (29)
[2016.04.30-09.37.46:855][100]LogModuleManager: Shutting down and abandoning module WindowsTargetPlatform (28)
[2016.04.30-09.37.46:855][100]LogModuleManager: Shutting down and abandoning module WindowsServerTargetPlatform (27)
[2016.04.30-09.37.46:855][100]LogModuleManager: Shutting down and abandoning module WindowsNoEditorTargetPlatform (26)
[2016.04.30-09.37.46:855][100]LogModuleManager: Shutting down and abandoning module WindowsClientTargetPlatform (25)
[2016.04.30-09.37.46:855][100]LogModuleManager: Shutting down and abandoning module AllDesktopTargetPlatform (24)
[2016.04.30-09.37.46:855][100]LogModuleManager: Shutting down and abandoning module TargetPlatform (23)
[2016.04.30-09.37.46:855][100]LogModuleManager: Shutting down and abandoning module InputCore (22)
[2016.04.30-09.37.46:855][100]LogModuleManager: Shutting down and abandoning module Settings (21)
[2016.04.30-09.37.46:855][100]LogModuleManager: Shutting down and abandoning module OnlineSubsystem (19)
[2016.04.30-09.37.46:855][100]LogModuleManager: Shutting down and abandoning module HTTP (18)
[2016.04.30-09.37.48:858][100]LogModuleManager: Shutting down and abandoning module XMPP (17)
[2016.04.30-09.37.48:858][100]LogModuleManager: Shutting down and abandoning module OculusRift (16)
[2016.04.30-09.37.48:858][100]LogModuleManager: Shutting down and abandoning module ExampleDeviceProfileSelector (15)
[2016.04.30-09.37.48:858][100]LogModuleManager: Shutting down and abandoning module TextureCompressor (14)
[2016.04.30-09.37.48:858][100]LogModuleManager: Shutting down and abandoning module ShaderCore (13)
[2016.04.30-09.37.48:858][100]LogModuleManager: Shutting down and abandoning module Landscape (12)
[2016.04.30-09.37.48:858][100]LogModuleManager: Shutting down and abandoning module SlateRHIRenderer (11)
[2016.04.30-09.37.48:859][100]LogModuleManager: Shutting down and abandoning module OpenGLDrv (10)
[2016.04.30-09.37.48:859][100]LogModuleManager: Shutting down and abandoning module D3D11RHI (9)
[2016.04.30-09.37.48:859][100]LogModuleManager: Shutting down and abandoning module AnimGraphRuntime (8)
[2016.04.30-09.37.48:859][100]LogModuleManager: Shutting down and abandoning module Renderer (7)
[2016.04.30-09.37.48:859][100]LogModuleManager: Shutting down and abandoning module Engine (6)
[2016.04.30-09.37.48:859][100]LogModuleManager: Shutting down and abandoning module CoreUObject (5)
[2016.04.30-09.37.48:859][100]LogModuleManager: Shutting down and abandoning module NetworkFile (4)
[2016.04.30-09.37.48:859][100]LogModuleManager: Shutting down and abandoning module StreamingFile (3)
[2016.04.30-09.37.48:859][100]LogModuleManager: Shutting down and abandoning module SandboxFile (2)
[2016.04.30-09.37.48:859][100]LogModuleManager: Shutting down and abandoning module PakFile (1)
[2016.04.30-09.37.48:860][100]LogExit: Exiting.
[2016.04.30-09.37.48:864][100]Log file closed, 04/30/16 04:37:48
