[2016.04.24-00.06.27:767][  0]Log file open, 04/23/16 19:06:27
[2016.04.24-00.06.27:767][  0]LogInit:Display: Running engine for game: Spectral
[2016.04.24-00.06.27:767][  0]LogPlatformFile: Not using cached read wrapper
[2016.04.24-00.06.27:767][  0]LogInit:Display: RandInit(-1847272028) SRandInit(-1847272027).
[2016.04.24-00.06.27:767][  0]LogTaskGraph: Started task graph with 4 named threads and 7 total threads.
[2016.04.24-00.06.27:767][  0]LogStats: Stats thread started at 0.077733
[2016.04.24-00.06.27:767][  0]LogInit:Warning: Incompatible or missing module: UE4Editor-Spectral.dll
[2016.04.24-00.06.30:088][  0]Running C:/Program Files (x86)/Epic Games/4.10/Engine/Binaries/DotNET/UnrealBuildTool.exe Spectral Development Win64 -project="D:/Source/GitHub/Spectral/Spectral/Spectral.uproject" -rocket -editorrecompile -progress -noubtmakefiles -2015
[2016.04.24-00.06.32:998][  0]@progress push 5%
[2016.04.24-00.06.33:700][  0]Parsing headers for SpectralEditor
[2016.04.24-00.06.33:700][  0]  Running UnrealHeaderTool "D:/Source/GitHub/Spectral/Spectral/Spectral.uproject" "D:\Source\GitHub\Spectral\Spectral\Intermediate\Build\Win64\SpectralEditor\Development\UnrealHeaderTool.manifest" -LogCmds="loginit warning, logexit warning, logdatabase error" -rocket -installed
[2016.04.24-00.06.37:110][  0]D:/Source/GitHub/Spectral/Spectral/Source/Spectral/Skills/SkillFramework/SkillIntf.h(17) : Expected a GENERATED_IINTERFACE_BODY() at the start of class
[2016.04.24-00.06.37:310][  0]Error: Failed to generate code for SpectralEditor - error code: OtherCompilationError (5)
[2016.04.24-00.06.37:310][  0]UnrealHeaderTool failed for target 'SpectralEditor' (platform: Win64, module info: D:\Source\GitHub\Spectral\Spectral\Intermediate\Build\Win64\SpectralEditor\Development\UnrealHeaderTool.manifest).
[2016.04.24-00.06.37:762][  0]LogInit:Warning: Still incompatible or missing module: UE4Editor-Spectral.dll
[2016.04.24-00.06.40:641][  0]LogExit: Preparing to exit.
[2016.04.24-00.06.40:641][  0]LogModuleManager: Shutting down and abandoning module DesktopPlatform (15)
[2016.04.24-00.06.40:641][  0]LogModuleManager: Shutting down and abandoning module TextureCompressor (14)
[2016.04.24-00.06.40:642][  0]LogModuleManager: Shutting down and abandoning module ShaderCore (13)
[2016.04.24-00.06.40:642][  0]LogModuleManager: Shutting down and abandoning module Landscape (12)
[2016.04.24-00.06.40:642][  0]LogModuleManager: Shutting down and abandoning module SlateRHIRenderer (11)
[2016.04.24-00.06.40:642][  0]LogModuleManager: Shutting down and abandoning module OpenGLDrv (10)
[2016.04.24-00.06.40:642][  0]LogModuleManager: Shutting down and abandoning module D3D11RHI (9)
[2016.04.24-00.06.40:642][  0]LogModuleManager: Shutting down and abandoning module AnimGraphRuntime (8)
[2016.04.24-00.06.40:642][  0]LogModuleManager: Shutting down and abandoning module Renderer (7)
[2016.04.24-00.06.40:642][  0]LogModuleManager: Shutting down and abandoning module Engine (6)
[2016.04.24-00.06.40:642][  0]LogModuleManager: Shutting down and abandoning module CoreUObject (5)
[2016.04.24-00.06.40:642][  0]LogModuleManager: Shutting down and abandoning module NetworkFile (4)
[2016.04.24-00.06.40:642][  0]LogModuleManager: Shutting down and abandoning module StreamingFile (3)
[2016.04.24-00.06.40:642][  0]LogModuleManager: Shutting down and abandoning module SandboxFile (2)
[2016.04.24-00.06.40:642][  0]LogModuleManager: Shutting down and abandoning module PakFile (1)
[2016.04.24-00.06.40:642][  0]LogExit: Exiting.
[2016.04.24-00.06.40:643][  0]Log file closed, 04/23/16 19:06:40
